This is pdfTeX, Version 3.141592653-2.6-1.40.26 (TeX Live 2024) (preloaded format=pdflatex 2025.1.31)  26 JUN 2025 11:48
entering extended mode
 restricted \write18 enabled.
 file:line:error style messages enabled.
 %&-line parsing enabled.
**CompilerRationalFunctions.tex
(./CompilerRationalFunctions.tex
LaTeX2e <2023-11-01> patch level 1
L3 programming layer <2024-02-20>
(/usr/local/texlive/2024/texmf-dist/tex/latex/base/book.cls
Document Class: book 2023/05/17 v1.4n Standard LaTeX document class
(/usr/local/texlive/2024/texmf-dist/tex/latex/base/bk11.clo
File: bk11.clo 2023/05/17 v1.4n Standard LaTeX file (size option)
)
\c@part=\count188
\c@chapter=\count189
\c@section=\count190
\c@subsection=\count191
\c@subsubsection=\count192
\c@paragraph=\count193
\c@subparagraph=\count194
\c@figure=\count195
\c@table=\count196
\abovecaptionskip=\skip48
\belowcaptionskip=\skip49
\bibindent=\dimen140
)
(/usr/local/texlive/2024/texmf-dist/tex/latex/amsfonts/amssymb.sty
Package: amssymb 2013/01/14 v3.01 AMS font symbols

(/usr/local/texlive/2024/texmf-dist/tex/latex/amsfonts/amsfonts.sty
Package: amsfonts 2013/01/14 v3.01 Basic AMSFonts support
\@emptytoks=\toks17
\symAMSa=\mathgroup4
\symAMSb=\mathgroup5
LaTeX Font Info:    Redeclaring math symbol \hbar on input line 98.
LaTeX Font Info:    Overwriting math alphabet `\mathfrak' in version `bold'
(Font)                  U/euf/m/n --> U/euf/b/n on input line 106.
))
(/usr/local/texlive/2024/texmf-dist/tex/latex/amsmath/amsmath.sty
Package: amsmath 2023/05/13 v2.17o AMS math features
\@mathmargin=\skip50

For additional information on amsmath, use the `?' option.
(/usr/local/texlive/2024/texmf-dist/tex/latex/amsmath/amstext.sty
Package: amstext 2021/08/26 v2.01 AMS text

(/usr/local/texlive/2024/texmf-dist/tex/latex/amsmath/amsgen.sty
File: amsgen.sty 1999/11/30 v2.0 generic functions
\@emptytoks=\toks18
\ex@=\dimen141
))
(/usr/local/texlive/2024/texmf-dist/tex/latex/amsmath/amsbsy.sty
Package: amsbsy 1999/11/29 v1.2d Bold Symbols
\pmbraise@=\dimen142
)
(/usr/local/texlive/2024/texmf-dist/tex/latex/amsmath/amsopn.sty
Package: amsopn 2022/04/08 v2.04 operator names
)
\inf@bad=\count197
LaTeX Info: Redefining \frac on input line 234.
\uproot@=\count198
\leftroot@=\count199
LaTeX Info: Redefining \overline on input line 399.
LaTeX Info: Redefining \colon on input line 410.
\classnum@=\count266
\DOTSCASE@=\count267
LaTeX Info: Redefining \ldots on input line 496.
LaTeX Info: Redefining \dots on input line 499.
LaTeX Info: Redefining \cdots on input line 620.
\Mathstrutbox@=\box51
\strutbox@=\box52
LaTeX Info: Redefining \big on input line 722.
LaTeX Info: Redefining \Big on input line 723.
LaTeX Info: Redefining \bigg on input line 724.
LaTeX Info: Redefining \Bigg on input line 725.
\big@size=\dimen143
LaTeX Font Info:    Redeclaring font encoding OML on input line 743.
LaTeX Font Info:    Redeclaring font encoding OMS on input line 744.
\macc@depth=\count268
LaTeX Info: Redefining \bmod on input line 905.
LaTeX Info: Redefining \pmod on input line 910.
LaTeX Info: Redefining \smash on input line 940.
LaTeX Info: Redefining \relbar on input line 970.
LaTeX Info: Redefining \Relbar on input line 971.
\c@MaxMatrixCols=\count269
\dotsspace@=\muskip16
\c@parentequation=\count270
\dspbrk@lvl=\count271
\tag@help=\toks19
\row@=\count272
\column@=\count273
\maxfields@=\count274
\andhelp@=\toks20
\eqnshift@=\dimen144
\alignsep@=\dimen145
\tagshift@=\dimen146
\tagwidth@=\dimen147
\totwidth@=\dimen148
\lineht@=\dimen149
\@envbody=\toks21
\multlinegap=\skip51
\multlinetaggap=\skip52
\mathdisplay@stack=\toks22
LaTeX Info: Redefining \[ on input line 2953.
LaTeX Info: Redefining \] on input line 2954.
)
(/usr/local/texlive/2024/texmf-dist/tex/latex/amscls/amsthm.sty
Package: amsthm 2020/05/29 v2.20.6
\thm@style=\toks23
\thm@bodyfont=\toks24
\thm@headfont=\toks25
\thm@notefont=\toks26
\thm@headpunct=\toks27
\thm@preskip=\skip53
\thm@postskip=\skip54
\thm@headsep=\skip55
\dth@everypar=\toks28
)
(/usr/local/texlive/2024/texmf-dist/tex/latex/fancyhdr/fancyhdr.sty
Package: fancyhdr 2022/11/09 v4.1 Extensive control of page headers and footers

\f@nch@headwidth=\skip56
\f@nch@O@elh=\skip57
\f@nch@O@erh=\skip58
\f@nch@O@olh=\skip59
\f@nch@O@orh=\skip60
\f@nch@O@elf=\skip61
\f@nch@O@erf=\skip62
\f@nch@O@olf=\skip63
\f@nch@O@orf=\skip64
)
(/usr/local/texlive/2024/texmf-dist/tex/latex/supertabular/supertabular.sty
Package: supertabular 2020/02/02 v4.1g the supertabular environment
\c@tracingst=\count275
\ST@wd=\dimen150
\ST@rightskip=\skip65
\ST@leftskip=\skip66
\ST@parfillskip=\skip67
\ST@pageleft=\dimen151
\ST@headht=\dimen152
\ST@tailht=\dimen153
\ST@pagesofar=\dimen154
\ST@pboxht=\dimen155
\ST@lineht=\dimen156
\ST@prevht=\dimen157
\ST@toadd=\dimen158
\ST@dimen=\dimen159
\ST@pbox=\box53
)
(/usr/local/texlive/2024/texmf-dist/tex/latex/tools/longtable.sty
Package: longtable 2023-11-01 v4.19 Multi-page Table package (DPC)
\LTleft=\skip68
\LTright=\skip69
\LTpre=\skip70
\LTpost=\skip71
\LTchunksize=\count276
\LTcapwidth=\dimen160
\LT@head=\box54
\LT@firsthead=\box55
\LT@foot=\box56
\LT@lastfoot=\box57
\LT@gbox=\box58
\LT@cols=\count277
\LT@rows=\count278
\c@LT@tables=\count279
\c@LT@chunks=\count280
\LT@p@ftn=\toks29
)
(/usr/local/texlive/2024/texmf-dist/tex/latex/tools/hhline.sty
Package: hhline 2020/01/04 v2.04 Table rule package (DPC)
)
(/usr/local/texlive/2024/texmf-dist/tex/latex/mathtools/mathtools.sty
Package: mathtools 2024/03/11 v1.30 mathematical typesetting tools

(/usr/local/texlive/2024/texmf-dist/tex/latex/graphics/keyval.sty
Package: keyval 2022/05/29 v1.15 key=value parser (DPC)
\KV@toks@=\toks30
)
(/usr/local/texlive/2024/texmf-dist/tex/latex/tools/calc.sty
Package: calc 2023/07/08 v4.3 Infix arithmetic (KKT,FJ)
\calc@Acount=\count281
\calc@Bcount=\count282
\calc@Adimen=\dimen161
\calc@Bdimen=\dimen162
\calc@Askip=\skip72
\calc@Bskip=\skip73
LaTeX Info: Redefining \setlength on input line 80.
LaTeX Info: Redefining \addtolength on input line 81.
\calc@Ccount=\count283
\calc@Cskip=\skip74
)
(/usr/local/texlive/2024/texmf-dist/tex/latex/mathtools/mhsetup.sty
Package: mhsetup 2021/03/18 v1.4 programming setup (MH)
)
\g_MT_multlinerow_int=\count284
\l_MT_multwidth_dim=\dimen163
\origjot=\skip75
\l_MT_shortvdotswithinadjustabove_dim=\dimen164
\l_MT_shortvdotswithinadjustbelow_dim=\dimen165
\l_MT_above_intertext_sep=\dimen166
\l_MT_below_intertext_sep=\dimen167
\l_MT_above_shortintertext_sep=\dimen168
\l_MT_below_shortintertext_sep=\dimen169
\xmathstrut@box=\box59
\xmathstrut@dim=\dimen170
)
(/usr/local/texlive/2024/texmf-dist/tex/latex/colortbl/colortbl.sty
Package: colortbl 2024/02/20 v1.0g Color table columns (DPC)

(/usr/local/texlive/2024/texmf-dist/tex/latex/tools/array.sty
Package: array 2023/10/16 v2.5g Tabular extension package (FMi)
\col@sep=\dimen171
\ar@mcellbox=\box60
\extrarowheight=\dimen172
\NC@list=\toks31
\extratabsurround=\skip76
\backup@length=\skip77
\ar@cellbox=\box61
)
(/usr/local/texlive/2024/texmf-dist/tex/latex/graphics/color.sty
Package: color 2022/01/06 v1.3d Standard LaTeX Color (DPC)

(/usr/local/texlive/2024/texmf-dist/tex/latex/graphics-cfg/color.cfg
File: color.cfg 2016/01/02 v1.6 sample color configuration
)
Package color Info: Driver file: pdftex.def on input line 149.

(/usr/local/texlive/2024/texmf-dist/tex/latex/graphics-def/pdftex.def
File: pdftex.def 2022/09/22 v1.2b Graphics/color driver for pdftex
)
(/usr/local/texlive/2024/texmf-dist/tex/latex/graphics/mathcolor.ltx))
\everycr=\toks32
\minrowclearance=\skip78
\rownum=\count285
)
(/usr/local/texlive/2024/texmf-dist/tex/latex/import/import.sty
Package: import 2020/04/01  v 6.2
)
(/usr/local/texlive/2024/texmf-dist/tex/latex/tools/multicol.sty
Package: multicol 2023/03/30 v1.9f multicolumn formatting (FMi)
\c@tracingmulticols=\count286
\mult@box=\box62
\multicol@leftmargin=\dimen173
\c@unbalance=\count287
\c@collectmore=\count288
\doublecol@number=\count289
\multicoltolerance=\count290
\multicolpretolerance=\count291
\full@width=\dimen174
\page@free=\dimen175
\premulticols=\dimen176
\postmulticols=\dimen177
\multicolsep=\skip79
\multicolbaselineskip=\skip80
\partial@page=\box63
\last@line=\box64
\mc@boxedresult=\box65
\maxbalancingoverflow=\dimen178
\mult@rightbox=\box66
\mult@grightbox=\box67
\mult@firstbox=\box68
\mult@gfirstbox=\box69
\@tempa=\box70
\@tempa=\box71
\@tempa=\box72
\@tempa=\box73
\@tempa=\box74
\@tempa=\box75
\@tempa=\box76
\@tempa=\box77
\@tempa=\box78
\@tempa=\box79
\@tempa=\box80
\@tempa=\box81
\@tempa=\box82
\@tempa=\box83
\@tempa=\box84
\@tempa=\box85
\@tempa=\box86
\@tempa=\box87
\@tempa=\box88
\@tempa=\box89
\@tempa=\box90
\@tempa=\box91
\@tempa=\box92
\@tempa=\box93
\@tempa=\box94
\@tempa=\box95
\@tempa=\box96
\@tempa=\box97
\@tempa=\box98
\@tempa=\box99
\@tempa=\box100
\@tempa=\box101
\@tempa=\box102
\@tempa=\box103
\@tempa=\box104
\@tempa=\box105
\c@minrows=\count292
\c@columnbadness=\count293
\c@finalcolumnbadness=\count294
\last@try=\dimen179
\multicolovershoot=\dimen180
\multicolundershoot=\dimen181
\mult@nat@firstbox=\box106
\colbreak@box=\box107
\mc@col@check@num=\count295
)
(/usr/local/texlive/2024/texmf-dist/tex/latex/boxedminipage/boxedminipage.sty
Package: boxedminipage 2020/04/19 v1.1 Boxed LaTeX2e minipages
\bmp@box=\box108
\bmp@width=\skip81
\bmp@height=\skip82
)
(/usr/local/texlive/2024/texmf-dist/tex/latex/chapterfolder/chapterfolder.sty
Package: chapterfolder 2005/11/24 v2.0 Package for dealing with folder

(/usr/local/texlive/2024/texmf-dist/tex/latex/base/ifthen.sty
Package: ifthen 2022/04/13 v1.1d Standard LaTeX ifthen package (DPC)
)
\c@@cf@currentpos=\count296
)
(/usr/local/texlive/2024/texmf-dist/tex/generic/mfpic/mfpic.sty
Package: mfpic 2012/12/03 v1.10. Macros for drawing with Metafont/MetaPost.

(/usr/local/texlive/2024/texmf-dist/tex/generic/mfpic/mfpic.tex
(/usr/local/texlive/2024/texmf-dist/tex/latex/graphics/graphics.sty
Package: graphics 2022/03/10 v1.4e Standard LaTeX Graphics (DPC,SPQR)

(/usr/local/texlive/2024/texmf-dist/tex/latex/graphics/trig.sty
Package: trig 2021/08/11 v1.11 sin cos tan (DPC)
)
(/usr/local/texlive/2024/texmf-dist/tex/latex/graphics-cfg/graphics.cfg
File: graphics.cfg 2016/06/04 v1.11 sample graphics configuration
)
Package graphics Info: Driver file: pdftex.def on input line 107.
)
\mfp@out=\write3
\mfp@graph=\read2
\mfp@count=\count297
\mfp@linetype=\count298
\mfp@sequence=\count299
\mfp@toks=\toks33
\mfp@verbtex=\toks34
\mfp@fdc=\count300
\@wholegraph=\box109
\@textbox=\box110
\@alltlabels=\box111
\@backtext=\box112
\@tlabelstop=\fontdimen 23\mfp@dummy 
\@tlabelsbot=\fontdimen 24\mfp@dummy 
\@tlabelsleft=\fontdimen 25\mfp@dummy 
\@graphright=\fontdimen 26\mfp@dummy 
\@graphleft=\fontdimen 27\mfp@dummy 
\@graphtop=\fontdimen 28\mfp@dummy 
\@graphbot=\fontdimen 29\mfp@dummy 
\tb@raise=\fontdimen 30\mfp@dummy 
\tb@moveright=\fontdimen 31\mfp@dummy 
\tb@totalht=\fontdimen 32\mfp@dummy 
\tlabel@hadj=\fontdimen 33\mfp@dummy 
\tlabel@vadj=\fontdimen 34\mfp@dummy 
\tlabel@sep=\fontdimen 35\mfp@dummy 
\tlpath@sep=\fontdimen 36\mfp@dummy 
\mfpicunit=\fontdimen 37\mfp@dummy 
\@mfpicunit=\fontdimen 38\mfp@dummy 
\pointsize=\fontdimen 39\mfp@dummy 
\shadespace=\fontdimen 40\mfp@dummy 
\polkadotspace=\fontdimen 41\mfp@dummy 
\hatchspace=\fontdimen 42\mfp@dummy 
\headlen=\fontdimen 43\mfp@dummy 
\axisheadlen=\fontdimen 44\mfp@dummy 
\sideheadlen=\fontdimen 45\mfp@dummy 
\hashlen=\fontdimen 46\mfp@dummy 
\dashlen=\fontdimen 47\mfp@dummy 
\dashspace=\fontdimen 48\mfp@dummy 
\dotsize=\fontdimen 49\mfp@dummy 
\griddotsize=\fontdimen 50\mfp@dummy 
\dotspace=\fontdimen 51\mfp@dummy 
\symbolspace=\fontdimen 52\mfp@dummy 
\mfp@scratch=\dimen182
\mfpframesep=\dimen183
\mfpframethickness=\dimen184
\mfpicheight=\dimen185
\mfpicwidth=\dimen186
\mfpiccaptionskip=\skip83
\tl@vpos=\count301
\tl@hpos=\count302
\mfp@commentchar=\count303
))
(/usr/local/texlive/2024/texmf-dist/tex/latex/graphics/graphicx.sty
Package: graphicx 2021/09/16 v1.2d Enhanced LaTeX Graphics (DPC,SPQR)
\Gin@req@height=\dimen187
\Gin@req@width=\dimen188
)
(/usr/local/texlive/2024/texmf-dist/tex/latex/base/makeidx.sty
Package: makeidx 2021/10/04 v1.0m Standard LaTeX package
)
(/usr/local/texlive/2024/texmf-dist/tex/latex/hyperref/hyperref.sty
Package: hyperref 2024-01-20 v7.01h Hypertext links for LaTeX

(/usr/local/texlive/2024/texmf-dist/tex/generic/iftex/iftex.sty
Package: iftex 2022/02/03 v1.0f TeX engine tests
)
(/usr/local/texlive/2024/texmf-dist/tex/latex/kvsetkeys/kvsetkeys.sty
Package: kvsetkeys 2022-10-05 v1.19 Key value parser (HO)
)
(/usr/local/texlive/2024/texmf-dist/tex/generic/kvdefinekeys/kvdefinekeys.sty
Package: kvdefinekeys 2019-12-19 v1.6 Define keys (HO)
)
(/usr/local/texlive/2024/texmf-dist/tex/generic/pdfescape/pdfescape.sty
Package: pdfescape 2019/12/09 v1.15 Implements pdfTeX's escape features (HO)

(/usr/local/texlive/2024/texmf-dist/tex/generic/ltxcmds/ltxcmds.sty
Package: ltxcmds 2023-12-04 v1.26 LaTeX kernel commands for general use (HO)
)
(/usr/local/texlive/2024/texmf-dist/tex/generic/pdftexcmds/pdftexcmds.sty
Package: pdftexcmds 2020-06-27 v0.33 Utility functions of pdfTeX for LuaTeX (HO
)

(/usr/local/texlive/2024/texmf-dist/tex/generic/infwarerr/infwarerr.sty
Package: infwarerr 2019/12/03 v1.5 Providing info/warning/error messages (HO)
)
Package pdftexcmds Info: \pdf@primitive is available.
Package pdftexcmds Info: \pdf@ifprimitive is available.
Package pdftexcmds Info: \pdfdraftmode found.
))
(/usr/local/texlive/2024/texmf-dist/tex/latex/hycolor/hycolor.sty
Package: hycolor 2020-01-27 v1.10 Color options for hyperref/bookmark (HO)
)
(/usr/local/texlive/2024/texmf-dist/tex/latex/auxhook/auxhook.sty
Package: auxhook 2019-12-17 v1.6 Hooks for auxiliary files (HO)
)
(/usr/local/texlive/2024/texmf-dist/tex/latex/hyperref/nameref.sty
Package: nameref 2023-11-26 v2.56 Cross-referencing by name of section

(/usr/local/texlive/2024/texmf-dist/tex/latex/refcount/refcount.sty
Package: refcount 2019/12/15 v3.6 Data extraction from label references (HO)
)
(/usr/local/texlive/2024/texmf-dist/tex/generic/gettitlestring/gettitlestring.s
ty
Package: gettitlestring 2019/12/15 v1.6 Cleanup title references (HO)
 (/usr/local/texlive/2024/texmf-dist/tex/latex/kvoptions/kvoptions.sty
Package: kvoptions 2022-06-15 v3.15 Key value format for package options (HO)
))
\c@section@level=\count304
)
(/usr/local/texlive/2024/texmf-dist/tex/latex/etoolbox/etoolbox.sty
Package: etoolbox 2020/10/05 v2.5k e-TeX tools for LaTeX (JAW)
\etb@tempcnta=\count305
)
\@linkdim=\dimen189
\Hy@linkcounter=\count306
\Hy@pagecounter=\count307

(/usr/local/texlive/2024/texmf-dist/tex/latex/hyperref/pd1enc.def
File: pd1enc.def 2024-01-20 v7.01h Hyperref: PDFDocEncoding definition (HO)
Now handling font encoding PD1 ...
... no UTF-8 mapping file for font encoding PD1
)
(/usr/local/texlive/2024/texmf-dist/tex/generic/intcalc/intcalc.sty
Package: intcalc 2019/12/15 v1.3 Expandable calculations with integers (HO)
)
\Hy@SavedSpaceFactor=\count308

(/usr/local/texlive/2024/texmf-dist/tex/latex/hyperref/puenc.def
File: puenc.def 2024-01-20 v7.01h Hyperref: PDF Unicode definition (HO)
Now handling font encoding PU ...
... no UTF-8 mapping file for font encoding PU
)
Package hyperref Info: Option `colorlinks' set `true' on input line 4062.
Package hyperref Info: Option `hyperindex' set `true' on input line 4062.
Package hyperref Info: Option `plainpages' set `false' on input line 4062.
Package hyperref Info: Option `pdfpagelabels' set `true' on input line 4062.
Package hyperref Info: Hyper figures OFF on input line 4179.
Package hyperref Info: Link nesting OFF on input line 4184.
Package hyperref Info: Hyper index ON on input line 4187.
Package hyperref Info: Plain pages OFF on input line 4194.
Package hyperref Info: Backreferencing OFF on input line 4199.
Package hyperref Info: Implicit mode ON; LaTeX internals redefined.
Package hyperref Info: Bookmarks ON on input line 4446.
\c@Hy@tempcnt=\count309

(/usr/local/texlive/2024/texmf-dist/tex/latex/url/url.sty
\Urlmuskip=\muskip17
Package: url 2013/09/16  ver 3.4  Verb mode for urls, etc.
)
LaTeX Info: Redefining \url on input line 4784.
\XeTeXLinkMargin=\dimen190

(/usr/local/texlive/2024/texmf-dist/tex/generic/bitset/bitset.sty
Package: bitset 2019/12/09 v1.3 Handle bit-vector datatype (HO)

(/usr/local/texlive/2024/texmf-dist/tex/generic/bigintcalc/bigintcalc.sty
Package: bigintcalc 2019/12/15 v1.5 Expandable calculations on big integers (HO
)
))
\Fld@menulength=\count310
\Field@Width=\dimen191
\Fld@charsize=\dimen192
Package hyperref Info: Hyper figures OFF on input line 6063.
Package hyperref Info: Link nesting OFF on input line 6068.
Package hyperref Info: Hyper index ON on input line 6071.
Package hyperref Info: backreferencing OFF on input line 6078.
Package hyperref Info: Link coloring ON on input line 6081.
Package hyperref Info: Link coloring with OCG OFF on input line 6088.
Package hyperref Info: PDF/A mode OFF on input line 6093.

(/usr/local/texlive/2024/texmf-dist/tex/latex/base/atbegshi-ltx.sty
Package: atbegshi-ltx 2021/01/10 v1.0c Emulation of the original atbegshi
package with kernel methods
)
\Hy@abspage=\count311
\c@Item=\count312
\c@Hfootnote=\count313
)
Package hyperref Info: Driver (autodetected): hpdftex.

(/usr/local/texlive/2024/texmf-dist/tex/latex/hyperref/hpdftex.def
File: hpdftex.def 2024-01-20 v7.01h Hyperref driver for pdfTeX

(/usr/local/texlive/2024/texmf-dist/tex/latex/base/atveryend-ltx.sty
Package: atveryend-ltx 2020/08/19 v1.0a Emulation of the original atveryend pac
kage
with kernel methods
)
\Fld@listcount=\count314
\c@bookmark@seq@number=\count315

(/usr/local/texlive/2024/texmf-dist/tex/latex/rerunfilecheck/rerunfilecheck.sty
Package: rerunfilecheck 2022-07-10 v1.10 Rerun checks for auxiliary files (HO)

(/usr/local/texlive/2024/texmf-dist/tex/generic/uniquecounter/uniquecounter.sty
Package: uniquecounter 2019/12/15 v1.4 Provide unlimited unique counter (HO)
)
Package uniquecounter Info: New unique counter `rerunfilecheck' on input line 2
85.
)
\Hy@SectionHShift=\skip84
) (/usr/local/texlive/2024/texmf-dist/tex/latex/oberdiek/hypcap.sty
Package: hypcap 2016/05/16 v1.12 Adjusting the anchors of captions (HO)

(/usr/local/texlive/2024/texmf-dist/tex/latex/letltxmacro/letltxmacro.sty
Package: letltxmacro 2019/12/03 v1.6 Let assignment for LaTeX macros (HO)
))
(/usr/local/texlive/2024/texmf-dist/tex/latex/cancel/cancel.sty
Package: cancel 2013/04/12 v2.2 Cancel math terms
)
(/usr/local/texlive/2024/texmf-dist/tex/latex/sectsty/sectsty.sty
Package: sectsty 2002/02/25 v2.0.2 Commands to change all sectional heading sty
les


LaTeX Warning: Command \underbar  has changed.
               Check if current package is valid.


LaTeX Warning: Command \underline  has changed.
               Check if current package is valid.

) (/usr/local/texlive/2024/texmf-dist/tex/latex/base/textcomp.sty
Package: textcomp 2020/02/02 v2.0n Standard LaTeX package
)
\c@defn=\count316
\c@thm=\count317
\c@eqn=\count318
\c@ex=\count319
\c@fig=\count320

(/usr/local/texlive/2024/texmf-dist/tex/latex/psnfss/helvet.sty
Package: helvet 2020/03/25 PSNFSS-v9.3 (WaS) 
)
(/usr/local/texlive/2024/texmf-dist/tex/latex/sfmath/sfmath.sty
Package: sfmath 2007/08/27 v0.8 sans serif maths
LaTeX Font Info:    Overwriting symbol font `operators' in version `normal'
(Font)                  OT1/cmr/m/n --> OT1/phv/m/n on input line 329.
LaTeX Font Info:    Overwriting symbol font `operators' in version `bold'
(Font)                  OT1/cmr/bx/n --> OT1/phv/bx/n on input line 330.
\symSFMath=\mathgroup6
LaTeX Font Info:    Overwriting symbol font `SFMath' in version `normal'
(Font)                  OT1/phv/m/sl --> OT1/phv/m/sl on input line 343.
LaTeX Font Info:    Overwriting symbol font `SFMath' in version `bold'
(Font)                  OT1/phv/m/sl --> OT1/phv/bx/sl on input line 344.
LaTeX Font Info:    Redeclaring math symbol \imath on input line 398.
LaTeX Font Info:    Redeclaring math symbol \jmath on input line 399.
\symSFMathUp=\mathgroup7
LaTeX Font Info:    Overwriting symbol font `SFMathUp' in version `normal'
(Font)                  OT1/phv/m/n --> OT1/phv/m/n on input line 406.
LaTeX Font Info:    Overwriting symbol font `SFMathUp' in version `bold'
(Font)                  OT1/phv/m/n --> OT1/phv/bx/n on input line 407.
LaTeX Font Info:    Redeclaring math symbol \ldotp on input line 410.
\symSFMathGreek=\mathgroup8
LaTeX Font Info:    Overwriting symbol font `SFMathGreek' in version `normal'
(Font)                  OT1/cmss/m/n --> OT1/cmss/m/n on input line 419.
LaTeX Font Info:    Overwriting symbol font `SFMathGreek' in version `bold'
(Font)                  OT1/cmss/m/n --> OT1/cmss/bx/n on input line 420.
LaTeX Font Info:    Redeclaring math symbol \Gamma on input line 422.
LaTeX Font Info:    Redeclaring math symbol \Delta on input line 423.
LaTeX Font Info:    Redeclaring math symbol \Theta on input line 424.
LaTeX Font Info:    Redeclaring math symbol \Lambda on input line 425.
LaTeX Font Info:    Redeclaring math symbol \Xi on input line 426.
LaTeX Font Info:    Redeclaring math symbol \Pi on input line 427.
LaTeX Font Info:    Redeclaring math symbol \Sigma on input line 428.
LaTeX Font Info:    Redeclaring math symbol \Upsilon on input line 429.
LaTeX Font Info:    Redeclaring math symbol \Phi on input line 430.
LaTeX Font Info:    Redeclaring math symbol \Psi on input line 431.
LaTeX Font Info:    Redeclaring math symbol \Omega on input line 432.
\symSFMathUpGreek=\mathgroup9
LaTeX Font Info:    Overwriting symbol font `SFMathUpGreek' in version `normal'

(Font)                  OT1/cmss/m/n --> OT1/cmss/m/n on input line 436.
LaTeX Font Info:    Overwriting symbol font `SFMathUpGreek' in version `bold'
(Font)                  OT1/cmss/m/n --> OT1/cmss/bx/n on input line 437.
LaTeX Font Info:    Overwriting math alphabet `\mathnormal' in version `normal'

(Font)                  OML/cmm/m/it --> OT1/phv/m/sl on input line 446.
LaTeX Font Info:    Overwriting math alphabet `\mathnormal' in version `bold'
(Font)                  OML/cmm/b/it --> OT1/phv/bx/sl on input line 447.
LaTeX Font Info:    Overwriting math alphabet `\mathrm' in version `normal'
(Font)                  OT1/phv/m/n --> OT1/phv/m/n on input line 449.
LaTeX Font Info:    Overwriting math alphabet `\mathrm' in version `bold'
(Font)                  OT1/phv/bx/n --> OT1/phv/bx/n on input line 450.
LaTeX Font Info:    Overwriting math alphabet `\mathbf' in version `normal'
(Font)                  OT1/cmr/bx/n --> OT1/phv/bx/n on input line 452.
LaTeX Font Info:    Overwriting math alphabet `\mathbf' in version `bold'
(Font)                  OT1/cmr/bx/n --> OT1/phv/bx/n on input line 453.
LaTeX Font Info:    Overwriting math alphabet `\mathit' in version `normal'
(Font)                  OT1/cmr/m/it --> OT1/phv/m/sl on input line 455.
LaTeX Font Info:    Overwriting math alphabet `\mathit' in version `bold'
(Font)                  OT1/cmr/bx/it --> OT1/phv/bx/sl on input line 456.
LaTeX Font Info:    Overwriting math alphabet `\mathsf' in version `normal'
(Font)                  OT1/cmss/m/n --> OT1/phv/m/n on input line 458.
LaTeX Font Info:    Overwriting math alphabet `\mathsf' in version `bold'
(Font)                  OT1/cmss/bx/n --> OT1/phv/bx/n on input line 459.
LaTeX Font Info:    Overwriting math alphabet `\mathsl' in version `bold'
(Font)                  OT1/phv/m/sl --> OT1/phv/bx/sl on input line 466.
)
LaTeX Font Info:    Trying to load font information for OT1+phv on input line 4
9.

(/usr/local/texlive/2024/texmf-dist/tex/latex/psnfss/ot1phv.fd
File: ot1phv.fd 2020/03/25 scalable font definitions for OT1/phv.
)
LaTeX Font Info:    Font shape `OT1/phv/m/n' will be
(Font)              scaled to size 10.07397pt on input line 49.

(/usr/local/texlive/2024/texmf-dist/tex/latex/l3backend/l3backend-pdftex.def
File: l3backend-pdftex.def 2024-02-20 L3 backend support: PDF output (pdfTeX)
\l__color_backend_stack_int=\count321
\l__pdf_internal_box=\box113
)
(./CompilerRationalFunctions.aux (./RationalFunctions.aux))
\openout1 = `CompilerRationalFunctions.aux'.

LaTeX Font Info:    Checking defaults for OML/cmm/m/it on input line 49.
LaTeX Font Info:    ... okay on input line 49.
LaTeX Font Info:    Checking defaults for OMS/cmsy/m/n on input line 49.
LaTeX Font Info:    ... okay on input line 49.
LaTeX Font Info:    Checking defaults for OT1/cmr/m/n on input line 49.
LaTeX Font Info:    ... okay on input line 49.
LaTeX Font Info:    Checking defaults for T1/cmr/m/n on input line 49.
LaTeX Font Info:    ... okay on input line 49.
LaTeX Font Info:    Checking defaults for TS1/cmr/m/n on input line 49.
LaTeX Font Info:    ... okay on input line 49.
LaTeX Font Info:    Checking defaults for OMX/cmex/m/n on input line 49.
LaTeX Font Info:    ... okay on input line 49.
LaTeX Font Info:    Checking defaults for U/cmr/m/n on input line 49.
LaTeX Font Info:    ... okay on input line 49.
LaTeX Font Info:    Checking defaults for PD1/pdf/m/n on input line 49.
LaTeX Font Info:    ... okay on input line 49.
LaTeX Font Info:    Checking defaults for PU/pdf/m/n on input line 49.
LaTeX Font Info:    ... okay on input line 49.

(/usr/local/texlive/2024/texmf-dist/tex/context/base/mkii/supp-pdf.mkii
[Loading MPS to PDF converter (version 2006.09.02).]
\scratchcounter=\count322
\scratchdimen=\dimen193
\scratchbox=\box114
\nofMPsegments=\count323
\nofMParguments=\count324
\everyMPshowfont=\toks35
\MPscratchCnt=\count325
\MPscratchDim=\dimen194
\MPnumerator=\count326
\makeMPintoPDFobject=\count327
\everyMPtoPDFconversion=\toks36
) (/usr/local/texlive/2024/texmf-dist/tex/latex/epstopdf-pkg/epstopdf-base.sty
Package: epstopdf-base 2020-01-24 v2.11 Base part for package epstopdf

(/usr/local/texlive/2024/texmf-dist/tex/latex/grfext/grfext.sty
Package: grfext 2019/12/03 v1.3 Manage graphics extensions (HO)
)
Package epstopdf-base Info: Redefining graphics rule for `.eps' on input line 4
85.
Package grfext Info: Graphics extension search list:
(grfext)             [.pdf,.png,.jpg,.mps,.jpeg,.jbig2,.jb2,.PDF,.PNG,.JPG,.JPE
G,.JBIG2,.JB2,.eps]
(grfext)             \AppendGraphicsExtensions on input line 504.

(/usr/local/texlive/2024/texmf-dist/tex/latex/latexconfig/epstopdf-sys.cfg
File: epstopdf-sys.cfg 2010/07/13 v1.3 Configuration of (r)epstopdf for TeX Liv
e
))
Package hyperref Info: Link coloring ON on input line 49.

(./CompilerRationalFunctions.out) (./CompilerRationalFunctions.out)
\@outlinefile=\write4
\openout4 = `CompilerRationalFunctions.out'.

\c@HW=\count328
\c@HWindent=\count329

Chapter 1.
LaTeX Font Info:    Font shape `OT1/phv/m/n' will be
(Font)              scaled to size 19.08076pt on input line 55.
LaTeX Font Info:    Font shape `OT1/phv/b/n' will be
(Font)              scaled to size 19.08076pt on input line 55.
LaTeX Font Info:    Font shape `OT1/phv/m/n' will be
(Font)              scaled to size 22.88956pt on input line 55.
LaTeX Font Info:    Font shape `OT1/phv/b/n' will be
(Font)              scaled to size 22.88956pt on input line 55.
LaTeX Font Info:    Font shape `OT1/phv/m/sc' will be
(Font)              scaled to size 22.88956pt on input line 55.
[1


{/usr/local/texlive/2024/texmf-var/fonts/map/pdftex/updmap/pdftex.map}{/usr/loc
al/texlive/2024/texmf-dist/fonts/enc/dvips/base/8r.enc}]
\openout2 = `RationalFunctions.aux'.


(./RationalFunctions.tex
LaTeX Font Info:    Font shape `OT1/phv/m/n' will be
(Font)              scaled to size 13.24796pt on input line 1.
LaTeX Font Info:    Font shape `OT1/phv/b/n' will be
(Font)              scaled to size 13.24796pt on input line 1.
 (./IntroRational.tex

Mfpic: Initializing IntroRational.mp.
\openout3 = `IntroRational.mp'.

Mfpic: Don't forget to process IntroRational.mp!
Mfpic: Apply metapost to IntroRational.mp.
Mfpic: Then reprocess this file "CompilerRationalFunctions".

LaTeX Font Info:    Font shape `OT1/phv/b/n' will be
(Font)              scaled to size 10.07397pt on input line 9.
LaTeX Font Info:    Font shape `OT1/phv/m/sc' will be
(Font)              scaled to size 10.07397pt on input line 23.
LaTeX Font Info:    Font shape `OT1/phv/m/n' will be
(Font)              scaled to size 7.35999pt on input line 23.
LaTeX Font Info:    Font shape `OT1/phv/m/n' will be
(Font)              scaled to size 5.51999pt on input line 23.
LaTeX Font Info:    Trying to load font information for U+msa on input line 23.

(/usr/local/texlive/2024/texmf-dist/tex/latex/amsfonts/umsa.fd
File: umsa.fd 2013/01/14 v3.01 AMS symbols A
)
LaTeX Font Info:    Trying to load font information for U+msb on input line 23.


(/usr/local/texlive/2024/texmf-dist/tex/latex/amsfonts/umsb.fd
File: umsb.fd 2013/01/14 v3.01 AMS symbols B
)
LaTeX Font Info:    Font shape `OT1/phv/m/sl' will be
(Font)              scaled to size 10.07397pt on input line 23.
LaTeX Font Info:    Font shape `OT1/phv/m/sl' will be
(Font)              scaled to size 7.35999pt on input line 23.
LaTeX Font Info:    Font shape `OT1/phv/m/sl' will be
(Font)              scaled to size 5.51999pt on input line 23.
LaTeX Font Info:    Font shape `OT1/phv/m/it' in size <8> not available
(Font)              Font shape `OT1/phv/m/sl' tried instead on input line 23.
LaTeX Font Info:    Font shape `OT1/phv/m/sl' will be
(Font)              scaled to size 7.35999pt on input line 23.
LaTeX Font Info:    Font shape `OT1/phv/m/n' will be
(Font)              scaled to size 8.27998pt on input line 23.
LaTeX Font Info:    Font shape `OT1/phv/m/n' will be
(Font)              scaled to size 4.59999pt on input line 23.
LaTeX Font Info:    Font shape `OT1/phv/m/sl' will be
(Font)              scaled to size 8.27998pt on input line 23.
LaTeX Font Info:    Font shape `OT1/phv/m/sl' will be
(Font)              scaled to size 4.59999pt on input line 23.
LaTeX Font Info:    Font shape `OT1/phv/m/it' in size <6> not available
(Font)              Font shape `OT1/phv/m/sl' tried instead on input line 23.
LaTeX Font Info:    Font shape `OT1/phv/m/sl' will be
(Font)              scaled to size 5.51999pt on input line 23.
LaTeX Font Info:    Font shape `OT1/phv/m/n' will be
(Font)              scaled to size 11.03998pt on input line 25.
LaTeX Font Info:    Font shape `OT1/phv/b/n' will be
(Font)              scaled to size 11.03998pt on input line 25.


LaTeX Warning: Reference `monomialfunction' on page 2 undefined on input line 3
6.


LaTeX Warning: Reference `PolynomialFunctions' on page 2 undefined on input lin
e 38.

LaTeX Font Info:    Font shape `OT1/phv/b/n' will be
(Font)              scaled to size 8.27998pt on input line 38.

LaTeX Warning: Reference `GraphsofPolynomials' on page 2 undefined on input lin
e 38.

File: IntroRational.1 Graphic file (type mps)
[MP to PDF] (./IntroRational.1)
Overfull \hbox (8.64964pt too wide) in paragraph at lines 92--93
[]|[]| 
 []

[2

]

LaTeX Warning: Reference `GraphsofPolynomials' on page 3 undefined on input lin
e 100.


LaTeX Warning: Reference `GraphsofPolynomials' on page 3 undefined on input lin
e 100.


LaTeX Warning: Reference `GraphsofPolynomials' on page 3 undefined on input lin
e 128.

[3]
Overfull \hbox (1.58905pt too wide) in paragraph at lines 132--144
[]|$[]$ 
 []

File: IntroRational.2 Graphic file (type mps)
[MP to PDF] (./IntroRational.2)
Overfull \hbox (2.85214pt too wide) in paragraph at lines 158--159
[]|[] 
 []

File: IntroRational.3 Graphic file (type mps)
[MP to PDF] (./IntroRational.3)
Overfull \hbox (2.85214pt too wide) in paragraph at lines 173--174
[]|[] 
 []

File: IntroRational.4 Graphic file (type mps)
[MP to PDF] (./IntroRational.4)
Overfull \hbox (2.85214pt too wide) in paragraph at lines 188--189
[]|[]| 
 []


Overfull \hbox (47.99998pt too wide) in paragraph at lines 130--191
[][] 
 []


Overfull \hbox (0.90994pt too wide) in paragraph at lines 199--211
[]|$[]$ 
 []

File: IntroRational.5 Graphic file (type mps)
[MP to PDF] (./IntroRational.5)
Overfull \hbox (2.85214pt too wide) in paragraph at lines 225--226
[]|[] 
 []

File: IntroRational.6 Graphic file (type mps)
[MP to PDF] (./IntroRational.6)
Overfull \hbox (2.85214pt too wide) in paragraph at lines 240--241
[]|[] 
 []

File: IntroRational.7 Graphic file (type mps)
[MP to PDF] (./IntroRational.7)
Overfull \hbox (2.85214pt too wide) in paragraph at lines 255--256
[]|[]| 
 []


Overfull \hbox (47.99998pt too wide) in paragraph at lines 197--258
[][] 
 []


LaTeX Warning: Reference `linearmononialgraphs' on page 4 undefined on input li
ne 260.

[4]

LaTeX Warning: Reference `linearmononialgraphs' on page 5 undefined on input li
ne 291.


LaTeX Warning: Reference `transformationsthm' on page 5 undefined on input line
 291.


LaTeX Warning: Reference `Transformations' on page 5 undefined on input line 29
1.


LaTeX Warning: Reference `linearabsvaluegraphs' on page 5 undefined on input li
ne 291.


LaTeX Warning: Reference `standardformgraph' on page 5 undefined on input line 
291.


LaTeX Warning: Reference `linearmononialgraphs' on page 5 undefined on input li
ne 291.


LaTeX Font Warning: Command \scriptsize invalid in math mode on input line 326.



LaTeX Font Warning: Command \normalsize invalid in math mode on input line 331.


File: IntroRational.8 Graphic file (type mps)
[MP to PDF] (./IntroRational.8)

LaTeX Font Warning: Command \scriptsize invalid in math mode on input line 347.



LaTeX Font Warning: Command \normalsize invalid in math mode on input line 353.


File: IntroRational.9 Graphic file (type mps)
[MP to PDF] (./IntroRational.9)
Overfull \hbox (9.01555pt too wide) detected at line 363
[]
 []

[5]

LaTeX Font Warning: Command \scriptsize invalid in math mode on input line 371.



LaTeX Font Warning: Command \normalsize invalid in math mode on input line 377.


File: IntroRational.10 Graphic file (type mps)
[MP to PDF] (./IntroRational.10)

LaTeX Font Warning: Command \scriptsize invalid in math mode on input line 394.



LaTeX Font Warning: Command \normalsize invalid in math mode on input line 400.


File: IntroRational.11 Graphic file (type mps)
[MP to PDF] (./IntroRational.11)
Overfull \hbox (9.01555pt too wide) detected at line 409
[]
 []

[6]

LaTeX Font Warning: Command \scriptsize invalid in math mode on input line 423.



LaTeX Font Warning: Command \normalsize invalid in math mode on input line 428.


File: IntroRational.12 Graphic file (type mps)
[MP to PDF] (./IntroRational.12)

LaTeX Font Warning: Command \scriptsize invalid in math mode on input line 445.



LaTeX Font Warning: Command \normalsize invalid in math mode on input line 451.


File: IntroRational.13 Graphic file (type mps)
[MP to PDF] (./IntroRational.13)
Overfull \hbox (7.77623pt too wide) detected at line 461
[]
 []


LaTeX Font Warning: Command \scriptsize invalid in math mode on input line 471.



LaTeX Font Warning: Command \normalsize invalid in math mode on input line 477.


File: IntroRational.14 Graphic file (type mps)
[MP to PDF] (./IntroRational.14)

LaTeX Font Warning: Command \scriptsize invalid in math mode on input line 494.



LaTeX Font Warning: Command \normalsize invalid in math mode on input line 500.


File: IntroRational.15 Graphic file (type mps)
[MP to PDF] (./IntroRational.15)
Overfull \hbox (7.77623pt too wide) detected at line 510
[]
 []


LaTeX Font Warning: Command \scriptsize invalid in math mode on input line 520.



LaTeX Font Warning: Command \normalsize invalid in math mode on input line 526.


File: IntroRational.16 Graphic file (type mps)
[MP to PDF] (./IntroRational.16)

LaTeX Font Warning: Command \scriptsize invalid in math mode on input line 544.



LaTeX Font Warning: Command \normalsize invalid in math mode on input line 551.


File: IntroRational.17 Graphic file (type mps)
[MP to PDF] (./IntroRational.17)
Overfull \hbox (14.97429pt too wide) detected at line 561
[]
 []

[7]

LaTeX Warning: Reference `complexfactorization' on page 8 undefined on input li
ne 569.


LaTeX Warning: Reference `ComplexZeros' on page 8 undefined on input line 569.


LaTeX Warning: Reference `pfdecomp' on page 8 undefined on input line 569.


LaTeX Warning: Reference `ParFrac' on page 8 undefined on input line 569.

[8]

LaTeX Font Warning: Command \scriptsize invalid in math mode on input line 610.



LaTeX Font Warning: Command \normalsize invalid in math mode on input line 615.


File: IntroRational.18 Graphic file (type mps)
[MP to PDF] (./IntroRational.18)

LaTeX Font Warning: Command \scriptsize invalid in math mode on input line 633.



LaTeX Font Warning: Command \normalsize invalid in math mode on input line 639.


File: IntroRational.19 Graphic file (type mps)
[MP to PDF] (./IntroRational.19)

LaTeX Warning: Reference `ARCRocketExample' on page 9 undefined on input line 6
58.


LaTeX Warning: Reference `ConstantandLinearFunctions' on page 9 undefined on in
put line 658.

[9] [10]

LaTeX Warning: Reference `IRCRocketExercise' on page 11 undefined on input line
 710.


LaTeX Warning: Reference `ConstantandLinearFunctions' on page 11 undefined on i
nput line 710.


LaTeX Warning: Reference `functiongraphex01' on page 11 undefined on input line
 712.


LaTeX Warning: Reference `FunctionsandtheirRepresentations' on page 11 undefine
d on input line 712.

File: IntroRational.20 Graphic file (type mps)
[MP to PDF] (./IntroRational.20) [11]

LaTeX Warning: Reference `IntroLimits' on page 12 undefined on input line 764.

LaTeX Font Info:    Trying to load font information for TS1+phv on input line 7
81.
(/usr/local/texlive/2024/texmf-dist/tex/latex/psnfss/ts1phv.fd
File: ts1phv.fd 2020/03/25 scalable font definitions for TS1/phv.
)
LaTeX Font Info:    Font shape `TS1/phv/m/n' will be
(Font)              scaled to size 10.07397pt on input line 781.


LaTeX Warning: Reference `factorthm' on page 12 undefined on input line 790.


LaTeX Warning: Reference `Polydivision' on page 12 undefined on input line 790.



LaTeX Warning: Reference `GraphsofPolynomials' on page 12 undefined on input li
ne 790.

[12]
Overfull \hbox (26.73068pt too wide) in paragraph at lines 842--843
[]\OT1/phv/m/n/10.95 A graph-ing util-ity ver-i-fies this claim, and from the g
raph, we see that $[]$, $[]$,
 []


Overfull \hbox (19.1703pt too wide) in paragraph at lines 850--851
[]\OT1/phv/m/n/10.95 Graphing $\OT1/phv/m/sl/10.95 g$ \OT1/phv/m/n/10.95 we can
 def-i-nitely see the ver-ti-cal asymp-tote $\OT1/phv/m/sl/10.95 t \OT1/phv/m/n
/10.95 = \OMS/cmsy/m/n/10.95 ^^@\OT1/phv/m/n/10.95 3$: as $[]$ and $[]$.
 []

<./IntroRationalGraphics/VAorHoleEx01.jpg, id=202, 2766.335pt x 1509.64pt>
File: ./IntroRationalGraphics/VAorHoleEx01.jpg Graphic file (type jpg)
<use ./IntroRationalGraphics/VAorHoleEx01.jpg>
Package pdftex.def Info: ./IntroRationalGraphics/VAorHoleEx01.jpg  used on inpu
t line 856.
(pdftex.def)             Requested size: 216.81pt x 118.3089pt.
<./IntroRationalGraphics/VAorHoleEx02.jpg, id=203, 2766.335pt x 1509.64pt>
File: ./IntroRationalGraphics/VAorHoleEx02.jpg Graphic file (type jpg)
<use ./IntroRationalGraphics/VAorHoleEx02.jpg>
Package pdftex.def Info: ./IntroRationalGraphics/VAorHoleEx02.jpg  used on inpu
t line 856.
(pdftex.def)             Requested size: 216.81pt x 118.3089pt.

Overfull \hbox (15.24007pt too wide) in paragraph at lines 854--862
 [] 
 []


LaTeX Warning: Reference `GraphsofPolynomials' on page 13 undefined on input li
ne 864.

[13 <./IntroRationalGraphics/VAorHoleEx01.jpg> <./IntroRationalGraphics/VAorHol
eEx02.jpg>]
<./IntroRationalGraphics/VAorHoleEx03.jpg, id=217, 2770.35pt x 1515.6625pt>
File: ./IntroRationalGraphics/VAorHoleEx03.jpg Graphic file (type jpg)
<use ./IntroRationalGraphics/VAorHoleEx03.jpg>
Package pdftex.def Info: ./IntroRationalGraphics/VAorHoleEx03.jpg  used on inpu
t line 872.
(pdftex.def)             Requested size: 216.81pt x 118.59586pt.
<./IntroRationalGraphics/VAorHoleEx04.jpg, id=218, 2768.3425pt x 1513.655pt>
File: ./IntroRationalGraphics/VAorHoleEx04.jpg Graphic file (type jpg)
<use ./IntroRationalGraphics/VAorHoleEx04.jpg>
Package pdftex.def Info: ./IntroRationalGraphics/VAorHoleEx04.jpg  used on inpu
t line 872.
(pdftex.def)             Requested size: 216.81pt x 118.53116pt.

Overfull \hbox (15.24007pt too wide) in paragraph at lines 870--878
 [] 
 []


LaTeX Warning: Reference `ExponentialandLogarithmicFunctions' on page 14 undefi
ned on input line 887.

[14 <./IntroRationalGraphics/VAorHoleEx03.jpg> <./IntroRationalGraphics/VAorHol
eEx04.jpg>]

LaTeX Font Warning: Command \scriptsize invalid in math mode on input line 920.



LaTeX Font Warning: Command \normalsize invalid in math mode on input line 925.


File: IntroRational.21 Graphic file (type mps)
[MP to PDF] (./IntroRational.21)

LaTeX Font Warning: Command \scriptsize invalid in math mode on input line 942.



LaTeX Font Warning: Command \normalsize invalid in math mode on input line 948.


File: IntroRational.22 Graphic file (type mps)
[MP to PDF] (./IntroRational.22)
Overfull \hbox (17.09282pt too wide) detected at line 958
[]
 []


LaTeX Warning: Reference `EBPolynomials' on page 15 undefined on input line 968
.


LaTeX Warning: Reference `GraphsofPolynomials' on page 15 undefined on input li
ne 968.

[15]
Overfull \hbox (1.63164pt too wide) in paragraph at lines 990--992
[][][][][][][]  
 []


LaTeX Warning: Reference `EBPolynomials' on page 16 undefined on input line 995
.


LaTeX Warning: Reference `GraphsofPolynomials' on page 16 undefined on input li
ne 1001.


LaTeX Warning: Reference `RootRadicalFunctions' on page 16 undefined on input l
ine 1003.


LaTeX Warning: Reference `EBPolynomials' on page 16 undefined on input line 101
1.

[16]

LaTeX Warning: Reference `EBPolynomials' on page 17 undefined on input line 105
0.

<./IntroRationalGraphics/HAEx01.jpg, id=265, 2774.365pt x 1517.67pt>
File: ./IntroRationalGraphics/HAEx01.jpg Graphic file (type jpg)
<use ./IntroRationalGraphics/HAEx01.jpg>
Package pdftex.def Info: ./IntroRationalGraphics/HAEx01.jpg  used on input line
 1063.
(pdftex.def)             Requested size: 216.81pt x 118.59084pt.
<./IntroRationalGraphics/HAEx02.jpg, id=266, 2766.335pt x 1505.625pt>
File: ./IntroRationalGraphics/HAEx02.jpg Graphic file (type jpg)
<use ./IntroRationalGraphics/HAEx02.jpg>
Package pdftex.def Info: ./IntroRationalGraphics/HAEx02.jpg  used on input line
 1063.
(pdftex.def)             Requested size: 216.81pt x 117.99425pt.

Overfull \hbox (15.24007pt too wide) in paragraph at lines 1061--1068
 [] 
 []

[17 <./IntroRationalGraphics/HAEx01.jpg> <./IntroRationalGraphics/HAEx02.jpg>]

LaTeX Warning: Reference `EBPolynomials' on page 18 undefined on input line 107
2.

<./IntroRationalGraphics/HAEx03.jpg, id=282, 2766.335pt x 1513.655pt>
File: ./IntroRationalGraphics/HAEx03.jpg Graphic file (type jpg)
<use ./IntroRationalGraphics/HAEx03.jpg>
Package pdftex.def Info: ./IntroRationalGraphics/HAEx03.jpg  used on input line
 1083.
(pdftex.def)             Requested size: 216.81pt x 118.62355pt.
<./IntroRationalGraphics/HAEx04.jpg, id=283, 2766.335pt x 1505.625pt>
File: ./IntroRationalGraphics/HAEx04.jpg Graphic file (type jpg)
<use ./IntroRationalGraphics/HAEx04.jpg>
Package pdftex.def Info: ./IntroRationalGraphics/HAEx04.jpg  used on input line
 1083.
(pdftex.def)             Requested size: 216.81pt x 117.99425pt.

Overfull \hbox (15.24007pt too wide) in paragraph at lines 1081--1088
 [] 
 []

[18 <./IntroRationalGraphics/HAEx03.jpg> <./IntroRationalGraphics/HAEx04.jpg>]
<./IntroRationalGraphics/SAEx01.jpg, id=294, 2764.3275pt x 1509.64pt>
File: ./IntroRationalGraphics/SAEx01.jpg Graphic file (type jpg)
<use ./IntroRationalGraphics/SAEx01.jpg>
Package pdftex.def Info: ./IntroRationalGraphics/SAEx01.jpg  used on input line
 1126.
(pdftex.def)             Requested size: 289.07999pt x 157.86037pt.


LaTeX Warning: Reference `Polydivision' on page 19 undefined on input line 1164
.

[19 <./IntroRationalGraphics/SAEx01.jpg>]
<./IntroRationalGraphics/SAEx02.jpg, id=317, 2770.35pt x 1515.6625pt>
File: ./IntroRationalGraphics/SAEx02.jpg Graphic file (type jpg)
<use ./IntroRationalGraphics/SAEx02.jpg>
Package pdftex.def Info: ./IntroRationalGraphics/SAEx02.jpg  used on input line
 1233.
(pdftex.def)             Requested size: 216.81pt x 118.59586pt.
<./IntroRationalGraphics/SAEx03.jpg, id=318, 2766.335pt x 1519.6775pt>
File: ./IntroRationalGraphics/SAEx03.jpg Graphic file (type jpg)
<use ./IntroRationalGraphics/SAEx03.jpg>
Package pdftex.def Info: ./IntroRationalGraphics/SAEx03.jpg  used on input line
 1233.
(pdftex.def)             Requested size: 216.81pt x 119.09552pt.

Overfull \hbox (15.24007pt too wide) in paragraph at lines 1231--1238
 [] 
 []

[20]

LaTeX Warning: Reference `EBPolynomials' on page 21 undefined on input line 125
2.

<./IntroRationalGraphics/SAEx04.jpg, id=335, 2768.3425pt x 1519.6775pt>
File: ./IntroRationalGraphics/SAEx04.jpg Graphic file (type jpg)
<use ./IntroRationalGraphics/SAEx04.jpg>
Package pdftex.def Info: ./IntroRationalGraphics/SAEx04.jpg  used on input line
 1257.
(pdftex.def)             Requested size: 216.81pt x 119.00278pt.
<./IntroRationalGraphics/SAEx05.jpg, id=336, 2770.35pt x 1505.625pt>
File: ./IntroRationalGraphics/SAEx05.jpg Graphic file (type jpg)
<use ./IntroRationalGraphics/SAEx05.jpg>
Package pdftex.def Info: ./IntroRationalGraphics/SAEx05.jpg  used on input line
 1257.
(pdftex.def)             Requested size: 216.81pt x 117.81046pt.

Overfull \hbox (15.24007pt too wide) in paragraph at lines 1255--1262
 [] 
 []

[21 <./IntroRationalGraphics/SAEx02.jpg> <./IntroRationalGraphics/SAEx03.jpg>]

LaTeX Warning: Reference `PortaBoyProfit' on page 22 undefined on input line 12
92.


LaTeX Warning: Reference `QuadraticFunctions' on page 22 undefined on input lin
e 1292.

[22 <./IntroRationalGraphics/SAEx04.jpg> <./IntroRationalGraphics/SAEx05.jpg>]
<./IntroRationalGraphics/SAEx06.jpg, id=357, 2770.35pt x 1513.655pt>
File: ./IntroRationalGraphics/SAEx06.jpg Graphic file (type jpg)
<use ./IntroRationalGraphics/SAEx06.jpg>
Package pdftex.def Info: ./IntroRationalGraphics/SAEx06.jpg  used on input line
 1322.
(pdftex.def)             Requested size: 289.07999pt x 157.93376pt.


LaTeX Warning: Reference `PortaBoyDemand' on page 23 undefined on input line 13
26.


LaTeX Warning: Reference `ConstantandLinearFunctions' on page 23 undefined on i
nput line 1326.

[23 <./IntroRationalGraphics/SAEx06.jpg>] (./ExercisesforIntroRational.tex

LaTeX Warning: Reference `polylongdiv' on page 24 undefined on input line 1.

File: IntroRational.23 Graphic file (type mps)
[MP to PDF] (./IntroRational.23)
File: IntroRational.24 Graphic file (type mps)
 [MP to PDF] (./IntroRational.24) [24]
File: IntroRational.25 Graphic file (type mps)

[MP to PDF] (./IntroRational.25)
File: IntroRational.26 Graphic file (type mps)
 [MP to PDF] (./IntroRational.26)
LaTeX Font Info:    Font shape `OT1/phv/m/n' will be
(Font)              scaled to size 9.19998pt on input line 277.
LaTeX Font Info:    Font shape `OT1/phv/m/n' will be
(Font)              scaled to size 6.43999pt on input line 277.
LaTeX Font Info:    Font shape `OT1/phv/m/sl' will be
(Font)              scaled to size 9.19998pt on input line 277.
LaTeX Font Info:    Font shape `OT1/phv/m/sl' will be
(Font)              scaled to size 6.43999pt on input line 277.
 [25]

LaTeX Warning: Reference `PortaBoyCost' on page 26 undefined on input line 335.



LaTeX Warning: Reference `LinearFunctions' on page 26 undefined on input line 3
35.


LaTeX Warning: Reference `PortaBoyCost' on page 26 undefined on input line 351.



LaTeX Warning: Reference `LinearFunctions' on page 26 undefined on input line 3
51.


LaTeX Warning: Reference `circuitexercisepoly' on page 26 undefined on input li
ne 365.


LaTeX Warning: Reference `GraphsofPolynomials' on page 26 undefined on input li
ne 365.

[26]

LaTeX Warning: Reference `factorthm' on page 27 undefined on input line 403.


LaTeX Warning: Reference `arc' on page 27 undefined on input line 406.


LaTeX Warning: Reference `AverageRateofChange' on page 27 undefined on input li
ne 406.


LaTeX Warning: Reference `monomialarcexercise' on page 27 undefined on input li
ne 406.


LaTeX Warning: Reference `GraphsofPolynomials' on page 27 undefined on input li
ne 406.

[27] [28]
Underfull \hbox (badness 10000) in paragraph at lines 442--447

 []

File: IntroRational.27 Graphic file (type mps)
[MP to PDF] (./IntroRational.27)
Underfull \hbox (badness 10000) in paragraph at lines 474--479

 []

File: IntroRational.28 Graphic file (type mps)
[MP to PDF] (./IntroRational.28)
Underfull \hbox (badness 10000) in paragraph at lines 511--516

 []

File: IntroRational.29 Graphic file (type mps)
[MP to PDF] (./IntroRational.29)
Underfull \hbox (badness 10000) in paragraph at lines 543--548

 []


Overfull \vbox (4.93709pt too high) has occurred while \output is active []


Overfull \vbox (4.93709pt too high) has occurred while \output is active []


[29]
File: IntroRational.30 Graphic file (type mps)
 [MP to PDF] (./IntroRational.30)
Underfull \hbox (badness 10000) in paragraph at lines 607--617

 []


Underfull \hbox (badness 10000) in paragraph at lines 622--632

 []


Underfull \vbox (badness 10000) has occurred while \output is active []

 [30]
Underfull \hbox (badness 10000) in paragraph at lines 643--654

 []


Underfull \hbox (badness 10000) in paragraph at lines 660--669

 []


Underfull \hbox (badness 10000) in paragraph at lines 678--688

 []


Underfull \hbox (badness 10000) in paragraph at lines 693--703

 []


Underfull \hbox (badness 10000) in paragraph at lines 712--721

 []


Underfull \hbox (badness 10000) in paragraph at lines 727--738

 []

[31]
Underfull \hbox (badness 10000) in paragraph at lines 747--757

 []


Underfull \hbox (badness 10000) in paragraph at lines 763--774

 []


Underfull \hbox (badness 10000) in paragraph at lines 784--794

 []


Underfull \hbox (badness 10000) in paragraph at lines 799--808

 []


Underfull \hbox (badness 10000) in paragraph at lines 819--829

 []


Underfull \hbox (badness 10000) in paragraph at lines 834--845

 []

[32]
Underfull \hbox (badness 10000) in paragraph at lines 855--865

 []


Underfull \hbox (badness 10000) in paragraph at lines 870--880

 []


Underfull \hbox (badness 10000) in paragraph at lines 887--894

 []


Underfull \hbox (badness 10000) in paragraph at lines 898--907

 []


LaTeX Warning: Reference `ARCRocketExample' on page 33 undefined on input line 
928.

[33] [34]
<./IntroRationalGraphics/MaxPowerRegression.jpg, id=561, 1562.83875pt x 941.517
5pt>
File: ./IntroRationalGraphics/MaxPowerRegression.jpg Graphic file (type jpg)
<use ./IntroRationalGraphics/MaxPowerRegression.jpg>
Package pdftex.def Info: ./IntroRationalGraphics/MaxPowerRegression.jpg  used o
n input line 969.
(pdftex.def)             Requested size: 239.92435pt x 144.54pt.


LaTeX Warning: Reference `monomialarcexercise' on page 35 undefined on input li
ne 993.


LaTeX Warning: Reference `GraphsofPolynomials' on page 35 undefined on input li
ne 993.

)) [35 <./IntroRationalGraphics/MaxPowerRegression.jpg>] (./RationalGraphs.tex

Mfpic: Initializing RationalGraphs.mp.
\openout3 = `RationalGraphs.mp'.

Mfpic: Don't forget to process RationalGraphs.mp!
Mfpic: Apply metapost to RationalGraphs.mp.
Mfpic: Then reprocess this file "CompilerRationalFunctions".


LaTeX Warning: Reference `QuadraticFunctions' on page 36 undefined on input lin
e 12.


LaTeX Warning: Reference `RealZeros' on page 36 undefined on input line 12.

LaTeX Font Info:    Font shape `OT1/phv/m/it' in size <10.95> not available
(Font)              Font shape `OT1/phv/m/sl' tried instead on input line 12.
LaTeX Font Info:    Font shape `OT1/phv/m/sl' will be
(Font)              scaled to size 10.07397pt on input line 12.

LaTeX Warning: Reference `IVT' on page 36 undefined on input line 12.


Underfull \vbox (badness 1946) has occurred while \output is active []

 [36]
[37]

LaTeX Warning: Reference `onlyoneyintexercise' on page 38 undefined on input li
ne 102.

LaTeX Font Info:    Font shape `OT1/phv/m/it' in size <9> not available
(Font)              Font shape `OT1/phv/m/sl' tried instead on input line 102.
LaTeX Font Info:    Font shape `OT1/phv/m/sl' will be
(Font)              scaled to size 8.27998pt on input line 102.
[38]
File: RationalGraphs.1 Graphic file (type mps)
 [MP to PDF] (./RationalGraphs.1)
File: RationalGraphs.2 Graphic file (type mps)
 [MP to PDF] (./RationalGraphs.2) [39]
File: RationalGraphs.3 Graphic file (type mps)

[MP to PDF] (./RationalGraphs.3)
File: RationalGraphs.4 Graphic file (type mps)
 [MP to PDF] (./RationalGraphs.4)
Overfull \hbox (14.51465pt too wide) in paragraph at lines 214--215
[]|[] 
 []

[40]
File: RationalGraphs.5 Graphic file (type mps)
 [MP to PDF] (./RationalGraphs.5)
File: RationalGraphs.6 Graphic file (type mps)
 [MP to PDF] (./RationalGraphs.6) [41]
File: RationalGraphs.7 Graphic file (type mps)

[MP to PDF] (./RationalGraphs.7)
File: RationalGraphs.8 Graphic file (type mps)
 [MP to PDF] (./RationalGraphs.8)
Overfull \hbox (21.6829pt too wide) in paragraph at lines 355--356
[]|[] 
 []

[42]

LaTeX Warning: Reference `RealZeros' on page 43 undefined on input line 375.

[43]
File: RationalGraphs.9 Graphic file (type mps)
 [MP to PDF] (./RationalGraphs.9)
File: RationalGraphs.10 Graphic file (type mps)
 [MP to PDF] (./RationalGraphs.10)
File: RationalGraphs.11 Graphic file (type mps)

[MP to PDF] (./RationalGraphs.11)
Overfull \hbox (17.06374pt too wide) in paragraph at lines 472--473
[]|[] 
 []

File: RationalGraphs.12 Graphic file (type mps)
[MP to PDF] (./RationalGraphs.12)
Overfull \hbox (21.07875pt too wide) in paragraph at lines 496--497
[]|[] 
 []

[44]

LaTeX Warning: Reference `MonomialFunctions' on page 45 undefined on input line
 527.

File: RationalGraphs.13 Graphic file (type mps)
[MP to PDF] (./RationalGraphs.13)
File: RationalGraphs.14 Graphic file (type mps)
 [MP to PDF] (./RationalGraphs.14) [45]
File: RationalGraphs.15 Graphic file (type mps)

[MP to PDF] (./RationalGraphs.15)
File: RationalGraphs.16 Graphic file (type mps)
 [MP to PDF] (./RationalGraphs.16)

LaTeX Warning: Reference `complexfactorization' on page 46 undefined on input l
ine 637.


LaTeX Warning: Reference `complexfactorization' on page 46 undefined on input l
ine 639.

[46] [47] [48] (./ExercisesforRationalGraphs.tex
File: RationalGraphs.17 Graphic file (type mps)
 [MP to PDF]
(./RationalGraphs.17)
File: RationalGraphs.18 Graphic file (type mps)
 [MP to PDF] (./RationalGraphs.18) [49]
File: RationalGraphs.19 Graphic file (type mps)
 [MP to PDF]
(./RationalGraphs.19)
File: RationalGraphs.20 Graphic file (type mps)
 [MP to PDF] (./RationalGraphs.20) [50]
Underfull \hbox (badness 10000) in paragraph at lines 256--267

 []

File: RationalGraphs.21 Graphic file (type mps)
[MP to PDF] (./RationalGraphs.21)
Underfull \hbox (badness 10000) in paragraph at lines 291--302

 []

File: RationalGraphs.22 Graphic file (type mps)
[MP to PDF] (./RationalGraphs.22)
Underfull \vbox (badness 10000) has occurred while \output is active []

 [51]
Underfull \hbox (badness 10000) in paragraph at lines 329--340

 []

File: RationalGraphs.23 Graphic file (type mps)
[MP to PDF] (./RationalGraphs.23)
Underfull \hbox (badness 10000) in paragraph at lines 363--375

 []

File: RationalGraphs.24 Graphic file (type mps)
[MP to PDF] (./RationalGraphs.24)
Underfull \vbox (badness 10000) has occurred while \output is active []

 [52]
Underfull \hbox (badness 10000) in paragraph at lines 403--416

 []

File: RationalGraphs.25 Graphic file (type mps)
[MP to PDF] (./RationalGraphs.25)
Underfull \hbox (badness 10000) in paragraph at lines 442--454

 []

File: RationalGraphs.26 Graphic file (type mps)
[MP to PDF] (./RationalGraphs.26)
Underfull \vbox (badness 10000) has occurred while \output is active []

 [53]
Underfull \hbox (badness 10000) in paragraph at lines 482--493

 []

File: RationalGraphs.27 Graphic file (type mps)
[MP to PDF] (./RationalGraphs.27)
Underfull \hbox (badness 10000) in paragraph at lines 516--529

 []

File: RationalGraphs.28 Graphic file (type mps)
[MP to PDF] (./RationalGraphs.28)
Underfull \vbox (badness 10000) has occurred while \output is active []

 [54]
Underfull \hbox (badness 10000) in paragraph at lines 558--570

 []

File: RationalGraphs.29 Graphic file (type mps)
[MP to PDF] (./RationalGraphs.29)
Underfull \hbox (badness 10000) in paragraph at lines 599--612

 []

File: RationalGraphs.30 Graphic file (type mps)
[MP to PDF] (./RationalGraphs.30)
Underfull \vbox (badness 10000) has occurred while \output is active []

 [55]
Underfull \hbox (badness 10000) in paragraph at lines 641--652

 []

File: RationalGraphs.31 Graphic file (type mps)
[MP to PDF] (./RationalGraphs.31)
Underfull \hbox (badness 10000) in paragraph at lines 677--688

 []

File: RationalGraphs.32 Graphic file (type mps)
[MP to PDF] (./RationalGraphs.32)
Underfull \vbox (badness 10000) has occurred while \output is active []

 [56]
Underfull \hbox (badness 10000) in paragraph at lines 716--728

 []

File: RationalGraphs.33 Graphic file (type mps)
[MP to PDF] (./RationalGraphs.33)
Underfull \hbox (badness 10000) in paragraph at lines 756--769

 []

File: RationalGraphs.34 Graphic file (type mps)
[MP to PDF] (./RationalGraphs.34)
Underfull \vbox (badness 10000) has occurred while \output is active []

 [57]
Underfull \hbox (badness 10000) in paragraph at lines 800--809

 []

File: RationalGraphs.35 Graphic file (type mps)
[MP to PDF] (./RationalGraphs.35)
Underfull \hbox (badness 10000) in paragraph at lines 832--845

 []

File: RationalGraphs.36 Graphic file (type mps)
[MP to PDF] (./RationalGraphs.36))) [58] (./RationalIneq.tex

Mfpic: Initializing RationalIneq.mp.
\openout3 = `RationalIneq.mp'.

Mfpic: Don't forget to process RationalIneq.mp!
Mfpic: Apply metapost to RationalIneq.mp.
Mfpic: Then reprocess this file "CompilerRationalFunctions".


Underfull \vbox (badness 3646) has occurred while \output is active []

 [59]
File: RationalIneq.1 Graphic file (type mps)

[MP to PDF] (./RationalIneq.1)
<./RationalIneqGraphics/RatIneqEx01.jpg, id=840, 2770.35pt x 1511.6475pt>
File: ./RationalIneqGraphics/RatIneqEx01.jpg Graphic file (type jpg)
<use ./RationalIneqGraphics/RatIneqEx01.jpg>
Package pdftex.def Info: ./RationalIneqGraphics/RatIneqEx01.jpg  used on input 
line 98.
(pdftex.def)             Requested size: 198.7425pt x 108.43257pt.
<./RationalIneqGraphics/RatIneqEx02.jpg, id=841, 2764.3275pt x 1513.655pt>
File: ./RationalIneqGraphics/RatIneqEx02.jpg Graphic file (type jpg)
<use ./RationalIneqGraphics/RatIneqEx02.jpg>
Package pdftex.def Info: ./RationalIneqGraphics/RatIneqEx02.jpg  used on input 
line 98.
(pdftex.def)             Requested size: 198.7425pt x 108.80754pt.
 [60 <./RationalIneqGraphics/RatIneqEx01.jpg> <./RationalIneqGraphics/RatIneqEx
02.jpg>]
File: RationalIneq.2 Graphic file (type mps)
 [MP to PDF] (./RationalIneq.2)
<./RationalIneqGraphics/RatIneqEx03.jpg, id=849, 2766.335pt x 1513.655pt>
File: ./RationalIneqGraphics/RatIneqEx03.jpg Graphic file (type jpg)
<use ./RationalIneqGraphics/RatIneqEx03.jpg>
Package pdftex.def Info: ./RationalIneqGraphics/RatIneqEx03.jpg  used on input 
line 154.
(pdftex.def)             Requested size: 198.7425pt x 108.73825pt.

Overfull \hbox (18.0675pt too wide) in paragraph at lines 154--155
[]|[]| 
 []


LaTeX Warning: Reference `QuadraticFunctions' on page 61 undefined on input lin
e 162.

[61 <./RationalIneqGraphics/RatIneqEx03.jpg>]

LaTeX Warning: Reference `PortaBoyCost' on page 62 undefined on input line 166.


File: RationalIneq.3 Graphic file (type mps)
[MP to PDF] (./RationalIneq.3)

LaTeX Warning: Reference `PortaBoyCost' on page 62 undefined on input line 218.


[62]

LaTeX Warning: Reference `boxnotopex' on page 63 undefined on input line 226.


LaTeX Warning: Reference `GraphsofPolynomials' on page 63 undefined on input li
ne 226.

File: RationalIneq.4 Graphic file (type mps)
[MP to PDF] (./RationalIneq.4) [63]
File: RationalIneq.5 Graphic file (type mps)
 [MP to PDF] (./RationalIneq.5) [64]
<./RationalIneqGraphics/RatIneqEx04.jpg, id=897, 2762.32pt x 1425.325pt>
File: ./RationalIneqGraphics/RatIneqEx04.jpg Graphic file (type jpg)
<use ./RationalIneqGraphics/RatIneqEx04.jpg>
Package pdftex.def Info: ./RationalIneqGraphics/RatIneqEx04.jpg  used on input 
line 330.
(pdftex.def)             Requested size: 289.07999pt x 149.15245pt.


LaTeX Warning: Reference `AppVariation' on page 65 undefined on input line 342.


[65 <./RationalIneqGraphics/RatIneqEx04.jpg>]
<./RationalIneqGraphics/BoylesLawEx.jpg, id=911, 2762.32pt x 1503.6175pt>
File: ./RationalIneqGraphics/BoylesLawEx.jpg Graphic file (type jpg)
<use ./RationalIneqGraphics/BoylesLawEx.jpg>
Package pdftex.def Info: ./RationalIneqGraphics/BoylesLawEx.jpg  used on input 
line 375.
(pdftex.def)             Requested size: 433.62pt x 236.01799pt.
 [66 <./RationalIneqGraphics/BoylesLawEx.jpg>] (./ExercisesforRationalIneq.tex

LaTeX Warning: Reference `AppRatExpEqus' on page 67 undefined on input line 1.

File: RationalIneq.6 Graphic file (type mps)
[MP to PDF] (./RationalIneq.6)
File: RationalIneq.7 Graphic file (type mps)
 [MP to PDF] (./RationalIneq.7) [67]
File: RationalIneq.8 Graphic file (type mps)
 [MP to PDF]
(./RationalIneq.8)
File: RationalIneq.9 Graphic file (type mps)
 [MP to PDF] (./RationalIneq.9)
File: RationalIneq.10 Graphic file (type mps)
 [MP to PDF]
(./RationalIneq.10)
File: RationalIneq.11 Graphic file (type mps)
 [MP to PDF] (./RationalIneq.11)

LaTeX Warning: Reference `newportaboycost' on page 68 undefined on input line 3
00.


LaTeX Warning: Reference `GraphsofPolynomials' on page 68 undefined on input li
ne 300.


LaTeX Warning: Reference `fixedperimetermaxareagarden' on page 68 undefined on 
input line 306.


LaTeX Warning: Reference `QuadraticFunctions' on page 68 undefined on input lin
e 306.

[68] [69] [70])) [71]) (./CompilerRationalFunctions.aux
(./RationalFunctions.aux))
 ***********
LaTeX2e <2023-11-01> patch level 1
L3 programming layer <2024-02-20>
 ***********


LaTeX Warning: There were undefined references.

Package rerunfilecheck Info: File `CompilerRationalFunctions.out' has not chang
ed.
(rerunfilecheck)             Checksum: 5E66A46D49EF807EA29948ABF0D072C3;2110.
 ) 
Here is how much of TeX's memory you used:
 15177 strings out of 474116
 228703 string characters out of 5743682
 1968187 words of memory out of 5000000
 36533 multiletter control sequences out of 15000+600000
 606590 words of font info for 120 fonts, out of 8000000 for 9000
 1141 hyphenation exceptions out of 8191
 75i,19n,79p,2019b,1472s stack positions out of 10000i,1000n,20000p,200000b,200000s
</usr/local/texlive/2024/texmf-dist/fonts/type1/public/amsfonts/cm/cmex10.pfb
></usr/local/texlive/2024/texmf-dist/fonts/type1/public/amsfonts/cmextra/cmex8.
pfb></usr/local/texlive/2024/texmf-dist/fonts/type1/public/amsfonts/cmextra/cme
x9.pfb></usr/local/texlive/2024/texmf-dist/fonts/type1/public/amsfonts/cm/cmmi1
0.pfb></usr/local/texlive/2024/texmf-dist/fonts/type1/public/amsfonts/cm/cmmi8.
pfb></usr/local/texlive/2024/texmf-dist/fonts/type1/public/amsfonts/cm/cmmi9.pf
b></usr/local/texlive/2024/texmf-dist/fonts/type1/public/amsfonts/cm/cmss10.pfb
></usr/local/texlive/2024/texmf-dist/fonts/type1/public/amsfonts/cm/cmsy10.pfb>
</usr/local/texlive/2024/texmf-dist/fonts/type1/public/amsfonts/cm/cmsy6.pfb></
usr/local/texlive/2024/texmf-dist/fonts/type1/public/amsfonts/cm/cmsy8.pfb></us
r/local/texlive/2024/texmf-dist/fonts/type1/public/amsfonts/cm/cmsy9.pfb></usr/
local/texlive/2024/texmf-dist/fonts/type1/public/amsfonts/latxfont/line10.pfb><
/usr/local/texlive/2024/texmf-dist/fonts/type1/public/amsfonts/symbols/msbm10.p
fb></usr/local/texlive/2024/texmf-dist/fonts/type1/urw/helvetic/uhvb8a.pfb></us
r/local/texlive/2024/texmf-dist/fonts/type1/urw/helvetic/uhvr8a.pfb></usr/local
/texlive/2024/texmf-dist/fonts/type1/urw/helvetic/uhvro8a.pfb>
Output written on CompilerRationalFunctions.pdf (71 pages, 3963091 bytes).
PDF statistics:
 1221 PDF objects out of 1440 (max. 8388607)
 1079 compressed objects within 11 object streams
 553 named destinations out of 1000 (max. 500000)
 205 words of extra memory for PDF output out of 10000 (max. 10000000)

