This is pdfTeX, Version 3.141592653-2.6-1.40.26 (TeX Live 2024) (preloaded format=pdflatex 2025.1.31)  7 JUL 2025 10:08
entering extended mode
 restricted \write18 enabled.
 file:line:error style messages enabled.
 %&-line parsing enabled.
**CompilerFoundationsofTrigonometry.tex
(./CompilerFoundationsofTrigonometry.tex
LaTeX2e <2023-11-01> patch level 1
L3 programming layer <2024-02-20>
(/usr/local/texlive/2024/texmf-dist/tex/latex/base/book.cls
Document Class: book 2023/05/17 v1.4n Standard LaTeX document class
(/usr/local/texlive/2024/texmf-dist/tex/latex/base/bk11.clo
File: bk11.clo 2023/05/17 v1.4n Standard LaTeX file (size option)
)
\c@part=\count188
\c@chapter=\count189
\c@section=\count190
\c@subsection=\count191
\c@subsubsection=\count192
\c@paragraph=\count193
\c@subparagraph=\count194
\c@figure=\count195
\c@table=\count196
\abovecaptionskip=\skip48
\belowcaptionskip=\skip49
\bibindent=\dimen140
)
(/usr/local/texlive/2024/texmf-dist/tex/latex/amsfonts/amssymb.sty
Package: amssymb 2013/01/14 v3.01 AMS font symbols

(/usr/local/texlive/2024/texmf-dist/tex/latex/amsfonts/amsfonts.sty
Package: amsfonts 2013/01/14 v3.01 Basic AMSFonts support
\@emptytoks=\toks17
\symAMSa=\mathgroup4
\symAMSb=\mathgroup5
LaTeX Font Info:    Redeclaring math symbol \hbar on input line 98.
LaTeX Font Info:    Overwriting math alphabet `\mathfrak' in version `bold'
(Font)                  U/euf/m/n --> U/euf/b/n on input line 106.
))
(/usr/local/texlive/2024/texmf-dist/tex/latex/amsmath/amsmath.sty
Package: amsmath 2023/05/13 v2.17o AMS math features
\@mathmargin=\skip50

For additional information on amsmath, use the `?' option.
(/usr/local/texlive/2024/texmf-dist/tex/latex/amsmath/amstext.sty
Package: amstext 2021/08/26 v2.01 AMS text

(/usr/local/texlive/2024/texmf-dist/tex/latex/amsmath/amsgen.sty
File: amsgen.sty 1999/11/30 v2.0 generic functions
\@emptytoks=\toks18
\ex@=\dimen141
))
(/usr/local/texlive/2024/texmf-dist/tex/latex/amsmath/amsbsy.sty
Package: amsbsy 1999/11/29 v1.2d Bold Symbols
\pmbraise@=\dimen142
)
(/usr/local/texlive/2024/texmf-dist/tex/latex/amsmath/amsopn.sty
Package: amsopn 2022/04/08 v2.04 operator names
)
\inf@bad=\count197
LaTeX Info: Redefining \frac on input line 234.
\uproot@=\count198
\leftroot@=\count199
LaTeX Info: Redefining \overline on input line 399.
LaTeX Info: Redefining \colon on input line 410.
\classnum@=\count266
\DOTSCASE@=\count267
LaTeX Info: Redefining \ldots on input line 496.
LaTeX Info: Redefining \dots on input line 499.
LaTeX Info: Redefining \cdots on input line 620.
\Mathstrutbox@=\box51
\strutbox@=\box52
LaTeX Info: Redefining \big on input line 722.
LaTeX Info: Redefining \Big on input line 723.
LaTeX Info: Redefining \bigg on input line 724.
LaTeX Info: Redefining \Bigg on input line 725.
\big@size=\dimen143
LaTeX Font Info:    Redeclaring font encoding OML on input line 743.
LaTeX Font Info:    Redeclaring font encoding OMS on input line 744.
\macc@depth=\count268
LaTeX Info: Redefining \bmod on input line 905.
LaTeX Info: Redefining \pmod on input line 910.
LaTeX Info: Redefining \smash on input line 940.
LaTeX Info: Redefining \relbar on input line 970.
LaTeX Info: Redefining \Relbar on input line 971.
\c@MaxMatrixCols=\count269
\dotsspace@=\muskip16
\c@parentequation=\count270
\dspbrk@lvl=\count271
\tag@help=\toks19
\row@=\count272
\column@=\count273
\maxfields@=\count274
\andhelp@=\toks20
\eqnshift@=\dimen144
\alignsep@=\dimen145
\tagshift@=\dimen146
\tagwidth@=\dimen147
\totwidth@=\dimen148
\lineht@=\dimen149
\@envbody=\toks21
\multlinegap=\skip51
\multlinetaggap=\skip52
\mathdisplay@stack=\toks22
LaTeX Info: Redefining \[ on input line 2953.
LaTeX Info: Redefining \] on input line 2954.
)
(/usr/local/texlive/2024/texmf-dist/tex/latex/amscls/amsthm.sty
Package: amsthm 2020/05/29 v2.20.6
\thm@style=\toks23
\thm@bodyfont=\toks24
\thm@headfont=\toks25
\thm@notefont=\toks26
\thm@headpunct=\toks27
\thm@preskip=\skip53
\thm@postskip=\skip54
\thm@headsep=\skip55
\dth@everypar=\toks28
)
(/usr/local/texlive/2024/texmf-dist/tex/latex/fancyhdr/fancyhdr.sty
Package: fancyhdr 2022/11/09 v4.1 Extensive control of page headers and footers

\f@nch@headwidth=\skip56
\f@nch@O@elh=\skip57
\f@nch@O@erh=\skip58
\f@nch@O@olh=\skip59
\f@nch@O@orh=\skip60
\f@nch@O@elf=\skip61
\f@nch@O@erf=\skip62
\f@nch@O@olf=\skip63
\f@nch@O@orf=\skip64
)
(/usr/local/texlive/2024/texmf-dist/tex/latex/supertabular/supertabular.sty
Package: supertabular 2020/02/02 v4.1g the supertabular environment
\c@tracingst=\count275
\ST@wd=\dimen150
\ST@rightskip=\skip65
\ST@leftskip=\skip66
\ST@parfillskip=\skip67
\ST@pageleft=\dimen151
\ST@headht=\dimen152
\ST@tailht=\dimen153
\ST@pagesofar=\dimen154
\ST@pboxht=\dimen155
\ST@lineht=\dimen156
\ST@prevht=\dimen157
\ST@toadd=\dimen158
\ST@dimen=\dimen159
\ST@pbox=\box53
)
(/usr/local/texlive/2024/texmf-dist/tex/latex/tools/longtable.sty
Package: longtable 2023-11-01 v4.19 Multi-page Table package (DPC)
\LTleft=\skip68
\LTright=\skip69
\LTpre=\skip70
\LTpost=\skip71
\LTchunksize=\count276
\LTcapwidth=\dimen160
\LT@head=\box54
\LT@firsthead=\box55
\LT@foot=\box56
\LT@lastfoot=\box57
\LT@gbox=\box58
\LT@cols=\count277
\LT@rows=\count278
\c@LT@tables=\count279
\c@LT@chunks=\count280
\LT@p@ftn=\toks29
)
(/usr/local/texlive/2024/texmf-dist/tex/latex/tools/hhline.sty
Package: hhline 2020/01/04 v2.04 Table rule package (DPC)
)
(/usr/local/texlive/2024/texmf-dist/tex/latex/mathtools/mathtools.sty
Package: mathtools 2024/03/11 v1.30 mathematical typesetting tools

(/usr/local/texlive/2024/texmf-dist/tex/latex/graphics/keyval.sty
Package: keyval 2022/05/29 v1.15 key=value parser (DPC)
\KV@toks@=\toks30
)
(/usr/local/texlive/2024/texmf-dist/tex/latex/tools/calc.sty
Package: calc 2023/07/08 v4.3 Infix arithmetic (KKT,FJ)
\calc@Acount=\count281
\calc@Bcount=\count282
\calc@Adimen=\dimen161
\calc@Bdimen=\dimen162
\calc@Askip=\skip72
\calc@Bskip=\skip73
LaTeX Info: Redefining \setlength on input line 80.
LaTeX Info: Redefining \addtolength on input line 81.
\calc@Ccount=\count283
\calc@Cskip=\skip74
)
(/usr/local/texlive/2024/texmf-dist/tex/latex/mathtools/mhsetup.sty
Package: mhsetup 2021/03/18 v1.4 programming setup (MH)
)
\g_MT_multlinerow_int=\count284
\l_MT_multwidth_dim=\dimen163
\origjot=\skip75
\l_MT_shortvdotswithinadjustabove_dim=\dimen164
\l_MT_shortvdotswithinadjustbelow_dim=\dimen165
\l_MT_above_intertext_sep=\dimen166
\l_MT_below_intertext_sep=\dimen167
\l_MT_above_shortintertext_sep=\dimen168
\l_MT_below_shortintertext_sep=\dimen169
\xmathstrut@box=\box59
\xmathstrut@dim=\dimen170
)
(/usr/local/texlive/2024/texmf-dist/tex/latex/colortbl/colortbl.sty
Package: colortbl 2024/02/20 v1.0g Color table columns (DPC)

(/usr/local/texlive/2024/texmf-dist/tex/latex/tools/array.sty
Package: array 2023/10/16 v2.5g Tabular extension package (FMi)
\col@sep=\dimen171
\ar@mcellbox=\box60
\extrarowheight=\dimen172
\NC@list=\toks31
\extratabsurround=\skip76
\backup@length=\skip77
\ar@cellbox=\box61
)
(/usr/local/texlive/2024/texmf-dist/tex/latex/graphics/color.sty
Package: color 2022/01/06 v1.3d Standard LaTeX Color (DPC)

(/usr/local/texlive/2024/texmf-dist/tex/latex/graphics-cfg/color.cfg
File: color.cfg 2016/01/02 v1.6 sample color configuration
)
Package color Info: Driver file: pdftex.def on input line 149.

(/usr/local/texlive/2024/texmf-dist/tex/latex/graphics-def/pdftex.def
File: pdftex.def 2022/09/22 v1.2b Graphics/color driver for pdftex
)
(/usr/local/texlive/2024/texmf-dist/tex/latex/graphics/mathcolor.ltx))
\everycr=\toks32
\minrowclearance=\skip78
\rownum=\count285
)
(/usr/local/texlive/2024/texmf-dist/tex/latex/import/import.sty
Package: import 2020/04/01  v 6.2
)
(/usr/local/texlive/2024/texmf-dist/tex/latex/tools/multicol.sty
Package: multicol 2023/03/30 v1.9f multicolumn formatting (FMi)
\c@tracingmulticols=\count286
\mult@box=\box62
\multicol@leftmargin=\dimen173
\c@unbalance=\count287
\c@collectmore=\count288
\doublecol@number=\count289
\multicoltolerance=\count290
\multicolpretolerance=\count291
\full@width=\dimen174
\page@free=\dimen175
\premulticols=\dimen176
\postmulticols=\dimen177
\multicolsep=\skip79
\multicolbaselineskip=\skip80
\partial@page=\box63
\last@line=\box64
\mc@boxedresult=\box65
\maxbalancingoverflow=\dimen178
\mult@rightbox=\box66
\mult@grightbox=\box67
\mult@firstbox=\box68
\mult@gfirstbox=\box69
\@tempa=\box70
\@tempa=\box71
\@tempa=\box72
\@tempa=\box73
\@tempa=\box74
\@tempa=\box75
\@tempa=\box76
\@tempa=\box77
\@tempa=\box78
\@tempa=\box79
\@tempa=\box80
\@tempa=\box81
\@tempa=\box82
\@tempa=\box83
\@tempa=\box84
\@tempa=\box85
\@tempa=\box86
\@tempa=\box87
\@tempa=\box88
\@tempa=\box89
\@tempa=\box90
\@tempa=\box91
\@tempa=\box92
\@tempa=\box93
\@tempa=\box94
\@tempa=\box95
\@tempa=\box96
\@tempa=\box97
\@tempa=\box98
\@tempa=\box99
\@tempa=\box100
\@tempa=\box101
\@tempa=\box102
\@tempa=\box103
\@tempa=\box104
\@tempa=\box105
\c@minrows=\count292
\c@columnbadness=\count293
\c@finalcolumnbadness=\count294
\last@try=\dimen179
\multicolovershoot=\dimen180
\multicolundershoot=\dimen181
\mult@nat@firstbox=\box106
\colbreak@box=\box107
\mc@col@check@num=\count295
)
(/usr/local/texlive/2024/texmf-dist/tex/latex/boxedminipage/boxedminipage.sty
Package: boxedminipage 2020/04/19 v1.1 Boxed LaTeX2e minipages
\bmp@box=\box108
\bmp@width=\skip81
\bmp@height=\skip82
)
(/usr/local/texlive/2024/texmf-dist/tex/latex/chapterfolder/chapterfolder.sty
Package: chapterfolder 2005/11/24 v2.0 Package for dealing with folder

(/usr/local/texlive/2024/texmf-dist/tex/latex/base/ifthen.sty
Package: ifthen 2022/04/13 v1.1d Standard LaTeX ifthen package (DPC)
)
\c@@cf@currentpos=\count296
)
(/usr/local/texlive/2024/texmf-dist/tex/generic/mfpic/mfpic.sty
Package: mfpic 2012/12/03 v1.10. Macros for drawing with Metafont/MetaPost.

(/usr/local/texlive/2024/texmf-dist/tex/generic/mfpic/mfpic.tex
(/usr/local/texlive/2024/texmf-dist/tex/latex/graphics/graphics.sty
Package: graphics 2022/03/10 v1.4e Standard LaTeX Graphics (DPC,SPQR)

(/usr/local/texlive/2024/texmf-dist/tex/latex/graphics/trig.sty
Package: trig 2021/08/11 v1.11 sin cos tan (DPC)
)
(/usr/local/texlive/2024/texmf-dist/tex/latex/graphics-cfg/graphics.cfg
File: graphics.cfg 2016/06/04 v1.11 sample graphics configuration
)
Package graphics Info: Driver file: pdftex.def on input line 107.
)
\mfp@out=\write3
\mfp@graph=\read2
\mfp@count=\count297
\mfp@linetype=\count298
\mfp@sequence=\count299
\mfp@toks=\toks33
\mfp@verbtex=\toks34
\mfp@fdc=\count300
\@wholegraph=\box109
\@textbox=\box110
\@alltlabels=\box111
\@backtext=\box112
\@tlabelstop=\fontdimen 23\mfp@dummy 
\@tlabelsbot=\fontdimen 24\mfp@dummy 
\@tlabelsleft=\fontdimen 25\mfp@dummy 
\@graphright=\fontdimen 26\mfp@dummy 
\@graphleft=\fontdimen 27\mfp@dummy 
\@graphtop=\fontdimen 28\mfp@dummy 
\@graphbot=\fontdimen 29\mfp@dummy 
\tb@raise=\fontdimen 30\mfp@dummy 
\tb@moveright=\fontdimen 31\mfp@dummy 
\tb@totalht=\fontdimen 32\mfp@dummy 
\tlabel@hadj=\fontdimen 33\mfp@dummy 
\tlabel@vadj=\fontdimen 34\mfp@dummy 
\tlabel@sep=\fontdimen 35\mfp@dummy 
\tlpath@sep=\fontdimen 36\mfp@dummy 
\mfpicunit=\fontdimen 37\mfp@dummy 
\@mfpicunit=\fontdimen 38\mfp@dummy 
\pointsize=\fontdimen 39\mfp@dummy 
\shadespace=\fontdimen 40\mfp@dummy 
\polkadotspace=\fontdimen 41\mfp@dummy 
\hatchspace=\fontdimen 42\mfp@dummy 
\headlen=\fontdimen 43\mfp@dummy 
\axisheadlen=\fontdimen 44\mfp@dummy 
\sideheadlen=\fontdimen 45\mfp@dummy 
\hashlen=\fontdimen 46\mfp@dummy 
\dashlen=\fontdimen 47\mfp@dummy 
\dashspace=\fontdimen 48\mfp@dummy 
\dotsize=\fontdimen 49\mfp@dummy 
\griddotsize=\fontdimen 50\mfp@dummy 
\dotspace=\fontdimen 51\mfp@dummy 
\symbolspace=\fontdimen 52\mfp@dummy 
\mfp@scratch=\dimen182
\mfpframesep=\dimen183
\mfpframethickness=\dimen184
\mfpicheight=\dimen185
\mfpicwidth=\dimen186
\mfpiccaptionskip=\skip83
\tl@vpos=\count301
\tl@hpos=\count302
\mfp@commentchar=\count303
))
(/usr/local/texlive/2024/texmf-dist/tex/latex/graphics/graphicx.sty
Package: graphicx 2021/09/16 v1.2d Enhanced LaTeX Graphics (DPC,SPQR)
\Gin@req@height=\dimen187
\Gin@req@width=\dimen188
)
(/usr/local/texlive/2024/texmf-dist/tex/latex/base/makeidx.sty
Package: makeidx 2021/10/04 v1.0m Standard LaTeX package
)
(/usr/local/texlive/2024/texmf-dist/tex/latex/hyperref/hyperref.sty
Package: hyperref 2024-01-20 v7.01h Hypertext links for LaTeX

(/usr/local/texlive/2024/texmf-dist/tex/generic/iftex/iftex.sty
Package: iftex 2022/02/03 v1.0f TeX engine tests
)
(/usr/local/texlive/2024/texmf-dist/tex/latex/kvsetkeys/kvsetkeys.sty
Package: kvsetkeys 2022-10-05 v1.19 Key value parser (HO)
)
(/usr/local/texlive/2024/texmf-dist/tex/generic/kvdefinekeys/kvdefinekeys.sty
Package: kvdefinekeys 2019-12-19 v1.6 Define keys (HO)
)
(/usr/local/texlive/2024/texmf-dist/tex/generic/pdfescape/pdfescape.sty
Package: pdfescape 2019/12/09 v1.15 Implements pdfTeX's escape features (HO)

(/usr/local/texlive/2024/texmf-dist/tex/generic/ltxcmds/ltxcmds.sty
Package: ltxcmds 2023-12-04 v1.26 LaTeX kernel commands for general use (HO)
)
(/usr/local/texlive/2024/texmf-dist/tex/generic/pdftexcmds/pdftexcmds.sty
Package: pdftexcmds 2020-06-27 v0.33 Utility functions of pdfTeX for LuaTeX (HO
)

(/usr/local/texlive/2024/texmf-dist/tex/generic/infwarerr/infwarerr.sty
Package: infwarerr 2019/12/03 v1.5 Providing info/warning/error messages (HO)
)
Package pdftexcmds Info: \pdf@primitive is available.
Package pdftexcmds Info: \pdf@ifprimitive is available.
Package pdftexcmds Info: \pdfdraftmode found.
))
(/usr/local/texlive/2024/texmf-dist/tex/latex/hycolor/hycolor.sty
Package: hycolor 2020-01-27 v1.10 Color options for hyperref/bookmark (HO)
)
(/usr/local/texlive/2024/texmf-dist/tex/latex/auxhook/auxhook.sty
Package: auxhook 2019-12-17 v1.6 Hooks for auxiliary files (HO)
)
(/usr/local/texlive/2024/texmf-dist/tex/latex/hyperref/nameref.sty
Package: nameref 2023-11-26 v2.56 Cross-referencing by name of section

(/usr/local/texlive/2024/texmf-dist/tex/latex/refcount/refcount.sty
Package: refcount 2019/12/15 v3.6 Data extraction from label references (HO)
)
(/usr/local/texlive/2024/texmf-dist/tex/generic/gettitlestring/gettitlestring.s
ty
Package: gettitlestring 2019/12/15 v1.6 Cleanup title references (HO)
 (/usr/local/texlive/2024/texmf-dist/tex/latex/kvoptions/kvoptions.sty
Package: kvoptions 2022-06-15 v3.15 Key value format for package options (HO)
))
\c@section@level=\count304
)
(/usr/local/texlive/2024/texmf-dist/tex/latex/etoolbox/etoolbox.sty
Package: etoolbox 2020/10/05 v2.5k e-TeX tools for LaTeX (JAW)
\etb@tempcnta=\count305
)
\@linkdim=\dimen189
\Hy@linkcounter=\count306
\Hy@pagecounter=\count307

(/usr/local/texlive/2024/texmf-dist/tex/latex/hyperref/pd1enc.def
File: pd1enc.def 2024-01-20 v7.01h Hyperref: PDFDocEncoding definition (HO)
Now handling font encoding PD1 ...
... no UTF-8 mapping file for font encoding PD1
)
(/usr/local/texlive/2024/texmf-dist/tex/generic/intcalc/intcalc.sty
Package: intcalc 2019/12/15 v1.3 Expandable calculations with integers (HO)
)
\Hy@SavedSpaceFactor=\count308

(/usr/local/texlive/2024/texmf-dist/tex/latex/hyperref/puenc.def
File: puenc.def 2024-01-20 v7.01h Hyperref: PDF Unicode definition (HO)
Now handling font encoding PU ...
... no UTF-8 mapping file for font encoding PU
)
Package hyperref Info: Option `colorlinks' set `true' on input line 4062.
Package hyperref Info: Option `hyperindex' set `true' on input line 4062.
Package hyperref Info: Option `plainpages' set `false' on input line 4062.
Package hyperref Info: Option `pdfpagelabels' set `true' on input line 4062.
Package hyperref Info: Hyper figures OFF on input line 4179.
Package hyperref Info: Link nesting OFF on input line 4184.
Package hyperref Info: Hyper index ON on input line 4187.
Package hyperref Info: Plain pages OFF on input line 4194.
Package hyperref Info: Backreferencing OFF on input line 4199.
Package hyperref Info: Implicit mode ON; LaTeX internals redefined.
Package hyperref Info: Bookmarks ON on input line 4446.
\c@Hy@tempcnt=\count309

(/usr/local/texlive/2024/texmf-dist/tex/latex/url/url.sty
\Urlmuskip=\muskip17
Package: url 2013/09/16  ver 3.4  Verb mode for urls, etc.
)
LaTeX Info: Redefining \url on input line 4784.
\XeTeXLinkMargin=\dimen190

(/usr/local/texlive/2024/texmf-dist/tex/generic/bitset/bitset.sty
Package: bitset 2019/12/09 v1.3 Handle bit-vector datatype (HO)

(/usr/local/texlive/2024/texmf-dist/tex/generic/bigintcalc/bigintcalc.sty
Package: bigintcalc 2019/12/15 v1.5 Expandable calculations on big integers (HO
)
))
\Fld@menulength=\count310
\Field@Width=\dimen191
\Fld@charsize=\dimen192
Package hyperref Info: Hyper figures OFF on input line 6063.
Package hyperref Info: Link nesting OFF on input line 6068.
Package hyperref Info: Hyper index ON on input line 6071.
Package hyperref Info: backreferencing OFF on input line 6078.
Package hyperref Info: Link coloring ON on input line 6081.
Package hyperref Info: Link coloring with OCG OFF on input line 6088.
Package hyperref Info: PDF/A mode OFF on input line 6093.

(/usr/local/texlive/2024/texmf-dist/tex/latex/base/atbegshi-ltx.sty
Package: atbegshi-ltx 2021/01/10 v1.0c Emulation of the original atbegshi
package with kernel methods
)
\Hy@abspage=\count311
\c@Item=\count312
\c@Hfootnote=\count313
)
Package hyperref Info: Driver (autodetected): hpdftex.

(/usr/local/texlive/2024/texmf-dist/tex/latex/hyperref/hpdftex.def
File: hpdftex.def 2024-01-20 v7.01h Hyperref driver for pdfTeX

(/usr/local/texlive/2024/texmf-dist/tex/latex/base/atveryend-ltx.sty
Package: atveryend-ltx 2020/08/19 v1.0a Emulation of the original atveryend pac
kage
with kernel methods
)
\Fld@listcount=\count314
\c@bookmark@seq@number=\count315

(/usr/local/texlive/2024/texmf-dist/tex/latex/rerunfilecheck/rerunfilecheck.sty
Package: rerunfilecheck 2022-07-10 v1.10 Rerun checks for auxiliary files (HO)

(/usr/local/texlive/2024/texmf-dist/tex/generic/uniquecounter/uniquecounter.sty
Package: uniquecounter 2019/12/15 v1.4 Provide unlimited unique counter (HO)
)
Package uniquecounter Info: New unique counter `rerunfilecheck' on input line 2
85.
)
\Hy@SectionHShift=\skip84
) (/usr/local/texlive/2024/texmf-dist/tex/latex/oberdiek/hypcap.sty
Package: hypcap 2016/05/16 v1.12 Adjusting the anchors of captions (HO)

(/usr/local/texlive/2024/texmf-dist/tex/latex/letltxmacro/letltxmacro.sty
Package: letltxmacro 2019/12/03 v1.6 Let assignment for LaTeX macros (HO)
))
\c@defn=\count316
\c@thm=\count317
\c@eqn=\count318
\c@ex=\count319
\c@fig=\count320

(/usr/local/texlive/2024/texmf-dist/tex/latex/cancel/cancel.sty
Package: cancel 2013/04/12 v2.2 Cancel math terms
)
(/usr/local/texlive/2024/texmf-dist/tex/latex/sectsty/sectsty.sty
Package: sectsty 2002/02/25 v2.0.2 Commands to change all sectional heading sty
les


LaTeX Warning: Command \underbar  has changed.
               Check if current package is valid.


LaTeX Warning: Command \underline  has changed.
               Check if current package is valid.

) (/usr/local/texlive/2024/texmf-dist/tex/latex/base/textcomp.sty
Package: textcomp 2020/02/02 v2.0n Standard LaTeX package
)
(/usr/local/texlive/2024/texmf-dist/tex/latex/multirow/multirow.sty
Package: multirow 2021/03/15 v2.8 Span multiple rows of a table
\multirow@colwidth=\skip85
\multirow@cntb=\count321
\multirow@dima=\skip86
\bigstrutjot=\dimen193
)
(/usr/local/texlive/2024/texmf-dist/tex/latex/tocbibind/tocbibind.sty
Package: tocbibind 2010/10/13 v1.5k extra ToC listings
Package tocbibind Info: The document has chapter divisions on input line 50.


Package tocbibind Note: Using chapter style headings, unless overridden.

)
LaTeX Font Info:    Redeclaring symbol font `AMSb' on input line 39.
LaTeX Font Info:    Overwriting symbol font `AMSb' in version `normal'
(Font)                  U/msb/m/n --> U/msb/m/n on input line 39.
LaTeX Font Info:    Overwriting symbol font `AMSb' in version `bold'
(Font)                  U/msb/m/n --> U/msb/m/n on input line 39.
\c@HW=\count322
\c@HWindent=\count323
 (/usr/local/texlive/2024/texmf-dist/tex/latex/psnfss/helvet.sty
Package: helvet 2020/03/25 PSNFSS-v9.3 (WaS) 
)
(/usr/local/texlive/2024/texmf-dist/tex/latex/sfmath/sfmath.sty
Package: sfmath 2007/08/27 v0.8 sans serif maths
LaTeX Font Info:    Overwriting symbol font `operators' in version `normal'
(Font)                  OT1/cmr/m/n --> OT1/phv/m/n on input line 329.
LaTeX Font Info:    Overwriting symbol font `operators' in version `bold'
(Font)                  OT1/cmr/bx/n --> OT1/phv/bx/n on input line 330.
\symSFMath=\mathgroup6
LaTeX Font Info:    Overwriting symbol font `SFMath' in version `normal'
(Font)                  OT1/phv/m/sl --> OT1/phv/m/sl on input line 343.
LaTeX Font Info:    Overwriting symbol font `SFMath' in version `bold'
(Font)                  OT1/phv/m/sl --> OT1/phv/bx/sl on input line 344.
LaTeX Font Info:    Redeclaring math symbol \imath on input line 398.
LaTeX Font Info:    Redeclaring math symbol \jmath on input line 399.
\symSFMathUp=\mathgroup7
LaTeX Font Info:    Overwriting symbol font `SFMathUp' in version `normal'
(Font)                  OT1/phv/m/n --> OT1/phv/m/n on input line 406.
LaTeX Font Info:    Overwriting symbol font `SFMathUp' in version `bold'
(Font)                  OT1/phv/m/n --> OT1/phv/bx/n on input line 407.
LaTeX Font Info:    Redeclaring math symbol \ldotp on input line 410.
\symSFMathGreek=\mathgroup8
LaTeX Font Info:    Overwriting symbol font `SFMathGreek' in version `normal'
(Font)                  OT1/cmss/m/n --> OT1/cmss/m/n on input line 419.
LaTeX Font Info:    Overwriting symbol font `SFMathGreek' in version `bold'
(Font)                  OT1/cmss/m/n --> OT1/cmss/bx/n on input line 420.
LaTeX Font Info:    Redeclaring math symbol \Gamma on input line 422.
LaTeX Font Info:    Redeclaring math symbol \Delta on input line 423.
LaTeX Font Info:    Redeclaring math symbol \Theta on input line 424.
LaTeX Font Info:    Redeclaring math symbol \Lambda on input line 425.
LaTeX Font Info:    Redeclaring math symbol \Xi on input line 426.
LaTeX Font Info:    Redeclaring math symbol \Pi on input line 427.
LaTeX Font Info:    Redeclaring math symbol \Sigma on input line 428.
LaTeX Font Info:    Redeclaring math symbol \Upsilon on input line 429.
LaTeX Font Info:    Redeclaring math symbol \Phi on input line 430.
LaTeX Font Info:    Redeclaring math symbol \Psi on input line 431.
LaTeX Font Info:    Redeclaring math symbol \Omega on input line 432.
\symSFMathUpGreek=\mathgroup9
LaTeX Font Info:    Overwriting symbol font `SFMathUpGreek' in version `normal'

(Font)                  OT1/cmss/m/n --> OT1/cmss/m/n on input line 436.
LaTeX Font Info:    Overwriting symbol font `SFMathUpGreek' in version `bold'
(Font)                  OT1/cmss/m/n --> OT1/cmss/bx/n on input line 437.
LaTeX Font Info:    Overwriting math alphabet `\mathnormal' in version `normal'

(Font)                  OML/cmm/m/it --> OT1/phv/m/sl on input line 446.
LaTeX Font Info:    Overwriting math alphabet `\mathnormal' in version `bold'
(Font)                  OML/cmm/b/it --> OT1/phv/bx/sl on input line 447.
LaTeX Font Info:    Overwriting math alphabet `\mathrm' in version `normal'
(Font)                  OT1/phv/m/n --> OT1/phv/m/n on input line 449.
LaTeX Font Info:    Overwriting math alphabet `\mathrm' in version `bold'
(Font)                  OT1/phv/bx/n --> OT1/phv/bx/n on input line 450.
LaTeX Font Info:    Overwriting math alphabet `\mathbf' in version `normal'
(Font)                  OT1/cmr/bx/n --> OT1/phv/bx/n on input line 452.
LaTeX Font Info:    Overwriting math alphabet `\mathbf' in version `bold'
(Font)                  OT1/cmr/bx/n --> OT1/phv/bx/n on input line 453.
LaTeX Font Info:    Overwriting math alphabet `\mathit' in version `normal'
(Font)                  OT1/cmr/m/it --> OT1/phv/m/sl on input line 455.
LaTeX Font Info:    Overwriting math alphabet `\mathit' in version `bold'
(Font)                  OT1/cmr/bx/it --> OT1/phv/bx/sl on input line 456.
LaTeX Font Info:    Overwriting math alphabet `\mathsf' in version `normal'
(Font)                  OT1/cmss/m/n --> OT1/phv/m/n on input line 458.
LaTeX Font Info:    Overwriting math alphabet `\mathsf' in version `bold'
(Font)                  OT1/cmss/bx/n --> OT1/phv/bx/n on input line 459.
LaTeX Font Info:    Overwriting math alphabet `\mathsl' in version `bold'
(Font)                  OT1/phv/m/sl --> OT1/phv/bx/sl on input line 466.
)
LaTeX Font Info:    Trying to load font information for OT1+phv on input line 7
3.

(/usr/local/texlive/2024/texmf-dist/tex/latex/psnfss/ot1phv.fd
File: ot1phv.fd 2020/03/25 scalable font definitions for OT1/phv.
)
LaTeX Font Info:    Font shape `OT1/phv/m/n' will be
(Font)              scaled to size 10.07397pt on input line 73.

(/usr/local/texlive/2024/texmf-dist/tex/latex/l3backend/l3backend-pdftex.def
File: l3backend-pdftex.def 2024-02-20 L3 backend support: PDF output (pdfTeX)
\l__color_backend_stack_int=\count324
\l__pdf_internal_box=\box113
)
(./CompilerFoundationsofTrigonometry.aux (./FoundationsofTrigonometry.aux))
\openout1 = `CompilerFoundationsofTrigonometry.aux'.

LaTeX Font Info:    Checking defaults for OML/cmm/m/it on input line 73.
LaTeX Font Info:    ... okay on input line 73.
LaTeX Font Info:    Checking defaults for OMS/cmsy/m/n on input line 73.
LaTeX Font Info:    ... okay on input line 73.
LaTeX Font Info:    Checking defaults for OT1/cmr/m/n on input line 73.
LaTeX Font Info:    ... okay on input line 73.
LaTeX Font Info:    Checking defaults for T1/cmr/m/n on input line 73.
LaTeX Font Info:    ... okay on input line 73.
LaTeX Font Info:    Checking defaults for TS1/cmr/m/n on input line 73.
LaTeX Font Info:    ... okay on input line 73.
LaTeX Font Info:    Checking defaults for OMX/cmex/m/n on input line 73.
LaTeX Font Info:    ... okay on input line 73.
LaTeX Font Info:    Checking defaults for U/cmr/m/n on input line 73.
LaTeX Font Info:    ... okay on input line 73.
LaTeX Font Info:    Checking defaults for PD1/pdf/m/n on input line 73.
LaTeX Font Info:    ... okay on input line 73.
LaTeX Font Info:    Checking defaults for PU/pdf/m/n on input line 73.
LaTeX Font Info:    ... okay on input line 73.

(/usr/local/texlive/2024/texmf-dist/tex/context/base/mkii/supp-pdf.mkii
[Loading MPS to PDF converter (version 2006.09.02).]
\scratchcounter=\count325
\scratchdimen=\dimen194
\scratchbox=\box114
\nofMPsegments=\count326
\nofMParguments=\count327
\everyMPshowfont=\toks35
\MPscratchCnt=\count328
\MPscratchDim=\dimen195
\MPnumerator=\count329
\makeMPintoPDFobject=\count330
\everyMPtoPDFconversion=\toks36
) (/usr/local/texlive/2024/texmf-dist/tex/latex/epstopdf-pkg/epstopdf-base.sty
Package: epstopdf-base 2020-01-24 v2.11 Base part for package epstopdf

(/usr/local/texlive/2024/texmf-dist/tex/latex/grfext/grfext.sty
Package: grfext 2019/12/03 v1.3 Manage graphics extensions (HO)
)
Package epstopdf-base Info: Redefining graphics rule for `.eps' on input line 4
85.
Package grfext Info: Graphics extension search list:
(grfext)             [.pdf,.png,.jpg,.mps,.jpeg,.jbig2,.jb2,.PDF,.PNG,.JPG,.JPE
G,.JBIG2,.JB2,.eps]
(grfext)             \AppendGraphicsExtensions on input line 504.

(/usr/local/texlive/2024/texmf-dist/tex/latex/latexconfig/epstopdf-sys.cfg
File: epstopdf-sys.cfg 2010/07/13 v1.3 Configuration of (r)epstopdf for TeX Liv
e
))
Package hyperref Info: Link coloring ON on input line 73.

(./CompilerFoundationsofTrigonometry.out)
(./CompilerFoundationsofTrigonometry.out)
\@outlinefile=\write4
\openout4 = `CompilerFoundationsofTrigonometry.out'.


Chapter 1.
LaTeX Font Info:    Font shape `OT1/phv/m/n' will be
(Font)              scaled to size 19.08076pt on input line 77.
LaTeX Font Info:    Font shape `OT1/phv/b/n' will be
(Font)              scaled to size 19.08076pt on input line 77.
LaTeX Font Info:    Font shape `OT1/phv/m/n' will be
(Font)              scaled to size 22.88956pt on input line 77.
LaTeX Font Info:    Font shape `OT1/phv/b/n' will be
(Font)              scaled to size 22.88956pt on input line 77.
LaTeX Font Info:    Font shape `OT1/phv/m/sc' will be
(Font)              scaled to size 22.88956pt on input line 77.
[1


{/usr/local/texlive/2024/texmf-var/fonts/map/pdftex/updmap/pdftex.map}{/usr/loc
al/texlive/2024/texmf-dist/fonts/enc/dvips/base/8r.enc}]
\openout2 = `FoundationsofTrigonometry.aux'.


(./FoundationsofTrigonometry.tex
LaTeX Font Info:    Font shape `OT1/phv/m/n' will be
(Font)              scaled to size 13.24796pt on input line 1.
LaTeX Font Info:    Font shape `OT1/phv/b/n' will be
(Font)              scaled to size 13.24796pt on input line 1.
 (./RadianMeasure.tex

Mfpic: Initializing RadianMeasure.mp.
\openout3 = `RadianMeasure.mp'.

Mfpic: Don't forget to process RadianMeasure.mp!
Mfpic: Apply metapost to RadianMeasure.mp.
Mfpic: Then reprocess this file "CompilerFoundationsofTrigonometry".

LaTeX Font Info:    Font shape `OT1/phv/b/n' will be
(Font)              scaled to size 10.07397pt on input line 9.

LaTeX Warning: Reference `AppAngles' on page 2 undefined on input line 9.

LaTeX Font Info:    Font shape `OT1/phv/m/n' will be
(Font)              scaled to size 7.35999pt on input line 22.
LaTeX Font Info:    Font shape `OT1/phv/m/n' will be
(Font)              scaled to size 5.51999pt on input line 22.
LaTeX Font Info:    Trying to load font information for U+msa on input line 22.

(/usr/local/texlive/2024/texmf-dist/tex/latex/amsfonts/umsa.fd
File: umsa.fd 2013/01/14 v3.01 AMS symbols A
)
LaTeX Font Info:    Trying to load font information for U+msb on input line 22.


(/usr/local/texlive/2024/texmf-dist/tex/latex/amsfonts/umsb.fd
File: umsb.fd 2013/01/14 v3.01 AMS symbols B
)
LaTeX Font Info:    Font shape `OT1/phv/m/sl' will be
(Font)              scaled to size 10.07397pt on input line 22.
LaTeX Font Info:    Font shape `OT1/phv/m/sl' will be
(Font)              scaled to size 7.35999pt on input line 22.
LaTeX Font Info:    Font shape `OT1/phv/m/sl' will be
(Font)              scaled to size 5.51999pt on input line 22.
LaTeX Font Info:    Font shape `OT1/phv/m/it' in size <10.95> not available
(Font)              Font shape `OT1/phv/m/sl' tried instead on input line 26.
LaTeX Font Info:    Font shape `OT1/phv/m/sl' will be
(Font)              scaled to size 10.07397pt on input line 26.
File: RadianMeasure.1 Graphic file (type mps)
 [MP to PDF]
(./RadianMeasure.1)
File: RadianMeasure.2 Graphic file (type mps)
 [MP to PDF] (./RadianMeasure.2)
File: RadianMeasure.3 Graphic file (type mps)
 [MP to PDF]
(./RadianMeasure.3)
LaTeX Font Info:    Font shape `OT1/phv/m/sc' will be
(Font)              scaled to size 10.07397pt on input line 111.
 [2

]
LaTeX Font Info:    Font shape `OT1/phv/m/n' will be
(Font)              scaled to size 8.27998pt on input line 118.
LaTeX Font Info:    Font shape `OT1/phv/m/n' will be
(Font)              scaled to size 4.59999pt on input line 118.
LaTeX Font Info:    Font shape `OT1/phv/m/sl' will be
(Font)              scaled to size 8.27998pt on input line 118.
LaTeX Font Info:    Font shape `OT1/phv/m/sl' will be
(Font)              scaled to size 4.59999pt on input line 118.
 [3]
File: RadianMeasure.4 Graphic file (type mps)
 [MP to PDF] (./RadianMeasure.4)
File: RadianMeasure.5 Graphic file (type mps)
 [MP to PDF]
(./RadianMeasure.5)
File: RadianMeasure.6 Graphic file (type mps)
 [MP to PDF] (./RadianMeasure.6)
File: RadianMeasure.7 Graphic file (type mps)
 [MP to PDF]
(./RadianMeasure.7)
Underfull \vbox (badness 10000) has occurred while \output is active []

 [4]

LaTeX Warning: Reference `orientedcoterminaldegree' on page 5 undefined on inpu
t line 269.

LaTeX Font Info:    Trying to load font information for TS1+phv on input line 2
88.
(/usr/local/texlive/2024/texmf-dist/tex/latex/psnfss/ts1phv.fd
File: ts1phv.fd 2020/03/25 scalable font definitions for TS1/phv.
)
LaTeX Font Info:    Font shape `TS1/phv/m/n' will be
(Font)              scaled to size 10.07397pt on input line 288.

Overfull \hbox (1.63164pt too wide) in paragraph at lines 288--290
[][][][][][][]  
 []

[5]
File: RadianMeasure.8 Graphic file (type mps)
 [MP to PDF] (./RadianMeasure.8)
File: RadianMeasure.9 Graphic file (type mps)
 [MP to PDF] (./RadianMeasure.9)
File: RadianMeasure.10 Graphic file (type mps)

[MP to PDF] (./RadianMeasure.10)
Overfull \hbox (2.37157pt too wide) in paragraph at lines 304--388
[][] 
 []

File: RadianMeasure.11 Graphic file (type mps)
[MP to PDF] (./RadianMeasure.11)
File: RadianMeasure.12 Graphic file (type mps)
 [MP to PDF] (./RadianMeasure.12)
Underfull \vbox (badness 7133) has occurred while \output is active []

 [6]

LaTeX Warning: Reference `degreeex' on page 7 undefined on input line 458.

File: RadianMeasure.13 Graphic file (type mps)
[MP to PDF] (./RadianMeasure.13)
File: RadianMeasure.14 Graphic file (type mps)
 [MP to PDF] (./RadianMeasure.14)
LaTeX Font Info:    Font shape `OT1/phv/m/n' will be
(Font)              scaled to size 11.03998pt on input line 513.
LaTeX Font Info:    Font shape `OT1/phv/b/n' will be
(Font)              scaled to size 11.03998pt on input line 513.
LaTeX Font Info:    Font shape `OT1/phv/m/n' will be
(Font)              scaled to size 9.19998pt on input line 521.
LaTeX Font Info:    Font shape `OT1/phv/m/n' will be
(Font)              scaled to size 6.43999pt on input line 521.
LaTeX Font Info:    Font shape `OT1/phv/m/sl' will be
(Font)              scaled to size 9.19998pt on input line 521.
LaTeX Font Info:    Font shape `OT1/phv/m/sl' will be
(Font)              scaled to size 6.43999pt on input line 521.
File: RadianMeasure.15 Graphic file (type mps)
 [MP to PDF]
(./RadianMeasure.15) [7]
LaTeX Font Info:    Font shape `OT1/phv/b/n' will be
(Font)              scaled to size 8.27998pt on input line 539.


LaTeX Warning: Reference `averagevelocitydefn' on page 8 undefined on input lin
e 539.


LaTeX Warning: Reference `IntroRational' on page 8 undefined on input line 539.



LaTeX Warning: Reference `averagevelocityrocketex' on page 8 undefined on input
 line 539.


LaTeX Warning: Reference `IntroRational' on page 8 undefined on input line 539.


[8]
<./RadianMeasureGraphics/Latitude_(PSF).png, id=182, 315.3381pt x 326.6604pt>
File: ./RadianMeasureGraphics/Latitude_(PSF).png Graphic file (type png)
<use ./RadianMeasureGraphics/Latitude_(PSF).png>
Package pdftex.def Info: ./RadianMeasureGraphics/Latitude_(PSF).png  used on in
put line 562.
(pdftex.def)             Requested size: 144.54pt x 149.73227pt.
 [9 <./RadianMeasureGraphics/Latitude_(PSF).png>] [10]
(./ExercisesforRadianMeasure.tex

LaTeX Warning: Reference `orientedanglefirst' on page 11 undefined on input lin
e 4.

[11]

LaTeX Warning: Reference `giantwheelcircle' on page 12 undefined on input line 
185.


LaTeX Warning: Reference `Circles' on page 12 undefined on input line 185.

File: RadianMeasure.16 Graphic file (type mps)
[MP to PDF] (./RadianMeasure.16) [12]
File: RadianMeasure.17 Graphic file (type mps)
 [MP to PDF] (./RadianMeasure.17)
File: RadianMeasure.18 Graphic file (type mps)

[MP to PDF] (./RadianMeasure.18)
File: RadianMeasure.19 Graphic file (type mps)
 [MP to PDF] (./RadianMeasure.19)
File: RadianMeasure.20 Graphic file (type mps)
 [MP to PDF]
(./RadianMeasure.20)
File: RadianMeasure.21 Graphic file (type mps)
 [MP to PDF] (./RadianMeasure.21)
File: RadianMeasure.22 Graphic file (type mps)
 [MP to PDF]
(./RadianMeasure.22) [13]
File: RadianMeasure.23 Graphic file (type mps)
 [MP to PDF] (./RadianMeasure.23)
File: RadianMeasure.24 Graphic file (type mps)
 [MP to PDF]
(./RadianMeasure.24)
File: RadianMeasure.25 Graphic file (type mps)
 [MP to PDF] (./RadianMeasure.25)
File: RadianMeasure.26 Graphic file (type mps)
 [MP to PDF]
(./RadianMeasure.26)
File: RadianMeasure.27 Graphic file (type mps)
 [MP to PDF] (./RadianMeasure.27)
File: RadianMeasure.28 Graphic file (type mps)
 [MP to PDF]
(./RadianMeasure.28) [14]
File: RadianMeasure.29 Graphic file (type mps)
 [MP to PDF] (./RadianMeasure.29)
File: RadianMeasure.30 Graphic file (type mps)
 [MP to PDF]
(./RadianMeasure.30)
File: RadianMeasure.31 Graphic file (type mps)
 [MP to PDF] (./RadianMeasure.31)
File: RadianMeasure.32 Graphic file (type mps)
 [MP to PDF]
(./RadianMeasure.32) [15]
File: RadianMeasure.33 Graphic file (type mps)
 [MP to PDF] (./RadianMeasure.33)
File: RadianMeasure.34 Graphic file (type mps)
 [MP to PDF]
(./RadianMeasure.34)
File: RadianMeasure.35 Graphic file (type mps)
 [MP to PDF] (./RadianMeasure.35)
File: RadianMeasure.36 Graphic file (type mps)
 [MP to PDF]
(./RadianMeasure.36)
File: RadianMeasure.37 Graphic file (type mps)
 [MP to PDF] (./RadianMeasure.37))) [16]
(./TheCircularFunctionsSineandCosine.tex

Mfpic: Initializing TheCircularFunctionsSineandCosine.mp.
\openout3 = `TheCircularFunctionsSineandCosine.mp'.

Mfpic: Don't forget to process TheCircularFunctionsSineandCosine.mp!
Mfpic: Apply metapost to TheCircularFunctionsSineandCosine.mp.
Mfpic: Then reprocess this file "CompilerFoundationsofTrigonometry".

File: TheCircularFunctionsSineandCosine.1 Graphic file (type mps)
[MP to PDF] (./TheCircularFunctionsSineandCosine.1)
File: TheCircularFunctionsSineandCosine.2 Graphic file (type mps)
 [MP to PDF]
(./TheCircularFunctionsSineandCosine.2)

LaTeX Warning: Reference `functiondefn' on page 17 undefined on input line 62.


LaTeX Warning: Reference `FunctionsandtheirRepresentations' on page 17 undefine
d on input line 62.


LaTeX Warning: Reference `importantfactscartesianplane' on page 17 undefined on
 input line 62.


LaTeX Warning: Reference `AppCartesianPlane' on page 17 undefined on input line
 62.

LaTeX Font Info:    Font shape `OT1/phv/m/it' in size <8> not available
(Font)              Font shape `OT1/phv/m/sl' tried instead on input line 80.
LaTeX Font Info:    Font shape `OT1/phv/m/sl' will be
(Font)              scaled to size 7.35999pt on input line 80.
LaTeX Font Info:    Font shape `OT1/phv/m/it' in size <6> not available
(Font)              Font shape `OT1/phv/m/sl' tried instead on input line 80.
LaTeX Font Info:    Font shape `OT1/phv/m/sl' will be
(Font)              scaled to size 5.51999pt on input line 80.

LaTeX Warning: Reference `AppAngles' on page 17 undefined on input line 80.


LaTeX Warning: Reference `AppRightTrig' on page 17 undefined on input line 80.


LaTeX Warning: Reference `MoreTrigonometricIdentities' on page 17 undefined on 
input line 80.


LaTeX Warning: Reference `righttrianglesinecosinetangent' on page 17 undefined 
on input line 85.


LaTeX Warning: Reference `AppRightTrig' on page 17 undefined on input line 85.


LaTeX Warning: Reference `righttrianglesinecosinetangent' on page 17 undefined 
on input line 85.

[17]
File: TheCircularFunctionsSineandCosine.3 Graphic file (type mps)
 [MP to PDF] (./TheCircularFunctionsSineandCosine.3)
File: TheCircularFunctionsSineandCosine.4 Graphic file (type mps)
 [MP to PDF]
(./TheCircularFunctionsSineandCosine.4)

LaTeX Warning: Reference `AppRightTrig' on page 18 undefined on input line 164.



LaTeX Warning: Reference `righttrianglesinecosinetangent' on page 18 undefined 
on input line 164.


LaTeX Warning: Reference `AppRightTrig' on page 18 undefined on input line 164.



LaTeX Warning: Reference `AppRightTrig' on page 18 undefined on input line 164.



LaTeX Warning: Reference `AppRightTrig' on page 18 undefined on input line 168.


File: TheCircularFunctionsSineandCosine.5 Graphic file (type mps)
[MP to PDF] (./TheCircularFunctionsSineandCosine.5)
Overfull \hbox (4.11598pt too wide) in paragraph at lines 195--196
[]|[] 
 []

File: TheCircularFunctionsSineandCosine.6 Graphic file (type mps)
[MP to PDF] (./TheCircularFunctionsSineandCosine.6)
Overfull \hbox (8.61598pt too wide) in paragraph at lines 223--224
[]|[] 
 []


Overfull \hbox (27.24004pt too wide) in paragraph at lines 170--226
[][] 
 []

[18]
File: TheCircularFunctionsSineandCosine.7 Graphic file (type mps)
 [MP to PDF] (./TheCircularFunctionsSineandCosine.7)
File: TheCircularFunctionsSineandCosine.8 Graphic file (type mps)
 [MP to PDF]
(./TheCircularFunctionsSineandCosine.8)
Overfull \hbox (23.78381pt too wide) in paragraph at lines 231--287
[][] 
 []


LaTeX Warning: Reference `AppRightTrig' on page 19 undefined on input line 295.



LaTeX Warning: Reference `righttrianglesinecosinetangent' on page 19 undefined 
on input line 295.

[19]
File: TheCircularFunctionsSineandCosine.9 Graphic file (type mps)
 [MP to PDF] (./TheCircularFunctionsSineandCosine.9)
File: TheCircularFunctionsSineandCosine.10 Graphic file (type mps)
 [MP to PDF]
(./TheCircularFunctionsSineandCosine.10)

LaTeX Warning: Reference `righttrianglesinecosinetangent' on page 20 undefined 
on input line 340.

File: TheCircularFunctionsSineandCosine.11 Graphic file (type mps)
[MP to PDF] (./TheCircularFunctionsSineandCosine.11)
File: TheCircularFunctionsSineandCosine.12 Graphic file (type mps)
 [MP to PDF]
(./TheCircularFunctionsSineandCosine.12) [20]
File: TheCircularFunctionsSineandCosine.13 Graphic file (type mps)
 [MP to PDF]
(./TheCircularFunctionsSineandCosine.13)
File: TheCircularFunctionsSineandCosine.14 Graphic file (type mps)
 [MP to PDF]
(./TheCircularFunctionsSineandCosine.14)
File: TheCircularFunctionsSineandCosine.15 Graphic file (type mps)
 [MP to PDF]
(./TheCircularFunctionsSineandCosine.15) [21]
File: TheCircularFunctionsSineandCosine.16 Graphic file (type mps)
 [MP to PDF]
(./TheCircularFunctionsSineandCosine.16)
File: TheCircularFunctionsSineandCosine.17 Graphic file (type mps)
 [MP to PDF]
(./TheCircularFunctionsSineandCosine.17)
File: TheCircularFunctionsSineandCosine.18 Graphic file (type mps)
 [MP to PDF]
(./TheCircularFunctionsSineandCosine.18)
File: TheCircularFunctionsSineandCosine.19 Graphic file (type mps)
 [MP to PDF]
(./TheCircularFunctionsSineandCosine.19) [22]
File: TheCircularFunctionsSineandCosine.20 Graphic file (type mps)
 [MP to PDF]
(./TheCircularFunctionsSineandCosine.20)
Underfull \vbox (badness 2671) has occurred while \output is active []

 [23]
[24]
File: TheCircularFunctionsSineandCosine.21 Graphic file (type mps)
 [MP to PDF] (./TheCircularFunctionsSineandCosine.21)
File: TheCircularFunctionsSineandCosine.22 Graphic file (type mps)
 [MP to PDF]
(./TheCircularFunctionsSineandCosine.22)
LaTeX Font Info:    Font shape `OT1/phv/bx/n' in size <10.95> not available
(Font)              Font shape `OT1/phv/b/n' tried instead on input line 878.
LaTeX Font Info:    Font shape `OT1/phv/b/n' will be
(Font)              scaled to size 10.07397pt on input line 878.
LaTeX Font Info:    Font shape `OT1/phv/bx/n' in size <8> not available
(Font)              Font shape `OT1/phv/b/n' tried instead on input line 878.
LaTeX Font Info:    Font shape `OT1/phv/b/n' will be
(Font)              scaled to size 7.35999pt on input line 878.
LaTeX Font Info:    Font shape `OT1/phv/bx/n' in size <6> not available
(Font)              Font shape `OT1/phv/b/n' tried instead on input line 878.
LaTeX Font Info:    Font shape `OT1/phv/b/n' will be
(Font)              scaled to size 5.51999pt on input line 878.
LaTeX Font Info:    Font shape `OT1/phv/bx/sl' in size <10.95> not available
(Font)              Font shape `OT1/phv/b/sl' tried instead on input line 878.
LaTeX Font Info:    Font shape `OT1/phv/b/sl' will be
(Font)              scaled to size 10.07397pt on input line 878.
LaTeX Font Info:    Font shape `OT1/phv/bx/sl' in size <8> not available
(Font)              Font shape `OT1/phv/b/sl' tried instead on input line 878.
LaTeX Font Info:    Font shape `OT1/phv/b/sl' will be
(Font)              scaled to size 7.35999pt on input line 878.
LaTeX Font Info:    Font shape `OT1/phv/bx/sl' in size <6> not available
(Font)              Font shape `OT1/phv/b/sl' tried instead on input line 878.
LaTeX Font Info:    Font shape `OT1/phv/b/sl' will be
(Font)              scaled to size 5.51999pt on input line 878.
File: TheCircularFunctionsSineandCosine.23 Graphic file (type mps)
 [MP to PDF]
(./TheCircularFunctionsSineandCosine.23)
File: TheCircularFunctionsSineandCosine.24 Graphic file (type mps)
 [MP to PDF]
(./TheCircularFunctionsSineandCosine.24) [25]
File: TheCircularFunctionsSineandCosine.25 Graphic file (type mps)
 [MP to PDF]
(./TheCircularFunctionsSineandCosine.25)
File: TheCircularFunctionsSineandCosine.26 Graphic file (type mps)
 [MP to PDF]
(./TheCircularFunctionsSineandCosine.26)
File: TheCircularFunctionsSineandCosine.27 Graphic file (type mps)
 [MP to PDF]
(./TheCircularFunctionsSineandCosine.27)
File: TheCircularFunctionsSineandCosine.28 Graphic file (type mps)
 [MP to PDF]
(./TheCircularFunctionsSineandCosine.28)
Underfull \vbox (badness 10000) has occurred while \output is active []

 [26]
File: TheCircularFunctionsSineandCosine.29 Graphic file (type mps)

[MP to PDF] (./TheCircularFunctionsSineandCosine.29)
File: TheCircularFunctionsSineandCosine.30 Graphic file (type mps)
 [MP to PDF]
(./TheCircularFunctionsSineandCosine.30)

LaTeX Warning: Reference `AppRightTrig' on page 27 undefined on input line 1116
.

[27]

LaTeX Warning: Reference `TrigonometricEquationsandInequalities' on page 28 und
efined on input line 1121.

File: TheCircularFunctionsSineandCosine.31 Graphic file (type mps)
[MP to PDF] (./TheCircularFunctionsSineandCosine.31)
File: TheCircularFunctionsSineandCosine.32 Graphic file (type mps)
 [MP to PDF]
(./TheCircularFunctionsSineandCosine.32)
File: TheCircularFunctionsSineandCosine.33 Graphic file (type mps)
 [MP to PDF]
(./TheCircularFunctionsSineandCosine.33)
File: TheCircularFunctionsSineandCosine.34 Graphic file (type mps)
 [MP to PDF]
(./TheCircularFunctionsSineandCosine.34) [28]
File: TheCircularFunctionsSineandCosine.35 Graphic file (type mps)
 [MP to PDF]
(./TheCircularFunctionsSineandCosine.35)
File: TheCircularFunctionsSineandCosine.36 Graphic file (type mps)
 [MP to PDF]
(./TheCircularFunctionsSineandCosine.36)

LaTeX Warning: Reference `SequencesandtheBinomialTheorem' on page 29 undefined 
on input line 1307.

[29]
File: TheCircularFunctionsSineandCosine.37 Graphic file (type mps)
 [MP to PDF] (./TheCircularFunctionsSineandCosine.37)
File: TheCircularFunctionsSineandCosine.38 Graphic file (type mps)
 [MP to PDF]
(./TheCircularFunctionsSineandCosine.38)

LaTeX Warning: Reference `AppRightTrig' on page 30 undefined on input line 1387
.


LaTeX Warning: Reference `righttrianglesinecosinetangent' on page 30 undefined 
on input line 1387.

[30]
File: TheCircularFunctionsSineandCosine.39 Graphic file (type mps)
 [MP to PDF] (./TheCircularFunctionsSineandCosine.39)
File: TheCircularFunctionsSineandCosine.40 Graphic file (type mps)
 [MP to PDF]
(./TheCircularFunctionsSineandCosine.40)
Overfull \hbox (1.63164pt too wide) in paragraph at lines 1460--1462
[][][][][][][]  
 []

[31]
File: TheCircularFunctionsSineandCosine.41 Graphic file (type mps)
 [MP to PDF] (./TheCircularFunctionsSineandCosine.41)
File: TheCircularFunctionsSineandCosine.42 Graphic file (type mps)
 [MP to PDF]
(./TheCircularFunctionsSineandCosine.42)
File: ./RadianMeasureGraphics/Latitude_(PSF).png Graphic file (type png)
<use ./RadianMeasureGraphics/Latitude_(PSF).png>
Package pdftex.def Info: ./RadianMeasureGraphics/Latitude_(PSF).png  used on in
put line 1551.
(pdftex.def)             Requested size: 144.54pt x 149.73227pt.
File: TheCircularFunctionsSineandCosine.43 Graphic file (type mps)
 [MP to PDF]
(./TheCircularFunctionsSineandCosine.43) [32]
File: TheCircularFunctionsSineandCosine.44 Graphic file (type mps)
 [MP to PDF]
(./TheCircularFunctionsSineandCosine.44)
Overfull \hbox (1.63164pt too wide) in paragraph at lines 1629--1631
[][][][][][][]  
 []


LaTeX Warning: Reference `ParametricEquations' on page 33 undefined on input li
ne 1637.

[33] (./ExercisesforTheCircularFunctionsSineandCosine.tex [34]

LaTeX Warning: Reference `arc' on page 35 undefined on input line 280.


LaTeX Warning: Reference `AverageRateofChange' on page 35 undefined on input li
ne 280.

[35]

LaTeX Warning: Reference `standardcirclealternate' on page 36 undefined on inpu
t line 331.


LaTeX Warning: Reference `TheConicSections' on page 36 undefined on input line 
331.

[36] [37] [38])) [39] (./GraphsofSineandCosine.tex

Mfpic: Initializing GraphsofSineandCosine.mp.
\openout3 = `GraphsofSineandCosine.mp'.

Mfpic: Don't forget to process GraphsofSineandCosine.mp!
Mfpic: Apply metapost to GraphsofSineandCosine.mp.
Mfpic: Then reprocess this file "CompilerFoundationsofTrigonometry".

LaTeX Font Info:    Font shape `OT1/phv/m/it' in size <9> not available
(Font)              Font shape `OT1/phv/m/sl' tried instead on input line 38.
LaTeX Font Info:    Font shape `OT1/phv/m/sl' will be
(Font)              scaled to size 8.27998pt on input line 38.
File: GraphsofSineandCosine.1 Graphic file (type mps)
[MP to PDF] (./GraphsofSineandCosine.1)
Overfull \hbox (4.45444pt too wide) in paragraph at lines 41--77
[]  [] 
 []

[40]
File: GraphsofSineandCosine.2 Graphic file (type mps)
 [MP to PDF] (./GraphsofSineandCosine.2)

LaTeX Warning: Reference `ConstantandLinearFunctions' on page 41 undefined on i
nput line 114.

File: GraphsofSineandCosine.3 Graphic file (type mps)
[MP to PDF] (./GraphsofSineandCosine.3)
Overfull \hbox (4.45444pt too wide) in paragraph at lines 133--169
[]  [] 
 []


Underfull \vbox (badness 2334) has occurred while \output is active []

 [41]

LaTeX Warning: Reference `MoreTrigonometricIdentities' on page 42 undefined on 
input line 172.

File: GraphsofSineandCosine.4 Graphic file (type mps)
[MP to PDF] (./GraphsofSineandCosine.4)

LaTeX Warning: Reference `GraphsofPolynomials' on page 42 undefined on input li
ne 197.


LaTeX Warning: Reference `GraphsofPolynomials' on page 42 undefined on input li
ne 205.


LaTeX Warning: Reference `MoreTrigonometricIdentities' on page 42 undefined on 
input line 205.


LaTeX Warning: Reference `evenfunctiondefn' on page 42 undefined on input line 
205.


LaTeX Warning: Reference `oddfunctiondefn' on page 42 undefined on input line 2
05.

[42]

LaTeX Warning: Reference `Transformations' on page 43 undefined on input line 2
44.

File: GraphsofSineandCosine.5 Graphic file (type mps)
[MP to PDF] (./GraphsofSineandCosine.5)
File: GraphsofSineandCosine.6 Graphic file (type mps)
 [MP to PDF] (./GraphsofSineandCosine.6)

LaTeX Warning: Reference `Transformations' on page 43 undefined on input line 2
97.


LaTeX Warning: Reference `Transformations' on page 43 undefined on input line 3
01.


LaTeX Warning: Reference `Transformations' on page 43 undefined on input line 3
01.

[43]

LaTeX Warning: Reference `transformationsthm' on page 44 undefined on input lin
e 322.

File: GraphsofSineandCosine.7 Graphic file (type mps)
[MP to PDF] (./GraphsofSineandCosine.7)
File: GraphsofSineandCosine.8 Graphic file (type mps)
 [MP to PDF] (./GraphsofSineandCosine.8)

LaTeX Warning: Reference `transformationsthm' on page 44 undefined on input lin
e 376.

File: GraphsofSineandCosine.9 Graphic file (type mps)
[MP to PDF] (./GraphsofSineandCosine.9)
File: GraphsofSineandCosine.10 Graphic file (type mps)
 [MP to PDF] (./GraphsofSineandCosine.10)
Overfull \vbox (10.71983pt too high) has occurred while \output is active []


Overfull \vbox (8.77126pt too high) has occurred while \output is active []


[44]

LaTeX Warning: Reference `Transformations' on page 45 undefined on input line 4
40.

File: GraphsofSineandCosine.11 Graphic file (type mps)
[MP to PDF] (./GraphsofSineandCosine.11)

LaTeX Warning: Reference `Transformations' on page 45 undefined on input line 4
86.

[45]

LaTeX Warning: Reference `transformationsthm' on page 46 undefined on input lin
e 502.

[46]
File: GraphsofSineandCosine.12 Graphic file (type mps)
 [MP to PDF] (./GraphsofSineandCosine.12)
Overfull \hbox (31.8295pt too wide) in paragraph at lines 596--632
[]  [] 
 []

[47]
File: GraphsofSineandCosine.13 Graphic file (type mps)
 [MP to PDF] (./GraphsofSineandCosine.13)
Overfull \hbox (31.8295pt too wide) in paragraph at lines 650--687
[]  [] 
 []


LaTeX Warning: Reference `transformationsthm' on page 48 undefined on input lin
e 699.


LaTeX Warning: Reference `Transformations' on page 48 undefined on input line 6
99.


LaTeX Warning: Reference `transformationsthm' on page 48 undefined on input lin
e 703.

File: GraphsofSineandCosine.14 Graphic file (type mps)
[MP to PDF] (./GraphsofSineandCosine.14)

LaTeX Warning: Reference `transformationsthm' on page 48 undefined on input lin
e 739.

File: GraphsofSineandCosine.15 Graphic file (type mps)
[MP to PDF] (./GraphsofSineandCosine.15)
Overfull \hbox (56.4529pt too wide) in paragraph at lines 755--756
[]|[]| 
 []

[48]

LaTeX Warning: Reference `transformationsthm' on page 49 undefined on input lin
e 765.


LaTeX Warning: Reference `transformationsthm' on page 49 undefined on input lin
e 769.

File: GraphsofSineandCosine.16 Graphic file (type mps)
[MP to PDF] (./GraphsofSineandCosine.16) [49]
File: GraphsofSineandCosine.17 Graphic file (type mps)
 [MP to PDF]
(./GraphsofSineandCosine.17)

LaTeX Warning: Reference `ExpLogApplications' on page 50 undefined on input lin
e 882.

[50]
File: GraphsofSineandCosine.18 Graphic file (type mps)
 [MP to PDF] (./GraphsofSineandCosine.18) [51]
File: GraphsofSineandCosine.19 Graphic file (type mps)
 [MP to PDF]
(./GraphsofSineandCosine.19)

LaTeX Warning: Reference `QuadraticFunctions' on page 52 undefined on input lin
e 988.


LaTeX Warning: Reference `regsunlight' on page 52 undefined on input line 988.


LaTeX Warning: Reference `AbsoluteValueFunctions' on page 52 undefined on input
 line 1020.

[52]
File: GraphsofSineandCosine.20 Graphic file (type mps)
 [MP to PDF] (./GraphsofSineandCosine.20)
<./GraphsofSineandCosineGraphics/RoughFitDaylight.jpg, id=907, 1682.285pt x 126
6.7325pt>
File: ./GraphsofSineandCosineGraphics/RoughFitDaylight.jpg Graphic file (type j
pg)
<use ./GraphsofSineandCosineGraphics/RoughFitDaylight.jpg>
Package pdftex.def Info: ./GraphsofSineandCosineGraphics/RoughFitDaylight.jpg  
used on input line 1065.
(pdftex.def)             Requested size: 239.93346pt x 180.67499pt.

Overfull \hbox (23.7435pt too wide) in paragraph at lines 1065--1066
 [][] 
 []

[53 <./GraphsofSineandCosineGraphics/RoughFitDaylight.jpg>]

LaTeX Warning: Reference `MoreTrigonometricIdentities' on page 54 undefined on 
input line 1090.


LaTeX Warning: Reference `twodaylightfunctions' on page 54 undefined on input l
ine 1090.

<./GraphsofSineandCosineGraphics/desmos_regression.jpg, id=922, 1976.38374pt x 
1239.63126pt>
File: ./GraphsofSineandCosineGraphics/desmos_regression.jpg Graphic file (type 
jpg)
<use ./GraphsofSineandCosineGraphics/desmos_regression.jpg>
Package pdftex.def Info: ./GraphsofSineandCosineGraphics/desmos_regression.jpg 
 used on input line 1097.
(pdftex.def)             Requested size: 198.7425pt x 124.65134pt.
<./GraphsofSineandCosineGraphics/both_daylight.jpg, id=923, 1981.4025pt x 1245.
65375pt>
File: ./GraphsofSineandCosineGraphics/both_daylight.jpg Graphic file (type jpg)

<use ./GraphsofSineandCosineGraphics/both_daylight.jpg>
Package pdftex.def Info: ./GraphsofSineandCosineGraphics/both_daylight.jpg  use
d on input line 1098.
(pdftex.def)             Requested size: 198.7425pt x 124.9338pt.

LaTeX Warning: Reference `continuousdefn' on page 54 undefined on input line 11
28.


LaTeX Warning: Reference `continuousdefn' on page 54 undefined on input line 11
28.

[54 <./GraphsofSineandCosineGraphics/desmos_regression.jpg> <./GraphsofSineandC
osineGraphics/both_daylight.jpg>]
<./GraphsofSineandCosineGraphics/sinpiovert.png, id=930, 1280.785pt x 428.60126
pt>
File: ./GraphsofSineandCosineGraphics/sinpiovert.png Graphic file (type png)
<use ./GraphsofSineandCosineGraphics/sinpiovert.png>
Package pdftex.def Info: ./GraphsofSineandCosineGraphics/sinpiovert.png  used o
n input line 1156.
(pdftex.def)             Requested size: 433.62pt x 145.1012pt.
<./GraphsofSineandCosineGraphics/sine10^23tfar.png, id=932, 903.375pt x 417.56p
t>
File: ./GraphsofSineandCosineGraphics/sine10^23tfar.png Graphic file (type png)

<use ./GraphsofSineandCosineGraphics/sine10^23tfar.png>
Package pdftex.def Info: ./GraphsofSineandCosineGraphics/sine10^23tfar.png  use
d on input line 1170.
(pdftex.def)             Requested size: 216.81pt x 100.21007pt.
<./GraphsofSineandCosineGraphics/sine10^23tzoom.png, id=933, 868.24374pt x 434.
62375pt>
File: ./GraphsofSineandCosineGraphics/sine10^23tzoom.png Graphic file (type png
)
<use ./GraphsofSineandCosineGraphics/sine10^23tzoom.png>
Package pdftex.def Info: ./GraphsofSineandCosineGraphics/sine10^23tzoom.png  us
ed on input line 1170.
(pdftex.def)             Requested size: 216.81pt x 108.52966pt.

Overfull \hbox (15.24007pt too wide) in paragraph at lines 1167--1175
 [] 
 []

[55 <./GraphsofSineandCosineGraphics/sinpiovert.png> <./GraphsofSineandCosineGr
aphics/sine10^23tfar.png> <./GraphsofSineandCosineGraphics/sine10^23tzoom.png>]
<./GraphsofSineandCosineGraphics/sintovert.png, id=949, 1280.785pt x 428.60126p
t>
File: ./GraphsofSineandCosineGraphics/sintovert.png Graphic file (type png)
<use ./GraphsofSineandCosineGraphics/sintovert.png>
Package pdftex.def Info: ./GraphsofSineandCosineGraphics/sintovert.png  used on
 input line 1188.
(pdftex.def)             Requested size: 433.62pt x 145.1012pt.

LaTeX Warning: Reference `sintovertexercise1' on page 56 undefined on input lin
e 1192.


LaTeX Warning: Reference `sintovertexercise3' on page 56 undefined on input lin
e 1192.

[56 <./GraphsofSineandCosineGraphics/sintovert.png>]
(./ExercisesforGraphsofSineandCosine.tex
File: GraphsofSineandCosine.21 Graphic file (type mps)
 [MP to PDF]
(./GraphsofSineandCosine.21)
File: GraphsofSineandCosine.22 Graphic file (type mps)
 [MP to PDF] (./GraphsofSineandCosine.22)
File: GraphsofSineandCosine.23 Graphic file (type mps)

[MP to PDF] (./GraphsofSineandCosine.23)
File: GraphsofSineandCosine.24 Graphic file (type mps)
 [MP to PDF]
(./GraphsofSineandCosine.24)
Overfull \hbox (19.85547pt too wide) in paragraph at lines 172--173
[][] 
 []

[57] [58]
File: GraphsofSineandCosine.25 Graphic file (type mps)
 [MP to PDF] (./GraphsofSineandCosine.25)

LaTeX Warning: Reference `pendulumproblem' on page 59 undefined on input line 2
81.


LaTeX Warning: Reference `RootRadicalFunctions' on page 59 undefined on input l
ine 281.

[59]

LaTeX Warning: Reference `transformationsthm' on page 60 undefined on input lin
e 351.

[60]
Underfull \hbox (badness 10000) in paragraph at lines 368--373

 []

File: GraphsofSineandCosine.26 Graphic file (type mps)
[MP to PDF] (./GraphsofSineandCosine.26)
Underfull \hbox (badness 10000) in paragraph at lines 391--396

 []

File: GraphsofSineandCosine.27 Graphic file (type mps)
[MP to PDF] (./GraphsofSineandCosine.27)
Underfull \hbox (badness 10000) in paragraph at lines 414--419

 []

File: GraphsofSineandCosine.28 Graphic file (type mps)
[MP to PDF] (./GraphsofSineandCosine.28)
Underfull \hbox (badness 10000) in paragraph at lines 437--442

 []

File: GraphsofSineandCosine.29 Graphic file (type mps)
[MP to PDF] (./GraphsofSineandCosine.29) [61]
Underfull \hbox (badness 10000) in paragraph at lines 461--466

 []

File: GraphsofSineandCosine.30 Graphic file (type mps)
[MP to PDF] (./GraphsofSineandCosine.30)
Underfull \hbox (badness 10000) in paragraph at lines 484--489

 []

File: GraphsofSineandCosine.31 Graphic file (type mps)
[MP to PDF] (./GraphsofSineandCosine.31)
Underfull \hbox (badness 10000) in paragraph at lines 507--512

 []

File: GraphsofSineandCosine.32 Graphic file (type mps)
[MP to PDF] (./GraphsofSineandCosine.32)
Underfull \hbox (badness 10000) in paragraph at lines 530--535

 []

File: GraphsofSineandCosine.33 Graphic file (type mps)
[MP to PDF] (./GraphsofSineandCosine.33) [62]
Underfull \hbox (badness 10000) in paragraph at lines 553--559

 []

File: GraphsofSineandCosine.34 Graphic file (type mps)
[MP to PDF] (./GraphsofSineandCosine.34)
Underfull \hbox (badness 10000) in paragraph at lines 577--583

 []

File: GraphsofSineandCosine.35 Graphic file (type mps)
[MP to PDF] (./GraphsofSineandCosine.35)
Underfull \hbox (badness 10000) in paragraph at lines 601--606

 []

File: GraphsofSineandCosine.36 Graphic file (type mps)
[MP to PDF] (./GraphsofSineandCosine.36)
Underfull \hbox (badness 10000) in paragraph at lines 624--630

 []

File: GraphsofSineandCosine.37 Graphic file (type mps)
[MP to PDF] (./GraphsofSineandCosine.37) [63]
Underfull \hbox (badness 10000) in paragraph at lines 682--683

 []


Underfull \hbox (badness 10000) in paragraph at lines 684--685

 []

File: GraphsofSineandCosine.38 Graphic file (type mps)
[MP to PDF] (./GraphsofSineandCosine.38)
Overfull \hbox (2.87132pt too wide) in paragraph at lines 700--701
[][] 
 []


Underfull \hbox (badness 10000) in paragraph at lines 706--707

 []


Underfull \hbox (badness 10000) in paragraph at lines 708--709

 []

File: GraphsofSineandCosine.39 Graphic file (type mps)
[MP to PDF] (./GraphsofSineandCosine.39)
Overfull \hbox (2.87132pt too wide) in paragraph at lines 724--725
[][] 
 []

<./GraphsofSineandCosineGraphics/LakeErieTempReg.jpg, id=1092, 869.2475pt x 610
.28pt>
File: ./GraphsofSineandCosineGraphics/LakeErieTempReg.jpg Graphic file (type jp
g)
<use ./GraphsofSineandCosineGraphics/LakeErieTempReg.jpg>
Package pdftex.def Info: ./GraphsofSineandCosineGraphics/LakeErieTempReg.jpg  u
sed on input line 773.
(pdftex.def)             Requested size: 154.40193pt x 108.405pt.
<./GraphsofSineandCosineGraphics/LakeErieRegDesmos.jpg, id=1093, 1177.39874pt x
 745.78625pt>
File: ./GraphsofSineandCosineGraphics/LakeErieRegDesmos.jpg Graphic file (type 
jpg)
<use ./GraphsofSineandCosineGraphics/LakeErieRegDesmos.jpg>
Package pdftex.def Info: ./GraphsofSineandCosineGraphics/LakeErieRegDesmos.jpg 
 used on input line 784.
(pdftex.def)             Requested size: 171.14064pt x 108.405pt.
[64 <./GraphsofSineandCosineGraphics/LakeErieTempReg.jpg>]
<./GraphsofSineandCosineGraphics/MoonIlluminationReg.jpg, id=1117, 1040.88875pt
 x 573.14125pt>
File: ./GraphsofSineandCosineGraphics/MoonIlluminationReg.jpg Graphic file (typ
e jpg)
<use ./GraphsofSineandCosineGraphics/MoonIlluminationReg.jpg>
Package pdftex.def Info: ./GraphsofSineandCosineGraphics/MoonIlluminationReg.jp
g  used on input line 801.
(pdftex.def)             Requested size: 196.8656pt x 108.405pt.
<./GraphsofSineandCosineGraphics/MoonIlluminatonDesmos.jpg, id=1119, 1040.88875
pt x 542.025pt>
File: ./GraphsofSineandCosineGraphics/MoonIlluminatonDesmos.jpg Graphic file (t
ype jpg)
<use ./GraphsofSineandCosineGraphics/MoonIlluminatonDesmos.jpg>
Package pdftex.def Info: ./GraphsofSineandCosineGraphics/MoonIlluminatonDesmos.
jpg  used on input line 813.
(pdftex.def)             Requested size: 208.17406pt x 108.405pt.
)) [65 <./GraphsofSineandCosineGraphics/LakeErieRegDesmos.jpg> <./GraphsofSinea
ndCosineGraphics/MoonIlluminationReg.jpg> <./GraphsofSineandCosineGraphics/Moon
IlluminatonDesmos.jpg>] (./TheOtherCircularFunctions.tex

Mfpic: Initializing TheOtherCircularFunctions.mp.
\openout3 = `TheOtherCircularFunctions.mp'.

Mfpic: Don't forget to process TheOtherCircularFunctions.mp!
Mfpic: Apply metapost to TheOtherCircularFunctions.mp.
Mfpic: Then reprocess this file "CompilerFoundationsofTrigonometry".

File: TheOtherCircularFunctions.1 Graphic file (type mps)
[MP to PDF] (./TheOtherCircularFunctions.1) [66]

LaTeX Warning: Reference `AverageRateofChange' on page 67 undefined on input li
ne 103.


LaTeX Warning: Reference `MoreTrigonometricIdentities' on page 67 undefined on 
input line 115.


Overfull \hbox (25.6992pt too wide) in paragraph at lines 115--116
[]\OT1/phv/m/n/10.95 As we men-tioned in Def-i-ni-tion [][]1.2[][], the `co' in
 `cose-cant' and `cotan-gent' tie back to the con-cept of `co'mplementary
 []


LaTeX Warning: Reference `FundamentalTrigonometricIdentities' on page 67 undefi
ned on input line 150.


LaTeX Warning: Reference `MoreTrigonometricIdentities' on page 67 undefined on 
input line 150.

[67] [68]
File: TheOtherCircularFunctions.2 Graphic file (type mps)
 [MP to PDF] (./TheOtherCircularFunctions.2)
File: TheOtherCircularFunctions.3 Graphic file (type mps)
 [MP to PDF]
(./TheOtherCircularFunctions.3) [69]
File: TheOtherCircularFunctions.4 Graphic file (type mps)
 [MP to PDF] (./TheOtherCircularFunctions.4)
File: TheOtherCircularFunctions.5 Graphic file (type mps)
 [MP to PDF] (./TheOtherCircularFunctions.5)
File: TheOtherCircularFunctions.6 Graphic file (type mps)
 [MP to PDF]
(./TheOtherCircularFunctions.6)
File: TheOtherCircularFunctions.7 Graphic file (type mps)
 [MP to PDF] (./TheOtherCircularFunctions.7)
Overfull \vbox (8.66107pt too high) has occurred while \output is active []


Overfull \vbox (8.48143pt too high) has occurred while \output is active []


[70]

LaTeX Warning: Reference `righttrianglesinecosinetangent' on page 71 undefined 
on input line 495.


LaTeX Warning: Reference `righttriangletherest' on page 71 undefined on input l
ine 495.


LaTeX Warning: Reference `AppRightTrig' on page 71 undefined on input line 495.


[71]
File: TheOtherCircularFunctions.8 Graphic file (type mps)
 [MP to PDF] (./TheOtherCircularFunctions.8)
File: TheOtherCircularFunctions.9 Graphic file (type mps)
 [MP to PDF]
(./TheOtherCircularFunctions.9) [72]
File: TheOtherCircularFunctions.10 Graphic file (type mps)
 [MP to PDF]
(./TheOtherCircularFunctions.10)
File: TheOtherCircularFunctions.11 Graphic file (type mps)
 [MP to PDF] (./TheOtherCircularFunctions.11)
[73] (./ExercisesforTheOtherCircularFunctions.tex [74] [75]

LaTeX Warning: Reference `arc' on page 76 undefined on input line 399.


LaTeX Warning: Reference `AverageRateofChange' on page 76 undefined on input li
ne 399.

File: TheOtherCircularFunctions.12 Graphic file (type mps)
[MP to PDF] (./TheOtherCircularFunctions.12)

LaTeX Warning: Reference `sintovertexercise1' on page 76 undefined on input lin
e 461.


LaTeX Warning: Reference `sintovertexercise2' on page 76 undefined on input lin
e 461.


LaTeX Warning: Reference `squeezeth' on page 76 undefined on input line 461.

[76] [77] [78])) [79] (./GraphsofOtherCircularFunctions.tex

Mfpic: Initializing GraphsofOtherCircularFunctions.mp.
\openout3 = `GraphsofOtherCircularFunctions.mp'.

Mfpic: Don't forget to process GraphsofOtherCircularFunctions.mp!
Mfpic: Apply metapost to GraphsofOtherCircularFunctions.mp.
Mfpic: Then reprocess this file "CompilerFoundationsofTrigonometry".


Overfull \hbox (8.95628pt too wide) in paragraph at lines 25--26
[]\OT1/phv/m/n/10.95 Running through a few val-ues of $\OT1/phv/m/sl/10.95 k$\O
T1/phv/m/n/10.95 , we find some of the val-ues ex-cluded from the do-main: $\OT
1/phv/m/sl/10.95 t \OMS/cmsy/m/n/10.95 6\OT1/phv/m/n/10.95 = \OMS/cmsy/m/n/10.9
5 ^^F[]\OT1/phv/m/n/10.95 ,  \OMS/cmsy/m/n/10.95 ^^F[]\OT1/phv/m/n/10.95 ,  \OM
S/cmsy/m/n/10.95 ^^F[]$\OT1/phv/m/n/10.95 .
 []

File: GraphsofOtherCircularFunctions.1 Graphic file (type mps)
[MP to PDF] (./GraphsofOtherCircularFunctions.1)

LaTeX Warning: Reference `IntroRational' on page 80 undefined on input line 84.


[80]
File: GraphsofOtherCircularFunctions.2 Graphic file (type mps)
 [MP to PDF] (./GraphsofOtherCircularFunctions.2)
File: GraphsofOtherCircularFunctions.3 Graphic file (type mps)
 [MP to PDF]
(./GraphsofOtherCircularFunctions.3)
File: GraphsofOtherCircularFunctions.4 Graphic file (type mps)
 [MP to PDF]
(./GraphsofOtherCircularFunctions.4) [81]
File: GraphsofOtherCircularFunctions.5 Graphic file (type mps)
 [MP to PDF]
(./GraphsofOtherCircularFunctions.5)

LaTeX Warning: Reference `RationalFunctions' on page 82 undefined on input line
 268.

[82] [83]
File: GraphsofOtherCircularFunctions.6 Graphic file (type mps)
 [MP to PDF] (./GraphsofOtherCircularFunctions.6)
Overfull \hbox (13.762pt too wide) in paragraph at lines 365--402
[]  [] 
 []

File: GraphsofOtherCircularFunctions.7 Graphic file (type mps)
[MP to PDF] (./GraphsofOtherCircularFunctions.7)
Overfull \hbox (13.762pt too wide) in paragraph at lines 420--454
[]  [] 
 []

[84]
File: GraphsofOtherCircularFunctions.8 Graphic file (type mps)
 [MP to PDF] (./GraphsofOtherCircularFunctions.8) [85]
File: GraphsofOtherCircularFunctions.9 Graphic file (type mps)
 [MP to PDF]
(./GraphsofOtherCircularFunctions.9)
File: GraphsofOtherCircularFunctions.10 Graphic file (type mps)
 [MP to PDF]
(./GraphsofOtherCircularFunctions.10) [86]
File: GraphsofOtherCircularFunctions.11 Graphic file (type mps)
 [MP to PDF]
(./GraphsofOtherCircularFunctions.11)
Overfull \hbox (4.45444pt too wide) in paragraph at lines 653--693
[]  [] 
 []

File: GraphsofOtherCircularFunctions.12 Graphic file (type mps)
[MP to PDF] (./GraphsofOtherCircularFunctions.12)
File: GraphsofOtherCircularFunctions.13 Graphic file (type mps)
 [MP to PDF]
(./GraphsofOtherCircularFunctions.13)
Overfull \hbox (4.45444pt too wide) in paragraph at lines 757--796
[]  [] 
 []

[87]
File: GraphsofOtherCircularFunctions.14 Graphic file (type mps)
 [MP to PDF] (./GraphsofOtherCircularFunctions.14)
Underfull \vbox (badness 1297) has occurred while \output is active []

 [88]

LaTeX Warning: Reference `transformationsthm' on page 89 undefined on input lin
e 894.

[89]
File: GraphsofOtherCircularFunctions.15 Graphic file (type mps)
 [MP to PDF] (./GraphsofOtherCircularFunctions.15)
Overfull \hbox (13.762pt too wide) in paragraph at lines 975--1023
[]  [] 
 []

File: GraphsofOtherCircularFunctions.16 Graphic file (type mps)
[MP to PDF] (./GraphsofOtherCircularFunctions.16)
Overfull \hbox (13.762pt too wide) in paragraph at lines 1038--1081
[]  [] 
 []


Underfull \vbox (badness 10000) has occurred while \output is active []

 [90]
File: GraphsofOtherCircularFunctions.17 Graphic file (type mps)

[MP to PDF] (./GraphsofOtherCircularFunctions.17) [91]
File: GraphsofOtherCircularFunctions.18 Graphic file (type mps)
 [MP to PDF]
(./GraphsofOtherCircularFunctions.18)

LaTeX Warning: Reference `righttriangletherest' on page 92 undefined on input l
ine 1192.


LaTeX Warning: Reference `AppRightTrig' on page 92 undefined on input line 1192
.

[92]

LaTeX Warning: Reference `SequencesandtheBinomialTheorem' on page 93 undefined 
on input line 1222.


LaTeX Warning: Reference `Summation' on page 93 undefined on input line 1231.


LaTeX Warning: Reference `geoseries' on page 93 undefined on input line 1231.

[93] [94] (./ExercisesforGraphsofOtherCircularFunctions.tex
File: GraphsofOtherCircularFunctions.19 Graphic file (type mps)
 [MP to PDF]
(./GraphsofOtherCircularFunctions.19)
File: GraphsofOtherCircularFunctions.20 Graphic file (type mps)
 [MP to PDF]
(./GraphsofOtherCircularFunctions.20)
File: GraphsofOtherCircularFunctions.21 Graphic file (type mps)
 [MP to PDF]
(./GraphsofOtherCircularFunctions.21)
File: GraphsofOtherCircularFunctions.22 Graphic file (type mps)
 [MP to PDF]
(./GraphsofOtherCircularFunctions.22)
Overfull \vbox (4.45328pt too high) has occurred while \output is active []


Overfull \vbox (3.27019pt too high) has occurred while \output is active []


[95]

LaTeX Warning: Reference `transformationsthm' on page 96 undefined on input lin
e 218.

[96]
Underfull \hbox (badness 10000) in paragraph at lines 249--251

 []

File: GraphsofOtherCircularFunctions.23 Graphic file (type mps)
[MP to PDF] (./GraphsofOtherCircularFunctions.23)
File: GraphsofOtherCircularFunctions.24 Graphic file (type mps)
 [MP to PDF]
(./GraphsofOtherCircularFunctions.24)
Underfull \hbox (badness 10000) in paragraph at lines 293--298

 []

File: GraphsofOtherCircularFunctions.25 Graphic file (type mps)
[MP to PDF] (./GraphsofOtherCircularFunctions.25)
Overfull \vbox (12.5577pt too high) has occurred while \output is active []


Overfull \vbox (18.0577pt too high) has occurred while \output is active []


Overfull \vbox (12.5577pt too high) has occurred while \output is active []


[97]
Underfull \hbox (badness 10000) in paragraph at lines 320--323

 []

File: GraphsofOtherCircularFunctions.26 Graphic file (type mps)
[MP to PDF] (./GraphsofOtherCircularFunctions.26)
File: GraphsofOtherCircularFunctions.27 Graphic file (type mps)
 [MP to PDF]
(./GraphsofOtherCircularFunctions.27)
File: GraphsofOtherCircularFunctions.28 Graphic file (type mps)
 [MP to PDF]
(./GraphsofOtherCircularFunctions.28) [98]
Underfull \hbox (badness 10000) in paragraph at lines 398--401

 []

File: GraphsofOtherCircularFunctions.29 Graphic file (type mps)
[MP to PDF] (./GraphsofOtherCircularFunctions.29)
Underfull \hbox (badness 10000) in paragraph at lines 424--427

 []

File: GraphsofOtherCircularFunctions.30 Graphic file (type mps)
[MP to PDF] (./GraphsofOtherCircularFunctions.30)
Underfull \hbox (badness 10000) in paragraph at lines 450--453

 []

File: GraphsofOtherCircularFunctions.31 Graphic file (type mps)
[MP to PDF] (./GraphsofOtherCircularFunctions.31) [99]
Underfull \hbox (badness 10000) in paragraph at lines 476--478

 []

File: GraphsofOtherCircularFunctions.32 Graphic file (type mps)
[MP to PDF] (./GraphsofOtherCircularFunctions.32)
Underfull \hbox (badness 10000) in paragraph at lines 498--500

 []

File: GraphsofOtherCircularFunctions.33 Graphic file (type mps)
[MP to PDF] (./GraphsofOtherCircularFunctions.33)
File: GraphsofOtherCircularFunctions.34 Graphic file (type mps)
 [MP to PDF]
(./GraphsofOtherCircularFunctions.34) [100])) [101])
(./CompilerFoundationsofTrigonometry.aux (./FoundationsofTrigonometry.aux))
 ***********
LaTeX2e <2023-11-01> patch level 1
L3 programming layer <2024-02-20>
 ***********


LaTeX Warning: There were undefined references.


LaTeX Warning: Label(s) may have changed. Rerun to get cross-references right.


Package rerunfilecheck Warning: File `CompilerFoundationsofTrigonometry.out' ha
s changed.
(rerunfilecheck)                Rerun to get outlines right
(rerunfilecheck)                or use package `bookmark'.

Package rerunfilecheck Info: Checksums for `CompilerFoundationsofTrigonometry.o
ut':
(rerunfilecheck)             Before: A6113E3F1001B921E11D576A662B109D;4116
(rerunfilecheck)             After:  F46FA2FA30EFC0B8944A4977EB4786A2;4350.
 ) 
Here is how much of TeX's memory you used:
 17237 strings out of 474116
 270977 string characters out of 5743682
 1977187 words of memory out of 5000000
 38017 multiletter control sequences out of 15000+600000
 613279 words of font info for 135 fonts, out of 8000000 for 9000
 1141 hyphenation exceptions out of 8191
 75i,18n,79p,2699b,2327s stack positions out of 10000i,1000n,20000p,200000b,200000s
</usr/local/texlive/2024/texmf-dist/fonts/type1/public/amsfonts/cm/cmbsy10.pf
b></usr/local/texlive/2024/texmf-dist/fonts/type1/public/amsfonts/cm/cmex10.pfb
></usr/local/texlive/2024/texmf-dist/fonts/type1/public/amsfonts/cmextra/cmex7.
pfb></usr/local/texlive/2024/texmf-dist/fonts/type1/public/amsfonts/cmextra/cme
x8.pfb></usr/local/texlive/2024/texmf-dist/fonts/type1/public/amsfonts/cmextra/
cmex9.pfb></usr/local/texlive/2024/texmf-dist/fonts/type1/public/amsfonts/cm/cm
mi10.pfb></usr/local/texlive/2024/texmf-dist/fonts/type1/public/amsfonts/cm/cmm
i6.pfb></usr/local/texlive/2024/texmf-dist/fonts/type1/public/amsfonts/cm/cmmi7
.pfb></usr/local/texlive/2024/texmf-dist/fonts/type1/public/amsfonts/cm/cmmi8.p
fb></usr/local/texlive/2024/texmf-dist/fonts/type1/public/amsfonts/cm/cmmi9.pfb
></usr/local/texlive/2024/texmf-dist/fonts/type1/public/amsfonts/cm/cmmib10.pfb
></usr/local/texlive/2024/texmf-dist/fonts/type1/public/amsfonts/cmextra/cmmib8
.pfb></usr/local/texlive/2024/texmf-dist/fonts/type1/public/amsfonts/cm/cmr10.p
fb></usr/local/texlive/2024/texmf-dist/fonts/type1/public/amsfonts/cm/cmss10.pf
b></usr/local/texlive/2024/texmf-dist/fonts/type1/public/amsfonts/cm/cmss9.pfb>
</usr/local/texlive/2024/texmf-dist/fonts/type1/public/amsfonts/cm/cmsy10.pfb><
/usr/local/texlive/2024/texmf-dist/fonts/type1/public/amsfonts/cm/cmsy6.pfb></u
sr/local/texlive/2024/texmf-dist/fonts/type1/public/amsfonts/cm/cmsy7.pfb></usr
/local/texlive/2024/texmf-dist/fonts/type1/public/amsfonts/cm/cmsy8.pfb></usr/l
ocal/texlive/2024/texmf-dist/fonts/type1/public/amsfonts/cm/cmsy9.pfb></usr/loc
al/texlive/2024/texmf-dist/fonts/type1/urw/helvetic/uhvb8a.pfb></usr/local/texl
ive/2024/texmf-dist/fonts/type1/urw/helvetic/uhvr8a.pfb></usr/local/texlive/202
4/texmf-dist/fonts/type1/urw/helvetic/uhvro8a.pfb>
Output written on CompilerFoundationsofTrigonometry.pdf (101 pages, 4427141 byt
es).
PDF statistics:
 1992 PDF objects out of 2073 (max. 8388607)
 1808 compressed objects within 19 object streams
 914 named destinations out of 1000 (max. 500000)
 237 words of extra memory for PDF output out of 10000 (max. 10000000)

