\BOOKMARK [0][-]{chapter.1}{\376\377\000F\000o\000u\000n\000d\000a\000t\000i\000o\000n\000s\000\040\000o\000f\000\040\000T\000r\000i\000g\000o\000n\000o\000m\000e\000t\000r\000y}{}% 1
\BOOKMARK [1][-]{section.1.1}{\376\377\000T\000h\000e\000\040\000R\000a\000d\000i\000a\000n\000\040\000M\000e\000a\000s\000u\000r\000e\000\040\000o\000f\000\040\000A\000n\000g\000l\000e\000s}{chapter.1}% 2
\BOOKMARK [2][-]{subsection.1.1.1}{\376\377\000A\000p\000p\000l\000i\000c\000a\000t\000i\000o\000n\000s\000\040\000o\000f\000\040\000R\000a\000d\000i\000a\000n\000\040\000M\000e\000a\000s\000u\000r\000e\000:\000\040\000C\000i\000r\000c\000u\000l\000a\000r\000\040\000M\000o\000t\000i\000o\000n}{section.1.1}% 3
\BOOKMARK [2][-]{subsection.1.1.2}{\376\377\000E\000x\000e\000r\000c\000i\000s\000e\000s}{section.1.1}% 4
\BOOKMARK [2][-]{subsection.1.1.3}{\376\377\000A\000n\000s\000w\000e\000r\000s}{section.1.1}% 5
\BOOKMARK [1][-]{section.1.2}{\376\377\000T\000h\000e\000\040\000C\000i\000r\000c\000u\000l\000a\000r\000\040\000F\000u\000n\000c\000t\000i\000o\000n\000s\000:\000\040\000S\000i\000n\000e\000\040\000a\000n\000d\000\040\000C\000o\000s\000i\000n\000e}{chapter.1}% 6
\BOOKMARK [2][-]{subsection.1.2.1}{\376\377\000B\000e\000y\000o\000n\000d\000\040\000t\000h\000e\000\040\000U\000n\000i\000t\000\040\000C\000i\000r\000c\000l\000e}{section.1.2}% 7
\BOOKMARK [2][-]{subsection.1.2.2}{\376\377\000E\000x\000e\000r\000c\000i\000s\000e\000s}{section.1.2}% 8
\BOOKMARK [2][-]{subsection.1.2.3}{\376\377\000A\000n\000s\000w\000e\000r\000s}{section.1.2}% 9
\BOOKMARK [1][-]{section.1.3}{\376\377\000G\000r\000a\000p\000h\000s\000\040\000o\000f\000\040\000S\000i\000n\000e\000\040\000a\000n\000d\000\040\000C\000o\000s\000i\000n\000e}{chapter.1}% 10
\BOOKMARK [2][-]{subsection.1.3.1}{\376\377\000A\000p\000p\000l\000i\000c\000a\000t\000i\000o\000n\000s\000\040\000o\000f\000\040\000S\000i\000n\000u\000s\000o\000i\000d\000s}{section.1.3}% 11
\BOOKMARK [2][-]{subsection.1.3.2}{\376\377\000L\000i\000m\000i\000t\000s\000\040\000i\000n\000v\000o\000l\000v\000i\000n\000g\000\040\000S\000i\000n\000e\000\040\000a\000n\000d\000\040\000C\000o\000s\000i\000n\000e}{section.1.3}% 12
\BOOKMARK [2][-]{subsection.1.3.3}{\376\377\000E\000x\000e\000r\000c\000i\000s\000e\000s}{section.1.3}% 13
\BOOKMARK [2][-]{subsection.1.3.4}{\376\377\000A\000n\000s\000w\000e\000r\000s}{section.1.3}% 14
\BOOKMARK [1][-]{section.1.4}{\376\377\000T\000h\000e\000\040\000C\000i\000r\000c\000u\000l\000a\000r\000\040\000F\000u\000n\000c\000t\000i\000o\000n\000s\000:\000\040\000T\000a\000n\000g\000e\000n\000t\000,\000\040\000S\000e\000c\000a\000n\000t\000,\000\040\000C\000o\000s\000e\000c\000a\000n\000t\000,\000\040\000a\000n\000d\000\040\000C\000o\000t\000a\000n\000g\000e\000n\000t}{chapter.1}% 15
\BOOKMARK [2][-]{subsection.1.4.1}{\376\377\000E\000x\000e\000r\000c\000i\000s\000e\000s}{section.1.4}% 16
\BOOKMARK [2][-]{subsection.1.4.2}{\376\377\000A\000n\000s\000w\000e\000r\000s}{section.1.4}% 17
\BOOKMARK [1][-]{section.1.5}{\376\377\000G\000r\000a\000p\000h\000s\000\040\000o\000f\000\040\000S\000e\000c\000a\000n\000t\000,\000\040\000C\000o\000s\000e\000c\000a\000n\000t\000,\000\040\000T\000a\000n\000g\000e\000n\000t\000,\000\040\000a\000n\000d\000\040\000C\000o\000t\000a\000n\000g\000e\000n\000t\000\040\000F\000u\000n\000c\000t\000i\000o\000n\000s}{chapter.1}% 18
\BOOKMARK [2][-]{subsection.1.5.1}{\376\377\000G\000r\000a\000p\000h\000s\000\040\000o\000f\000\040\000t\000h\000e\000\040\000S\000e\000c\000a\000n\000t\000\040\000a\000n\000d\000\040\000C\000o\000s\000e\000c\000a\000n\000t\000\040\000F\000u\000n\000c\000t\000i\000o\000n\000s}{section.1.5}% 19
\BOOKMARK [2][-]{subsection.1.5.2}{\376\377\000G\000r\000a\000p\000h\000s\000\040\000o\000f\000\040\000t\000h\000e\000\040\000T\000a\000n\000g\000e\000n\000t\000\040\000a\000n\000d\000\040\000C\000o\000t\000a\000n\000g\000e\000n\000t\000\040\000F\000u\000n\000c\000t\000i\000o\000n\000s}{section.1.5}% 20
\BOOKMARK [2][-]{subsection.1.5.3}{\376\377\000E\000x\000t\000e\000n\000d\000e\000d\000\040\000I\000n\000t\000e\000r\000v\000a\000l\000\040\000N\000o\000t\000a\000t\000i\000o\000n}{section.1.5}% 21
\BOOKMARK [2][-]{subsection.1.5.4}{\376\377\000E\000x\000e\000r\000c\000i\000s\000e\000s}{section.1.5}% 22
\BOOKMARK [2][-]{subsection.1.5.5}{\376\377\000A\000n\000s\000w\000e\000r\000s}{section.1.5}% 23
