This is pdfTeX, Version 3.141592653-2.6-1.40.26 (TeX Live 2024) (preloaded format=pdflatex 2025.1.31)  26 JUN 2025 12:14
entering extended mode
 restricted \write18 enabled.
 file:line:error style messages enabled.
 %&-line parsing enabled.
**CompilerRootRadicalPowerFunctions.tex
(./CompilerRootRadicalPowerFunctions.tex
LaTeX2e <2023-11-01> patch level 1
L3 programming layer <2024-02-20>
(/usr/local/texlive/2024/texmf-dist/tex/latex/base/book.cls
Document Class: book 2023/05/17 v1.4n Standard LaTeX document class
(/usr/local/texlive/2024/texmf-dist/tex/latex/base/bk11.clo
File: bk11.clo 2023/05/17 v1.4n Standard LaTeX file (size option)
)
\c@part=\count188
\c@chapter=\count189
\c@section=\count190
\c@subsection=\count191
\c@subsubsection=\count192
\c@paragraph=\count193
\c@subparagraph=\count194
\c@figure=\count195
\c@table=\count196
\abovecaptionskip=\skip48
\belowcaptionskip=\skip49
\bibindent=\dimen140
)
(/usr/local/texlive/2024/texmf-dist/tex/latex/amsfonts/amssymb.sty
Package: amssymb 2013/01/14 v3.01 AMS font symbols

(/usr/local/texlive/2024/texmf-dist/tex/latex/amsfonts/amsfonts.sty
Package: amsfonts 2013/01/14 v3.01 Basic AMSFonts support
\@emptytoks=\toks17
\symAMSa=\mathgroup4
\symAMSb=\mathgroup5
LaTeX Font Info:    Redeclaring math symbol \hbar on input line 98.
LaTeX Font Info:    Overwriting math alphabet `\mathfrak' in version `bold'
(Font)                  U/euf/m/n --> U/euf/b/n on input line 106.
))
(/usr/local/texlive/2024/texmf-dist/tex/latex/amsmath/amsmath.sty
Package: amsmath 2023/05/13 v2.17o AMS math features
\@mathmargin=\skip50

For additional information on amsmath, use the `?' option.
(/usr/local/texlive/2024/texmf-dist/tex/latex/amsmath/amstext.sty
Package: amstext 2021/08/26 v2.01 AMS text

(/usr/local/texlive/2024/texmf-dist/tex/latex/amsmath/amsgen.sty
File: amsgen.sty 1999/11/30 v2.0 generic functions
\@emptytoks=\toks18
\ex@=\dimen141
))
(/usr/local/texlive/2024/texmf-dist/tex/latex/amsmath/amsbsy.sty
Package: amsbsy 1999/11/29 v1.2d Bold Symbols
\pmbraise@=\dimen142
)
(/usr/local/texlive/2024/texmf-dist/tex/latex/amsmath/amsopn.sty
Package: amsopn 2022/04/08 v2.04 operator names
)
\inf@bad=\count197
LaTeX Info: Redefining \frac on input line 234.
\uproot@=\count198
\leftroot@=\count199
LaTeX Info: Redefining \overline on input line 399.
LaTeX Info: Redefining \colon on input line 410.
\classnum@=\count266
\DOTSCASE@=\count267
LaTeX Info: Redefining \ldots on input line 496.
LaTeX Info: Redefining \dots on input line 499.
LaTeX Info: Redefining \cdots on input line 620.
\Mathstrutbox@=\box51
\strutbox@=\box52
LaTeX Info: Redefining \big on input line 722.
LaTeX Info: Redefining \Big on input line 723.
LaTeX Info: Redefining \bigg on input line 724.
LaTeX Info: Redefining \Bigg on input line 725.
\big@size=\dimen143
LaTeX Font Info:    Redeclaring font encoding OML on input line 743.
LaTeX Font Info:    Redeclaring font encoding OMS on input line 744.
\macc@depth=\count268
LaTeX Info: Redefining \bmod on input line 905.
LaTeX Info: Redefining \pmod on input line 910.
LaTeX Info: Redefining \smash on input line 940.
LaTeX Info: Redefining \relbar on input line 970.
LaTeX Info: Redefining \Relbar on input line 971.
\c@MaxMatrixCols=\count269
\dotsspace@=\muskip16
\c@parentequation=\count270
\dspbrk@lvl=\count271
\tag@help=\toks19
\row@=\count272
\column@=\count273
\maxfields@=\count274
\andhelp@=\toks20
\eqnshift@=\dimen144
\alignsep@=\dimen145
\tagshift@=\dimen146
\tagwidth@=\dimen147
\totwidth@=\dimen148
\lineht@=\dimen149
\@envbody=\toks21
\multlinegap=\skip51
\multlinetaggap=\skip52
\mathdisplay@stack=\toks22
LaTeX Info: Redefining \[ on input line 2953.
LaTeX Info: Redefining \] on input line 2954.
)
(/usr/local/texlive/2024/texmf-dist/tex/latex/amscls/amsthm.sty
Package: amsthm 2020/05/29 v2.20.6
\thm@style=\toks23
\thm@bodyfont=\toks24
\thm@headfont=\toks25
\thm@notefont=\toks26
\thm@headpunct=\toks27
\thm@preskip=\skip53
\thm@postskip=\skip54
\thm@headsep=\skip55
\dth@everypar=\toks28
)
(/usr/local/texlive/2024/texmf-dist/tex/latex/fancyhdr/fancyhdr.sty
Package: fancyhdr 2022/11/09 v4.1 Extensive control of page headers and footers

\f@nch@headwidth=\skip56
\f@nch@O@elh=\skip57
\f@nch@O@erh=\skip58
\f@nch@O@olh=\skip59
\f@nch@O@orh=\skip60
\f@nch@O@elf=\skip61
\f@nch@O@erf=\skip62
\f@nch@O@olf=\skip63
\f@nch@O@orf=\skip64
)
(/usr/local/texlive/2024/texmf-dist/tex/latex/supertabular/supertabular.sty
Package: supertabular 2020/02/02 v4.1g the supertabular environment
\c@tracingst=\count275
\ST@wd=\dimen150
\ST@rightskip=\skip65
\ST@leftskip=\skip66
\ST@parfillskip=\skip67
\ST@pageleft=\dimen151
\ST@headht=\dimen152
\ST@tailht=\dimen153
\ST@pagesofar=\dimen154
\ST@pboxht=\dimen155
\ST@lineht=\dimen156
\ST@prevht=\dimen157
\ST@toadd=\dimen158
\ST@dimen=\dimen159
\ST@pbox=\box53
)
(/usr/local/texlive/2024/texmf-dist/tex/latex/tools/longtable.sty
Package: longtable 2023-11-01 v4.19 Multi-page Table package (DPC)
\LTleft=\skip68
\LTright=\skip69
\LTpre=\skip70
\LTpost=\skip71
\LTchunksize=\count276
\LTcapwidth=\dimen160
\LT@head=\box54
\LT@firsthead=\box55
\LT@foot=\box56
\LT@lastfoot=\box57
\LT@gbox=\box58
\LT@cols=\count277
\LT@rows=\count278
\c@LT@tables=\count279
\c@LT@chunks=\count280
\LT@p@ftn=\toks29
)
(/usr/local/texlive/2024/texmf-dist/tex/latex/tools/hhline.sty
Package: hhline 2020/01/04 v2.04 Table rule package (DPC)
)
(/usr/local/texlive/2024/texmf-dist/tex/latex/mathtools/mathtools.sty
Package: mathtools 2024/03/11 v1.30 mathematical typesetting tools

(/usr/local/texlive/2024/texmf-dist/tex/latex/graphics/keyval.sty
Package: keyval 2022/05/29 v1.15 key=value parser (DPC)
\KV@toks@=\toks30
)
(/usr/local/texlive/2024/texmf-dist/tex/latex/tools/calc.sty
Package: calc 2023/07/08 v4.3 Infix arithmetic (KKT,FJ)
\calc@Acount=\count281
\calc@Bcount=\count282
\calc@Adimen=\dimen161
\calc@Bdimen=\dimen162
\calc@Askip=\skip72
\calc@Bskip=\skip73
LaTeX Info: Redefining \setlength on input line 80.
LaTeX Info: Redefining \addtolength on input line 81.
\calc@Ccount=\count283
\calc@Cskip=\skip74
)
(/usr/local/texlive/2024/texmf-dist/tex/latex/mathtools/mhsetup.sty
Package: mhsetup 2021/03/18 v1.4 programming setup (MH)
)
\g_MT_multlinerow_int=\count284
\l_MT_multwidth_dim=\dimen163
\origjot=\skip75
\l_MT_shortvdotswithinadjustabove_dim=\dimen164
\l_MT_shortvdotswithinadjustbelow_dim=\dimen165
\l_MT_above_intertext_sep=\dimen166
\l_MT_below_intertext_sep=\dimen167
\l_MT_above_shortintertext_sep=\dimen168
\l_MT_below_shortintertext_sep=\dimen169
\xmathstrut@box=\box59
\xmathstrut@dim=\dimen170
)
(/usr/local/texlive/2024/texmf-dist/tex/latex/colortbl/colortbl.sty
Package: colortbl 2024/02/20 v1.0g Color table columns (DPC)

(/usr/local/texlive/2024/texmf-dist/tex/latex/tools/array.sty
Package: array 2023/10/16 v2.5g Tabular extension package (FMi)
\col@sep=\dimen171
\ar@mcellbox=\box60
\extrarowheight=\dimen172
\NC@list=\toks31
\extratabsurround=\skip76
\backup@length=\skip77
\ar@cellbox=\box61
)
(/usr/local/texlive/2024/texmf-dist/tex/latex/graphics/color.sty
Package: color 2022/01/06 v1.3d Standard LaTeX Color (DPC)

(/usr/local/texlive/2024/texmf-dist/tex/latex/graphics-cfg/color.cfg
File: color.cfg 2016/01/02 v1.6 sample color configuration
)
Package color Info: Driver file: pdftex.def on input line 149.

(/usr/local/texlive/2024/texmf-dist/tex/latex/graphics-def/pdftex.def
File: pdftex.def 2022/09/22 v1.2b Graphics/color driver for pdftex
)
(/usr/local/texlive/2024/texmf-dist/tex/latex/graphics/mathcolor.ltx))
\everycr=\toks32
\minrowclearance=\skip78
\rownum=\count285
)
(/usr/local/texlive/2024/texmf-dist/tex/latex/import/import.sty
Package: import 2020/04/01  v 6.2
)
(/usr/local/texlive/2024/texmf-dist/tex/latex/tools/multicol.sty
Package: multicol 2023/03/30 v1.9f multicolumn formatting (FMi)
\c@tracingmulticols=\count286
\mult@box=\box62
\multicol@leftmargin=\dimen173
\c@unbalance=\count287
\c@collectmore=\count288
\doublecol@number=\count289
\multicoltolerance=\count290
\multicolpretolerance=\count291
\full@width=\dimen174
\page@free=\dimen175
\premulticols=\dimen176
\postmulticols=\dimen177
\multicolsep=\skip79
\multicolbaselineskip=\skip80
\partial@page=\box63
\last@line=\box64
\mc@boxedresult=\box65
\maxbalancingoverflow=\dimen178
\mult@rightbox=\box66
\mult@grightbox=\box67
\mult@firstbox=\box68
\mult@gfirstbox=\box69
\@tempa=\box70
\@tempa=\box71
\@tempa=\box72
\@tempa=\box73
\@tempa=\box74
\@tempa=\box75
\@tempa=\box76
\@tempa=\box77
\@tempa=\box78
\@tempa=\box79
\@tempa=\box80
\@tempa=\box81
\@tempa=\box82
\@tempa=\box83
\@tempa=\box84
\@tempa=\box85
\@tempa=\box86
\@tempa=\box87
\@tempa=\box88
\@tempa=\box89
\@tempa=\box90
\@tempa=\box91
\@tempa=\box92
\@tempa=\box93
\@tempa=\box94
\@tempa=\box95
\@tempa=\box96
\@tempa=\box97
\@tempa=\box98
\@tempa=\box99
\@tempa=\box100
\@tempa=\box101
\@tempa=\box102
\@tempa=\box103
\@tempa=\box104
\@tempa=\box105
\c@minrows=\count292
\c@columnbadness=\count293
\c@finalcolumnbadness=\count294
\last@try=\dimen179
\multicolovershoot=\dimen180
\multicolundershoot=\dimen181
\mult@nat@firstbox=\box106
\colbreak@box=\box107
\mc@col@check@num=\count295
)
(/usr/local/texlive/2024/texmf-dist/tex/latex/boxedminipage/boxedminipage.sty
Package: boxedminipage 2020/04/19 v1.1 Boxed LaTeX2e minipages
\bmp@box=\box108
\bmp@width=\skip81
\bmp@height=\skip82
)
(/usr/local/texlive/2024/texmf-dist/tex/latex/chapterfolder/chapterfolder.sty
Package: chapterfolder 2005/11/24 v2.0 Package for dealing with folder

(/usr/local/texlive/2024/texmf-dist/tex/latex/base/ifthen.sty
Package: ifthen 2022/04/13 v1.1d Standard LaTeX ifthen package (DPC)
)
\c@@cf@currentpos=\count296
)
(/usr/local/texlive/2024/texmf-dist/tex/generic/mfpic/mfpic.sty
Package: mfpic 2012/12/03 v1.10. Macros for drawing with Metafont/MetaPost.

(/usr/local/texlive/2024/texmf-dist/tex/generic/mfpic/mfpic.tex
(/usr/local/texlive/2024/texmf-dist/tex/latex/graphics/graphics.sty
Package: graphics 2022/03/10 v1.4e Standard LaTeX Graphics (DPC,SPQR)

(/usr/local/texlive/2024/texmf-dist/tex/latex/graphics/trig.sty
Package: trig 2021/08/11 v1.11 sin cos tan (DPC)
)
(/usr/local/texlive/2024/texmf-dist/tex/latex/graphics-cfg/graphics.cfg
File: graphics.cfg 2016/06/04 v1.11 sample graphics configuration
)
Package graphics Info: Driver file: pdftex.def on input line 107.
)
\mfp@out=\write3
\mfp@graph=\read2
\mfp@count=\count297
\mfp@linetype=\count298
\mfp@sequence=\count299
\mfp@toks=\toks33
\mfp@verbtex=\toks34
\mfp@fdc=\count300
\@wholegraph=\box109
\@textbox=\box110
\@alltlabels=\box111
\@backtext=\box112
\@tlabelstop=\fontdimen 23\mfp@dummy 
\@tlabelsbot=\fontdimen 24\mfp@dummy 
\@tlabelsleft=\fontdimen 25\mfp@dummy 
\@graphright=\fontdimen 26\mfp@dummy 
\@graphleft=\fontdimen 27\mfp@dummy 
\@graphtop=\fontdimen 28\mfp@dummy 
\@graphbot=\fontdimen 29\mfp@dummy 
\tb@raise=\fontdimen 30\mfp@dummy 
\tb@moveright=\fontdimen 31\mfp@dummy 
\tb@totalht=\fontdimen 32\mfp@dummy 
\tlabel@hadj=\fontdimen 33\mfp@dummy 
\tlabel@vadj=\fontdimen 34\mfp@dummy 
\tlabel@sep=\fontdimen 35\mfp@dummy 
\tlpath@sep=\fontdimen 36\mfp@dummy 
\mfpicunit=\fontdimen 37\mfp@dummy 
\@mfpicunit=\fontdimen 38\mfp@dummy 
\pointsize=\fontdimen 39\mfp@dummy 
\shadespace=\fontdimen 40\mfp@dummy 
\polkadotspace=\fontdimen 41\mfp@dummy 
\hatchspace=\fontdimen 42\mfp@dummy 
\headlen=\fontdimen 43\mfp@dummy 
\axisheadlen=\fontdimen 44\mfp@dummy 
\sideheadlen=\fontdimen 45\mfp@dummy 
\hashlen=\fontdimen 46\mfp@dummy 
\dashlen=\fontdimen 47\mfp@dummy 
\dashspace=\fontdimen 48\mfp@dummy 
\dotsize=\fontdimen 49\mfp@dummy 
\griddotsize=\fontdimen 50\mfp@dummy 
\dotspace=\fontdimen 51\mfp@dummy 
\symbolspace=\fontdimen 52\mfp@dummy 
\mfp@scratch=\dimen182
\mfpframesep=\dimen183
\mfpframethickness=\dimen184
\mfpicheight=\dimen185
\mfpicwidth=\dimen186
\mfpiccaptionskip=\skip83
\tl@vpos=\count301
\tl@hpos=\count302
\mfp@commentchar=\count303
))
(/usr/local/texlive/2024/texmf-dist/tex/latex/graphics/graphicx.sty
Package: graphicx 2021/09/16 v1.2d Enhanced LaTeX Graphics (DPC,SPQR)
\Gin@req@height=\dimen187
\Gin@req@width=\dimen188
)
(/usr/local/texlive/2024/texmf-dist/tex/latex/base/makeidx.sty
Package: makeidx 2021/10/04 v1.0m Standard LaTeX package
)
(/usr/local/texlive/2024/texmf-dist/tex/latex/hyperref/hyperref.sty
Package: hyperref 2024-01-20 v7.01h Hypertext links for LaTeX

(/usr/local/texlive/2024/texmf-dist/tex/generic/iftex/iftex.sty
Package: iftex 2022/02/03 v1.0f TeX engine tests
)
(/usr/local/texlive/2024/texmf-dist/tex/latex/kvsetkeys/kvsetkeys.sty
Package: kvsetkeys 2022-10-05 v1.19 Key value parser (HO)
)
(/usr/local/texlive/2024/texmf-dist/tex/generic/kvdefinekeys/kvdefinekeys.sty
Package: kvdefinekeys 2019-12-19 v1.6 Define keys (HO)
)
(/usr/local/texlive/2024/texmf-dist/tex/generic/pdfescape/pdfescape.sty
Package: pdfescape 2019/12/09 v1.15 Implements pdfTeX's escape features (HO)

(/usr/local/texlive/2024/texmf-dist/tex/generic/ltxcmds/ltxcmds.sty
Package: ltxcmds 2023-12-04 v1.26 LaTeX kernel commands for general use (HO)
)
(/usr/local/texlive/2024/texmf-dist/tex/generic/pdftexcmds/pdftexcmds.sty
Package: pdftexcmds 2020-06-27 v0.33 Utility functions of pdfTeX for LuaTeX (HO
)

(/usr/local/texlive/2024/texmf-dist/tex/generic/infwarerr/infwarerr.sty
Package: infwarerr 2019/12/03 v1.5 Providing info/warning/error messages (HO)
)
Package pdftexcmds Info: \pdf@primitive is available.
Package pdftexcmds Info: \pdf@ifprimitive is available.
Package pdftexcmds Info: \pdfdraftmode found.
))
(/usr/local/texlive/2024/texmf-dist/tex/latex/hycolor/hycolor.sty
Package: hycolor 2020-01-27 v1.10 Color options for hyperref/bookmark (HO)
)
(/usr/local/texlive/2024/texmf-dist/tex/latex/auxhook/auxhook.sty
Package: auxhook 2019-12-17 v1.6 Hooks for auxiliary files (HO)
)
(/usr/local/texlive/2024/texmf-dist/tex/latex/hyperref/nameref.sty
Package: nameref 2023-11-26 v2.56 Cross-referencing by name of section

(/usr/local/texlive/2024/texmf-dist/tex/latex/refcount/refcount.sty
Package: refcount 2019/12/15 v3.6 Data extraction from label references (HO)
)
(/usr/local/texlive/2024/texmf-dist/tex/generic/gettitlestring/gettitlestring.s
ty
Package: gettitlestring 2019/12/15 v1.6 Cleanup title references (HO)
 (/usr/local/texlive/2024/texmf-dist/tex/latex/kvoptions/kvoptions.sty
Package: kvoptions 2022-06-15 v3.15 Key value format for package options (HO)
))
\c@section@level=\count304
)
(/usr/local/texlive/2024/texmf-dist/tex/latex/etoolbox/etoolbox.sty
Package: etoolbox 2020/10/05 v2.5k e-TeX tools for LaTeX (JAW)
\etb@tempcnta=\count305
)
\@linkdim=\dimen189
\Hy@linkcounter=\count306
\Hy@pagecounter=\count307

(/usr/local/texlive/2024/texmf-dist/tex/latex/hyperref/pd1enc.def
File: pd1enc.def 2024-01-20 v7.01h Hyperref: PDFDocEncoding definition (HO)
Now handling font encoding PD1 ...
... no UTF-8 mapping file for font encoding PD1
)
(/usr/local/texlive/2024/texmf-dist/tex/generic/intcalc/intcalc.sty
Package: intcalc 2019/12/15 v1.3 Expandable calculations with integers (HO)
)
\Hy@SavedSpaceFactor=\count308

(/usr/local/texlive/2024/texmf-dist/tex/latex/hyperref/puenc.def
File: puenc.def 2024-01-20 v7.01h Hyperref: PDF Unicode definition (HO)
Now handling font encoding PU ...
... no UTF-8 mapping file for font encoding PU
)
Package hyperref Info: Option `colorlinks' set `true' on input line 4062.
Package hyperref Info: Option `hyperindex' set `true' on input line 4062.
Package hyperref Info: Option `plainpages' set `false' on input line 4062.
Package hyperref Info: Option `pdfpagelabels' set `true' on input line 4062.
Package hyperref Info: Hyper figures OFF on input line 4179.
Package hyperref Info: Link nesting OFF on input line 4184.
Package hyperref Info: Hyper index ON on input line 4187.
Package hyperref Info: Plain pages OFF on input line 4194.
Package hyperref Info: Backreferencing OFF on input line 4199.
Package hyperref Info: Implicit mode ON; LaTeX internals redefined.
Package hyperref Info: Bookmarks ON on input line 4446.
\c@Hy@tempcnt=\count309

(/usr/local/texlive/2024/texmf-dist/tex/latex/url/url.sty
\Urlmuskip=\muskip17
Package: url 2013/09/16  ver 3.4  Verb mode for urls, etc.
)
LaTeX Info: Redefining \url on input line 4784.
\XeTeXLinkMargin=\dimen190

(/usr/local/texlive/2024/texmf-dist/tex/generic/bitset/bitset.sty
Package: bitset 2019/12/09 v1.3 Handle bit-vector datatype (HO)

(/usr/local/texlive/2024/texmf-dist/tex/generic/bigintcalc/bigintcalc.sty
Package: bigintcalc 2019/12/15 v1.5 Expandable calculations on big integers (HO
)
))
\Fld@menulength=\count310
\Field@Width=\dimen191
\Fld@charsize=\dimen192
Package hyperref Info: Hyper figures OFF on input line 6063.
Package hyperref Info: Link nesting OFF on input line 6068.
Package hyperref Info: Hyper index ON on input line 6071.
Package hyperref Info: backreferencing OFF on input line 6078.
Package hyperref Info: Link coloring ON on input line 6081.
Package hyperref Info: Link coloring with OCG OFF on input line 6088.
Package hyperref Info: PDF/A mode OFF on input line 6093.

(/usr/local/texlive/2024/texmf-dist/tex/latex/base/atbegshi-ltx.sty
Package: atbegshi-ltx 2021/01/10 v1.0c Emulation of the original atbegshi
package with kernel methods
)
\Hy@abspage=\count311
\c@Item=\count312
\c@Hfootnote=\count313
)
Package hyperref Info: Driver (autodetected): hpdftex.

(/usr/local/texlive/2024/texmf-dist/tex/latex/hyperref/hpdftex.def
File: hpdftex.def 2024-01-20 v7.01h Hyperref driver for pdfTeX

(/usr/local/texlive/2024/texmf-dist/tex/latex/base/atveryend-ltx.sty
Package: atveryend-ltx 2020/08/19 v1.0a Emulation of the original atveryend pac
kage
with kernel methods
)
\Fld@listcount=\count314
\c@bookmark@seq@number=\count315

(/usr/local/texlive/2024/texmf-dist/tex/latex/rerunfilecheck/rerunfilecheck.sty
Package: rerunfilecheck 2022-07-10 v1.10 Rerun checks for auxiliary files (HO)

(/usr/local/texlive/2024/texmf-dist/tex/generic/uniquecounter/uniquecounter.sty
Package: uniquecounter 2019/12/15 v1.4 Provide unlimited unique counter (HO)
)
Package uniquecounter Info: New unique counter `rerunfilecheck' on input line 2
85.
)
\Hy@SectionHShift=\skip84
) (/usr/local/texlive/2024/texmf-dist/tex/latex/oberdiek/hypcap.sty
Package: hypcap 2016/05/16 v1.12 Adjusting the anchors of captions (HO)

(/usr/local/texlive/2024/texmf-dist/tex/latex/letltxmacro/letltxmacro.sty
Package: letltxmacro 2019/12/03 v1.6 Let assignment for LaTeX macros (HO)
))
(/usr/local/texlive/2024/texmf-dist/tex/latex/cancel/cancel.sty
Package: cancel 2013/04/12 v2.2 Cancel math terms
)
(/usr/local/texlive/2024/texmf-dist/tex/latex/sectsty/sectsty.sty
Package: sectsty 2002/02/25 v2.0.2 Commands to change all sectional heading sty
les


LaTeX Warning: Command \underbar  has changed.
               Check if current package is valid.


LaTeX Warning: Command \underline  has changed.
               Check if current package is valid.

) (/usr/local/texlive/2024/texmf-dist/tex/latex/base/textcomp.sty
Package: textcomp 2020/02/02 v2.0n Standard LaTeX package
)
\c@defn=\count316
\c@thm=\count317
\c@eqn=\count318
\c@ex=\count319
\c@fig=\count320

(/usr/local/texlive/2024/texmf-dist/tex/latex/psnfss/helvet.sty
Package: helvet 2020/03/25 PSNFSS-v9.3 (WaS) 
)
(/usr/local/texlive/2024/texmf-dist/tex/latex/sfmath/sfmath.sty
Package: sfmath 2007/08/27 v0.8 sans serif maths
LaTeX Font Info:    Overwriting symbol font `operators' in version `normal'
(Font)                  OT1/cmr/m/n --> OT1/phv/m/n on input line 329.
LaTeX Font Info:    Overwriting symbol font `operators' in version `bold'
(Font)                  OT1/cmr/bx/n --> OT1/phv/bx/n on input line 330.
\symSFMath=\mathgroup6
LaTeX Font Info:    Overwriting symbol font `SFMath' in version `normal'
(Font)                  OT1/phv/m/sl --> OT1/phv/m/sl on input line 343.
LaTeX Font Info:    Overwriting symbol font `SFMath' in version `bold'
(Font)                  OT1/phv/m/sl --> OT1/phv/bx/sl on input line 344.
LaTeX Font Info:    Redeclaring math symbol \imath on input line 398.
LaTeX Font Info:    Redeclaring math symbol \jmath on input line 399.
\symSFMathUp=\mathgroup7
LaTeX Font Info:    Overwriting symbol font `SFMathUp' in version `normal'
(Font)                  OT1/phv/m/n --> OT1/phv/m/n on input line 406.
LaTeX Font Info:    Overwriting symbol font `SFMathUp' in version `bold'
(Font)                  OT1/phv/m/n --> OT1/phv/bx/n on input line 407.
LaTeX Font Info:    Redeclaring math symbol \ldotp on input line 410.
\symSFMathGreek=\mathgroup8
LaTeX Font Info:    Overwriting symbol font `SFMathGreek' in version `normal'
(Font)                  OT1/cmss/m/n --> OT1/cmss/m/n on input line 419.
LaTeX Font Info:    Overwriting symbol font `SFMathGreek' in version `bold'
(Font)                  OT1/cmss/m/n --> OT1/cmss/bx/n on input line 420.
LaTeX Font Info:    Redeclaring math symbol \Gamma on input line 422.
LaTeX Font Info:    Redeclaring math symbol \Delta on input line 423.
LaTeX Font Info:    Redeclaring math symbol \Theta on input line 424.
LaTeX Font Info:    Redeclaring math symbol \Lambda on input line 425.
LaTeX Font Info:    Redeclaring math symbol \Xi on input line 426.
LaTeX Font Info:    Redeclaring math symbol \Pi on input line 427.
LaTeX Font Info:    Redeclaring math symbol \Sigma on input line 428.
LaTeX Font Info:    Redeclaring math symbol \Upsilon on input line 429.
LaTeX Font Info:    Redeclaring math symbol \Phi on input line 430.
LaTeX Font Info:    Redeclaring math symbol \Psi on input line 431.
LaTeX Font Info:    Redeclaring math symbol \Omega on input line 432.
\symSFMathUpGreek=\mathgroup9
LaTeX Font Info:    Overwriting symbol font `SFMathUpGreek' in version `normal'

(Font)                  OT1/cmss/m/n --> OT1/cmss/m/n on input line 436.
LaTeX Font Info:    Overwriting symbol font `SFMathUpGreek' in version `bold'
(Font)                  OT1/cmss/m/n --> OT1/cmss/bx/n on input line 437.
LaTeX Font Info:    Overwriting math alphabet `\mathnormal' in version `normal'

(Font)                  OML/cmm/m/it --> OT1/phv/m/sl on input line 446.
LaTeX Font Info:    Overwriting math alphabet `\mathnormal' in version `bold'
(Font)                  OML/cmm/b/it --> OT1/phv/bx/sl on input line 447.
LaTeX Font Info:    Overwriting math alphabet `\mathrm' in version `normal'
(Font)                  OT1/phv/m/n --> OT1/phv/m/n on input line 449.
LaTeX Font Info:    Overwriting math alphabet `\mathrm' in version `bold'
(Font)                  OT1/phv/bx/n --> OT1/phv/bx/n on input line 450.
LaTeX Font Info:    Overwriting math alphabet `\mathbf' in version `normal'
(Font)                  OT1/cmr/bx/n --> OT1/phv/bx/n on input line 452.
LaTeX Font Info:    Overwriting math alphabet `\mathbf' in version `bold'
(Font)                  OT1/cmr/bx/n --> OT1/phv/bx/n on input line 453.
LaTeX Font Info:    Overwriting math alphabet `\mathit' in version `normal'
(Font)                  OT1/cmr/m/it --> OT1/phv/m/sl on input line 455.
LaTeX Font Info:    Overwriting math alphabet `\mathit' in version `bold'
(Font)                  OT1/cmr/bx/it --> OT1/phv/bx/sl on input line 456.
LaTeX Font Info:    Overwriting math alphabet `\mathsf' in version `normal'
(Font)                  OT1/cmss/m/n --> OT1/phv/m/n on input line 458.
LaTeX Font Info:    Overwriting math alphabet `\mathsf' in version `bold'
(Font)                  OT1/cmss/bx/n --> OT1/phv/bx/n on input line 459.
LaTeX Font Info:    Overwriting math alphabet `\mathsl' in version `bold'
(Font)                  OT1/phv/m/sl --> OT1/phv/bx/sl on input line 466.
)
LaTeX Font Info:    Trying to load font information for OT1+phv on input line 4
9.

(/usr/local/texlive/2024/texmf-dist/tex/latex/psnfss/ot1phv.fd
File: ot1phv.fd 2020/03/25 scalable font definitions for OT1/phv.
)
LaTeX Font Info:    Font shape `OT1/phv/m/n' will be
(Font)              scaled to size 10.07397pt on input line 49.

(/usr/local/texlive/2024/texmf-dist/tex/latex/l3backend/l3backend-pdftex.def
File: l3backend-pdftex.def 2024-02-20 L3 backend support: PDF output (pdfTeX)
\l__color_backend_stack_int=\count321
\l__pdf_internal_box=\box113
)
(./CompilerRootRadicalPowerFunctions.aux (./RootRadicalPowerFunctions.aux))
\openout1 = `CompilerRootRadicalPowerFunctions.aux'.

LaTeX Font Info:    Checking defaults for OML/cmm/m/it on input line 49.
LaTeX Font Info:    ... okay on input line 49.
LaTeX Font Info:    Checking defaults for OMS/cmsy/m/n on input line 49.
LaTeX Font Info:    ... okay on input line 49.
LaTeX Font Info:    Checking defaults for OT1/cmr/m/n on input line 49.
LaTeX Font Info:    ... okay on input line 49.
LaTeX Font Info:    Checking defaults for T1/cmr/m/n on input line 49.
LaTeX Font Info:    ... okay on input line 49.
LaTeX Font Info:    Checking defaults for TS1/cmr/m/n on input line 49.
LaTeX Font Info:    ... okay on input line 49.
LaTeX Font Info:    Checking defaults for OMX/cmex/m/n on input line 49.
LaTeX Font Info:    ... okay on input line 49.
LaTeX Font Info:    Checking defaults for U/cmr/m/n on input line 49.
LaTeX Font Info:    ... okay on input line 49.
LaTeX Font Info:    Checking defaults for PD1/pdf/m/n on input line 49.
LaTeX Font Info:    ... okay on input line 49.
LaTeX Font Info:    Checking defaults for PU/pdf/m/n on input line 49.
LaTeX Font Info:    ... okay on input line 49.

(/usr/local/texlive/2024/texmf-dist/tex/context/base/mkii/supp-pdf.mkii
[Loading MPS to PDF converter (version 2006.09.02).]
\scratchcounter=\count322
\scratchdimen=\dimen193
\scratchbox=\box114
\nofMPsegments=\count323
\nofMParguments=\count324
\everyMPshowfont=\toks35
\MPscratchCnt=\count325
\MPscratchDim=\dimen194
\MPnumerator=\count326
\makeMPintoPDFobject=\count327
\everyMPtoPDFconversion=\toks36
) (/usr/local/texlive/2024/texmf-dist/tex/latex/epstopdf-pkg/epstopdf-base.sty
Package: epstopdf-base 2020-01-24 v2.11 Base part for package epstopdf

(/usr/local/texlive/2024/texmf-dist/tex/latex/grfext/grfext.sty
Package: grfext 2019/12/03 v1.3 Manage graphics extensions (HO)
)
Package epstopdf-base Info: Redefining graphics rule for `.eps' on input line 4
85.
Package grfext Info: Graphics extension search list:
(grfext)             [.pdf,.png,.jpg,.mps,.jpeg,.jbig2,.jb2,.PDF,.PNG,.JPG,.JPE
G,.JBIG2,.JB2,.eps]
(grfext)             \AppendGraphicsExtensions on input line 504.

(/usr/local/texlive/2024/texmf-dist/tex/latex/latexconfig/epstopdf-sys.cfg
File: epstopdf-sys.cfg 2010/07/13 v1.3 Configuration of (r)epstopdf for TeX Liv
e
))
Package hyperref Info: Link coloring ON on input line 49.

(./CompilerRootRadicalPowerFunctions.out)
(./CompilerRootRadicalPowerFunctions.out)
\@outlinefile=\write4
\openout4 = `CompilerRootRadicalPowerFunctions.out'.

\c@HW=\count328
\c@HWindent=\count329

Chapter 1.
LaTeX Font Info:    Font shape `OT1/phv/m/n' will be
(Font)              scaled to size 19.08076pt on input line 55.
LaTeX Font Info:    Font shape `OT1/phv/b/n' will be
(Font)              scaled to size 19.08076pt on input line 55.
LaTeX Font Info:    Font shape `OT1/phv/m/n' will be
(Font)              scaled to size 22.88956pt on input line 55.
LaTeX Font Info:    Font shape `OT1/phv/b/n' will be
(Font)              scaled to size 22.88956pt on input line 55.
LaTeX Font Info:    Font shape `OT1/phv/m/sc' will be
(Font)              scaled to size 22.88956pt on input line 55.
[1


{/usr/local/texlive/2024/texmf-var/fonts/map/pdftex/updmap/pdftex.map}{/usr/loc
al/texlive/2024/texmf-dist/fonts/enc/dvips/base/8r.enc}]
\openout2 = `RootRadicalPowerFunctions.aux'.


(./RootRadicalPowerFunctions.tex
LaTeX Font Info:    Font shape `OT1/phv/m/n' will be
(Font)              scaled to size 13.24796pt on input line 1.
LaTeX Font Info:    Font shape `OT1/phv/b/n' will be
(Font)              scaled to size 13.24796pt on input line 1.
 (./RootRadicalFunctions.tex

Mfpic: Initializing RootRadicalFunctions.mp.
\openout3 = `RootRadicalFunctions.mp'.

Mfpic: Don't forget to process RootRadicalFunctions.mp!
Mfpic: Apply metapost to RootRadicalFunctions.mp.
Mfpic: Then reprocess this file "CompilerRootRadicalPowerFunctions".

LaTeX Font Info:    Font shape `OT1/phv/b/n' will be
(Font)              scaled to size 10.07397pt on input line 9.

LaTeX Warning: Reference `ConstantandLinearFunctions' on page 2 undefined on in
put line 9.


LaTeX Warning: Reference `AbsoluteValueFunctions' on page 2 undefined on input 
line 9.


LaTeX Warning: Reference `QuadraticFunctions' on page 2 undefined on input line
 9.

LaTeX Font Info:    Font shape `OT1/phv/m/n' will be
(Font)              scaled to size 7.35999pt on input line 9.
LaTeX Font Info:    Font shape `OT1/phv/m/n' will be
(Font)              scaled to size 5.51999pt on input line 9.
LaTeX Font Info:    Trying to load font information for U+msa on input line 9.
(/usr/local/texlive/2024/texmf-dist/tex/latex/amsfonts/umsa.fd
File: umsa.fd 2013/01/14 v3.01 AMS symbols A
)
LaTeX Font Info:    Trying to load font information for U+msb on input line 9.

(/usr/local/texlive/2024/texmf-dist/tex/latex/amsfonts/umsb.fd
File: umsb.fd 2013/01/14 v3.01 AMS symbols B
)
LaTeX Font Info:    Font shape `OT1/phv/m/sl' will be
(Font)              scaled to size 10.07397pt on input line 9.
LaTeX Font Info:    Font shape `OT1/phv/m/sl' will be
(Font)              scaled to size 7.35999pt on input line 9.
LaTeX Font Info:    Font shape `OT1/phv/m/sl' will be
(Font)              scaled to size 5.51999pt on input line 9.
LaTeX Font Info:    Font shape `OT1/phv/m/n' will be
(Font)              scaled to size 8.27998pt on input line 9.
LaTeX Font Info:    Font shape `OT1/phv/m/n' will be
(Font)              scaled to size 4.59999pt on input line 9.
LaTeX Font Info:    Font shape `OT1/phv/m/sl' will be
(Font)              scaled to size 8.27998pt on input line 9.
LaTeX Font Info:    Font shape `OT1/phv/m/sl' will be
(Font)              scaled to size 4.59999pt on input line 9.


LaTeX Warning: Reference `PolynomialFunctions' on page 2 undefined on input lin
e 9.


LaTeX Warning: Reference `PolynomialFunctions' on page 2 undefined on input lin
e 9.


LaTeX Warning: Reference `realfactorization' on page 2 undefined on input line 
9.


LaTeX Warning: Reference `RationalFunctions' on page 2 undefined on input line 
9.


LaTeX Warning: Reference `ConstantandLinearFunctions' on page 2 undefined on in
put line 9.


LaTeX Warning: Reference `AbsoluteValueFunctions' on page 2 undefined on input 
line 9.


LaTeX Warning: Reference `QuadraticFunctions' on page 2 undefined on input line
 9.


LaTeX Warning: Reference `PolynomialFunctions' on page 2 undefined on input lin
e 9.


LaTeX Warning: Reference `RationalFunctions' on page 2 undefined on input line 
9.

LaTeX Font Info:    Font shape `OT1/phv/b/n' will be
(Font)              scaled to size 8.27998pt on input line 9.

LaTeX Warning: Reference `complexfactorization' on page 2 undefined on input li
ne 9.


LaTeX Warning: Reference `AppRealNumberArithmetic' on page 2 undefined on input
 line 9.


LaTeX Warning: Reference `AppRadEqus' on page 2 undefined on input line 9.

LaTeX Font Info:    Font shape `OT1/phv/m/n' will be
(Font)              scaled to size 11.03998pt on input line 14.
LaTeX Font Info:    Font shape `OT1/phv/b/n' will be
(Font)              scaled to size 11.03998pt on input line 14.
LaTeX Font Info:    Font shape `OT1/phv/m/sc' will be
(Font)              scaled to size 10.07397pt on input line 29.
LaTeX Font Info:    Font shape `OT1/phv/m/it' in size <10.95> not available
(Font)              Font shape `OT1/phv/m/sl' tried instead on input line 33.
LaTeX Font Info:    Font shape `OT1/phv/m/sl' will be
(Font)              scaled to size 10.07397pt on input line 33.

LaTeX Warning: Reference `ComplexZeros' on page 2 undefined on input line 33.


LaTeX Warning: Reference `complexepilogue' on page 2 undefined on input line 33
.

File: RootRadicalFunctions.1 Graphic file (type mps)
[MP to PDF] (./RootRadicalFunctions.1)
File: RootRadicalFunctions.2 Graphic file (type mps)
 [MP to PDF] (./RootRadicalFunctions.2)
File: RootRadicalFunctions.3 Graphic file (type mps)

[MP to PDF] (./RootRadicalFunctions.3)
Overfull \hbox (2.62553pt too wide) in paragraph at lines 37--88
[][] 
 []

[2

]
File: RootRadicalFunctions.4 Graphic file (type mps)
 [MP to PDF] (./RootRadicalFunctions.4)
File: RootRadicalFunctions.5 Graphic file (type mps)
 [MP to PDF]
(./RootRadicalFunctions.5)
File: RootRadicalFunctions.6 Graphic file (type mps)
 [MP to PDF] (./RootRadicalFunctions.6)

LaTeX Warning: Reference `linearabsvaluegraphs' on page 3 undefined on input li
ne 151.


LaTeX Warning: Reference `standardformgraph' on page 3 undefined on input line 
151.


LaTeX Warning: Reference `linearmononialgraphs' on page 3 undefined on input li
ne 151.


LaTeX Warning: Reference `linearlaurentlgraphs' on page 3 undefined on input li
ne 151.

LaTeX Font Info:    Trying to load font information for TS1+phv on input line 1
55.
(/usr/local/texlive/2024/texmf-dist/tex/latex/psnfss/ts1phv.fd
File: ts1phv.fd 2020/03/25 scalable font definitions for TS1/phv.
)
LaTeX Font Info:    Font shape `TS1/phv/m/n' will be
(Font)              scaled to size 10.07397pt on input line 155.

Underfull \vbox (badness 10000) has occurred while \output is active []

 [3]

LaTeX Warning: Reference `linearmononialgraphs' on page 4 undefined on input li
ne 200.

[4]
File: RootRadicalFunctions.7 Graphic file (type mps)
 [MP to PDF] (./RootRadicalFunctions.7)
File: RootRadicalFunctions.8 Graphic file (type mps)
 [MP to PDF]
(./RootRadicalFunctions.8)
File: RootRadicalFunctions.9 Graphic file (type mps)
 [MP to PDF] (./RootRadicalFunctions.9)
File: RootRadicalFunctions.10 Graphic file (type mps)
 [MP to PDF]
(./RootRadicalFunctions.10)
File: RootRadicalFunctions.11 Graphic file (type mps)
 [MP to PDF] (./RootRadicalFunctions.11)
File: RootRadicalFunctions.12 Graphic file (type mps)

[MP to PDF] (./RootRadicalFunctions.12)
Underfull \vbox (badness 3250) has occurred while \output is active []

 [5]
File: RootRadicalFunctions.13 Graphic file (type mps)

[MP to PDF] (./RootRadicalFunctions.13)
File: RootRadicalFunctions.14 Graphic file (type mps)
 [MP to PDF] (./RootRadicalFunctions.14)
File: RootRadicalFunctions.15 Graphic file (type mps)
[MP to PDF] (./RootRadicalFunctions.15)
File: RootRadicalFunctions.16 Graphic file (type mps)
 [MP to PDF] (./RootRadicalFunctions.16)
Overfull \hbox (3.08405pt too wide) detected at line 438
[]
 []

File: RootRadicalFunctions.17 Graphic file (type mps)
[MP to PDF] (./RootRadicalFunctions.17)
File: RootRadicalFunctions.18 Graphic file (type mps)
 [MP to PDF] (./RootRadicalFunctions.18)
Overfull \hbox (7.35207pt too wide) detected at line 480
[]
 []

[6]
LaTeX Font Info:    Font shape `OT1/phv/m/it' in size <8> not available
(Font)              Font shape `OT1/phv/m/sl' tried instead on input line 518.
LaTeX Font Info:    Font shape `OT1/phv/m/sl' will be
(Font)              scaled to size 7.35999pt on input line 518.
LaTeX Font Info:    Font shape `OT1/phv/m/it' in size <6> not available
(Font)              Font shape `OT1/phv/m/sl' tried instead on input line 518.
LaTeX Font Info:    Font shape `OT1/phv/m/sl' will be
(Font)              scaled to size 5.51999pt on input line 518.


LaTeX Warning: Reference `InverseFunctions' on page 7 undefined on input line 5
18.

[7]
LaTeX Font Info:    Font shape `OT1/phv/m/it' in size <9> not available
(Font)              Font shape `OT1/phv/m/sl' tried instead on input line 605.
LaTeX Font Info:    Font shape `OT1/phv/m/sl' will be
(Font)              scaled to size 8.27998pt on input line 605.

Overfull \hbox (7.75749pt too wide) in paragraph at lines 605--606
\OT1/phv/m/sl/10.95 f\OT1/phv/m/n/10.95 (\OT1/phv/m/sl/10.95 x\OT1/phv/m/n/10.9
5 ) = 3\OT1/phv/m/sl/10.95 x[] \OT1/phv/m/n/10.95 = 3\OT1/phv/m/sl/10.95 x[] \O
MS/cmsy/m/n/10.95 ^^Y \OT1/phv/m/n/10.95 ([])[] = ([])([]) = []$, so $[]$.
 []

<./RootRadicalFunctionsGraphics/RadicalGraphEx01.jpg, id=147, 2764.3275pt x 150
5.625pt>
File: ./RootRadicalFunctionsGraphics/RadicalGraphEx01.jpg Graphic file (type jp
g)
<use ./RootRadicalFunctionsGraphics/RadicalGraphEx01.jpg>
Package pdftex.def Info: ./RootRadicalFunctionsGraphics/RadicalGraphEx01.jpg  u
sed on input line 617.
(pdftex.def)             Requested size: 216.81pt x 118.08614pt.
File: RootRadicalFunctions.19 Graphic file (type mps)
[MP to PDF] (./RootRadicalFunctions.19) [8]
<./RootRadicalFunctionsGraphics/RadicalGraphEx02.jpg, id=162, 2766.335pt x 1507
.6325pt>
File: ./RootRadicalFunctionsGraphics/RadicalGraphEx02.jpg Graphic file (type jp
g)
<use ./RootRadicalFunctionsGraphics/RadicalGraphEx02.jpg>
Package pdftex.def Info: ./RootRadicalFunctionsGraphics/RadicalGraphEx02.jpg  u
sed on input line 660.
(pdftex.def)             Requested size: 216.81pt x 118.15157pt.
File: RootRadicalFunctions.20 Graphic file (type mps)
 [MP to PDF]
(./RootRadicalFunctions.20) [9 <./RootRadicalFunctionsGraphics/RadicalGraphEx01
.jpg>]

LaTeX Warning: Reference `hathm' on page 10 undefined on input line 686.


LaTeX Warning: Reference `IntroRational' on page 10 undefined on input line 686
.

<./RootRadicalFunctionsGraphics/RadicalGraphEx03.jpg, id=170, 2768.3425pt x 149
9.6025pt>
File: ./RootRadicalFunctionsGraphics/RadicalGraphEx03.jpg Graphic file (type jp
g)
<use ./RootRadicalFunctionsGraphics/RadicalGraphEx03.jpg>
Package pdftex.def Info: ./RootRadicalFunctionsGraphics/RadicalGraphEx03.jpg  u
sed on input line 698.
(pdftex.def)             Requested size: 216.81pt x 117.43074pt.
File: RootRadicalFunctions.21 Graphic file (type mps)
[MP to PDF] (./RootRadicalFunctions.21)
Underfull \vbox (badness 4366) has occurred while \output is active []

 [10 <./RootRadicalFunctionsGraphics/RadicalGraphEx02.jpg>]

LaTeX Warning: Reference `RealZeros' on page 11 undefined on input line 717.


LaTeX Warning: Reference `IntroRational' on page 11 undefined on input line 721
.

<./RootRadicalFunctionsGraphics/RadicalGraphEx04.jpg, id=180, 2764.3275pt x 150
5.625pt>
File: ./RootRadicalFunctionsGraphics/RadicalGraphEx04.jpg Graphic file (type jp
g)
<use ./RootRadicalFunctionsGraphics/RadicalGraphEx04.jpg>
Package pdftex.def Info: ./RootRadicalFunctionsGraphics/RadicalGraphEx04.jpg  u
sed on input line 733.
(pdftex.def)             Requested size: 216.81pt x 118.08614pt.
File: RootRadicalFunctions.22 Graphic file (type mps)
[MP to PDF] (./RootRadicalFunctions.22) [11 <./RootRadicalFunctionsGraphics/Rad
icalGraphEx03.jpg>]
File: RootRadicalFunctions.23 Graphic file (type mps)
 [MP to PDF] (./RootRadicalFunctions.23) [12 <./RootRadicalFunctionsGraphics/Ra
dicalGraphEx04.jpg>]
<./RootRadicalFunctionsGraphics/CostCableEx.jpg, id=196, 2778.38pt x 1513.655pt
>
File: ./RootRadicalFunctionsGraphics/CostCableEx.jpg Graphic file (type jpg)
<use ./RootRadicalFunctionsGraphics/CostCableEx.jpg>
Package pdftex.def Info: ./RootRadicalFunctionsGraphics/CostCableEx.jpg  used o
n input line 829.
(pdftex.def)             Requested size: 289.07999pt x 157.47183pt.
 [13 <./RootRadicalFunctionsGraphics/CostCableEx.jpg>] (./ExercisesforRootRadic
alFunctions.tex
File: RootRadicalFunctions.24 Graphic file (type mps)
 [MP to PDF]
(./RootRadicalFunctions.24)
File: RootRadicalFunctions.25 Graphic file (type mps)
 [MP to PDF] (./RootRadicalFunctions.25)
File: RootRadicalFunctions.26 Graphic file (type mps)

[MP to PDF] (./RootRadicalFunctions.26)
File: RootRadicalFunctions.27 Graphic file (type mps)
 [MP to PDF] (./RootRadicalFunctions.27)
Overfull \vbox (5.28558pt too high) has occurred while \output is active []


Overfull \vbox (6.06487pt too high) has occurred while \output is active []


[14] [15] [16]
Underfull \hbox (badness 10000) in paragraph at lines 366--367

 []

File: RootRadicalFunctions.28 Graphic file (type mps)
[MP to PDF] (./RootRadicalFunctions.28)
Underfull \hbox (badness 10000) in paragraph at lines 389--390

 []

File: RootRadicalFunctions.29 Graphic file (type mps)
[MP to PDF] (./RootRadicalFunctions.29)
Underfull \hbox (badness 10000) in paragraph at lines 419--420

 []

File: RootRadicalFunctions.30 Graphic file (type mps)
[MP to PDF] (./RootRadicalFunctions.30)
Underfull \hbox (badness 10000) in paragraph at lines 442--443

 []

File: RootRadicalFunctions.31 Graphic file (type mps)
[MP to PDF] (./RootRadicalFunctions.31)
Underfull \hbox (badness 10000) in paragraph at lines 472--473

 []

File: RootRadicalFunctions.32 Graphic file (type mps)
[MP to PDF] (./RootRadicalFunctions.32)
Underfull \hbox (badness 10000) in paragraph at lines 495--496

 []

File: RootRadicalFunctions.33 Graphic file (type mps)
[MP to PDF] (./RootRadicalFunctions.33) [17]
Underfull \hbox (badness 10000) in paragraph at lines 524--525

 []

File: RootRadicalFunctions.34 Graphic file (type mps)
[MP to PDF] (./RootRadicalFunctions.34)
Underfull \hbox (badness 10000) in paragraph at lines 544--545

 []

File: RootRadicalFunctions.35 Graphic file (type mps)
[MP to PDF] (./RootRadicalFunctions.35)
Underfull \hbox (badness 10000) in paragraph at lines 638--646

 []

File: RootRadicalFunctions.36 Graphic file (type mps)
[MP to PDF] (./RootRadicalFunctions.36)
Underfull \hbox (badness 10000) in paragraph at lines 662--663

 []

File: RootRadicalFunctions.37 Graphic file (type mps)
[MP to PDF] (./RootRadicalFunctions.37)
Underfull \vbox (badness 10000) has occurred while \output is active []

 [18]
Underfull \hbox (badness 10000) in paragraph at lines 690--699

 []

File: RootRadicalFunctions.38 Graphic file (type mps)
[MP to PDF] (./RootRadicalFunctions.38)
Underfull \hbox (badness 10000) in paragraph at lines 715--716

 []

File: RootRadicalFunctions.39 Graphic file (type mps)
[MP to PDF] (./RootRadicalFunctions.39)
Underfull \hbox (badness 10000) in paragraph at lines 743--753

 []

File: RootRadicalFunctions.40 Graphic file (type mps)
[MP to PDF] (./RootRadicalFunctions.40)
Underfull \hbox (badness 10000) in paragraph at lines 769--770

 []

File: RootRadicalFunctions.41 Graphic file (type mps)
[MP to PDF] (./RootRadicalFunctions.41)
Underfull \hbox (badness 10000) in paragraph at lines 795--804

 []

File: RootRadicalFunctions.42 Graphic file (type mps)
[MP to PDF] (./RootRadicalFunctions.42)
Underfull \hbox (badness 10000) in paragraph at lines 820--821

 []

File: RootRadicalFunctions.43 Graphic file (type mps)
[MP to PDF] (./RootRadicalFunctions.43)
Overfull \vbox (5.22409pt too high) has occurred while \output is active []


[19]
Underfull \hbox (badness 10000) in paragraph at lines 847--856

 []

File: RootRadicalFunctions.44 Graphic file (type mps)
[MP to PDF] (./RootRadicalFunctions.44)
File: RootRadicalFunctions.45 Graphic file (type mps)
 [MP to PDF] (./RootRadicalFunctions.45)
Underfull \hbox (badness 10000) in paragraph at lines 899--907

 []

File: RootRadicalFunctions.46 Graphic file (type mps)
[MP to PDF] (./RootRadicalFunctions.46)
Underfull \hbox (badness 10000) in paragraph at lines 924--925

 []

File: RootRadicalFunctions.47 Graphic file (type mps)
[MP to PDF] (./RootRadicalFunctions.47)
Underfull \hbox (badness 10000) in paragraph at lines 950--960

 []

File: RootRadicalFunctions.48 Graphic file (type mps)
[MP to PDF] (./RootRadicalFunctions.48)
File: RootRadicalFunctions.49 Graphic file (type mps)
 [MP to PDF] (./RootRadicalFunctions.49) [20]
Underfull \hbox (badness 10000) in paragraph at lines 1003--1014

 []


Underfull \hbox (badness 10000) in paragraph at lines 1018--1019

 []

File: RootRadicalFunctions.50 Graphic file (type mps)
[MP to PDF] (./RootRadicalFunctions.50)
File: RootRadicalFunctions.51 Graphic file (type mps)
 [MP to PDF] (./RootRadicalFunctions.51))) [21] (./PowerFunctions.tex

Mfpic: Initializing PowerFunctions.mp.
\openout3 = `PowerFunctions.mp'.

Mfpic: Don't forget to process PowerFunctions.mp!
Mfpic: Apply metapost to PowerFunctions.mp.
Mfpic: Then reprocess this file "CompilerRootRadicalPowerFunctions".

[22]
File: PowerFunctions.1 Graphic file (type mps)
 [MP to PDF] (./PowerFunctions.1)
File: PowerFunctions.2 Graphic file (type mps)
 [MP to PDF] (./PowerFunctions.2)
File: PowerFunctions.3 Graphic file (type mps)

[MP to PDF] (./PowerFunctions.3) [23]
File: PowerFunctions.4 Graphic file (type mps)
 [MP to PDF] (./PowerFunctions.4)
File: PowerFunctions.5 Graphic file (type mps)

[MP to PDF] (./PowerFunctions.5)
File: PowerFunctions.6 Graphic file (type mps)
 [MP to PDF] (./PowerFunctions.6)
File: PowerFunctions.7 Graphic file (type mps)
 [MP to PDF]
(./PowerFunctions.7)
Overfull \hbox (20.2823pt too wide) in paragraph at lines 128--194
 [] 
 []

File: PowerFunctions.8 Graphic file (type mps)
[MP to PDF] (./PowerFunctions.8)
File: PowerFunctions.9 Graphic file (type mps)
 [MP to PDF] (./PowerFunctions.9)
File: PowerFunctions.10 Graphic file (type mps)
 [MP to PDF]
(./PowerFunctions.10)
File: PowerFunctions.11 Graphic file (type mps)
 [MP to PDF] (./PowerFunctions.11)
Overfull \hbox (71.00356pt too wide) in paragraph at lines 202--267
 [] 
 []

File: PowerFunctions.12 Graphic file (type mps)
[MP to PDF] (./PowerFunctions.12)
File: PowerFunctions.13 Graphic file (type mps)
 [MP to PDF] (./PowerFunctions.13) [24]
File: PowerFunctions.14 Graphic file (type mps)

[MP to PDF] (./PowerFunctions.14)
File: PowerFunctions.15 Graphic file (type mps)
 [MP to PDF] (./PowerFunctions.15)
Underfull \vbox (badness 1048) has occurred while \output is active []

 [25]
File: PowerFunctions.16 Graphic file (type mps)

[MP to PDF] (./PowerFunctions.16)
File: PowerFunctions.17 Graphic file (type mps)
 [MP to PDF] (./PowerFunctions.17)
File: PowerFunctions.18 Graphic file (type mps)

[MP to PDF] (./PowerFunctions.18)
File: PowerFunctions.19 Graphic file (type mps)
 [MP to PDF] (./PowerFunctions.19) [26]
File: PowerFunctions.20 Graphic file (type mps)

[MP to PDF] (./PowerFunctions.20)
File: PowerFunctions.21 Graphic file (type mps)
 [MP to PDF] (./PowerFunctions.21)
File: PowerFunctions.22 Graphic file (type mps)

[MP to PDF] (./PowerFunctions.22)
File: PowerFunctions.23 Graphic file (type mps)
 [MP to PDF] (./PowerFunctions.23) [27]
File: PowerFunctions.24 Graphic file (type mps)

[MP to PDF] (./PowerFunctions.24)
File: PowerFunctions.25 Graphic file (type mps)
 [MP to PDF] (./PowerFunctions.25) [28]
<./PowerFunctionsGraphics/RationalExpEx01.jpg, id=403, 2760.3125pt x 1425.325pt
>
File: ./PowerFunctionsGraphics/RationalExpEx01.jpg Graphic file (type jpg)
<use ./PowerFunctionsGraphics/RationalExpEx01.jpg>
Package pdftex.def Info: ./PowerFunctionsGraphics/RationalExpEx01.jpg  used on 
input line 710.
(pdftex.def)             Requested size: 216.81pt x 111.94044pt.
File: PowerFunctions.26 Graphic file (type mps)

[MP to PDF] (./PowerFunctions.26) [29 <./PowerFunctionsGraphics/RationalExpEx01
.jpg>]
<./PowerFunctionsGraphics/RationalExpEx02.jpg, id=412, 2820.5375pt x 1509.64pt>

File: ./PowerFunctionsGraphics/RationalExpEx02.jpg Graphic file (type jpg)
<use ./PowerFunctionsGraphics/RationalExpEx02.jpg>
Package pdftex.def Info: ./PowerFunctionsGraphics/RationalExpEx02.jpg  used on 
input line 752.
(pdftex.def)             Requested size: 216.81pt x 116.02841pt.
File: PowerFunctions.27 Graphic file (type mps)
 [MP to PDF] (./PowerFunctions.27) [30 <./PowerFunctionsGraphics/RationalExpEx0
2.jpg>]
File: PowerFunctions.28 Graphic file (type mps)
 [MP to PDF] (./PowerFunctions.28) [31]
LaTeX Font Info:    Font shape `OT1/phv/m/n' will be
(Font)              scaled to size 9.19998pt on input line 835.
LaTeX Font Info:    Font shape `OT1/phv/m/n' will be
(Font)              scaled to size 6.43999pt on input line 852.
LaTeX Font Info:    Font shape `OT1/phv/m/sl' will be
(Font)              scaled to size 9.19998pt on input line 852.
LaTeX Font Info:    Font shape `OT1/phv/m/sl' will be
(Font)              scaled to size 6.43999pt on input line 852.
<./PowerFunctionsGraphics/LorenzEx.jpg, id=432, 2766.335pt x 1521.685pt>
File: ./PowerFunctionsGraphics/LorenzEx.jpg Graphic file (type jpg)
<use ./PowerFunctionsGraphics/LorenzEx.jpg>
Package pdftex.def Info: ./PowerFunctionsGraphics/LorenzEx.jpg  used on input l
ine 889.
(pdftex.def)             Requested size: 252.94499pt x 139.12833pt.
 [32 <./PowerFunctionsGraphics/LorenzEx.jpg>] (./ExercisesforPowerFunctions.tex
File: PowerFunctions.29 Graphic file (type mps)
 [MP to PDF]
(./PowerFunctions.29)
File: PowerFunctions.30 Graphic file (type mps)
 [MP to PDF] (./PowerFunctions.30)
File: PowerFunctions.31 Graphic file (type mps)
 [MP to PDF]
(./PowerFunctions.31)
File: PowerFunctions.32 Graphic file (type mps)
 [MP to PDF] (./PowerFunctions.32)
Overfull \hbox (11.26335pt too wide) in paragraph at lines 109--110
[][] 
 []

[33]

LaTeX Warning: Reference `arc' on page 34 undefined on input line 236.


LaTeX Warning: Reference `AverageRateofChange' on page 34 undefined on input li
ne 236.


LaTeX Warning: Reference `monomialarcexercise' on page 34 undefined on input li
ne 236.


LaTeX Warning: Reference `GraphsofPolynomials' on page 34 undefined on input li
ne 236.


LaTeX Warning: Reference `laurentarcexercise' on page 34 undefined on input lin
e 236.


LaTeX Warning: Reference `IntroRational' on page 34 undefined on input line 236
.

[34]

LaTeX Warning: Reference `pursuitlog' on page 35 undefined on input line 282.


LaTeX Warning: Reference `ExpLogApplications' on page 35 undefined on input lin
e 282.

[35]
Underfull \hbox (badness 10000) in paragraph at lines 296--297

 []

File: PowerFunctions.33 Graphic file (type mps)
[MP to PDF] (./PowerFunctions.33)
Underfull \hbox (badness 10000) in paragraph at lines 315--316

 []

File: PowerFunctions.34 Graphic file (type mps)
[MP to PDF] (./PowerFunctions.34)
Underfull \hbox (badness 10000) in paragraph at lines 337--338

 []

File: PowerFunctions.35 Graphic file (type mps)
[MP to PDF] (./PowerFunctions.35)
Underfull \hbox (badness 10000) in paragraph at lines 356--357

 []

File: PowerFunctions.36 Graphic file (type mps)
[MP to PDF] (./PowerFunctions.36)
Underfull \hbox (badness 10000) in paragraph at lines 377--378

 []

File: PowerFunctions.37 Graphic file (type mps)
[MP to PDF] (./PowerFunctions.37)
Underfull \hbox (badness 10000) in paragraph at lines 396--397

 []

File: PowerFunctions.38 Graphic file (type mps)
[MP to PDF] (./PowerFunctions.38) [36]
Underfull \hbox (badness 10000) in paragraph at lines 435--439

 []

File: PowerFunctions.39 Graphic file (type mps)
[MP to PDF] (./PowerFunctions.39)
Underfull \hbox (badness 10000) in paragraph at lines 463--470

 []


Underfull \hbox (badness 10000) in paragraph at lines 471--472

 []

File: PowerFunctions.40 Graphic file (type mps)
[MP to PDF] (./PowerFunctions.40)
File: PowerFunctions.41 Graphic file (type mps)
 [MP to PDF] (./PowerFunctions.41)
Underfull \hbox (badness 10000) in paragraph at lines 516--525

 []

File: PowerFunctions.42 Graphic file (type mps)
[MP to PDF] (./PowerFunctions.42)
Underfull \hbox (badness 10000) in paragraph at lines 550--552

 []

File: PowerFunctions.43 Graphic file (type mps)
[MP to PDF] (./PowerFunctions.43)
Underfull \hbox (badness 10000) in paragraph at lines 577--587

 []

File: PowerFunctions.44 Graphic file (type mps)
[MP to PDF] (./PowerFunctions.44)
Overfull \vbox (13.30473pt too high) has occurred while \output is active []



Package multicol Warning: I moved some lines to the next page.
(multicol)                Footnotes on page 37 might be wrong on input line 604
.

[37]
File: PowerFunctions.45 Graphic file (type mps)
 [MP to PDF] (./PowerFunctions.45)
Underfull \hbox (badness 10000) in paragraph at lines 633--640

 []

File: PowerFunctions.46 Graphic file (type mps)
[MP to PDF] (./PowerFunctions.46)
File: PowerFunctions.47 Graphic file (type mps)
 [MP to PDF] (./PowerFunctions.47)
Underfull \hbox (badness 10000) in paragraph at lines 688--695

 []

File: PowerFunctions.48 Graphic file (type mps)
[MP to PDF] (./PowerFunctions.48)
File: PowerFunctions.49 Graphic file (type mps)
 [MP to PDF] (./PowerFunctions.49)
Underfull \hbox (badness 10000) in paragraph at lines 736--743

 []

File: PowerFunctions.50 Graphic file (type mps)
[MP to PDF] (./PowerFunctions.50) [38]
File: PowerFunctions.51 Graphic file (type mps)
 [MP to PDF] (./PowerFunctions.51)
Underfull \hbox (badness 10000) in paragraph at lines 787--794

 []

File: PowerFunctions.52 Graphic file (type mps)
[MP to PDF] (./PowerFunctions.52)
File: PowerFunctions.53 Graphic file (type mps)
 [MP to PDF] (./PowerFunctions.53)
Underfull \hbox (badness 10000) in paragraph at lines 837--845

 []

File: PowerFunctions.54 Graphic file (type mps)
[MP to PDF] (./PowerFunctions.54)

LaTeX Warning: Reference `monomialarcexercise' on page 39 undefined on input li
ne 864.


LaTeX Warning: Reference `GraphsofPolynomials' on page 39 undefined on input li
ne 864.


LaTeX Warning: Reference `laurentarcexercise' on page 39 undefined on input lin
e 864.


LaTeX Warning: Reference `IntroRational' on page 39 undefined on input line 864
.

[39] [40]
Underfull \hbox (badness 10000) in paragraph at lines 896--897

 []

<./PowerFunctionsGraphics/WINDCHILL.jpg, id=549, 1508.63625pt x 525.965pt>
File: ./PowerFunctionsGraphics/WINDCHILL.jpg Graphic file (type jpg)
<use ./PowerFunctionsGraphics/WINDCHILL.jpg>
Package pdftex.def Info: ./PowerFunctionsGraphics/WINDCHILL.jpg  used on input 
line 898.
(pdftex.def)             Requested size: 362.74768pt x 126.47249pt.
<./PowerFunctionsGraphics/PURSUIT01.jpg, id=550, 1244.65pt x 581.17125pt>
File: ./PowerFunctionsGraphics/PURSUIT01.jpg Graphic file (type jpg)
<use ./PowerFunctionsGraphics/PURSUIT01.jpg>
Package pdftex.def Info: ./PowerFunctionsGraphics/PURSUIT01.jpg  used on input 
line 910.
(pdftex.def)             Requested size: 309.54742pt x 144.54pt.
<./PowerFunctionsGraphics/PURSUIT02.jpg, id=551, 1114.1625pt x 1160.335pt>
File: ./PowerFunctionsGraphics/PURSUIT02.jpg Graphic file (type jpg)
<use ./PowerFunctionsGraphics/PURSUIT02.jpg>
Package pdftex.def Info: ./PowerFunctionsGraphics/PURSUIT02.jpg  used on input 
line 920.
(pdftex.def)             Requested size: 138.77695pt x 144.54pt.
)) [41 <./PowerFunctionsGraphics/WINDCHILL.jpg> <./PowerFunctionsGraphics/PURSU
IT01.jpg> <./PowerFunctionsGraphics/PURSUIT02.jpg>] (./PowerEqIneq.tex

Mfpic: Initializing PowerEqIneq.mp.
\openout3 = `PowerEqIneq.mp'.

Mfpic: Don't forget to process PowerEqIneq.mp!
Mfpic: Apply metapost to PowerEqIneq.mp.
Mfpic: Then reprocess this file "CompilerRootRadicalPowerFunctions".

[42]
<./PowerEqIneqGraphics/PowerEqEx01.jpg, id=584, 2822.545pt x 1507.6325pt>
File: ./PowerEqIneqGraphics/PowerEqEx01.jpg Graphic file (type jpg)
<use ./PowerEqIneqGraphics/PowerEqEx01.jpg>
Package pdftex.def Info: ./PowerEqIneqGraphics/PowerEqEx01.jpg  used on input l
ine 89.
(pdftex.def)             Requested size: 216.81pt x 115.8051pt.
<./PowerEqIneqGraphics/PowerEqEx02.jpg, id=585, 2812.5075pt x 1507.6325pt>
File: ./PowerEqIneqGraphics/PowerEqEx02.jpg Graphic file (type jpg)
<use ./PowerEqIneqGraphics/PowerEqEx02.jpg>
Package pdftex.def Info: ./PowerEqIneqGraphics/PowerEqEx02.jpg  used on input l
ine 89.
(pdftex.def)             Requested size: 216.81pt x 116.21918pt.

Overfull \hbox (15.24007pt too wide) in paragraph at lines 87--94
 [] 
 []


LaTeX Warning: Reference `AppQuadEqus' on page 43 undefined on input line 118.


LaTeX Warning: Reference `polyquadinform' on page 43 undefined on input line 11
8.


LaTeX Warning: Reference `RealZeros' on page 43 undefined on input line 118.

[43 <./PowerEqIneqGraphics/PowerEqEx01.jpg> <./PowerEqIneqGraphics/PowerEqEx02.
jpg>]
<./PowerEqIneqGraphics/PowerEqEx03.jpg, id=600, 2818.53pt x 1509.64pt>
File: ./PowerEqIneqGraphics/PowerEqEx03.jpg Graphic file (type jpg)
<use ./PowerEqIneqGraphics/PowerEqEx03.jpg>
Package pdftex.def Info: ./PowerEqIneqGraphics/PowerEqEx03.jpg  used on input l
ine 124.
(pdftex.def)             Requested size: 216.81pt x 116.12054pt.
<./PowerEqIneqGraphics/PowerEqEx04.jpg, id=601, 2822.545pt x 1511.6475pt>
File: ./PowerEqIneqGraphics/PowerEqEx04.jpg Graphic file (type jpg)
<use ./PowerEqIneqGraphics/PowerEqEx04.jpg>
Package pdftex.def Info: ./PowerEqIneqGraphics/PowerEqEx04.jpg  used on input l
ine 124.
(pdftex.def)             Requested size: 216.81pt x 116.11351pt.

Overfull \hbox (15.24007pt too wide) in paragraph at lines 122--129
 [] 
 []


Overfull \hbox (13.77814pt too wide) detected at line 145
[]
 []

[44 <./PowerEqIneqGraphics/PowerEqEx03.jpg> <./PowerEqIneqGraphics/PowerEqEx04.
jpg>]
Overfull \hbox (5.54996pt too wide) detected at line 160
[]
 []

<./PowerEqIneqGraphics/PowerEqEx05.jpg, id=619, 2812.5075pt x 1507.6325pt>
File: ./PowerEqIneqGraphics/PowerEqEx05.jpg Graphic file (type jpg)
<use ./PowerEqIneqGraphics/PowerEqEx05.jpg>
Package pdftex.def Info: ./PowerEqIneqGraphics/PowerEqEx05.jpg  used on input l
ine 168.
(pdftex.def)             Requested size: 216.81pt x 116.21918pt.
<./PowerEqIneqGraphics/PowerEqEx06.jpg, id=620, 2826.56pt x 1511.6475pt>
File: ./PowerEqIneqGraphics/PowerEqEx06.jpg Graphic file (type jpg)
<use ./PowerEqIneqGraphics/PowerEqEx06.jpg>
Package pdftex.def Info: ./PowerEqIneqGraphics/PowerEqEx06.jpg  used on input l
ine 168.
(pdftex.def)             Requested size: 216.81pt x 115.92897pt.

Overfull \hbox (15.24007pt too wide) in paragraph at lines 166--173
 [] 
 []

[45 <./PowerEqIneqGraphics/PowerEqEx05.jpg> <./PowerEqIneqGraphics/PowerEqEx06.
jpg>] [46]

LaTeX Warning: Reference `IntroRational' on page 47 undefined on input line 245
.

File: PowerEqIneq.1 Graphic file (type mps)
[MP to PDF] (./PowerEqIneq.1)

LaTeX Warning: Reference `QuadraticFunctions' on page 47 undefined on input lin
e 270.


LaTeX Warning: Reference `RealZeros' on page 47 undefined on input line 270.


LaTeX Warning: Reference `RationalIneq' on page 47 undefined on input line 270.



Underfull \vbox (badness 1270) has occurred while \output is active []

 [47]
File: PowerEqIneq.2 Graphic file (type mps)

[MP to PDF] (./PowerEqIneq.2)
<./PowerEqIneqGraphics/PowerIneqEx01.jpg, id=668, 2822.545pt x 1511.6475pt>
File: ./PowerEqIneqGraphics/PowerIneqEx01.jpg Graphic file (type jpg)
<use ./PowerEqIneqGraphics/PowerIneqEx01.jpg>
Package pdftex.def Info: ./PowerEqIneqGraphics/PowerIneqEx01.jpg  used on input
 line 364.
(pdftex.def)             Requested size: 216.81pt x 116.11351pt.

Overfull \hbox (36.13501pt too wide) in paragraph at lines 364--365
[]|[]| 
 []

[48]
File: PowerEqIneq.3 Graphic file (type mps)
 [MP to PDF] (./PowerEqIneq.3)
<./PowerEqIneqGraphics/PowerIneqEx02.jpg, id=685, 2824.5525pt x 1517.67pt>
File: ./PowerEqIneqGraphics/PowerIneqEx02.jpg Graphic file (type jpg)
<use ./PowerEqIneqGraphics/PowerIneqEx02.jpg>
Package pdftex.def Info: ./PowerEqIneqGraphics/PowerIneqEx02.jpg  used on input
 line 400.
(pdftex.def)             Requested size: 216.81pt x 116.48347pt.

Overfull \hbox (36.13501pt too wide) in paragraph at lines 400--401
[]|[]| 
 []

[49 <./PowerEqIneqGraphics/PowerIneqEx01.jpg> <./PowerEqIneqGraphics/PowerIneqE
x02.jpg>] [50]
File: PowerEqIneq.4 Graphic file (type mps)
 [MP to PDF] (./PowerEqIneq.4)
<./PowerEqIneqGraphics/PowerIneqEx03.jpg, id=704, 2818.53pt x 1511.6475pt>
File: ./PowerEqIneqGraphics/PowerIneqEx03.jpg Graphic file (type jpg)
<use ./PowerEqIneqGraphics/PowerIneqEx03.jpg>
Package pdftex.def Info: ./PowerEqIneqGraphics/PowerIneqEx03.jpg  used on input
 line 480.
(pdftex.def)             Requested size: 216.81pt x 116.27496pt.

Overfull \hbox (36.13501pt too wide) in paragraph at lines 480--481
[]|[]| 
 []

[51 <./PowerEqIneqGraphics/PowerIneqEx03.jpg>]
File: PowerEqIneq.5 Graphic file (type mps)
 [MP to PDF] (./PowerEqIneq.5)
<./PowerEqIneqGraphics/PowerIneqEx04.jpg, id=714, 2824.5525pt x 1507.6325pt>
File: ./PowerEqIneqGraphics/PowerIneqEx04.jpg Graphic file (type jpg)
<use ./PowerEqIneqGraphics/PowerIneqEx04.jpg>
Package pdftex.def Info: ./PowerEqIneqGraphics/PowerIneqEx04.jpg  used on input
 line 539.
(pdftex.def)             Requested size: 216.81pt x 115.71309pt.

Overfull \hbox (36.13501pt too wide) in paragraph at lines 539--540
[]|[]| 
 []

[52 <./PowerEqIneqGraphics/PowerIneqEx04.jpg>] [53]
(./ExercisesforPowerEqIneq.tex [54]
<./PowerEqIneqGraphics/CobbDouglasExercise.jpg, id=770, 1051.93pt x 959.585pt>
File: ./PowerEqIneqGraphics/CobbDouglasExercise.jpg Graphic file (type jpg)
<use ./PowerEqIneqGraphics/CobbDouglasExercise.jpg>
Package pdftex.def Info: ./PowerEqIneqGraphics/CobbDouglasExercise.jpg  used on
 input line 353.
(pdftex.def)             Requested size: 158.44078pt x 144.54pt.
)) [55 <./PowerEqIneqGraphics/CobbDouglasExercise.jpg>]) (./CompilerRootRadical
PowerFunctions.aux
(./RootRadicalPowerFunctions.aux))
 ***********
LaTeX2e <2023-11-01> patch level 1
L3 programming layer <2024-02-20>
 ***********


LaTeX Warning: There were undefined references.


LaTeX Warning: Label(s) may have changed. Rerun to get cross-references right.

Package rerunfilecheck Info: File `CompilerRootRadicalPowerFunctions.out' has n
ot changed.
(rerunfilecheck)             Checksum: BC59391D05999913DF204F5660A631A1;2223.
 ) 
Here is how much of TeX's memory you used:
 16063 strings out of 474116
 243191 string characters out of 5743682
 1961187 words of memory out of 5000000
 37489 multiletter control sequences out of 15000+600000
 606653 words of font info for 120 fonts, out of 8000000 for 9000
 1141 hyphenation exceptions out of 8191
 75i,20n,79p,1966b,2139s stack positions out of 10000i,1000n,20000p,200000b,200000s
</usr/local/texlive/2024/texmf-dist/fonts/type1/public/amsfonts/cm/cmex10.pfb
></usr/local/texlive/2024/texmf-dist/fonts/type1/public/amsfonts/cmextra/cmex8.
pfb></usr/local/texlive/2024/texmf-dist/fonts/type1/public/amsfonts/cm/cmmi10.p
fb></usr/local/texlive/2024/texmf-dist/fonts/type1/public/amsfonts/cm/cmmi8.pfb
></usr/local/texlive/2024/texmf-dist/fonts/type1/public/amsfonts/cm/cmmi9.pfb><
/usr/local/texlive/2024/texmf-dist/fonts/type1/public/amsfonts/cm/cmsy10.pfb></
usr/local/texlive/2024/texmf-dist/fonts/type1/public/amsfonts/cm/cmsy6.pfb></us
r/local/texlive/2024/texmf-dist/fonts/type1/public/amsfonts/cm/cmsy8.pfb></usr/
local/texlive/2024/texmf-dist/fonts/type1/public/amsfonts/cm/cmsy9.pfb></usr/lo
cal/texlive/2024/texmf-dist/fonts/type1/public/amsfonts/symbols/msbm10.pfb></us
r/local/texlive/2024/texmf-dist/fonts/type1/urw/helvetic/uhvb8a.pfb></usr/local
/texlive/2024/texmf-dist/fonts/type1/urw/helvetic/uhvr8a.pfb></usr/local/texliv
e/2024/texmf-dist/fonts/type1/urw/helvetic/uhvro8a.pfb>
Output written on CompilerRootRadicalPowerFunctions.pdf (55 pages, 4121658 byte
s).
PDF statistics:
 953 PDF objects out of 1000 (max. 8388607)
 815 compressed objects within 9 object streams
 399 named destinations out of 1000 (max. 500000)
 223 words of extra memory for PDF output out of 10000 (max. 10000000)

