\BOOKMARK [0][-]{chapter.1}{\376\377\000E\000x\000p\000o\000n\000e\000n\000t\000i\000a\000l\000\040\000a\000n\000d\000\040\000L\000o\000g\000a\000r\000i\000t\000h\000m\000i\000c\000\040\000F\000u\000n\000c\000t\000i\000o\000n\000s}{}% 1
\BOOKMARK [1][-]{section.1.1}{\376\377\000E\000x\000p\000o\000n\000e\000n\000t\000i\000a\000l\000\040\000F\000u\000n\000c\000t\000i\000o\000n\000s}{chapter.1}% 2
\BOOKMARK [2][-]{subsection.1.1.1}{\376\377\000E\000x\000e\000r\000c\000i\000s\000e\000s}{section.1.1}% 3
\BOOKMARK [2][-]{subsection.1.1.2}{\376\377\000A\000n\000s\000w\000e\000r\000s}{section.1.1}% 4
\BOOKMARK [1][-]{section.1.2}{\376\377\000L\000o\000g\000a\000r\000i\000t\000h\000m\000i\000c\000\040\000F\000u\000n\000c\000t\000i\000o\000n\000s}{chapter.1}% 5
\BOOKMARK [2][-]{subsection.1.2.1}{\376\377\000E\000x\000e\000r\000c\000i\000s\000e\000s}{section.1.2}% 6
\BOOKMARK [2][-]{subsection.1.2.2}{\376\377\000A\000n\000s\000w\000e\000r\000s}{section.1.2}% 7
\BOOKMARK [1][-]{section.1.3}{\376\377\000P\000r\000o\000p\000e\000r\000t\000i\000e\000s\000\040\000o\000f\000\040\000L\000o\000g\000a\000r\000i\000t\000h\000m\000s}{chapter.1}% 8
\BOOKMARK [2][-]{subsection.1.3.1}{\376\377\000E\000x\000e\000r\000c\000i\000s\000e\000s}{section.1.3}% 9
\BOOKMARK [2][-]{subsection.1.3.2}{\376\377\000A\000n\000s\000w\000e\000r\000s}{section.1.3}% 10
\BOOKMARK [1][-]{section.1.4}{\376\377\000E\000q\000u\000a\000t\000i\000o\000n\000s\000\040\000a\000n\000d\000\040\000I\000n\000e\000q\000u\000a\000l\000i\000t\000i\000e\000s\000\040\000i\000n\000v\000o\000l\000v\000i\000n\000g\000\040\000E\000x\000p\000o\000n\000e\000n\000t\000i\000a\000l\000\040\000F\000u\000n\000c\000t\000i\000o\000n\000s}{chapter.1}% 11
\BOOKMARK [2][-]{subsection.1.4.1}{\376\377\000E\000x\000e\000r\000c\000i\000s\000e\000s}{section.1.4}% 12
\BOOKMARK [2][-]{subsection.1.4.2}{\376\377\000A\000n\000s\000w\000e\000r\000s}{section.1.4}% 13
\BOOKMARK [1][-]{section.1.5}{\376\377\000E\000q\000u\000a\000t\000i\000o\000n\000s\000\040\000a\000n\000d\000\040\000I\000n\000e\000q\000u\000a\000l\000i\000t\000i\000e\000s\000\040\000i\000n\000v\000o\000l\000v\000i\000n\000g\000\040\000L\000o\000g\000a\000r\000i\000t\000h\000m\000i\000c\000\040\000F\000u\000n\000c\000t\000i\000o\000n\000s}{chapter.1}% 14
\BOOKMARK [2][-]{subsection.1.5.1}{\376\377\000E\000x\000e\000r\000c\000i\000s\000e\000s}{section.1.5}% 15
\BOOKMARK [2][-]{subsection.1.5.2}{\376\377\000A\000n\000s\000w\000e\000r\000s}{section.1.5}% 16
\BOOKMARK [1][-]{section.1.6}{\376\377\000A\000p\000p\000l\000i\000c\000a\000t\000i\000o\000n\000s\000\040\000o\000f\000\040\000E\000x\000p\000o\000n\000e\000n\000t\000i\000a\000l\000\040\000a\000n\000d\000\040\000L\000o\000g\000a\000r\000i\000t\000h\000m\000i\000c\000\040\000F\000u\000n\000c\000t\000i\000o\000n\000s}{chapter.1}% 17
\BOOKMARK [2][-]{subsection.1.6.1}{\376\377\000A\000p\000p\000l\000i\000c\000a\000t\000i\000o\000n\000s\000\040\000o\000f\000\040\000E\000x\000p\000o\000n\000e\000n\000t\000i\000a\000l\000\040\000F\000u\000n\000c\000t\000i\000o\000n\000s}{section.1.6}% 18
\BOOKMARK [2][-]{subsection.1.6.2}{\376\377\000A\000p\000p\000l\000i\000c\000a\000t\000i\000o\000n\000s\000\040\000o\000f\000\040\000L\000o\000g\000a\000r\000i\000t\000h\000m\000s}{section.1.6}% 19
\BOOKMARK [2][-]{subsection.1.6.3}{\376\377\000E\000x\000e\000r\000c\000i\000s\000e\000s}{section.1.6}% 20
\BOOKMARK [2][-]{subsection.1.6.4}{\376\377\000A\000n\000s\000w\000e\000r\000s}{section.1.6}% 21
