This is pdfTeX, Version 3.141592653-2.6-1.40.26 (TeX Live 2024) (preloaded format=pdflatex 2025.1.31)  27 JUN 2025 08:25
entering extended mode
 restricted \write18 enabled.
 file:line:error style messages enabled.
 %&-line parsing enabled.
**CompilerExponentialandLogarithmicFunctions.tex
(./CompilerExponentialandLogarithmicFunctions.tex
LaTeX2e <2023-11-01> patch level 1
L3 programming layer <2024-02-20>
(/usr/local/texlive/2024/texmf-dist/tex/latex/base/book.cls
Document Class: book 2023/05/17 v1.4n Standard LaTeX document class
(/usr/local/texlive/2024/texmf-dist/tex/latex/base/bk11.clo
File: bk11.clo 2023/05/17 v1.4n Standard LaTeX file (size option)
)
\c@part=\count188
\c@chapter=\count189
\c@section=\count190
\c@subsection=\count191
\c@subsubsection=\count192
\c@paragraph=\count193
\c@subparagraph=\count194
\c@figure=\count195
\c@table=\count196
\abovecaptionskip=\skip48
\belowcaptionskip=\skip49
\bibindent=\dimen140
)
(/usr/local/texlive/2024/texmf-dist/tex/latex/amsfonts/amssymb.sty
Package: amssymb 2013/01/14 v3.01 AMS font symbols

(/usr/local/texlive/2024/texmf-dist/tex/latex/amsfonts/amsfonts.sty
Package: amsfonts 2013/01/14 v3.01 Basic AMSFonts support
\@emptytoks=\toks17
\symAMSa=\mathgroup4
\symAMSb=\mathgroup5
LaTeX Font Info:    Redeclaring math symbol \hbar on input line 98.
LaTeX Font Info:    Overwriting math alphabet `\mathfrak' in version `bold'
(Font)                  U/euf/m/n --> U/euf/b/n on input line 106.
))
(/usr/local/texlive/2024/texmf-dist/tex/latex/amsmath/amsmath.sty
Package: amsmath 2023/05/13 v2.17o AMS math features
\@mathmargin=\skip50

For additional information on amsmath, use the `?' option.
(/usr/local/texlive/2024/texmf-dist/tex/latex/amsmath/amstext.sty
Package: amstext 2021/08/26 v2.01 AMS text

(/usr/local/texlive/2024/texmf-dist/tex/latex/amsmath/amsgen.sty
File: amsgen.sty 1999/11/30 v2.0 generic functions
\@emptytoks=\toks18
\ex@=\dimen141
))
(/usr/local/texlive/2024/texmf-dist/tex/latex/amsmath/amsbsy.sty
Package: amsbsy 1999/11/29 v1.2d Bold Symbols
\pmbraise@=\dimen142
)
(/usr/local/texlive/2024/texmf-dist/tex/latex/amsmath/amsopn.sty
Package: amsopn 2022/04/08 v2.04 operator names
)
\inf@bad=\count197
LaTeX Info: Redefining \frac on input line 234.
\uproot@=\count198
\leftroot@=\count199
LaTeX Info: Redefining \overline on input line 399.
LaTeX Info: Redefining \colon on input line 410.
\classnum@=\count266
\DOTSCASE@=\count267
LaTeX Info: Redefining \ldots on input line 496.
LaTeX Info: Redefining \dots on input line 499.
LaTeX Info: Redefining \cdots on input line 620.
\Mathstrutbox@=\box51
\strutbox@=\box52
LaTeX Info: Redefining \big on input line 722.
LaTeX Info: Redefining \Big on input line 723.
LaTeX Info: Redefining \bigg on input line 724.
LaTeX Info: Redefining \Bigg on input line 725.
\big@size=\dimen143
LaTeX Font Info:    Redeclaring font encoding OML on input line 743.
LaTeX Font Info:    Redeclaring font encoding OMS on input line 744.
\macc@depth=\count268
LaTeX Info: Redefining \bmod on input line 905.
LaTeX Info: Redefining \pmod on input line 910.
LaTeX Info: Redefining \smash on input line 940.
LaTeX Info: Redefining \relbar on input line 970.
LaTeX Info: Redefining \Relbar on input line 971.
\c@MaxMatrixCols=\count269
\dotsspace@=\muskip16
\c@parentequation=\count270
\dspbrk@lvl=\count271
\tag@help=\toks19
\row@=\count272
\column@=\count273
\maxfields@=\count274
\andhelp@=\toks20
\eqnshift@=\dimen144
\alignsep@=\dimen145
\tagshift@=\dimen146
\tagwidth@=\dimen147
\totwidth@=\dimen148
\lineht@=\dimen149
\@envbody=\toks21
\multlinegap=\skip51
\multlinetaggap=\skip52
\mathdisplay@stack=\toks22
LaTeX Info: Redefining \[ on input line 2953.
LaTeX Info: Redefining \] on input line 2954.
)
(/usr/local/texlive/2024/texmf-dist/tex/latex/amscls/amsthm.sty
Package: amsthm 2020/05/29 v2.20.6
\thm@style=\toks23
\thm@bodyfont=\toks24
\thm@headfont=\toks25
\thm@notefont=\toks26
\thm@headpunct=\toks27
\thm@preskip=\skip53
\thm@postskip=\skip54
\thm@headsep=\skip55
\dth@everypar=\toks28
)
(/usr/local/texlive/2024/texmf-dist/tex/latex/fancyhdr/fancyhdr.sty
Package: fancyhdr 2022/11/09 v4.1 Extensive control of page headers and footers

\f@nch@headwidth=\skip56
\f@nch@O@elh=\skip57
\f@nch@O@erh=\skip58
\f@nch@O@olh=\skip59
\f@nch@O@orh=\skip60
\f@nch@O@elf=\skip61
\f@nch@O@erf=\skip62
\f@nch@O@olf=\skip63
\f@nch@O@orf=\skip64
)
(/usr/local/texlive/2024/texmf-dist/tex/latex/supertabular/supertabular.sty
Package: supertabular 2020/02/02 v4.1g the supertabular environment
\c@tracingst=\count275
\ST@wd=\dimen150
\ST@rightskip=\skip65
\ST@leftskip=\skip66
\ST@parfillskip=\skip67
\ST@pageleft=\dimen151
\ST@headht=\dimen152
\ST@tailht=\dimen153
\ST@pagesofar=\dimen154
\ST@pboxht=\dimen155
\ST@lineht=\dimen156
\ST@prevht=\dimen157
\ST@toadd=\dimen158
\ST@dimen=\dimen159
\ST@pbox=\box53
)
(/usr/local/texlive/2024/texmf-dist/tex/latex/tools/longtable.sty
Package: longtable 2023-11-01 v4.19 Multi-page Table package (DPC)
\LTleft=\skip68
\LTright=\skip69
\LTpre=\skip70
\LTpost=\skip71
\LTchunksize=\count276
\LTcapwidth=\dimen160
\LT@head=\box54
\LT@firsthead=\box55
\LT@foot=\box56
\LT@lastfoot=\box57
\LT@gbox=\box58
\LT@cols=\count277
\LT@rows=\count278
\c@LT@tables=\count279
\c@LT@chunks=\count280
\LT@p@ftn=\toks29
)
(/usr/local/texlive/2024/texmf-dist/tex/latex/tools/hhline.sty
Package: hhline 2020/01/04 v2.04 Table rule package (DPC)
)
(/usr/local/texlive/2024/texmf-dist/tex/latex/mathtools/mathtools.sty
Package: mathtools 2024/03/11 v1.30 mathematical typesetting tools

(/usr/local/texlive/2024/texmf-dist/tex/latex/graphics/keyval.sty
Package: keyval 2022/05/29 v1.15 key=value parser (DPC)
\KV@toks@=\toks30
)
(/usr/local/texlive/2024/texmf-dist/tex/latex/tools/calc.sty
Package: calc 2023/07/08 v4.3 Infix arithmetic (KKT,FJ)
\calc@Acount=\count281
\calc@Bcount=\count282
\calc@Adimen=\dimen161
\calc@Bdimen=\dimen162
\calc@Askip=\skip72
\calc@Bskip=\skip73
LaTeX Info: Redefining \setlength on input line 80.
LaTeX Info: Redefining \addtolength on input line 81.
\calc@Ccount=\count283
\calc@Cskip=\skip74
)
(/usr/local/texlive/2024/texmf-dist/tex/latex/mathtools/mhsetup.sty
Package: mhsetup 2021/03/18 v1.4 programming setup (MH)
)
\g_MT_multlinerow_int=\count284
\l_MT_multwidth_dim=\dimen163
\origjot=\skip75
\l_MT_shortvdotswithinadjustabove_dim=\dimen164
\l_MT_shortvdotswithinadjustbelow_dim=\dimen165
\l_MT_above_intertext_sep=\dimen166
\l_MT_below_intertext_sep=\dimen167
\l_MT_above_shortintertext_sep=\dimen168
\l_MT_below_shortintertext_sep=\dimen169
\xmathstrut@box=\box59
\xmathstrut@dim=\dimen170
)
(/usr/local/texlive/2024/texmf-dist/tex/latex/colortbl/colortbl.sty
Package: colortbl 2024/02/20 v1.0g Color table columns (DPC)

(/usr/local/texlive/2024/texmf-dist/tex/latex/tools/array.sty
Package: array 2023/10/16 v2.5g Tabular extension package (FMi)
\col@sep=\dimen171
\ar@mcellbox=\box60
\extrarowheight=\dimen172
\NC@list=\toks31
\extratabsurround=\skip76
\backup@length=\skip77
\ar@cellbox=\box61
)
(/usr/local/texlive/2024/texmf-dist/tex/latex/graphics/color.sty
Package: color 2022/01/06 v1.3d Standard LaTeX Color (DPC)

(/usr/local/texlive/2024/texmf-dist/tex/latex/graphics-cfg/color.cfg
File: color.cfg 2016/01/02 v1.6 sample color configuration
)
Package color Info: Driver file: pdftex.def on input line 149.

(/usr/local/texlive/2024/texmf-dist/tex/latex/graphics-def/pdftex.def
File: pdftex.def 2022/09/22 v1.2b Graphics/color driver for pdftex
)
(/usr/local/texlive/2024/texmf-dist/tex/latex/graphics/mathcolor.ltx))
\everycr=\toks32
\minrowclearance=\skip78
\rownum=\count285
)
(/usr/local/texlive/2024/texmf-dist/tex/latex/import/import.sty
Package: import 2020/04/01  v 6.2
)
(/usr/local/texlive/2024/texmf-dist/tex/latex/tools/multicol.sty
Package: multicol 2023/03/30 v1.9f multicolumn formatting (FMi)
\c@tracingmulticols=\count286
\mult@box=\box62
\multicol@leftmargin=\dimen173
\c@unbalance=\count287
\c@collectmore=\count288
\doublecol@number=\count289
\multicoltolerance=\count290
\multicolpretolerance=\count291
\full@width=\dimen174
\page@free=\dimen175
\premulticols=\dimen176
\postmulticols=\dimen177
\multicolsep=\skip79
\multicolbaselineskip=\skip80
\partial@page=\box63
\last@line=\box64
\mc@boxedresult=\box65
\maxbalancingoverflow=\dimen178
\mult@rightbox=\box66
\mult@grightbox=\box67
\mult@firstbox=\box68
\mult@gfirstbox=\box69
\@tempa=\box70
\@tempa=\box71
\@tempa=\box72
\@tempa=\box73
\@tempa=\box74
\@tempa=\box75
\@tempa=\box76
\@tempa=\box77
\@tempa=\box78
\@tempa=\box79
\@tempa=\box80
\@tempa=\box81
\@tempa=\box82
\@tempa=\box83
\@tempa=\box84
\@tempa=\box85
\@tempa=\box86
\@tempa=\box87
\@tempa=\box88
\@tempa=\box89
\@tempa=\box90
\@tempa=\box91
\@tempa=\box92
\@tempa=\box93
\@tempa=\box94
\@tempa=\box95
\@tempa=\box96
\@tempa=\box97
\@tempa=\box98
\@tempa=\box99
\@tempa=\box100
\@tempa=\box101
\@tempa=\box102
\@tempa=\box103
\@tempa=\box104
\@tempa=\box105
\c@minrows=\count292
\c@columnbadness=\count293
\c@finalcolumnbadness=\count294
\last@try=\dimen179
\multicolovershoot=\dimen180
\multicolundershoot=\dimen181
\mult@nat@firstbox=\box106
\colbreak@box=\box107
\mc@col@check@num=\count295
)
(/usr/local/texlive/2024/texmf-dist/tex/latex/boxedminipage/boxedminipage.sty
Package: boxedminipage 2020/04/19 v1.1 Boxed LaTeX2e minipages
\bmp@box=\box108
\bmp@width=\skip81
\bmp@height=\skip82
)
(/usr/local/texlive/2024/texmf-dist/tex/latex/chapterfolder/chapterfolder.sty
Package: chapterfolder 2005/11/24 v2.0 Package for dealing with folder

(/usr/local/texlive/2024/texmf-dist/tex/latex/base/ifthen.sty
Package: ifthen 2022/04/13 v1.1d Standard LaTeX ifthen package (DPC)
)
\c@@cf@currentpos=\count296
)
(/usr/local/texlive/2024/texmf-dist/tex/generic/mfpic/mfpic.sty
Package: mfpic 2012/12/03 v1.10. Macros for drawing with Metafont/MetaPost.

(/usr/local/texlive/2024/texmf-dist/tex/generic/mfpic/mfpic.tex
(/usr/local/texlive/2024/texmf-dist/tex/latex/graphics/graphics.sty
Package: graphics 2022/03/10 v1.4e Standard LaTeX Graphics (DPC,SPQR)

(/usr/local/texlive/2024/texmf-dist/tex/latex/graphics/trig.sty
Package: trig 2021/08/11 v1.11 sin cos tan (DPC)
)
(/usr/local/texlive/2024/texmf-dist/tex/latex/graphics-cfg/graphics.cfg
File: graphics.cfg 2016/06/04 v1.11 sample graphics configuration
)
Package graphics Info: Driver file: pdftex.def on input line 107.
)
\mfp@out=\write3
\mfp@graph=\read2
\mfp@count=\count297
\mfp@linetype=\count298
\mfp@sequence=\count299
\mfp@toks=\toks33
\mfp@verbtex=\toks34
\mfp@fdc=\count300
\@wholegraph=\box109
\@textbox=\box110
\@alltlabels=\box111
\@backtext=\box112
\@tlabelstop=\fontdimen 23\mfp@dummy 
\@tlabelsbot=\fontdimen 24\mfp@dummy 
\@tlabelsleft=\fontdimen 25\mfp@dummy 
\@graphright=\fontdimen 26\mfp@dummy 
\@graphleft=\fontdimen 27\mfp@dummy 
\@graphtop=\fontdimen 28\mfp@dummy 
\@graphbot=\fontdimen 29\mfp@dummy 
\tb@raise=\fontdimen 30\mfp@dummy 
\tb@moveright=\fontdimen 31\mfp@dummy 
\tb@totalht=\fontdimen 32\mfp@dummy 
\tlabel@hadj=\fontdimen 33\mfp@dummy 
\tlabel@vadj=\fontdimen 34\mfp@dummy 
\tlabel@sep=\fontdimen 35\mfp@dummy 
\tlpath@sep=\fontdimen 36\mfp@dummy 
\mfpicunit=\fontdimen 37\mfp@dummy 
\@mfpicunit=\fontdimen 38\mfp@dummy 
\pointsize=\fontdimen 39\mfp@dummy 
\shadespace=\fontdimen 40\mfp@dummy 
\polkadotspace=\fontdimen 41\mfp@dummy 
\hatchspace=\fontdimen 42\mfp@dummy 
\headlen=\fontdimen 43\mfp@dummy 
\axisheadlen=\fontdimen 44\mfp@dummy 
\sideheadlen=\fontdimen 45\mfp@dummy 
\hashlen=\fontdimen 46\mfp@dummy 
\dashlen=\fontdimen 47\mfp@dummy 
\dashspace=\fontdimen 48\mfp@dummy 
\dotsize=\fontdimen 49\mfp@dummy 
\griddotsize=\fontdimen 50\mfp@dummy 
\dotspace=\fontdimen 51\mfp@dummy 
\symbolspace=\fontdimen 52\mfp@dummy 
\mfp@scratch=\dimen182
\mfpframesep=\dimen183
\mfpframethickness=\dimen184
\mfpicheight=\dimen185
\mfpicwidth=\dimen186
\mfpiccaptionskip=\skip83
\tl@vpos=\count301
\tl@hpos=\count302
\mfp@commentchar=\count303
))
(/usr/local/texlive/2024/texmf-dist/tex/latex/graphics/graphicx.sty
Package: graphicx 2021/09/16 v1.2d Enhanced LaTeX Graphics (DPC,SPQR)
\Gin@req@height=\dimen187
\Gin@req@width=\dimen188
)
(/usr/local/texlive/2024/texmf-dist/tex/latex/base/makeidx.sty
Package: makeidx 2021/10/04 v1.0m Standard LaTeX package
)
(/usr/local/texlive/2024/texmf-dist/tex/latex/hyperref/hyperref.sty
Package: hyperref 2024-01-20 v7.01h Hypertext links for LaTeX

(/usr/local/texlive/2024/texmf-dist/tex/generic/iftex/iftex.sty
Package: iftex 2022/02/03 v1.0f TeX engine tests
)
(/usr/local/texlive/2024/texmf-dist/tex/latex/kvsetkeys/kvsetkeys.sty
Package: kvsetkeys 2022-10-05 v1.19 Key value parser (HO)
)
(/usr/local/texlive/2024/texmf-dist/tex/generic/kvdefinekeys/kvdefinekeys.sty
Package: kvdefinekeys 2019-12-19 v1.6 Define keys (HO)
)
(/usr/local/texlive/2024/texmf-dist/tex/generic/pdfescape/pdfescape.sty
Package: pdfescape 2019/12/09 v1.15 Implements pdfTeX's escape features (HO)

(/usr/local/texlive/2024/texmf-dist/tex/generic/ltxcmds/ltxcmds.sty
Package: ltxcmds 2023-12-04 v1.26 LaTeX kernel commands for general use (HO)
)
(/usr/local/texlive/2024/texmf-dist/tex/generic/pdftexcmds/pdftexcmds.sty
Package: pdftexcmds 2020-06-27 v0.33 Utility functions of pdfTeX for LuaTeX (HO
)

(/usr/local/texlive/2024/texmf-dist/tex/generic/infwarerr/infwarerr.sty
Package: infwarerr 2019/12/03 v1.5 Providing info/warning/error messages (HO)
)
Package pdftexcmds Info: \pdf@primitive is available.
Package pdftexcmds Info: \pdf@ifprimitive is available.
Package pdftexcmds Info: \pdfdraftmode found.
))
(/usr/local/texlive/2024/texmf-dist/tex/latex/hycolor/hycolor.sty
Package: hycolor 2020-01-27 v1.10 Color options for hyperref/bookmark (HO)
)
(/usr/local/texlive/2024/texmf-dist/tex/latex/auxhook/auxhook.sty
Package: auxhook 2019-12-17 v1.6 Hooks for auxiliary files (HO)
)
(/usr/local/texlive/2024/texmf-dist/tex/latex/hyperref/nameref.sty
Package: nameref 2023-11-26 v2.56 Cross-referencing by name of section

(/usr/local/texlive/2024/texmf-dist/tex/latex/refcount/refcount.sty
Package: refcount 2019/12/15 v3.6 Data extraction from label references (HO)
)
(/usr/local/texlive/2024/texmf-dist/tex/generic/gettitlestring/gettitlestring.s
ty
Package: gettitlestring 2019/12/15 v1.6 Cleanup title references (HO)
 (/usr/local/texlive/2024/texmf-dist/tex/latex/kvoptions/kvoptions.sty
Package: kvoptions 2022-06-15 v3.15 Key value format for package options (HO)
))
\c@section@level=\count304
)
(/usr/local/texlive/2024/texmf-dist/tex/latex/etoolbox/etoolbox.sty
Package: etoolbox 2020/10/05 v2.5k e-TeX tools for LaTeX (JAW)
\etb@tempcnta=\count305
)
\@linkdim=\dimen189
\Hy@linkcounter=\count306
\Hy@pagecounter=\count307

(/usr/local/texlive/2024/texmf-dist/tex/latex/hyperref/pd1enc.def
File: pd1enc.def 2024-01-20 v7.01h Hyperref: PDFDocEncoding definition (HO)
Now handling font encoding PD1 ...
... no UTF-8 mapping file for font encoding PD1
)
(/usr/local/texlive/2024/texmf-dist/tex/generic/intcalc/intcalc.sty
Package: intcalc 2019/12/15 v1.3 Expandable calculations with integers (HO)
)
\Hy@SavedSpaceFactor=\count308

(/usr/local/texlive/2024/texmf-dist/tex/latex/hyperref/puenc.def
File: puenc.def 2024-01-20 v7.01h Hyperref: PDF Unicode definition (HO)
Now handling font encoding PU ...
... no UTF-8 mapping file for font encoding PU
)
Package hyperref Info: Option `colorlinks' set `true' on input line 4062.
Package hyperref Info: Option `hyperindex' set `true' on input line 4062.
Package hyperref Info: Option `plainpages' set `false' on input line 4062.
Package hyperref Info: Option `pdfpagelabels' set `true' on input line 4062.
Package hyperref Info: Hyper figures OFF on input line 4179.
Package hyperref Info: Link nesting OFF on input line 4184.
Package hyperref Info: Hyper index ON on input line 4187.
Package hyperref Info: Plain pages OFF on input line 4194.
Package hyperref Info: Backreferencing OFF on input line 4199.
Package hyperref Info: Implicit mode ON; LaTeX internals redefined.
Package hyperref Info: Bookmarks ON on input line 4446.
\c@Hy@tempcnt=\count309

(/usr/local/texlive/2024/texmf-dist/tex/latex/url/url.sty
\Urlmuskip=\muskip17
Package: url 2013/09/16  ver 3.4  Verb mode for urls, etc.
)
LaTeX Info: Redefining \url on input line 4784.
\XeTeXLinkMargin=\dimen190

(/usr/local/texlive/2024/texmf-dist/tex/generic/bitset/bitset.sty
Package: bitset 2019/12/09 v1.3 Handle bit-vector datatype (HO)

(/usr/local/texlive/2024/texmf-dist/tex/generic/bigintcalc/bigintcalc.sty
Package: bigintcalc 2019/12/15 v1.5 Expandable calculations on big integers (HO
)
))
\Fld@menulength=\count310
\Field@Width=\dimen191
\Fld@charsize=\dimen192
Package hyperref Info: Hyper figures OFF on input line 6063.
Package hyperref Info: Link nesting OFF on input line 6068.
Package hyperref Info: Hyper index ON on input line 6071.
Package hyperref Info: backreferencing OFF on input line 6078.
Package hyperref Info: Link coloring ON on input line 6081.
Package hyperref Info: Link coloring with OCG OFF on input line 6088.
Package hyperref Info: PDF/A mode OFF on input line 6093.

(/usr/local/texlive/2024/texmf-dist/tex/latex/base/atbegshi-ltx.sty
Package: atbegshi-ltx 2021/01/10 v1.0c Emulation of the original atbegshi
package with kernel methods
)
\Hy@abspage=\count311
\c@Item=\count312
\c@Hfootnote=\count313
)
Package hyperref Info: Driver (autodetected): hpdftex.

(/usr/local/texlive/2024/texmf-dist/tex/latex/hyperref/hpdftex.def
File: hpdftex.def 2024-01-20 v7.01h Hyperref driver for pdfTeX

(/usr/local/texlive/2024/texmf-dist/tex/latex/base/atveryend-ltx.sty
Package: atveryend-ltx 2020/08/19 v1.0a Emulation of the original atveryend pac
kage
with kernel methods
)
\Fld@listcount=\count314
\c@bookmark@seq@number=\count315

(/usr/local/texlive/2024/texmf-dist/tex/latex/rerunfilecheck/rerunfilecheck.sty
Package: rerunfilecheck 2022-07-10 v1.10 Rerun checks for auxiliary files (HO)

(/usr/local/texlive/2024/texmf-dist/tex/generic/uniquecounter/uniquecounter.sty
Package: uniquecounter 2019/12/15 v1.4 Provide unlimited unique counter (HO)
)
Package uniquecounter Info: New unique counter `rerunfilecheck' on input line 2
85.
)
\Hy@SectionHShift=\skip84
) (/usr/local/texlive/2024/texmf-dist/tex/latex/oberdiek/hypcap.sty
Package: hypcap 2016/05/16 v1.12 Adjusting the anchors of captions (HO)

(/usr/local/texlive/2024/texmf-dist/tex/latex/letltxmacro/letltxmacro.sty
Package: letltxmacro 2019/12/03 v1.6 Let assignment for LaTeX macros (HO)
))
(/usr/local/texlive/2024/texmf-dist/tex/latex/cancel/cancel.sty
Package: cancel 2013/04/12 v2.2 Cancel math terms
)
(/usr/local/texlive/2024/texmf-dist/tex/latex/sectsty/sectsty.sty
Package: sectsty 2002/02/25 v2.0.2 Commands to change all sectional heading sty
les


LaTeX Warning: Command \underbar  has changed.
               Check if current package is valid.


LaTeX Warning: Command \underline  has changed.
               Check if current package is valid.

) (/usr/local/texlive/2024/texmf-dist/tex/latex/base/textcomp.sty
Package: textcomp 2020/02/02 v2.0n Standard LaTeX package
)
\c@defn=\count316
\c@thm=\count317
\c@eqn=\count318
\c@ex=\count319
\c@fig=\count320

(/usr/local/texlive/2024/texmf-dist/tex/latex/psnfss/helvet.sty
Package: helvet 2020/03/25 PSNFSS-v9.3 (WaS) 
)
(/usr/local/texlive/2024/texmf-dist/tex/latex/sfmath/sfmath.sty
Package: sfmath 2007/08/27 v0.8 sans serif maths
LaTeX Font Info:    Overwriting symbol font `operators' in version `normal'
(Font)                  OT1/cmr/m/n --> OT1/phv/m/n on input line 329.
LaTeX Font Info:    Overwriting symbol font `operators' in version `bold'
(Font)                  OT1/cmr/bx/n --> OT1/phv/bx/n on input line 330.
\symSFMath=\mathgroup6
LaTeX Font Info:    Overwriting symbol font `SFMath' in version `normal'
(Font)                  OT1/phv/m/sl --> OT1/phv/m/sl on input line 343.
LaTeX Font Info:    Overwriting symbol font `SFMath' in version `bold'
(Font)                  OT1/phv/m/sl --> OT1/phv/bx/sl on input line 344.
LaTeX Font Info:    Redeclaring math symbol \imath on input line 398.
LaTeX Font Info:    Redeclaring math symbol \jmath on input line 399.
\symSFMathUp=\mathgroup7
LaTeX Font Info:    Overwriting symbol font `SFMathUp' in version `normal'
(Font)                  OT1/phv/m/n --> OT1/phv/m/n on input line 406.
LaTeX Font Info:    Overwriting symbol font `SFMathUp' in version `bold'
(Font)                  OT1/phv/m/n --> OT1/phv/bx/n on input line 407.
LaTeX Font Info:    Redeclaring math symbol \ldotp on input line 410.
\symSFMathGreek=\mathgroup8
LaTeX Font Info:    Overwriting symbol font `SFMathGreek' in version `normal'
(Font)                  OT1/cmss/m/n --> OT1/cmss/m/n on input line 419.
LaTeX Font Info:    Overwriting symbol font `SFMathGreek' in version `bold'
(Font)                  OT1/cmss/m/n --> OT1/cmss/bx/n on input line 420.
LaTeX Font Info:    Redeclaring math symbol \Gamma on input line 422.
LaTeX Font Info:    Redeclaring math symbol \Delta on input line 423.
LaTeX Font Info:    Redeclaring math symbol \Theta on input line 424.
LaTeX Font Info:    Redeclaring math symbol \Lambda on input line 425.
LaTeX Font Info:    Redeclaring math symbol \Xi on input line 426.
LaTeX Font Info:    Redeclaring math symbol \Pi on input line 427.
LaTeX Font Info:    Redeclaring math symbol \Sigma on input line 428.
LaTeX Font Info:    Redeclaring math symbol \Upsilon on input line 429.
LaTeX Font Info:    Redeclaring math symbol \Phi on input line 430.
LaTeX Font Info:    Redeclaring math symbol \Psi on input line 431.
LaTeX Font Info:    Redeclaring math symbol \Omega on input line 432.
\symSFMathUpGreek=\mathgroup9
LaTeX Font Info:    Overwriting symbol font `SFMathUpGreek' in version `normal'

(Font)                  OT1/cmss/m/n --> OT1/cmss/m/n on input line 436.
LaTeX Font Info:    Overwriting symbol font `SFMathUpGreek' in version `bold'
(Font)                  OT1/cmss/m/n --> OT1/cmss/bx/n on input line 437.
LaTeX Font Info:    Overwriting math alphabet `\mathnormal' in version `normal'

(Font)                  OML/cmm/m/it --> OT1/phv/m/sl on input line 446.
LaTeX Font Info:    Overwriting math alphabet `\mathnormal' in version `bold'
(Font)                  OML/cmm/b/it --> OT1/phv/bx/sl on input line 447.
LaTeX Font Info:    Overwriting math alphabet `\mathrm' in version `normal'
(Font)                  OT1/phv/m/n --> OT1/phv/m/n on input line 449.
LaTeX Font Info:    Overwriting math alphabet `\mathrm' in version `bold'
(Font)                  OT1/phv/bx/n --> OT1/phv/bx/n on input line 450.
LaTeX Font Info:    Overwriting math alphabet `\mathbf' in version `normal'
(Font)                  OT1/cmr/bx/n --> OT1/phv/bx/n on input line 452.
LaTeX Font Info:    Overwriting math alphabet `\mathbf' in version `bold'
(Font)                  OT1/cmr/bx/n --> OT1/phv/bx/n on input line 453.
LaTeX Font Info:    Overwriting math alphabet `\mathit' in version `normal'
(Font)                  OT1/cmr/m/it --> OT1/phv/m/sl on input line 455.
LaTeX Font Info:    Overwriting math alphabet `\mathit' in version `bold'
(Font)                  OT1/cmr/bx/it --> OT1/phv/bx/sl on input line 456.
LaTeX Font Info:    Overwriting math alphabet `\mathsf' in version `normal'
(Font)                  OT1/cmss/m/n --> OT1/phv/m/n on input line 458.
LaTeX Font Info:    Overwriting math alphabet `\mathsf' in version `bold'
(Font)                  OT1/cmss/bx/n --> OT1/phv/bx/n on input line 459.
LaTeX Font Info:    Overwriting math alphabet `\mathsl' in version `bold'
(Font)                  OT1/phv/m/sl --> OT1/phv/bx/sl on input line 466.
)
LaTeX Font Info:    Trying to load font information for OT1+phv on input line 4
8.

(/usr/local/texlive/2024/texmf-dist/tex/latex/psnfss/ot1phv.fd
File: ot1phv.fd 2020/03/25 scalable font definitions for OT1/phv.
)
LaTeX Font Info:    Font shape `OT1/phv/m/n' will be
(Font)              scaled to size 10.07397pt on input line 48.

(/usr/local/texlive/2024/texmf-dist/tex/latex/l3backend/l3backend-pdftex.def
File: l3backend-pdftex.def 2024-02-20 L3 backend support: PDF output (pdfTeX)
\l__color_backend_stack_int=\count321
\l__pdf_internal_box=\box113
)
(./CompilerExponentialandLogarithmicFunctions.aux
(./ExponentialandLogarithmicFunctions.aux

LaTeX Warning: Label `IntroExpLogsExercises' multiply defined.

))
\openout1 = `CompilerExponentialandLogarithmicFunctions.aux'.

LaTeX Font Info:    Checking defaults for OML/cmm/m/it on input line 48.
LaTeX Font Info:    ... okay on input line 48.
LaTeX Font Info:    Checking defaults for OMS/cmsy/m/n on input line 48.
LaTeX Font Info:    ... okay on input line 48.
LaTeX Font Info:    Checking defaults for OT1/cmr/m/n on input line 48.
LaTeX Font Info:    ... okay on input line 48.
LaTeX Font Info:    Checking defaults for T1/cmr/m/n on input line 48.
LaTeX Font Info:    ... okay on input line 48.
LaTeX Font Info:    Checking defaults for TS1/cmr/m/n on input line 48.
LaTeX Font Info:    ... okay on input line 48.
LaTeX Font Info:    Checking defaults for OMX/cmex/m/n on input line 48.
LaTeX Font Info:    ... okay on input line 48.
LaTeX Font Info:    Checking defaults for U/cmr/m/n on input line 48.
LaTeX Font Info:    ... okay on input line 48.
LaTeX Font Info:    Checking defaults for PD1/pdf/m/n on input line 48.
LaTeX Font Info:    ... okay on input line 48.
LaTeX Font Info:    Checking defaults for PU/pdf/m/n on input line 48.
LaTeX Font Info:    ... okay on input line 48.
 (/usr/local/texlive/2024/texmf-dist/tex/context/base/mkii/supp-pdf.mkii
[Loading MPS to PDF converter (version 2006.09.02).]
\scratchcounter=\count322
\scratchdimen=\dimen193
\scratchbox=\box114
\nofMPsegments=\count323
\nofMParguments=\count324
\everyMPshowfont=\toks35
\MPscratchCnt=\count325
\MPscratchDim=\dimen194
\MPnumerator=\count326
\makeMPintoPDFobject=\count327
\everyMPtoPDFconversion=\toks36
) (/usr/local/texlive/2024/texmf-dist/tex/latex/epstopdf-pkg/epstopdf-base.sty
Package: epstopdf-base 2020-01-24 v2.11 Base part for package epstopdf

(/usr/local/texlive/2024/texmf-dist/tex/latex/grfext/grfext.sty
Package: grfext 2019/12/03 v1.3 Manage graphics extensions (HO)
)
Package epstopdf-base Info: Redefining graphics rule for `.eps' on input line 4
85.
Package grfext Info: Graphics extension search list:
(grfext)             [.pdf,.png,.jpg,.mps,.jpeg,.jbig2,.jb2,.PDF,.PNG,.JPG,.JPE
G,.JBIG2,.JB2,.eps]
(grfext)             \AppendGraphicsExtensions on input line 504.

(/usr/local/texlive/2024/texmf-dist/tex/latex/latexconfig/epstopdf-sys.cfg
File: epstopdf-sys.cfg 2010/07/13 v1.3 Configuration of (r)epstopdf for TeX Liv
e
))
Package hyperref Info: Link coloring ON on input line 48.

(./CompilerExponentialandLogarithmicFunctions.out)
(./CompilerExponentialandLogarithmicFunctions.out)
\@outlinefile=\write4
\openout4 = `CompilerExponentialandLogarithmicFunctions.out'.

\c@HW=\count328
\c@HWindent=\count329

Chapter 1.
LaTeX Font Info:    Font shape `OT1/phv/m/n' will be
(Font)              scaled to size 19.08076pt on input line 55.
LaTeX Font Info:    Font shape `OT1/phv/b/n' will be
(Font)              scaled to size 19.08076pt on input line 55.
LaTeX Font Info:    Font shape `OT1/phv/m/n' will be
(Font)              scaled to size 22.88956pt on input line 55.
LaTeX Font Info:    Font shape `OT1/phv/b/n' will be
(Font)              scaled to size 22.88956pt on input line 55.
LaTeX Font Info:    Font shape `OT1/phv/m/sc' will be
(Font)              scaled to size 22.88956pt on input line 55.
[1


{/usr/local/texlive/2024/texmf-var/fonts/map/pdftex/updmap/pdftex.map}{/usr/loc
al/texlive/2024/texmf-dist/fonts/enc/dvips/base/8r.enc}]
\openout2 = `ExponentialandLogarithmicFunctions.aux'.


(./ExponentialandLogarithmicFunctions.tex
LaTeX Font Info:    Font shape `OT1/phv/m/n' will be
(Font)              scaled to size 13.24796pt on input line 1.
LaTeX Font Info:    Font shape `OT1/phv/b/n' will be
(Font)              scaled to size 13.24796pt on input line 1.
 (./ExponentialFunctions.tex

Mfpic: Initializing ExponentialFunctions.mp.
\openout3 = `ExponentialFunctions.mp'.

Mfpic: Don't forget to process ExponentialFunctions.mp!
Mfpic: Apply metapost to ExponentialFunctions.mp.
Mfpic: Then reprocess this file "CompilerExponentialandLogarithmicFunctions".

LaTeX Font Info:    Font shape `OT1/phv/m/n' will be
(Font)              scaled to size 7.35999pt on input line 13.
LaTeX Font Info:    Font shape `OT1/phv/m/n' will be
(Font)              scaled to size 5.51999pt on input line 13.
LaTeX Font Info:    Trying to load font information for U+msa on input line 13.

(/usr/local/texlive/2024/texmf-dist/tex/latex/amsfonts/umsa.fd
File: umsa.fd 2013/01/14 v3.01 AMS symbols A
)
LaTeX Font Info:    Trying to load font information for U+msb on input line 13.


(/usr/local/texlive/2024/texmf-dist/tex/latex/amsfonts/umsb.fd
File: umsb.fd 2013/01/14 v3.01 AMS symbols B
)
LaTeX Font Info:    Font shape `OT1/phv/m/sl' will be
(Font)              scaled to size 10.07397pt on input line 13.
LaTeX Font Info:    Font shape `OT1/phv/m/sl' will be
(Font)              scaled to size 7.35999pt on input line 13.
LaTeX Font Info:    Font shape `OT1/phv/m/sl' will be
(Font)              scaled to size 5.51999pt on input line 13.
LaTeX Font Info:    Font shape `OT1/phv/m/n' will be
(Font)              scaled to size 4.59999pt on input line 46.
LaTeX Font Info:    Font shape `OT1/phv/m/sl' will be
(Font)              scaled to size 4.59999pt on input line 46.
File: ExponentialFunctions.1 Graphic file (type mps)
 [MP to PDF]
(./ExponentialFunctions.1)
Overfull \hbox (40.58943pt too wide) in paragraph at lines 23--60
[]  [] 
 []

LaTeX Font Info:    Font shape `OT1/phv/m/n' will be
(Font)              scaled to size 8.27998pt on input line 73.
LaTeX Font Info:    Font shape `OT1/phv/m/sl' will be
(Font)              scaled to size 8.27998pt on input line 73.
LaTeX Font Info:    Font shape `OT1/phv/b/n' will be
(Font)              scaled to size 8.27998pt on input line 73.

LaTeX Warning: Reference `PowerFunctions' on page 2 undefined on input line 73.


LaTeX Font Info:    Font shape `OT1/phv/m/it' in size <10.95> not available
(Font)              Font shape `OT1/phv/m/sl' tried instead on input line 73.
LaTeX Font Info:    Font shape `OT1/phv/m/sl' will be
(Font)              scaled to size 10.07397pt on input line 73.

LaTeX Warning: Reference `PowerFunctions' on page 2 undefined on input line 78.


LaTeX Font Info:    Font shape `OT1/phv/m/sc' will be
(Font)              scaled to size 10.07397pt on input line 84.
[2

]
LaTeX Font Info:    Font shape `OT1/phv/b/n' will be
(Font)              scaled to size 10.07397pt on input line 103.


LaTeX Warning: Reference `Transformations' on page 3 undefined on input line 11
1.

File: ExponentialFunctions.2 Graphic file (type mps)
[MP to PDF] (./ExponentialFunctions.2)
File: ExponentialFunctions.3 Graphic file (type mps)
 [MP to PDF] (./ExponentialFunctions.3)
LaTeX Font Info:    Trying to load font information for TS1+phv on input line 2
60.

(/usr/local/texlive/2024/texmf-dist/tex/latex/psnfss/ts1phv.fd
File: ts1phv.fd 2020/03/25 scalable font definitions for TS1/phv.
)
LaTeX Font Info:    Font shape `TS1/phv/m/n' will be
(Font)              scaled to size 10.07397pt on input line 260.
LaTeX Font Info:    Font shape `OT1/phv/m/it' in size <8> not available
(Font)              Font shape `OT1/phv/m/sl' tried instead on input line 260.
LaTeX Font Info:    Font shape `OT1/phv/m/sl' will be
(Font)              scaled to size 7.35999pt on input line 260.
LaTeX Font Info:    Font shape `OT1/phv/m/it' in size <6> not available
(Font)              Font shape `OT1/phv/m/sl' tried instead on input line 260.
LaTeX Font Info:    Font shape `OT1/phv/m/sl' will be
(Font)              scaled to size 5.51999pt on input line 260.
File: ExponentialFunctions.4 Graphic file (type mps)
 [MP to PDF]
(./ExponentialFunctions.4)
File: ExponentialFunctions.5 Graphic file (type mps)
 [MP to PDF] (./ExponentialFunctions.5)
Underfull \vbox (badness 10000) has occurred while \output is active []

 [3]

LaTeX Warning: Reference `exponentprops' on page 4 undefined on input line 265.


LaTeX Font Info:    Font shape `OT1/phv/m/it' in size <9> not available
(Font)              Font shape `OT1/phv/m/sl' tried instead on input line 289.
LaTeX Font Info:    Font shape `OT1/phv/m/sl' will be
(Font)              scaled to size 8.27998pt on input line 289.
[4]

LaTeX Warning: Reference `transformationsthm' on page 5 undefined on input line
 308.

File: ExponentialFunctions.6 Graphic file (type mps)
[MP to PDF] (./ExponentialFunctions.6)

LaTeX Warning: Reference `transformationsthm' on page 5 undefined on input line
 362.


LaTeX Warning: Reference `transformationsthm' on page 5 undefined on input line
 371.

File: ExponentialFunctions.7 Graphic file (type mps)
[MP to PDF] (./ExponentialFunctions.7)
LaTeX Font Info:    Font shape `OT1/phv/b/n' will be
(Font)              scaled to size 7.35999pt on input line 404.


LaTeX Warning: Reference `transformationsthm' on page 5 undefined on input line
 404.

File: ExponentialFunctions.8 Graphic file (type mps)
[MP to PDF] (./ExponentialFunctions.8) [5]

LaTeX Warning: Reference `transformationsthm' on page 6 undefined on input line
 451.

File: ExponentialFunctions.9 Graphic file (type mps)
[MP to PDF] (./ExponentialFunctions.9)

LaTeX Warning: Reference `transformationsthm' on page 6 undefined on input line
 484.

File: ExponentialFunctions.10 Graphic file (type mps)
[MP to PDF] (./ExponentialFunctions.10) [6]

LaTeX Warning: Reference `transformationsthm' on page 7 undefined on input line
 512.

[7] [8] [9]

LaTeX Warning: Reference `vscalings' on page 10 undefined on input line 652.

File: ExponentialFunctions.11 Graphic file (type mps)
[MP to PDF] (./ExponentialFunctions.11)
File: ExponentialFunctions.12 Graphic file (type mps)
 [MP to PDF] (./ExponentialFunctions.12)

LaTeX Warning: Reference `bisectionmethod' on page 10 undefined on input line 7
06.


LaTeX Warning: Reference `RealZeros' on page 10 undefined on input line 706.

[10]
<./ExponentialFunctionsGraphics/ExponentialFunctionsEx01.jpg, id=197, 2806.485p
t x 1499.6025pt>
File: ./ExponentialFunctionsGraphics/ExponentialFunctionsEx01.jpg Graphic file 
(type jpg)
<use ./ExponentialFunctionsGraphics/ExponentialFunctionsEx01.jpg>
Package pdftex.def Info: ./ExponentialFunctionsGraphics/ExponentialFunctionsEx0
1.jpg  used on input line 714.
(pdftex.def)             Requested size: 433.62pt x 231.68088pt.
 [11 <./ExponentialFunctionsGraphics/ExponentialFunctionsEx01.jpg>]

LaTeX Warning: Reference `linearfunctionpointslope' on page 12 undefined on inp
ut line 746.

[12]

LaTeX Warning: Reference `transformationsthm' on page 13 undefined on input lin
e 826.


LaTeX Warning: Reference `transformationsthm' on page 13 undefined on input lin
e 826.

File: ExponentialFunctions.13 Graphic file (type mps)
[MP to PDF] (./ExponentialFunctions.13)

LaTeX Warning: Reference `transformationsthm' on page 13 undefined on input lin
e 859.

File: ExponentialFunctions.14 Graphic file (type mps)
[MP to PDF] (./ExponentialFunctions.14)

LaTeX Warning: Reference `RationalFunctions' on page 13 undefined on input line
 883.

[13]
Overfull \hbox (10.75446pt too wide) in paragraph at lines 887--888
[]$ \OT1/phv/m/n/10.95 The larger $\OT1/phv/m/sl/10.95 t$ \OT1/phv/m/n/10.95 be
-comes, the smaller $\OT1/phv/m/sl/10.95 e[]$ \OT1/phv/m/n/10.95 be-comes, so t
he term $90\OT1/phv/m/sl/10.95 e[] \OMS/cmsy/m/n/10.95 ^^Y []$\OT1/phv/m/n/10.9
5 .
 []

[14]
LaTeX Font Info:    Font shape `OT1/phv/m/n' will be
(Font)              scaled to size 11.03998pt on input line 903.
LaTeX Font Info:    Font shape `OT1/phv/b/n' will be
(Font)              scaled to size 11.03998pt on input line 903.
 (./ExercisesforExponentialFunctions.tex
Underfull \hbox (badness 10000) in paragraph at lines 60--62

 []

File: ExponentialFunctions.15 Graphic file (type mps)
[MP to PDF] (./ExponentialFunctions.15)
Underfull \hbox (badness 10000) in paragraph at lines 82--84

 []

File: ExponentialFunctions.16 Graphic file (type mps)
[MP to PDF] (./ExponentialFunctions.16)
Underfull \hbox (badness 10000) in paragraph at lines 110--112

 []

File: ExponentialFunctions.17 Graphic file (type mps)
[MP to PDF] (./ExponentialFunctions.17)
Underfull \hbox (badness 10000) in paragraph at lines 131--133

 []

File: ExponentialFunctions.18 Graphic file (type mps)
[MP to PDF] (./ExponentialFunctions.18)
Overfull \vbox (8.15633pt too high) has occurred while \output is active []


Overfull \vbox (8.15633pt too high) has occurred while \output is active []


[15] [16] [17]
Underfull \hbox (badness 10000) in paragraph at lines 246--250

 []

File: ExponentialFunctions.19 Graphic file (type mps)
[MP to PDF] (./ExponentialFunctions.19)
Underfull \hbox (badness 10000) in paragraph at lines 274--278

 []

File: ExponentialFunctions.20 Graphic file (type mps)
[MP to PDF] (./ExponentialFunctions.20)
Underfull \hbox (badness 10000) in paragraph at lines 302--306

 []

File: ExponentialFunctions.21 Graphic file (type mps)
[MP to PDF] (./ExponentialFunctions.21)
Underfull \hbox (badness 10000) in paragraph at lines 327--331

 []

File: ExponentialFunctions.22 Graphic file (type mps)
[MP to PDF] (./ExponentialFunctions.22)
Overfull \vbox (2.86484pt too high) has occurred while \output is active []


[18]
Underfull \hbox (badness 10000) in paragraph at lines 356--360

 []

File: ExponentialFunctions.23 Graphic file (type mps)
[MP to PDF] (./ExponentialFunctions.23)
Underfull \hbox (badness 10000) in paragraph at lines 381--385

 []

File: ExponentialFunctions.24 Graphic file (type mps)
[MP to PDF] (./ExponentialFunctions.24)
Underfull \hbox (badness 10000) in paragraph at lines 413--418

 []

File: ExponentialFunctions.25 Graphic file (type mps)
[MP to PDF] (./ExponentialFunctions.25)
Underfull \hbox (badness 10000) in paragraph at lines 440--445

 []

File: ExponentialFunctions.26 Graphic file (type mps)
[MP to PDF] (./ExponentialFunctions.26) [19])) [20] (./LogarithmicFunctions.tex

Mfpic: Initializing LogarithmicFunctions.mp.
\openout3 = `LogarithmicFunctions.mp'.

Mfpic: Don't forget to process LogarithmicFunctions.mp!
Mfpic: Apply metapost to LogarithmicFunctions.mp.
Mfpic: Then reprocess this file "CompilerExponentialandLogarithmicFunctions".

LaTeX Font Info:    Font shape `OT1/phv/bx/n' in size <10.95> not available
(Font)              Font shape `OT1/phv/b/n' tried instead on input line 20.
LaTeX Font Info:    Font shape `OT1/phv/b/n' will be
(Font)              scaled to size 10.07397pt on input line 20.
LaTeX Font Info:    Font shape `OT1/phv/bx/n' in size <8> not available
(Font)              Font shape `OT1/phv/b/n' tried instead on input line 20.
LaTeX Font Info:    Font shape `OT1/phv/b/n' will be
(Font)              scaled to size 7.35999pt on input line 20.
LaTeX Font Info:    Font shape `OT1/phv/bx/n' in size <6> not available
(Font)              Font shape `OT1/phv/b/n' tried instead on input line 20.
LaTeX Font Info:    Font shape `OT1/phv/b/n' will be
(Font)              scaled to size 5.51999pt on input line 20.
LaTeX Font Info:    Font shape `OT1/phv/bx/sl' in size <10.95> not available
(Font)              Font shape `OT1/phv/b/sl' tried instead on input line 20.
LaTeX Font Info:    Font shape `OT1/phv/b/sl' will be
(Font)              scaled to size 10.07397pt on input line 20.
LaTeX Font Info:    Font shape `OT1/phv/bx/sl' in size <8> not available
(Font)              Font shape `OT1/phv/b/sl' tried instead on input line 20.
LaTeX Font Info:    Font shape `OT1/phv/b/sl' will be
(Font)              scaled to size 7.35999pt on input line 20.
LaTeX Font Info:    Font shape `OT1/phv/bx/sl' in size <6> not available
(Font)              Font shape `OT1/phv/b/sl' tried instead on input line 20.
LaTeX Font Info:    Font shape `OT1/phv/b/sl' will be
(Font)              scaled to size 5.51999pt on input line 20.

Overfull \hbox (1.63164pt too wide) in paragraph at lines 20--22
[][][][][][][]  
 []


Overfull \hbox (1.63164pt too wide) in paragraph at lines 42--44
[][][][][][][]  
 []


LaTeX Warning: Reference `inversefunctionprops' on page 21 undefined on input l
ine 45.

LaTeX Font Info:    Font shape `OT1/phv/bx/n' in size <5> not available
(Font)              Font shape `OT1/phv/b/n' tried instead on input line 64.
LaTeX Font Info:    Font shape `OT1/phv/b/n' will be
(Font)              scaled to size 4.59999pt on input line 64.
LaTeX Font Info:    Font shape `OT1/phv/bx/sl' in size <5> not available
(Font)              Font shape `OT1/phv/b/sl' tried instead on input line 64.
LaTeX Font Info:    Font shape `OT1/phv/b/sl' will be
(Font)              scaled to size 4.59999pt on input line 64.
File: LogarithmicFunctions.1 Graphic file (type mps)
[MP to PDF] (./LogarithmicFunctions.1)
File: LogarithmicFunctions.2 Graphic file (type mps)
 [MP to PDF] (./LogarithmicFunctions.2)
File: LogarithmicFunctions.3 Graphic file (type mps)

[MP to PDF] (./LogarithmicFunctions.3)
File: LogarithmicFunctions.4 Graphic file (type mps)
 [MP to PDF] (./LogarithmicFunctions.4)
[21]

LaTeX Warning: Reference `inversefunctionprops' on page 22 undefined on input l
ine 194.

[22]

LaTeX Warning: Reference `transformationsthm' on page 23 undefined on input lin
e 249.

File: LogarithmicFunctions.5 Graphic file (type mps)
[MP to PDF] (./LogarithmicFunctions.5) [23]

LaTeX Warning: Reference `transformationsthm' on page 24 undefined on input lin
e 330.


LaTeX Warning: Reference `transformationsthm' on page 24 undefined on input lin
e 341.

File: LogarithmicFunctions.6 Graphic file (type mps)
[MP to PDF] (./LogarithmicFunctions.6)

LaTeX Warning: Reference `transformationsthm' on page 24 undefined on input lin
e 375.

File: LogarithmicFunctions.7 Graphic file (type mps)
[MP to PDF] (./LogarithmicFunctions.7) [24]

LaTeX Warning: Reference `transformationsthm' on page 25 undefined on input lin
e 414.

File: LogarithmicFunctions.8 Graphic file (type mps)
[MP to PDF] (./LogarithmicFunctions.8)

LaTeX Warning: Reference `transformationsthm' on page 25 undefined on input lin
e 453.

File: LogarithmicFunctions.9 Graphic file (type mps)
[MP to PDF] (./LogarithmicFunctions.9)

LaTeX Warning: Reference `transformationsthm' on page 25 undefined on input lin
e 481.


LaTeX Warning: Reference `transformationsthm' on page 25 undefined on input lin
e 486.

[25]
<./LogarithmicFunctionsGraphics/LogarithmicFunctionsEx01a.jpg, id=426, 2808.492
5pt x 1511.6475pt>
File: ./LogarithmicFunctionsGraphics/LogarithmicFunctionsEx01a.jpg Graphic file
 (type jpg)
<use ./LogarithmicFunctionsGraphics/LogarithmicFunctionsEx01a.jpg>
Package pdftex.def Info: ./LogarithmicFunctionsGraphics/LogarithmicFunctionsEx0
1a.jpg  used on input line 521.
(pdftex.def)             Requested size: 268.52373pt x 144.54pt.


LaTeX Warning: Reference `transformationsthm' on page 26 undefined on input lin
e 528.


LaTeX Warning: Reference `transformationsthm' on page 26 undefined on input lin
e 539.

[26 <./LogarithmicFunctionsGraphics/LogarithmicFunctionsEx01a.jpg>]

LaTeX Warning: Reference `RationalGraphs' on page 27 undefined on input line 55
7.

File: LogarithmicFunctions.10 Graphic file (type mps)
[MP to PDF] (./LogarithmicFunctions.10)
<./LogarithmicFunctionsGraphics/LogarithmicFunctionsEx01b.jpg, id=439, 2808.492
5pt x 1509.64pt>
File: ./LogarithmicFunctionsGraphics/LogarithmicFunctionsEx01b.jpg Graphic file
 (type jpg)
<use ./LogarithmicFunctionsGraphics/LogarithmicFunctionsEx01b.jpg>
Package pdftex.def Info: ./LogarithmicFunctionsGraphics/LogarithmicFunctionsEx0
1b.jpg  used on input line 584.
(pdftex.def)             Requested size: 216.81pt x 116.53519pt.

Overfull \hbox (0.62004pt too wide) in paragraph at lines 584--585
 [][] 
 []


LaTeX Warning: Reference `Transformations' on page 27 undefined on input line 5
90.


LaTeX Warning: Reference `RationalFunctions' on page 27 undefined on input line
 594.


LaTeX Warning: Reference `InverseFunctions' on page 27 undefined on input line 
600.

[27 <./LogarithmicFunctionsGraphics/LogarithmicFunctionsEx01b.jpg>]

LaTeX Warning: Reference `transformationsthm' on page 28 undefined on input lin
e 638.


LaTeX Warning: Reference `transformationsthm' on page 28 undefined on input lin
e 638.

File: LogarithmicFunctions.11 Graphic file (type mps)
[MP to PDF] (./LogarithmicFunctions.11)
File: LogarithmicFunctions.12 Graphic file (type mps)
 [MP to PDF] (./LogarithmicFunctions.12) [28]

LaTeX Warning: Reference `transformationsthm' on page 29 undefined on input lin
e 713.


LaTeX Warning: Reference `inversefunctionprops' on page 29 undefined on input l
ine 729.

File: LogarithmicFunctions.13 Graphic file (type mps)
[MP to PDF] (./LogarithmicFunctions.13)
File: LogarithmicFunctions.14 Graphic file (type mps)
 [MP to PDF] (./LogarithmicFunctions.14)
Overfull \hbox (62.88054pt too wide) detected at line 771
[]
 []

[29]
File: LogarithmicFunctions.15 Graphic file (type mps)
 [MP to PDF] (./LogarithmicFunctions.15)

LaTeX Warning: Reference `inversefunctionprops' on page 30 undefined on input l
ine 850.

[30] (./ExercisesforLogarithmicFunctions.tex [31]
Underfull \hbox (badness 10000) in paragraph at lines 355--357

 []

File: LogarithmicFunctions.16 Graphic file (type mps)
[MP to PDF] (./LogarithmicFunctions.16)
Underfull \hbox (badness 10000) in paragraph at lines 377--379

 []

File: LogarithmicFunctions.17 Graphic file (type mps)
[MP to PDF] (./LogarithmicFunctions.17)
Overfull \vbox (2.60573pt too high) has occurred while \output is active []


Overfull \vbox (2.60573pt too high) has occurred while \output is active []


[32]
Underfull \hbox (badness 10000) in paragraph at lines 404--406

 []

File: LogarithmicFunctions.18 Graphic file (type mps)
[MP to PDF] (./LogarithmicFunctions.18)
Underfull \hbox (badness 10000) in paragraph at lines 425--427

 []

File: LogarithmicFunctions.19 Graphic file (type mps)
[MP to PDF] (./LogarithmicFunctions.19) [33] [34] [35]
Underfull \hbox (badness 10000) in paragraph at lines 822--826

 []

File: LogarithmicFunctions.20 Graphic file (type mps)
[MP to PDF] (./LogarithmicFunctions.20)
Underfull \hbox (badness 10000) in paragraph at lines 850--854

 []

File: LogarithmicFunctions.21 Graphic file (type mps)
[MP to PDF] (./LogarithmicFunctions.21)
Underfull \hbox (badness 10000) in paragraph at lines 879--883

 []

File: LogarithmicFunctions.22 Graphic file (type mps)
[MP to PDF] (./LogarithmicFunctions.22)
Underfull \hbox (badness 10000) in paragraph at lines 905--909

 []

File: LogarithmicFunctions.23 Graphic file (type mps)
[MP to PDF] (./LogarithmicFunctions.23) [36]
Underfull \hbox (badness 10000) in paragraph at lines 936--940

 []

File: LogarithmicFunctions.24 Graphic file (type mps)
[MP to PDF] (./LogarithmicFunctions.24)
Underfull \hbox (badness 10000) in paragraph at lines 961--965

 []

File: LogarithmicFunctions.25 Graphic file (type mps)
[MP to PDF] (./LogarithmicFunctions.25)
Underfull \hbox (badness 10000) in paragraph at lines 993--998

 []

File: LogarithmicFunctions.26 Graphic file (type mps)
[MP to PDF] (./LogarithmicFunctions.26)
Underfull \hbox (badness 10000) in paragraph at lines 1019--1024

 []

File: LogarithmicFunctions.27 Graphic file (type mps)
[MP to PDF] (./LogarithmicFunctions.27) [37]
Underfull \hbox (badness 10000) in paragraph at lines 1108--1110

 []

File: LogarithmicFunctions.28 Graphic file (type mps)
[MP to PDF] (./LogarithmicFunctions.28)
Underfull \hbox (badness 10000) in paragraph at lines 1134--1136

 []

File: LogarithmicFunctions.29 Graphic file (type mps)
[MP to PDF] (./LogarithmicFunctions.29)
Underfull \hbox (badness 10000) in paragraph at lines 1165--1167

 []

File: LogarithmicFunctions.30 Graphic file (type mps)
[MP to PDF] (./LogarithmicFunctions.30)
Underfull \hbox (badness 10000) in paragraph at lines 1192--1194

 []

File: LogarithmicFunctions.31 Graphic file (type mps)
[MP to PDF] (./LogarithmicFunctions.31) [38])) [39]
(./PropertiesofLogarithms.tex

Mfpic: No file PropertiesofLogarithms.1.

Mfpic: Initializing PropertiesofLogarithms.mp.
\openout3 = `PropertiesofLogarithms.mp'.

Mfpic: Don't forget to process PropertiesofLogarithms.mp!
Mfpic: Apply metapost to PropertiesofLogarithms.mp.
Mfpic: Then reprocess this file "CompilerExponentialandLogarithmicFunctions".


Underfull \vbox (badness 10000) has occurred while \output is active []

 [40]
[41]

LaTeX Warning: Reference `rationalexponentdefn' on page 42 undefined on input l
ine 240.

[42] [43] [44] [45]
<./PropertiesofLogarithmsGraphics/LogProps01.jpg, id=817, 2800.4625pt x 1509.64
pt>
File: ./PropertiesofLogarithmsGraphics/LogProps01.jpg Graphic file (type jpg)
<use ./PropertiesofLogarithmsGraphics/LogProps01.jpg>
Package pdftex.def Info: ./PropertiesofLogarithmsGraphics/LogProps01.jpg  used 
on input line 454.
(pdftex.def)             Requested size: 289.07999pt x 155.83327pt.
<./PropertiesofLogarithmsGraphics/LogProps02.jpg, id=818, 2804.4775pt x 1507.63
25pt>
File: ./PropertiesofLogarithmsGraphics/LogProps02.jpg Graphic file (type jpg)
<use ./PropertiesofLogarithmsGraphics/LogProps02.jpg>
Package pdftex.def Info: ./PropertiesofLogarithmsGraphics/LogProps02.jpg  used 
on input line 472.
(pdftex.def)             Requested size: 289.07999pt x 155.396pt.
 [46 <./PropertiesofLogarithmsGraphics/LogProps01.jpg>]
[47 <./PropertiesofLogarithmsGraphics/LogProps02.jpg>]
(./ExercisesforPropertiesofLogarithms.tex [48] [49] [50]
LaTeX Font Info:    Font shape `OT1/phv/m/n' will be
(Font)              scaled to size 9.19998pt on input line 302.
LaTeX Font Info:    Font shape `OT1/phv/m/n' will be
(Font)              scaled to size 6.43999pt on input line 302.
LaTeX Font Info:    Font shape `OT1/phv/m/sl' will be
(Font)              scaled to size 9.19998pt on input line 302.
LaTeX Font Info:    Font shape `OT1/phv/m/sl' will be
(Font)              scaled to size 6.43999pt on input line 302.
)) [51]
(./ExponentialEquationsandInequalities.tex

Mfpic: Initializing ExponentialEquationsandInequalities.mp.
\openout3 = `ExponentialEquationsandInequalities.mp'.

Mfpic: Don't forget to process ExponentialEquationsandInequalities.mp!
Mfpic: Apply metapost to ExponentialEquationsandInequalities.mp.
Mfpic: Then reprocess this file "CompilerExponentialandLogarithmicFunctions".

[52] [53]
<./ExponentialEquationsandInequalitiesGraphics/ExpEqnEx01.jpg, id=1001, 2818.53
pt x 1523.6925pt>
File: ./ExponentialEquationsandInequalitiesGraphics/ExpEqnEx01.jpg Graphic file
 (type jpg)
<use ./ExponentialEquationsandInequalitiesGraphics/ExpEqnEx01.jpg>
Package pdftex.def Info: ./ExponentialEquationsandInequalitiesGraphics/ExpEqnEx
01.jpg  used on input line 127.
(pdftex.def)             Requested size: 216.81pt x 117.20146pt.
<./ExponentialEquationsandInequalitiesGraphics/ExpEqnEx02.jpg, id=1002, 2804.47
75pt x 1503.6175pt>
File: ./ExponentialEquationsandInequalitiesGraphics/ExpEqnEx02.jpg Graphic file
 (type jpg)
<use ./ExponentialEquationsandInequalitiesGraphics/ExpEqnEx02.jpg>
Package pdftex.def Info: ./ExponentialEquationsandInequalitiesGraphics/ExpEqnEx
02.jpg  used on input line 129.
(pdftex.def)             Requested size: 216.81pt x 116.23088pt.

Overfull \hbox (15.24007pt too wide) in paragraph at lines 125--138
 [] 
 []

[54 <./ExponentialEquationsandInequalitiesGraphics/ExpEqnEx01.jpg> <./Exponenti
alEquationsandInequalitiesGraphics/ExpEqnEx02.jpg>]
<./ExponentialEquationsandInequalitiesGraphics/ExpEqnEx03.jpg, id=1010, 2804.47
75pt x 1489.565pt>
File: ./ExponentialEquationsandInequalitiesGraphics/ExpEqnEx03.jpg Graphic file
 (type jpg)
<use ./ExponentialEquationsandInequalitiesGraphics/ExpEqnEx03.jpg>
Package pdftex.def Info: ./ExponentialEquationsandInequalitiesGraphics/ExpEqnEx
03.jpg  used on input line 188.
(pdftex.def)             Requested size: 216.81pt x 115.1446pt.
<./ExponentialEquationsandInequalitiesGraphics/ExpEqnEx04.jpg, id=1011, 2814.51
5pt x 1487.5575pt>
File: ./ExponentialEquationsandInequalitiesGraphics/ExpEqnEx04.jpg Graphic file
 (type jpg)
<use ./ExponentialEquationsandInequalitiesGraphics/ExpEqnEx04.jpg>
Package pdftex.def Info: ./ExponentialEquationsandInequalitiesGraphics/ExpEqnEx
04.jpg  used on input line 190.
(pdftex.def)             Requested size: 216.81pt x 114.58086pt.

Overfull \hbox (15.24007pt too wide) in paragraph at lines 186--199
 [] 
 []

[55 <./ExponentialEquationsandInequalitiesGraphics/ExpEqnEx03.jpg> <./Exponenti
alEquationsandInequalitiesGraphics/ExpEqnEx04.jpg>]
<./ExponentialEquationsandInequalitiesGraphics/ExpEqnEx05.jpg, id=1022, 2804.47
75pt x 1505.625pt>
File: ./ExponentialEquationsandInequalitiesGraphics/ExpEqnEx05.jpg Graphic file
 (type jpg)
<use ./ExponentialEquationsandInequalitiesGraphics/ExpEqnEx05.jpg>
Package pdftex.def Info: ./ExponentialEquationsandInequalitiesGraphics/ExpEqnEx
05.jpg  used on input line 244.
(pdftex.def)             Requested size: 216.81pt x 116.38606pt.
<./ExponentialEquationsandInequalitiesGraphics/ExpEqnEx06.jpg, id=1023, 2800.46
25pt x 1523.6925pt>
File: ./ExponentialEquationsandInequalitiesGraphics/ExpEqnEx06.jpg Graphic file
 (type jpg)
<use ./ExponentialEquationsandInequalitiesGraphics/ExpEqnEx06.jpg>
Package pdftex.def Info: ./ExponentialEquationsandInequalitiesGraphics/ExpEqnEx
06.jpg  used on input line 246.
(pdftex.def)             Requested size: 216.81pt x 117.94545pt.

Overfull \hbox (15.24007pt too wide) in paragraph at lines 242--255
 [] 
 []


LaTeX Warning: Reference `IVT' on page 56 undefined on input line 284.

[56 <./ExponentialEquationsandInequalitiesGraphics/ExpEqnEx05.jpg> <./Exponenti
alEquationsandInequalitiesGraphics/ExpEqnEx06.jpg>]
File: ExponentialEquationsandInequalities.1 Graphic file (type mps)
 [MP to PDF]
(./ExponentialEquationsandInequalities.1)
<./ExponentialEquationsandInequalitiesGraphics/ExpEqnEx07.jpg, id=1033, 2816.52
25pt x 1519.6775pt>
File: ./ExponentialEquationsandInequalitiesGraphics/ExpEqnEx07.jpg Graphic file
 (type jpg)
<use ./ExponentialEquationsandInequalitiesGraphics/ExpEqnEx07.jpg>
Package pdftex.def Info: ./ExponentialEquationsandInequalitiesGraphics/ExpEqnEx
07.jpg  used on input line 345.
(pdftex.def)             Requested size: 216.81pt x 116.96219pt.
 [57 <./ExponentialEquationsandInequalitiesGraphics/ExpEqnEx07.jpg>]
File: ExponentialEquationsandInequalities.2 Graphic file (type mps)
 [MP to PDF]
(./ExponentialEquationsandInequalities.2)
<./ExponentialEquationsandInequalitiesGraphics/ExpEqnEx08.jpg, id=1045, 2808.49
25pt x 1519.6775pt>
File: ./ExponentialEquationsandInequalitiesGraphics/ExpEqnEx08.jpg Graphic file
 (type jpg)
<use ./ExponentialEquationsandInequalitiesGraphics/ExpEqnEx08.jpg>
Package pdftex.def Info: ./ExponentialEquationsandInequalitiesGraphics/ExpEqnEx
08.jpg  used on input line 417.
(pdftex.def)             Requested size: 216.81pt x 117.31001pt.
 [58 <./ExponentialEquationsandInequalitiesGraphics/ExpEqnEx08.jpg>]
File: ExponentialEquationsandInequalities.3 Graphic file (type mps)
 [MP to PDF]
(./ExponentialEquationsandInequalities.3)
<./ExponentialEquationsandInequalitiesGraphics/ExpEqnEx09.jpg, id=1055, 2810.5p
t x 1511.6475pt>
File: ./ExponentialEquationsandInequalitiesGraphics/ExpEqnEx09.jpg Graphic file
 (type jpg)
<use ./ExponentialEquationsandInequalitiesGraphics/ExpEqnEx09.jpg>
Package pdftex.def Info: ./ExponentialEquationsandInequalitiesGraphics/ExpEqnEx
09.jpg  used on input line 481.
(pdftex.def)             Requested size: 216.81pt x 116.59789pt.


LaTeX Warning: Reference `QuadraticFunctions' on page 59 undefined on input lin
e 517.

[59 <./ExponentialEquationsandInequalitiesGraphics/ExpEqnEx09.jpg>]
File: ExponentialEquationsandInequalities.4 Graphic file (type mps)

[MP to PDF] (./ExponentialEquationsandInequalities.4)
File: ExponentialEquationsandInequalities.5 Graphic file (type mps)
 [MP to PDF]
(./ExponentialEquationsandInequalities.5)
Overfull \hbox (1.95547pt too wide) in paragraph at lines 591--592
[]|[]| 
 []

[60]

LaTeX Warning: Reference `AppDerivatives' on page 61 undefined on input line 66
9.

[61]
File: ExponentialEquationsandInequalities.6 Graphic file (type mps)
 [MP to PDF] (./ExponentialEquationsandInequalities.6)
File: ExponentialEquationsandInequalities.7 Graphic file (type mps)
 [MP to PDF]
(./ExponentialEquationsandInequalities.7)
File: ExponentialEquationsandInequalities.8 Graphic file (type mps)
 [MP to PDF]
(./ExponentialEquationsandInequalities.8)
LaTeX Font Info:    Font shape `OT1/phv/m/n' will be
(Font)              scaled to size 15.89755pt on input line 785.
LaTeX Font Info:    Font shape `OT1/phv/m/sl' will be
(Font)              scaled to size 22.88956pt on input line 785.
LaTeX Font Info:    Font shape `OT1/phv/m/sl' will be
(Font)              scaled to size 19.08076pt on input line 785.
LaTeX Font Info:    Font shape `OT1/phv/m/sl' will be
(Font)              scaled to size 15.89755pt on input line 785.
File: ExponentialEquationsandInequalities.9 Graphic file (type mps)
 [MP to PDF]
(./ExponentialEquationsandInequalities.9)
<./ExponentialEquationsandInequalitiesGraphics/ExpCurveSketchingExample.PNG, id
=1090, 883.3pt x 508.90125pt>
File: ./ExponentialEquationsandInequalitiesGraphics/ExpCurveSketchingExample.PN
G Graphic file (type png)
<use ./ExponentialEquationsandInequalitiesGraphics/ExpCurveSketchingExample.PNG
>
Package pdftex.def Info: ./ExponentialEquationsandInequalitiesGraphics/ExpCurve
SketchingExample.PNG  used on input line 812.
(pdftex.def)             Requested size: 216.81pt x 124.91096pt.
 [62] [63 <./ExponentialEquationsandInequalitiesGraphics/ExpCurveSketchingExamp
le.PNG>]
(./ExercisesforExponentialEquationsandInequalities.tex [64]

LaTeX Warning: Reference `fcircginverse' on page 65 undefined on input line 277
.


LaTeX Warning: Reference `InverseFunctions' on page 65 undefined on input line 
277.

[65] [66])) [67] (./LogarithmicEquationsandInequalities.tex

Mfpic: Initializing LogarithmicEquationsandInequalities.mp.
\openout3 = `LogarithmicEquationsandInequalities.mp'.

Mfpic: Don't forget to process LogarithmicEquationsandInequalities.mp!
Mfpic: Apply metapost to LogarithmicEquationsandInequalities.mp.
Mfpic: Then reprocess this file "CompilerExponentialandLogarithmicFunctions".

[68]
<./LogarithmicEquationsandInequalitiesGraphics/LogEqnEx01.jpg, id=1286, 2812.50
75pt x 1521.685pt>
File: ./LogarithmicEquationsandInequalitiesGraphics/LogEqnEx01.jpg Graphic file
 (type jpg)
<use ./LogarithmicEquationsandInequalitiesGraphics/LogEqnEx01.jpg>
Package pdftex.def Info: ./LogarithmicEquationsandInequalitiesGraphics/LogEqnEx
01.jpg  used on input line 114.
(pdftex.def)             Requested size: 216.81pt x 117.30244pt.
<./LogarithmicEquationsandInequalitiesGraphics/LogEqnEx02.jpg, id=1287, 2812.50
75pt x 1521.685pt>
File: ./LogarithmicEquationsandInequalitiesGraphics/LogEqnEx02.jpg Graphic file
 (type jpg)
<use ./LogarithmicEquationsandInequalitiesGraphics/LogEqnEx02.jpg>
Package pdftex.def Info: ./LogarithmicEquationsandInequalitiesGraphics/LogEqnEx
02.jpg  used on input line 116.
(pdftex.def)             Requested size: 216.81pt x 117.30244pt.

Overfull \hbox (15.24007pt too wide) in paragraph at lines 112--125
 [] 
 []

<./LogarithmicEquationsandInequalitiesGraphics/LogEqnEx03.jpg, id=1288, 2814.51
5pt x 1511.6475pt>
File: ./LogarithmicEquationsandInequalitiesGraphics/LogEqnEx03.jpg Graphic file
 (type jpg)
<use ./LogarithmicEquationsandInequalitiesGraphics/LogEqnEx03.jpg>
Package pdftex.def Info: ./LogarithmicEquationsandInequalitiesGraphics/LogEqnEx
03.jpg  used on input line 157.
(pdftex.def)             Requested size: 216.81pt x 116.43643pt.
<./LogarithmicEquationsandInequalitiesGraphics/LogEqnEx04.jpg, id=1289, 2818.53
pt x 1515.6625pt>
File: ./LogarithmicEquationsandInequalitiesGraphics/LogEqnEx04.jpg Graphic file
 (type jpg)
<use ./LogarithmicEquationsandInequalitiesGraphics/LogEqnEx04.jpg>
Package pdftex.def Info: ./LogarithmicEquationsandInequalitiesGraphics/LogEqnEx
04.jpg  used on input line 159.
(pdftex.def)             Requested size: 216.81pt x 116.5838pt.

Overfull \hbox (15.24007pt too wide) in paragraph at lines 155--168
 [] 
 []

[69 <./LogarithmicEquationsandInequalitiesGraphics/LogEqnEx01.jpg> <./Logarithm
icEquationsandInequalitiesGraphics/LogEqnEx02.jpg>]
Overfull \hbox (12.83113pt too wide) in paragraph at lines 207--208
[]\OT1/phv/m/n/10.95 Note the so-lu-tion $\OT1/phv/m/sl/10.95 t \OT1/phv/m/n/10
.95 = 1 \OMS/cmsy/m/n/10.95 ^^@ [] \OML/cmm/m/it/10.95 < \OT1/phv/m/n/10.95 0$ 
Hence if sub-sti-tuted into the orig-i-nal equa-tion, the term $2 [][] []$
 []

<./LogarithmicEquationsandInequalitiesGraphics/LogEqnEx05.jpg, id=1297, 2818.53
pt x 1519.6775pt>
File: ./LogarithmicEquationsandInequalitiesGraphics/LogEqnEx05.jpg Graphic file
 (type jpg)
<use ./LogarithmicEquationsandInequalitiesGraphics/LogEqnEx05.jpg>
Package pdftex.def Info: ./LogarithmicEquationsandInequalitiesGraphics/LogEqnEx
05.jpg  used on input line 213.
(pdftex.def)             Requested size: 216.81pt x 116.89262pt.
<./LogarithmicEquationsandInequalitiesGraphics/LogEqnEx06.jpg, id=1298, 2808.49
25pt x 1519.6775pt>
File: ./LogarithmicEquationsandInequalitiesGraphics/LogEqnEx06.jpg Graphic file
 (type jpg)
<use ./LogarithmicEquationsandInequalitiesGraphics/LogEqnEx06.jpg>
Package pdftex.def Info: ./LogarithmicEquationsandInequalitiesGraphics/LogEqnEx
06.jpg  used on input line 215.
(pdftex.def)             Requested size: 216.81pt x 117.31001pt.

Overfull \hbox (15.24007pt too wide) in paragraph at lines 211--224
 [] 
 []

[70 <./LogarithmicEquationsandInequalitiesGraphics/LogEqnEx03.jpg> <./Logarithm
icEquationsandInequalitiesGraphics/LogEqnEx04.jpg>] [71 <./LogarithmicEquations
andInequalitiesGraphics/LogEqnEx05.jpg> <./LogarithmicEquationsandInequalitiesG
raphics/LogEqnEx06.jpg>]
File: LogarithmicEquationsandInequalities.1 Graphic file (type mps)
 [MP to PDF] (./LogarithmicEquationsandInequalities.1)
<./LogarithmicEquationsandInequalitiesGraphics/LogEqnEx07.jpg, id=1321, 2814.51
5pt x 1515.6625pt>
File: ./LogarithmicEquationsandInequalitiesGraphics/LogEqnEx07.jpg Graphic file
 (type jpg)
<use ./LogarithmicEquationsandInequalitiesGraphics/LogEqnEx07.jpg>
Package pdftex.def Info: ./LogarithmicEquationsandInequalitiesGraphics/LogEqnEx
07.jpg  used on input line 323.
(pdftex.def)             Requested size: 216.81pt x 116.74568pt.
File: LogarithmicEquationsandInequalities.2 Graphic file (type mps)

[MP to PDF] (./LogarithmicEquationsandInequalities.2)
<./LogarithmicEquationsandInequalitiesGraphics/LogEqnEx08.jpg, id=1322, 2810.5p
t x 1503.6175pt>
File: ./LogarithmicEquationsandInequalitiesGraphics/LogEqnEx08.jpg Graphic file
 (type jpg)
<use ./LogarithmicEquationsandInequalitiesGraphics/LogEqnEx08.jpg>
Package pdftex.def Info: ./LogarithmicEquationsandInequalitiesGraphics/LogEqnEx
08.jpg  used on input line 380.
(pdftex.def)             Requested size: 216.81pt x 115.9785pt.

Underfull \vbox (badness 2662) has occurred while \output is active []

 [72 <./LogarithmicEquationsandInequalitiesGraphics/LogEqnEx07.jpg>]
File: LogarithmicEquationsandInequalities.3 Graphic file (type mps)
 [MP to PDF]
(./LogarithmicEquationsandInequalities.3)
<./LogarithmicEquationsandInequalitiesGraphics/LogEqnEx09.jpg, id=1328, 2800.46
25pt x 1511.6475pt>
File: ./LogarithmicEquationsandInequalitiesGraphics/LogEqnEx09.jpg Graphic file
 (type jpg)
<use ./LogarithmicEquationsandInequalitiesGraphics/LogEqnEx09.jpg>
Package pdftex.def Info: ./LogarithmicEquationsandInequalitiesGraphics/LogEqnEx
09.jpg  used on input line 446.
(pdftex.def)             Requested size: 216.81pt x 117.01308pt.
 [73 <./LogarithmicEquationsandInequalitiesGraphics/LogEqnEx08.jpg> <./Logarith
micEquationsandInequalitiesGraphics/LogEqnEx09.jpg>]

LaTeX Warning: Reference `intersectionunion' on page 74 undefined on input line
 479.

<./LogarithmicEquationsandInequalitiesGraphics/LogEqnEx10.jpg, id=1340, 2810.5p
t x 1513.655pt>
File: ./LogarithmicEquationsandInequalitiesGraphics/LogEqnEx10.jpg Graphic file
 (type jpg)
<use ./LogarithmicEquationsandInequalitiesGraphics/LogEqnEx10.jpg>
Package pdftex.def Info: ./LogarithmicEquationsandInequalitiesGraphics/LogEqnEx
10.jpg  used on input line 493.
(pdftex.def)             Requested size: 289.07999pt x 155.6703pt.
[74 <./LogarithmicEquationsandInequalitiesGraphics/LogEqnEx10.jpg>]
<./LogarithmicEquationsandInequalitiesGraphics/LogEqnEx11.jpg, id=1350, 2804.47
75pt x 1505.625pt>
File: ./LogarithmicEquationsandInequalitiesGraphics/LogEqnEx11.jpg Graphic file
 (type jpg)
<use ./LogarithmicEquationsandInequalitiesGraphics/LogEqnEx11.jpg>
Package pdftex.def Info: ./LogarithmicEquationsandInequalitiesGraphics/LogEqnEx
11.jpg  used on input line 536.
(pdftex.def)             Requested size: 289.07999pt x 155.18909pt.


LaTeX Warning: Reference `AppDerivatives' on page 75 undefined on input line 54
8.

[75 <./LogarithmicEquationsandInequalitiesGraphics/LogEqnEx11.jpg>]
<./LogarithmicEquationsandInequalitiesGraphics/x^2ln(x)near0.PNG, id=1361, 1212
.53pt x 427.5975pt>
File: ./LogarithmicEquationsandInequalitiesGraphics/x^2ln(x)near0.PNG Graphic f
ile (type png)
<use ./LogarithmicEquationsandInequalitiesGraphics/x^2ln(x)near0.PNG>
Package pdftex.def Info: ./LogarithmicEquationsandInequalitiesGraphics/x^2ln(x)
near0.PNG  used on input line 588.
(pdftex.def)             Requested size: 325.215pt x 114.68295pt.
 [76 <./LogarithmicEquationsandInequalitiesGraphics/x^2ln(x)near0.PNG>]
File: LogarithmicEquationsandInequalities.4 Graphic file (type mps)
 [MP to PDF]
(./LogarithmicEquationsandInequalities.4)
File: LogarithmicEquationsandInequalities.5 Graphic file (type mps)
 [MP to PDF]
(./LogarithmicEquationsandInequalities.5)
File: LogarithmicEquationsandInequalities.6 Graphic file (type mps)
 [MP to PDF]
(./LogarithmicEquationsandInequalities.6)
File: LogarithmicEquationsandInequalities.7 Graphic file (type mps)
 [MP to PDF]
(./LogarithmicEquationsandInequalities.7) [77]
(./ExercisesforLogarithmicEquationsandInequalities.tex [78]
Underfull \hbox (badness 10000) in paragraph at lines 268--269

 []


LaTeX Warning: Reference `fcircginverse' on page 79 undefined on input line 271
.


LaTeX Warning: Reference `InverseFunctions' on page 79 undefined on input line 
271.

[79]

LaTeX Warning: Reference `andtheresthyperbolic' on page 80 undefined on input l
ine 481.


LaTeX Warning: Reference `ParametricEquations' on page 80 undefined on input li
ne 481.

)) [80] (./ApplicationsofExponentialandLogarithmicFunctions.tex

Mfpic: No file ApplicationsofExponentialandLogarithmicFunctions.8.

Mfpic: Initializing ApplicationsofExponentialandLogarithmicFunctions.mp.
\openout3 = `ApplicationsofExponentialandLogarithmicFunctions.mp'.

Mfpic: Don't forget to process ApplicationsofExponentialandLogarithmicFunctions
.mp!
Mfpic: Apply metapost to ApplicationsofExponentialandLogarithmicFunctions.mp.
Mfpic: Then reprocess this file "CompilerExponentialandLogarithmicFunctions".


Overfull \hbox (1.63164pt too wide) in paragraph at lines 24--26
[][][][][][][]  
 []

[81]

LaTeX Warning: Reference `arc' on page 82 undefined on input line 87.


LaTeX Warning: Reference `ConstantandLinearFunctions' on page 82 undefined on i
nput line 87.

[82] [83] [84]

LaTeX Warning: Reference `ConstantandLinearFunctions' on page 85 undefined on i
nput line 238.


LaTeX Warning: Reference `ARCRocketExample' on page 85 undefined on input line 
238.


LaTeX Warning: Reference `averagevelocityrocketex' on page 85 undefined on inpu
t line 238.

[85] [86] [87] [88]
<./ApplicationsofExponentialandLogarithmicFunctionsGraphics/ExpLogAppEx01.jpg, 
id=1654, 2806.485pt x 1505.625pt>
File: ./ApplicationsofExponentialandLogarithmicFunctionsGraphics/ExpLogAppEx01.
jpg Graphic file (type jpg)
<use ./ApplicationsofExponentialandLogarithmicFunctionsGraphics/ExpLogAppEx01.j
pg>
Package pdftex.def Info: ./ApplicationsofExponentialandLogarithmicFunctionsGrap
hics/ExpLogAppEx01.jpg  used on input line 470.
(pdftex.def)             Requested size: 289.07999pt x 155.07422pt.
 [89]

LaTeX Warning: Reference `PowerFunctions' on page 90 undefined on input line 48
5.

<./ApplicationsofExponentialandLogarithmicFunctionsGraphics/ExpLogAppEx02.jpg, 
id=1673, 2804.4775pt x 1521.685pt>
File: ./ApplicationsofExponentialandLogarithmicFunctionsGraphics/ExpLogAppEx02.
jpg Graphic file (type jpg)
<use ./ApplicationsofExponentialandLogarithmicFunctionsGraphics/ExpLogAppEx02.j
pg>
Package pdftex.def Info: ./ApplicationsofExponentialandLogarithmicFunctionsGrap
hics/ExpLogAppEx02.jpg  used on input line 495.
(pdftex.def)             Requested size: 216.81pt x 117.62752pt.
<./ApplicationsofExponentialandLogarithmicFunctionsGraphics/ExpLogAppEx03.jpg, 
id=1674, 2808.4925pt x 1517.67pt>
File: ./ApplicationsofExponentialandLogarithmicFunctionsGraphics/ExpLogAppEx03.
jpg Graphic file (type jpg)
<use ./ApplicationsofExponentialandLogarithmicFunctionsGraphics/ExpLogAppEx03.j
pg>
Package pdftex.def Info: ./ApplicationsofExponentialandLogarithmicFunctionsGrap
hics/ExpLogAppEx03.jpg  used on input line 497.
(pdftex.def)             Requested size: 216.81pt x 117.15504pt.
[90 <./ApplicationsofExponentialandLogarithmicFunctionsGraphics/ExpLogAppEx01.j
pg> <./ApplicationsofExponentialandLogarithmicFunctionsGraphics/ExpLogAppEx02.j
pg> <./ApplicationsofExponentialandLogarithmicFunctionsGraphics/ExpLogAppEx03.j
pg>] [91]

LaTeX Warning: Reference `QuadraticFunctions' on page 92 undefined on input lin
e 570.

<./ApplicationsofExponentialandLogarithmicFunctionsGraphics/ExpLogAppEx04.jpg, 
id=1712, 2814.515pt x 1515.6625pt>
File: ./ApplicationsofExponentialandLogarithmicFunctionsGraphics/ExpLogAppEx04.
jpg Graphic file (type jpg)
<use ./ApplicationsofExponentialandLogarithmicFunctionsGraphics/ExpLogAppEx04.j
pg>
Package pdftex.def Info: ./ApplicationsofExponentialandLogarithmicFunctionsGrap
hics/ExpLogAppEx04.jpg  used on input line 577.
(pdftex.def)             Requested size: 216.81pt x 116.74568pt.
<./ApplicationsofExponentialandLogarithmicFunctionsGraphics/ExpLogAppEx05.jpg, 
id=1713, 2804.4775pt x 1507.6325pt>
File: ./ApplicationsofExponentialandLogarithmicFunctionsGraphics/ExpLogAppEx05.
jpg Graphic file (type jpg)
<use ./ApplicationsofExponentialandLogarithmicFunctionsGraphics/ExpLogAppEx05.j
pg>
Package pdftex.def Info: ./ApplicationsofExponentialandLogarithmicFunctionsGrap
hics/ExpLogAppEx05.jpg  used on input line 579.
(pdftex.def)             Requested size: 216.81pt x 116.54124pt.

LaTeX Warning: Reference `PowerFunctions' on page 92 undefined on input line 58
9.


Overfull \hbox (28.90155pt too wide) detected at line 599
[]
 []

<./ApplicationsofExponentialandLogarithmicFunctionsGraphics/ExpLogAppEx10.jpg, 
id=1714, 2808.4925pt x 1507.6325pt>
File: ./ApplicationsofExponentialandLogarithmicFunctionsGraphics/ExpLogAppEx10.
jpg Graphic file (type jpg)
<use ./ApplicationsofExponentialandLogarithmicFunctionsGraphics/ExpLogAppEx10.j
pg>
Package pdftex.def Info: ./ApplicationsofExponentialandLogarithmicFunctionsGrap
hics/ExpLogAppEx10.jpg  used on input line 612.
(pdftex.def)             Requested size: 216.81pt x 116.38022pt.
<./ApplicationsofExponentialandLogarithmicFunctionsGraphics/ExpLogAppEx06a.jpg,
 id=1715, 2804.4775pt x 1515.6625pt>
File: ./ApplicationsofExponentialandLogarithmicFunctionsGraphics/ExpLogAppEx06a
.jpg Graphic file (type jpg)
<use ./ApplicationsofExponentialandLogarithmicFunctionsGraphics/ExpLogAppEx06a.
jpg>
Package pdftex.def Info: ./ApplicationsofExponentialandLogarithmicFunctionsGrap
hics/ExpLogAppEx06a.jpg  used on input line 614.
(pdftex.def)             Requested size: 216.81pt x 117.16197pt.
[92 <./ApplicationsofExponentialandLogarithmicFunctionsGraphics/ExpLogAppEx04.j
pg> <./ApplicationsofExponentialandLogarithmicFunctionsGraphics/ExpLogAppEx05.j
pg>]
<./ApplicationsofExponentialandLogarithmicFunctionsGraphics/ExpLogAppEx09.jpg, 
id=1724, 2804.4775pt x 1503.6175pt>
File: ./ApplicationsofExponentialandLogarithmicFunctionsGraphics/ExpLogAppEx09.
jpg Graphic file (type jpg)
<use ./ApplicationsofExponentialandLogarithmicFunctionsGraphics/ExpLogAppEx09.j
pg>
Package pdftex.def Info: ./ApplicationsofExponentialandLogarithmicFunctionsGrap
hics/ExpLogAppEx09.jpg  used on input line 654.
(pdftex.def)             Requested size: 216.81pt x 116.23088pt.
<./ApplicationsofExponentialandLogarithmicFunctionsGraphics/ExpLogAppEx07a.jpg,
 id=1725, 2808.4925pt x 1507.6325pt>
File: ./ApplicationsofExponentialandLogarithmicFunctionsGraphics/ExpLogAppEx07a
.jpg Graphic file (type jpg)
<use ./ApplicationsofExponentialandLogarithmicFunctionsGraphics/ExpLogAppEx07a.
jpg>
Package pdftex.def Info: ./ApplicationsofExponentialandLogarithmicFunctionsGrap
hics/ExpLogAppEx07a.jpg  used on input line 656.
(pdftex.def)             Requested size: 216.81pt x 116.38022pt.
 [93 <./ApplicationsofExponentialandLogarithmicFunctionsGraphics/ExpLogAppEx10.
jpg> <./ApplicationsofExponentialandLogarithmicFunctionsGraphics/ExpLogAppEx06a
.jpg> <./ApplicationsofExponentialandLogarithmicFunctionsGraphics/ExpLogAppEx09
.jpg> <./ApplicationsofExponentialandLogarithmicFunctionsGraphics/ExpLogAppEx07
a.jpg>]
<./ApplicationsofExponentialandLogarithmicFunctionsGraphics/ExpLogAppEx08.jpg, 
id=1733, 2804.4775pt x 1513.655pt>
File: ./ApplicationsofExponentialandLogarithmicFunctionsGraphics/ExpLogAppEx08.
jpg Graphic file (type jpg)
<use ./ApplicationsofExponentialandLogarithmicFunctionsGraphics/ExpLogAppEx08.j
pg>
Package pdftex.def Info: ./ApplicationsofExponentialandLogarithmicFunctionsGrap
hics/ExpLogAppEx08.jpg  used on input line 681.
(pdftex.def)             Requested size: 361.34999pt x 195.02672pt.
 [94 <./ApplicationsofExponentialandLogarithmicFunctionsGraphics/ExpLogAppEx08.
jpg>]
(./ExercisesforApplicationsofExponentialandLogarithmicFunctions.tex [95]
[96] [97] [98]

LaTeX Warning: Reference `pursuitfurther' on page 99 undefined on input line 24
8.


LaTeX Warning: Reference `PowerFunctions' on page 99 undefined on input line 24
8.

[99]

LaTeX Warning: Reference `parabolicbridgecable' on page 100 undefined on input 
line 265.


LaTeX Warning: Reference `QuadraticFunctions' on page 100 undefined on input li
ne 265.


LaTeX Warning: Reference `APLcats' on page 100 undefined on input line 269.


LaTeX Warning: Reference `QuadraticFunctions' on page 100 undefined on input li
ne 269.


LaTeX Warning: Reference `LorenzEx' on page 100 undefined on input line 286.


LaTeX Warning: Reference `PowerFunctions' on page 100 undefined on input line 2
86.


LaTeX Warning: Reference `LorenzEx' on page 100 undefined on input line 298.

[100] [101] [102] [103] [104] [105]
<./ApplicationsofExponentialandLogarithmicFunctionsGraphics/PURSUIT03.jpg, id=1
958, 850.17625pt x 611.28375pt>
File: ./ApplicationsofExponentialandLogarithmicFunctionsGraphics/PURSUIT03.jpg 
Graphic file (type jpg)
<use ./ApplicationsofExponentialandLogarithmicFunctionsGraphics/PURSUIT03.jpg>
Package pdftex.def Info: ./ApplicationsofExponentialandLogarithmicFunctionsGrap
hics/PURSUIT03.jpg  used on input line 718.
(pdftex.def)             Requested size: 150.76788pt x 108.405pt.


LaTeX Warning: Reference `LorenzEx' on page 106 undefined on input line 757.


LaTeX Warning: Reference `PowerFunctions' on page 106 undefined on input line 7
57.

<./ApplicationsofExponentialandLogarithmicFunctionsGraphics/OldLorenzModel.jpg,
 id=1959, 668.4975pt x 665.48625pt>
File: ./ApplicationsofExponentialandLogarithmicFunctionsGraphics/OldLorenzModel
.jpg Graphic file (type jpg)
<use ./ApplicationsofExponentialandLogarithmicFunctionsGraphics/OldLorenzModel.
jpg>
Package pdftex.def Info: ./ApplicationsofExponentialandLogarithmicFunctionsGrap
hics/OldLorenzModel.jpg  used on input line 763.
(pdftex.def)             Requested size: 108.88966pt x 108.405pt.
<./ApplicationsofExponentialandLogarithmicFunctionsGraphics/NewLorenzModel.jpg,
 id=1960, 666.49pt x 669.50125pt>
File: ./ApplicationsofExponentialandLogarithmicFunctionsGraphics/NewLorenzModel
.jpg Graphic file (type jpg)
<use ./ApplicationsofExponentialandLogarithmicFunctionsGraphics/NewLorenzModel.
jpg>
Package pdftex.def Info: ./ApplicationsofExponentialandLogarithmicFunctionsGrap
hics/NewLorenzModel.jpg  used on input line 767.
(pdftex.def)             Requested size: 107.9118pt x 108.405pt.
[106 <./ApplicationsofExponentialandLogarithmicFunctionsGraphics/PURSUIT03.jpg>
]
<./ApplicationsofExponentialandLogarithmicFunctionsGraphics/LAKECOUNTYLOGISTIC.
jpg, id=1982, 1603.9925pt x 930.47626pt>
File: ./ApplicationsofExponentialandLogarithmicFunctionsGraphics/LAKECOUNTYLOGI
STIC.jpg Graphic file (type jpg)
<use ./ApplicationsofExponentialandLogarithmicFunctionsGraphics/LAKECOUNTYLOGIS
TIC.jpg>
Package pdftex.def Info: ./ApplicationsofExponentialandLogarithmicFunctionsGrap
hics/LAKECOUNTYLOGISTIC.jpg  used on input line 795.
(pdftex.def)             Requested size: 249.15471pt x 144.54pt.
))) [107 <./ApplicationsofExponentialandLogarithmicFunctionsGraphics/OldLorenzM
odel.jpg> <./ApplicationsofExponentialandLogarithmicFunctionsGraphics/NewLorenz
Model.jpg> <./ApplicationsofExponentialandLogarithmicFunctionsGraphics/LAKECOUN
TYLOGISTIC.jpg>] (./CompilerExponentialandLogarithmicFunctions.aux
(./ExponentialandLogarithmicFunctions.aux))
 ***********
LaTeX2e <2023-11-01> patch level 1
L3 programming layer <2024-02-20>
 ***********


LaTeX Warning: There were undefined references.


LaTeX Warning: There were multiply-defined labels.

Package rerunfilecheck Info: File `CompilerExponentialandLogarithmicFunctions.o
ut' has not changed.
(rerunfilecheck)             Checksum: 31A90AF4F695994B9F27869E7D6E412E;3469.
 ) 
Here is how much of TeX's memory you used:
 16055 strings out of 474116
 258473 string characters out of 5743682
 1956187 words of memory out of 5000000
 36782 multiletter control sequences out of 15000+600000
 627764 words of font info for 168 fonts, out of 8000000 for 9000
 1141 hyphenation exceptions out of 8191
 75i,21n,79p,1286b,1364s stack positions out of 10000i,1000n,20000p,200000b,200000s
</usr/local/texlive/2024/texmf-dist/fonts/type1/public/amsfonts/cm/cmbsy10.pf
b></usr/local/texlive/2024/texmf-dist/fonts/type1/public/amsfonts/cmextra/cmbsy
6.pfb></usr/local/texlive/2024/texmf-dist/fonts/type1/public/amsfonts/cmextra/c
mbsy8.pfb></usr/local/texlive/2024/texmf-dist/fonts/type1/public/amsfonts/cm/cm
ex10.pfb></usr/local/texlive/2024/texmf-dist/fonts/type1/public/amsfonts/cmextr
a/cmex8.pfb></usr/local/texlive/2024/texmf-dist/fonts/type1/public/amsfonts/cm/
cmmi10.pfb></usr/local/texlive/2024/texmf-dist/fonts/type1/public/amsfonts/cm/c
mmi12.pfb></usr/local/texlive/2024/texmf-dist/fonts/type1/public/amsfonts/cm/cm
mi8.pfb></usr/local/texlive/2024/texmf-dist/fonts/type1/public/amsfonts/cm/cmmi
9.pfb></usr/local/texlive/2024/texmf-dist/fonts/type1/public/amsfonts/cm/cmr8.p
fb></usr/local/texlive/2024/texmf-dist/fonts/type1/public/amsfonts/cm/cmss10.pf
b></usr/local/texlive/2024/texmf-dist/fonts/type1/public/amsfonts/cm/cmss8.pfb>
</usr/local/texlive/2024/texmf-dist/fonts/type1/public/amsfonts/cm/cmsy10.pfb><
/usr/local/texlive/2024/texmf-dist/fonts/type1/public/amsfonts/cm/cmsy6.pfb></u
sr/local/texlive/2024/texmf-dist/fonts/type1/public/amsfonts/cm/cmsy8.pfb></usr
/local/texlive/2024/texmf-dist/fonts/type1/public/amsfonts/cm/cmsy9.pfb></usr/l
ocal/texlive/2024/texmf-dist/fonts/type1/public/amsfonts/symbols/msam10.pfb></u
sr/local/texlive/2024/texmf-dist/fonts/type1/urw/helvetic/uhvb8a.pfb></usr/loca
l/texlive/2024/texmf-dist/fonts/type1/urw/helvetic/uhvbo8a.pfb></usr/local/texl
ive/2024/texmf-dist/fonts/type1/urw/helvetic/uhvr8a.pfb></usr/local/texlive/202
4/texmf-dist/fonts/type1/urw/helvetic/uhvro8a.pfb>
Output written on CompilerExponentialandLogarithmicFunctions.pdf (107 pages, 20
470657 bytes).
PDF statistics:
 2326 PDF objects out of 2487 (max. 8388607)
 2110 compressed objects within 22 object streams
 1158 named destinations out of 1200 (max. 500000)
 374 words of extra memory for PDF output out of 10000 (max. 10000000)

