This is pdfTeX, Version 3.141592653-2.6-1.40.26 (TeX Live 2024) (preloaded format=pdflatex 2025.1.31)  14 JUL 2025 12:42
entering extended mode
 restricted \write18 enabled.
 file:line:error style messages enabled.
 %&-line parsing enabled.
**CompilerFurtherTopicsonFunctions.tex
(./CompilerFurtherTopicsonFunctions.tex
LaTeX2e <2023-11-01> patch level 1
L3 programming layer <2024-02-20>
(/usr/local/texlive/2024/texmf-dist/tex/latex/base/book.cls
Document Class: book 2023/05/17 v1.4n Standard LaTeX document class
(/usr/local/texlive/2024/texmf-dist/tex/latex/base/bk11.clo
File: bk11.clo 2023/05/17 v1.4n Standard LaTeX file (size option)
)
\c@part=\count188
\c@chapter=\count189
\c@section=\count190
\c@subsection=\count191
\c@subsubsection=\count192
\c@paragraph=\count193
\c@subparagraph=\count194
\c@figure=\count195
\c@table=\count196
\abovecaptionskip=\skip48
\belowcaptionskip=\skip49
\bibindent=\dimen140
)
(/usr/local/texlive/2024/texmf-dist/tex/latex/amsfonts/amssymb.sty
Package: amssymb 2013/01/14 v3.01 AMS font symbols

(/usr/local/texlive/2024/texmf-dist/tex/latex/amsfonts/amsfonts.sty
Package: amsfonts 2013/01/14 v3.01 Basic AMSFonts support
\@emptytoks=\toks17
\symAMSa=\mathgroup4
\symAMSb=\mathgroup5
LaTeX Font Info:    Redeclaring math symbol \hbar on input line 98.
LaTeX Font Info:    Overwriting math alphabet `\mathfrak' in version `bold'
(Font)                  U/euf/m/n --> U/euf/b/n on input line 106.
))
(/usr/local/texlive/2024/texmf-dist/tex/latex/amsmath/amsmath.sty
Package: amsmath 2023/05/13 v2.17o AMS math features
\@mathmargin=\skip50

For additional information on amsmath, use the `?' option.
(/usr/local/texlive/2024/texmf-dist/tex/latex/amsmath/amstext.sty
Package: amstext 2021/08/26 v2.01 AMS text

(/usr/local/texlive/2024/texmf-dist/tex/latex/amsmath/amsgen.sty
File: amsgen.sty 1999/11/30 v2.0 generic functions
\@emptytoks=\toks18
\ex@=\dimen141
))
(/usr/local/texlive/2024/texmf-dist/tex/latex/amsmath/amsbsy.sty
Package: amsbsy 1999/11/29 v1.2d Bold Symbols
\pmbraise@=\dimen142
)
(/usr/local/texlive/2024/texmf-dist/tex/latex/amsmath/amsopn.sty
Package: amsopn 2022/04/08 v2.04 operator names
)
\inf@bad=\count197
LaTeX Info: Redefining \frac on input line 234.
\uproot@=\count198
\leftroot@=\count199
LaTeX Info: Redefining \overline on input line 399.
LaTeX Info: Redefining \colon on input line 410.
\classnum@=\count266
\DOTSCASE@=\count267
LaTeX Info: Redefining \ldots on input line 496.
LaTeX Info: Redefining \dots on input line 499.
LaTeX Info: Redefining \cdots on input line 620.
\Mathstrutbox@=\box51
\strutbox@=\box52
LaTeX Info: Redefining \big on input line 722.
LaTeX Info: Redefining \Big on input line 723.
LaTeX Info: Redefining \bigg on input line 724.
LaTeX Info: Redefining \Bigg on input line 725.
\big@size=\dimen143
LaTeX Font Info:    Redeclaring font encoding OML on input line 743.
LaTeX Font Info:    Redeclaring font encoding OMS on input line 744.
\macc@depth=\count268
LaTeX Info: Redefining \bmod on input line 905.
LaTeX Info: Redefining \pmod on input line 910.
LaTeX Info: Redefining \smash on input line 940.
LaTeX Info: Redefining \relbar on input line 970.
LaTeX Info: Redefining \Relbar on input line 971.
\c@MaxMatrixCols=\count269
\dotsspace@=\muskip16
\c@parentequation=\count270
\dspbrk@lvl=\count271
\tag@help=\toks19
\row@=\count272
\column@=\count273
\maxfields@=\count274
\andhelp@=\toks20
\eqnshift@=\dimen144
\alignsep@=\dimen145
\tagshift@=\dimen146
\tagwidth@=\dimen147
\totwidth@=\dimen148
\lineht@=\dimen149
\@envbody=\toks21
\multlinegap=\skip51
\multlinetaggap=\skip52
\mathdisplay@stack=\toks22
LaTeX Info: Redefining \[ on input line 2953.
LaTeX Info: Redefining \] on input line 2954.
)
(/usr/local/texlive/2024/texmf-dist/tex/latex/amscls/amsthm.sty
Package: amsthm 2020/05/29 v2.20.6
\thm@style=\toks23
\thm@bodyfont=\toks24
\thm@headfont=\toks25
\thm@notefont=\toks26
\thm@headpunct=\toks27
\thm@preskip=\skip53
\thm@postskip=\skip54
\thm@headsep=\skip55
\dth@everypar=\toks28
)
(/usr/local/texlive/2024/texmf-dist/tex/latex/fancyhdr/fancyhdr.sty
Package: fancyhdr 2022/11/09 v4.1 Extensive control of page headers and footers

\f@nch@headwidth=\skip56
\f@nch@O@elh=\skip57
\f@nch@O@erh=\skip58
\f@nch@O@olh=\skip59
\f@nch@O@orh=\skip60
\f@nch@O@elf=\skip61
\f@nch@O@erf=\skip62
\f@nch@O@olf=\skip63
\f@nch@O@orf=\skip64
)
(/usr/local/texlive/2024/texmf-dist/tex/latex/supertabular/supertabular.sty
Package: supertabular 2020/02/02 v4.1g the supertabular environment
\c@tracingst=\count275
\ST@wd=\dimen150
\ST@rightskip=\skip65
\ST@leftskip=\skip66
\ST@parfillskip=\skip67
\ST@pageleft=\dimen151
\ST@headht=\dimen152
\ST@tailht=\dimen153
\ST@pagesofar=\dimen154
\ST@pboxht=\dimen155
\ST@lineht=\dimen156
\ST@prevht=\dimen157
\ST@toadd=\dimen158
\ST@dimen=\dimen159
\ST@pbox=\box53
)
(/usr/local/texlive/2024/texmf-dist/tex/latex/tools/longtable.sty
Package: longtable 2023-11-01 v4.19 Multi-page Table package (DPC)
\LTleft=\skip68
\LTright=\skip69
\LTpre=\skip70
\LTpost=\skip71
\LTchunksize=\count276
\LTcapwidth=\dimen160
\LT@head=\box54
\LT@firsthead=\box55
\LT@foot=\box56
\LT@lastfoot=\box57
\LT@gbox=\box58
\LT@cols=\count277
\LT@rows=\count278
\c@LT@tables=\count279
\c@LT@chunks=\count280
\LT@p@ftn=\toks29
)
(/usr/local/texlive/2024/texmf-dist/tex/latex/tools/hhline.sty
Package: hhline 2020/01/04 v2.04 Table rule package (DPC)
)
(/usr/local/texlive/2024/texmf-dist/tex/latex/mathtools/mathtools.sty
Package: mathtools 2024/03/11 v1.30 mathematical typesetting tools

(/usr/local/texlive/2024/texmf-dist/tex/latex/graphics/keyval.sty
Package: keyval 2022/05/29 v1.15 key=value parser (DPC)
\KV@toks@=\toks30
)
(/usr/local/texlive/2024/texmf-dist/tex/latex/tools/calc.sty
Package: calc 2023/07/08 v4.3 Infix arithmetic (KKT,FJ)
\calc@Acount=\count281
\calc@Bcount=\count282
\calc@Adimen=\dimen161
\calc@Bdimen=\dimen162
\calc@Askip=\skip72
\calc@Bskip=\skip73
LaTeX Info: Redefining \setlength on input line 80.
LaTeX Info: Redefining \addtolength on input line 81.
\calc@Ccount=\count283
\calc@Cskip=\skip74
)
(/usr/local/texlive/2024/texmf-dist/tex/latex/mathtools/mhsetup.sty
Package: mhsetup 2021/03/18 v1.4 programming setup (MH)
)
\g_MT_multlinerow_int=\count284
\l_MT_multwidth_dim=\dimen163
\origjot=\skip75
\l_MT_shortvdotswithinadjustabove_dim=\dimen164
\l_MT_shortvdotswithinadjustbelow_dim=\dimen165
\l_MT_above_intertext_sep=\dimen166
\l_MT_below_intertext_sep=\dimen167
\l_MT_above_shortintertext_sep=\dimen168
\l_MT_below_shortintertext_sep=\dimen169
\xmathstrut@box=\box59
\xmathstrut@dim=\dimen170
)
(/usr/local/texlive/2024/texmf-dist/tex/latex/colortbl/colortbl.sty
Package: colortbl 2024/02/20 v1.0g Color table columns (DPC)

(/usr/local/texlive/2024/texmf-dist/tex/latex/tools/array.sty
Package: array 2023/10/16 v2.5g Tabular extension package (FMi)
\col@sep=\dimen171
\ar@mcellbox=\box60
\extrarowheight=\dimen172
\NC@list=\toks31
\extratabsurround=\skip76
\backup@length=\skip77
\ar@cellbox=\box61
)
(/usr/local/texlive/2024/texmf-dist/tex/latex/graphics/color.sty
Package: color 2022/01/06 v1.3d Standard LaTeX Color (DPC)

(/usr/local/texlive/2024/texmf-dist/tex/latex/graphics-cfg/color.cfg
File: color.cfg 2016/01/02 v1.6 sample color configuration
)
Package color Info: Driver file: pdftex.def on input line 149.

(/usr/local/texlive/2024/texmf-dist/tex/latex/graphics-def/pdftex.def
File: pdftex.def 2022/09/22 v1.2b Graphics/color driver for pdftex
)
(/usr/local/texlive/2024/texmf-dist/tex/latex/graphics/mathcolor.ltx))
\everycr=\toks32
\minrowclearance=\skip78
\rownum=\count285
)
(/usr/local/texlive/2024/texmf-dist/tex/latex/import/import.sty
Package: import 2020/04/01  v 6.2
)
(/usr/local/texlive/2024/texmf-dist/tex/latex/tools/multicol.sty
Package: multicol 2023/03/30 v1.9f multicolumn formatting (FMi)
\c@tracingmulticols=\count286
\mult@box=\box62
\multicol@leftmargin=\dimen173
\c@unbalance=\count287
\c@collectmore=\count288
\doublecol@number=\count289
\multicoltolerance=\count290
\multicolpretolerance=\count291
\full@width=\dimen174
\page@free=\dimen175
\premulticols=\dimen176
\postmulticols=\dimen177
\multicolsep=\skip79
\multicolbaselineskip=\skip80
\partial@page=\box63
\last@line=\box64
\mc@boxedresult=\box65
\maxbalancingoverflow=\dimen178
\mult@rightbox=\box66
\mult@grightbox=\box67
\mult@firstbox=\box68
\mult@gfirstbox=\box69
\@tempa=\box70
\@tempa=\box71
\@tempa=\box72
\@tempa=\box73
\@tempa=\box74
\@tempa=\box75
\@tempa=\box76
\@tempa=\box77
\@tempa=\box78
\@tempa=\box79
\@tempa=\box80
\@tempa=\box81
\@tempa=\box82
\@tempa=\box83
\@tempa=\box84
\@tempa=\box85
\@tempa=\box86
\@tempa=\box87
\@tempa=\box88
\@tempa=\box89
\@tempa=\box90
\@tempa=\box91
\@tempa=\box92
\@tempa=\box93
\@tempa=\box94
\@tempa=\box95
\@tempa=\box96
\@tempa=\box97
\@tempa=\box98
\@tempa=\box99
\@tempa=\box100
\@tempa=\box101
\@tempa=\box102
\@tempa=\box103
\@tempa=\box104
\@tempa=\box105
\c@minrows=\count292
\c@columnbadness=\count293
\c@finalcolumnbadness=\count294
\last@try=\dimen179
\multicolovershoot=\dimen180
\multicolundershoot=\dimen181
\mult@nat@firstbox=\box106
\colbreak@box=\box107
\mc@col@check@num=\count295
)
(/usr/local/texlive/2024/texmf-dist/tex/latex/boxedminipage/boxedminipage.sty
Package: boxedminipage 2020/04/19 v1.1 Boxed LaTeX2e minipages
\bmp@box=\box108
\bmp@width=\skip81
\bmp@height=\skip82
)
(/usr/local/texlive/2024/texmf-dist/tex/latex/chapterfolder/chapterfolder.sty
Package: chapterfolder 2005/11/24 v2.0 Package for dealing with folder

(/usr/local/texlive/2024/texmf-dist/tex/latex/base/ifthen.sty
Package: ifthen 2022/04/13 v1.1d Standard LaTeX ifthen package (DPC)
)
\c@@cf@currentpos=\count296
)
(/usr/local/texlive/2024/texmf-dist/tex/generic/mfpic/mfpic.sty
Package: mfpic 2012/12/03 v1.10. Macros for drawing with Metafont/MetaPost.

(/usr/local/texlive/2024/texmf-dist/tex/generic/mfpic/mfpic.tex
(/usr/local/texlive/2024/texmf-dist/tex/latex/graphics/graphics.sty
Package: graphics 2022/03/10 v1.4e Standard LaTeX Graphics (DPC,SPQR)

(/usr/local/texlive/2024/texmf-dist/tex/latex/graphics/trig.sty
Package: trig 2021/08/11 v1.11 sin cos tan (DPC)
)
(/usr/local/texlive/2024/texmf-dist/tex/latex/graphics-cfg/graphics.cfg
File: graphics.cfg 2016/06/04 v1.11 sample graphics configuration
)
Package graphics Info: Driver file: pdftex.def on input line 107.
)
\mfp@out=\write3
\mfp@graph=\read2
\mfp@count=\count297
\mfp@linetype=\count298
\mfp@sequence=\count299
\mfp@toks=\toks33
\mfp@verbtex=\toks34
\mfp@fdc=\count300
\@wholegraph=\box109
\@textbox=\box110
\@alltlabels=\box111
\@backtext=\box112
\@tlabelstop=\fontdimen 23\mfp@dummy 
\@tlabelsbot=\fontdimen 24\mfp@dummy 
\@tlabelsleft=\fontdimen 25\mfp@dummy 
\@graphright=\fontdimen 26\mfp@dummy 
\@graphleft=\fontdimen 27\mfp@dummy 
\@graphtop=\fontdimen 28\mfp@dummy 
\@graphbot=\fontdimen 29\mfp@dummy 
\tb@raise=\fontdimen 30\mfp@dummy 
\tb@moveright=\fontdimen 31\mfp@dummy 
\tb@totalht=\fontdimen 32\mfp@dummy 
\tlabel@hadj=\fontdimen 33\mfp@dummy 
\tlabel@vadj=\fontdimen 34\mfp@dummy 
\tlabel@sep=\fontdimen 35\mfp@dummy 
\tlpath@sep=\fontdimen 36\mfp@dummy 
\mfpicunit=\fontdimen 37\mfp@dummy 
\@mfpicunit=\fontdimen 38\mfp@dummy 
\pointsize=\fontdimen 39\mfp@dummy 
\shadespace=\fontdimen 40\mfp@dummy 
\polkadotspace=\fontdimen 41\mfp@dummy 
\hatchspace=\fontdimen 42\mfp@dummy 
\headlen=\fontdimen 43\mfp@dummy 
\axisheadlen=\fontdimen 44\mfp@dummy 
\sideheadlen=\fontdimen 45\mfp@dummy 
\hashlen=\fontdimen 46\mfp@dummy 
\dashlen=\fontdimen 47\mfp@dummy 
\dashspace=\fontdimen 48\mfp@dummy 
\dotsize=\fontdimen 49\mfp@dummy 
\griddotsize=\fontdimen 50\mfp@dummy 
\dotspace=\fontdimen 51\mfp@dummy 
\symbolspace=\fontdimen 52\mfp@dummy 
\mfp@scratch=\dimen182
\mfpframesep=\dimen183
\mfpframethickness=\dimen184
\mfpicheight=\dimen185
\mfpicwidth=\dimen186
\mfpiccaptionskip=\skip83
\tl@vpos=\count301
\tl@hpos=\count302
\mfp@commentchar=\count303
))
(/usr/local/texlive/2024/texmf-dist/tex/latex/graphics/graphicx.sty
Package: graphicx 2021/09/16 v1.2d Enhanced LaTeX Graphics (DPC,SPQR)
\Gin@req@height=\dimen187
\Gin@req@width=\dimen188
)
(/usr/local/texlive/2024/texmf-dist/tex/latex/base/makeidx.sty
Package: makeidx 2021/10/04 v1.0m Standard LaTeX package
)
(/usr/local/texlive/2024/texmf-dist/tex/latex/hyperref/hyperref.sty
Package: hyperref 2024-01-20 v7.01h Hypertext links for LaTeX

(/usr/local/texlive/2024/texmf-dist/tex/generic/iftex/iftex.sty
Package: iftex 2022/02/03 v1.0f TeX engine tests
)
(/usr/local/texlive/2024/texmf-dist/tex/latex/kvsetkeys/kvsetkeys.sty
Package: kvsetkeys 2022-10-05 v1.19 Key value parser (HO)
)
(/usr/local/texlive/2024/texmf-dist/tex/generic/kvdefinekeys/kvdefinekeys.sty
Package: kvdefinekeys 2019-12-19 v1.6 Define keys (HO)
)
(/usr/local/texlive/2024/texmf-dist/tex/generic/pdfescape/pdfescape.sty
Package: pdfescape 2019/12/09 v1.15 Implements pdfTeX's escape features (HO)

(/usr/local/texlive/2024/texmf-dist/tex/generic/ltxcmds/ltxcmds.sty
Package: ltxcmds 2023-12-04 v1.26 LaTeX kernel commands for general use (HO)
)
(/usr/local/texlive/2024/texmf-dist/tex/generic/pdftexcmds/pdftexcmds.sty
Package: pdftexcmds 2020-06-27 v0.33 Utility functions of pdfTeX for LuaTeX (HO
)

(/usr/local/texlive/2024/texmf-dist/tex/generic/infwarerr/infwarerr.sty
Package: infwarerr 2019/12/03 v1.5 Providing info/warning/error messages (HO)
)
Package pdftexcmds Info: \pdf@primitive is available.
Package pdftexcmds Info: \pdf@ifprimitive is available.
Package pdftexcmds Info: \pdfdraftmode found.
))
(/usr/local/texlive/2024/texmf-dist/tex/latex/hycolor/hycolor.sty
Package: hycolor 2020-01-27 v1.10 Color options for hyperref/bookmark (HO)
)
(/usr/local/texlive/2024/texmf-dist/tex/latex/auxhook/auxhook.sty
Package: auxhook 2019-12-17 v1.6 Hooks for auxiliary files (HO)
)
(/usr/local/texlive/2024/texmf-dist/tex/latex/hyperref/nameref.sty
Package: nameref 2023-11-26 v2.56 Cross-referencing by name of section

(/usr/local/texlive/2024/texmf-dist/tex/latex/refcount/refcount.sty
Package: refcount 2019/12/15 v3.6 Data extraction from label references (HO)
)
(/usr/local/texlive/2024/texmf-dist/tex/generic/gettitlestring/gettitlestring.s
ty
Package: gettitlestring 2019/12/15 v1.6 Cleanup title references (HO)
 (/usr/local/texlive/2024/texmf-dist/tex/latex/kvoptions/kvoptions.sty
Package: kvoptions 2022-06-15 v3.15 Key value format for package options (HO)
))
\c@section@level=\count304
)
(/usr/local/texlive/2024/texmf-dist/tex/latex/etoolbox/etoolbox.sty
Package: etoolbox 2020/10/05 v2.5k e-TeX tools for LaTeX (JAW)
\etb@tempcnta=\count305
)
\@linkdim=\dimen189
\Hy@linkcounter=\count306
\Hy@pagecounter=\count307

(/usr/local/texlive/2024/texmf-dist/tex/latex/hyperref/pd1enc.def
File: pd1enc.def 2024-01-20 v7.01h Hyperref: PDFDocEncoding definition (HO)
Now handling font encoding PD1 ...
... no UTF-8 mapping file for font encoding PD1
)
(/usr/local/texlive/2024/texmf-dist/tex/generic/intcalc/intcalc.sty
Package: intcalc 2019/12/15 v1.3 Expandable calculations with integers (HO)
)
\Hy@SavedSpaceFactor=\count308

(/usr/local/texlive/2024/texmf-dist/tex/latex/hyperref/puenc.def
File: puenc.def 2024-01-20 v7.01h Hyperref: PDF Unicode definition (HO)
Now handling font encoding PU ...
... no UTF-8 mapping file for font encoding PU
)
Package hyperref Info: Option `colorlinks' set `true' on input line 4062.
Package hyperref Info: Option `hyperindex' set `true' on input line 4062.
Package hyperref Info: Option `plainpages' set `false' on input line 4062.
Package hyperref Info: Option `pdfpagelabels' set `true' on input line 4062.
Package hyperref Info: Hyper figures OFF on input line 4179.
Package hyperref Info: Link nesting OFF on input line 4184.
Package hyperref Info: Hyper index ON on input line 4187.
Package hyperref Info: Plain pages OFF on input line 4194.
Package hyperref Info: Backreferencing OFF on input line 4199.
Package hyperref Info: Implicit mode ON; LaTeX internals redefined.
Package hyperref Info: Bookmarks ON on input line 4446.
\c@Hy@tempcnt=\count309

(/usr/local/texlive/2024/texmf-dist/tex/latex/url/url.sty
\Urlmuskip=\muskip17
Package: url 2013/09/16  ver 3.4  Verb mode for urls, etc.
)
LaTeX Info: Redefining \url on input line 4784.
\XeTeXLinkMargin=\dimen190

(/usr/local/texlive/2024/texmf-dist/tex/generic/bitset/bitset.sty
Package: bitset 2019/12/09 v1.3 Handle bit-vector datatype (HO)

(/usr/local/texlive/2024/texmf-dist/tex/generic/bigintcalc/bigintcalc.sty
Package: bigintcalc 2019/12/15 v1.5 Expandable calculations on big integers (HO
)
))
\Fld@menulength=\count310
\Field@Width=\dimen191
\Fld@charsize=\dimen192
Package hyperref Info: Hyper figures OFF on input line 6063.
Package hyperref Info: Link nesting OFF on input line 6068.
Package hyperref Info: Hyper index ON on input line 6071.
Package hyperref Info: backreferencing OFF on input line 6078.
Package hyperref Info: Link coloring ON on input line 6081.
Package hyperref Info: Link coloring with OCG OFF on input line 6088.
Package hyperref Info: PDF/A mode OFF on input line 6093.

(/usr/local/texlive/2024/texmf-dist/tex/latex/base/atbegshi-ltx.sty
Package: atbegshi-ltx 2021/01/10 v1.0c Emulation of the original atbegshi
package with kernel methods
)
\Hy@abspage=\count311
\c@Item=\count312
\c@Hfootnote=\count313
)
Package hyperref Info: Driver (autodetected): hpdftex.

(/usr/local/texlive/2024/texmf-dist/tex/latex/hyperref/hpdftex.def
File: hpdftex.def 2024-01-20 v7.01h Hyperref driver for pdfTeX

(/usr/local/texlive/2024/texmf-dist/tex/latex/base/atveryend-ltx.sty
Package: atveryend-ltx 2020/08/19 v1.0a Emulation of the original atveryend pac
kage
with kernel methods
)
\Fld@listcount=\count314
\c@bookmark@seq@number=\count315

(/usr/local/texlive/2024/texmf-dist/tex/latex/rerunfilecheck/rerunfilecheck.sty
Package: rerunfilecheck 2022-07-10 v1.10 Rerun checks for auxiliary files (HO)

(/usr/local/texlive/2024/texmf-dist/tex/generic/uniquecounter/uniquecounter.sty
Package: uniquecounter 2019/12/15 v1.4 Provide unlimited unique counter (HO)
)
Package uniquecounter Info: New unique counter `rerunfilecheck' on input line 2
85.
)
\Hy@SectionHShift=\skip84
) (/usr/local/texlive/2024/texmf-dist/tex/latex/oberdiek/hypcap.sty
Package: hypcap 2016/05/16 v1.12 Adjusting the anchors of captions (HO)

(/usr/local/texlive/2024/texmf-dist/tex/latex/letltxmacro/letltxmacro.sty
Package: letltxmacro 2019/12/03 v1.6 Let assignment for LaTeX macros (HO)
))
(/usr/local/texlive/2024/texmf-dist/tex/latex/cancel/cancel.sty
Package: cancel 2013/04/12 v2.2 Cancel math terms
)
(/usr/local/texlive/2024/texmf-dist/tex/latex/sectsty/sectsty.sty
Package: sectsty 2002/02/25 v2.0.2 Commands to change all sectional heading sty
les


LaTeX Warning: Command \underbar  has changed.
               Check if current package is valid.


LaTeX Warning: Command \underline  has changed.
               Check if current package is valid.

) (/usr/local/texlive/2024/texmf-dist/tex/latex/base/textcomp.sty
Package: textcomp 2020/02/02 v2.0n Standard LaTeX package
)
\c@defn=\count316
\c@thm=\count317
\c@eqn=\count318
\c@ex=\count319
\c@fig=\count320

(/usr/local/texlive/2024/texmf-dist/tex/latex/psnfss/helvet.sty
Package: helvet 2020/03/25 PSNFSS-v9.3 (WaS) 
)
(/usr/local/texlive/2024/texmf-dist/tex/latex/sfmath/sfmath.sty
Package: sfmath 2007/08/27 v0.8 sans serif maths
LaTeX Font Info:    Overwriting symbol font `operators' in version `normal'
(Font)                  OT1/cmr/m/n --> OT1/phv/m/n on input line 329.
LaTeX Font Info:    Overwriting symbol font `operators' in version `bold'
(Font)                  OT1/cmr/bx/n --> OT1/phv/bx/n on input line 330.
\symSFMath=\mathgroup6
LaTeX Font Info:    Overwriting symbol font `SFMath' in version `normal'
(Font)                  OT1/phv/m/sl --> OT1/phv/m/sl on input line 343.
LaTeX Font Info:    Overwriting symbol font `SFMath' in version `bold'
(Font)                  OT1/phv/m/sl --> OT1/phv/bx/sl on input line 344.
LaTeX Font Info:    Redeclaring math symbol \imath on input line 398.
LaTeX Font Info:    Redeclaring math symbol \jmath on input line 399.
\symSFMathUp=\mathgroup7
LaTeX Font Info:    Overwriting symbol font `SFMathUp' in version `normal'
(Font)                  OT1/phv/m/n --> OT1/phv/m/n on input line 406.
LaTeX Font Info:    Overwriting symbol font `SFMathUp' in version `bold'
(Font)                  OT1/phv/m/n --> OT1/phv/bx/n on input line 407.
LaTeX Font Info:    Redeclaring math symbol \ldotp on input line 410.
\symSFMathGreek=\mathgroup8
LaTeX Font Info:    Overwriting symbol font `SFMathGreek' in version `normal'
(Font)                  OT1/cmss/m/n --> OT1/cmss/m/n on input line 419.
LaTeX Font Info:    Overwriting symbol font `SFMathGreek' in version `bold'
(Font)                  OT1/cmss/m/n --> OT1/cmss/bx/n on input line 420.
LaTeX Font Info:    Redeclaring math symbol \Gamma on input line 422.
LaTeX Font Info:    Redeclaring math symbol \Delta on input line 423.
LaTeX Font Info:    Redeclaring math symbol \Theta on input line 424.
LaTeX Font Info:    Redeclaring math symbol \Lambda on input line 425.
LaTeX Font Info:    Redeclaring math symbol \Xi on input line 426.
LaTeX Font Info:    Redeclaring math symbol \Pi on input line 427.
LaTeX Font Info:    Redeclaring math symbol \Sigma on input line 428.
LaTeX Font Info:    Redeclaring math symbol \Upsilon on input line 429.
LaTeX Font Info:    Redeclaring math symbol \Phi on input line 430.
LaTeX Font Info:    Redeclaring math symbol \Psi on input line 431.
LaTeX Font Info:    Redeclaring math symbol \Omega on input line 432.
\symSFMathUpGreek=\mathgroup9
LaTeX Font Info:    Overwriting symbol font `SFMathUpGreek' in version `normal'

(Font)                  OT1/cmss/m/n --> OT1/cmss/m/n on input line 436.
LaTeX Font Info:    Overwriting symbol font `SFMathUpGreek' in version `bold'
(Font)                  OT1/cmss/m/n --> OT1/cmss/bx/n on input line 437.
LaTeX Font Info:    Overwriting math alphabet `\mathnormal' in version `normal'

(Font)                  OML/cmm/m/it --> OT1/phv/m/sl on input line 446.
LaTeX Font Info:    Overwriting math alphabet `\mathnormal' in version `bold'
(Font)                  OML/cmm/b/it --> OT1/phv/bx/sl on input line 447.
LaTeX Font Info:    Overwriting math alphabet `\mathrm' in version `normal'
(Font)                  OT1/phv/m/n --> OT1/phv/m/n on input line 449.
LaTeX Font Info:    Overwriting math alphabet `\mathrm' in version `bold'
(Font)                  OT1/phv/bx/n --> OT1/phv/bx/n on input line 450.
LaTeX Font Info:    Overwriting math alphabet `\mathbf' in version `normal'
(Font)                  OT1/cmr/bx/n --> OT1/phv/bx/n on input line 452.
LaTeX Font Info:    Overwriting math alphabet `\mathbf' in version `bold'
(Font)                  OT1/cmr/bx/n --> OT1/phv/bx/n on input line 453.
LaTeX Font Info:    Overwriting math alphabet `\mathit' in version `normal'
(Font)                  OT1/cmr/m/it --> OT1/phv/m/sl on input line 455.
LaTeX Font Info:    Overwriting math alphabet `\mathit' in version `bold'
(Font)                  OT1/cmr/bx/it --> OT1/phv/bx/sl on input line 456.
LaTeX Font Info:    Overwriting math alphabet `\mathsf' in version `normal'
(Font)                  OT1/cmss/m/n --> OT1/phv/m/n on input line 458.
LaTeX Font Info:    Overwriting math alphabet `\mathsf' in version `bold'
(Font)                  OT1/cmss/bx/n --> OT1/phv/bx/n on input line 459.
LaTeX Font Info:    Overwriting math alphabet `\mathsl' in version `bold'
(Font)                  OT1/phv/m/sl --> OT1/phv/bx/sl on input line 466.
)
LaTeX Font Info:    Trying to load font information for OT1+phv on input line 5
0.

(/usr/local/texlive/2024/texmf-dist/tex/latex/psnfss/ot1phv.fd
File: ot1phv.fd 2020/03/25 scalable font definitions for OT1/phv.
)
LaTeX Font Info:    Font shape `OT1/phv/m/n' will be
(Font)              scaled to size 10.07397pt on input line 50.

(/usr/local/texlive/2024/texmf-dist/tex/latex/l3backend/l3backend-pdftex.def
File: l3backend-pdftex.def 2024-02-20 L3 backend support: PDF output (pdfTeX)
\l__color_backend_stack_int=\count321
\l__pdf_internal_box=\box113
)
(./CompilerFurtherTopicsonFunctions.aux (./FurtherTopicsonFunctions.aux

LaTeX Warning: Label `gfromfrefex' multiply defined.

))
\openout1 = `CompilerFurtherTopicsonFunctions.aux'.

LaTeX Font Info:    Checking defaults for OML/cmm/m/it on input line 50.
LaTeX Font Info:    ... okay on input line 50.
LaTeX Font Info:    Checking defaults for OMS/cmsy/m/n on input line 50.
LaTeX Font Info:    ... okay on input line 50.
LaTeX Font Info:    Checking defaults for OT1/cmr/m/n on input line 50.
LaTeX Font Info:    ... okay on input line 50.
LaTeX Font Info:    Checking defaults for T1/cmr/m/n on input line 50.
LaTeX Font Info:    ... okay on input line 50.
LaTeX Font Info:    Checking defaults for TS1/cmr/m/n on input line 50.
LaTeX Font Info:    ... okay on input line 50.
LaTeX Font Info:    Checking defaults for OMX/cmex/m/n on input line 50.
LaTeX Font Info:    ... okay on input line 50.
LaTeX Font Info:    Checking defaults for U/cmr/m/n on input line 50.
LaTeX Font Info:    ... okay on input line 50.
LaTeX Font Info:    Checking defaults for PD1/pdf/m/n on input line 50.
LaTeX Font Info:    ... okay on input line 50.
LaTeX Font Info:    Checking defaults for PU/pdf/m/n on input line 50.
LaTeX Font Info:    ... okay on input line 50.
 (/usr/local/texlive/2024/texmf-dist/tex/context/base/mkii/supp-pdf.mkii
[Loading MPS to PDF converter (version 2006.09.02).]
\scratchcounter=\count322
\scratchdimen=\dimen193
\scratchbox=\box114
\nofMPsegments=\count323
\nofMParguments=\count324
\everyMPshowfont=\toks35
\MPscratchCnt=\count325
\MPscratchDim=\dimen194
\MPnumerator=\count326
\makeMPintoPDFobject=\count327
\everyMPtoPDFconversion=\toks36
) (/usr/local/texlive/2024/texmf-dist/tex/latex/epstopdf-pkg/epstopdf-base.sty
Package: epstopdf-base 2020-01-24 v2.11 Base part for package epstopdf

(/usr/local/texlive/2024/texmf-dist/tex/latex/grfext/grfext.sty
Package: grfext 2019/12/03 v1.3 Manage graphics extensions (HO)
)
Package epstopdf-base Info: Redefining graphics rule for `.eps' on input line 4
85.
Package grfext Info: Graphics extension search list:
(grfext)             [.pdf,.png,.jpg,.mps,.jpeg,.jbig2,.jb2,.PDF,.PNG,.JPG,.JPE
G,.JBIG2,.JB2,.eps]
(grfext)             \AppendGraphicsExtensions on input line 504.

(/usr/local/texlive/2024/texmf-dist/tex/latex/latexconfig/epstopdf-sys.cfg
File: epstopdf-sys.cfg 2010/07/13 v1.3 Configuration of (r)epstopdf for TeX Liv
e
))
Package hyperref Info: Link coloring ON on input line 50.

(./CompilerFurtherTopicsonFunctions.out)
(./CompilerFurtherTopicsonFunctions.out)
\@outlinefile=\write4
\openout4 = `CompilerFurtherTopicsonFunctions.out'.

\c@HW=\count328
\c@HWindent=\count329

Chapter 1.
LaTeX Font Info:    Font shape `OT1/phv/m/n' will be
(Font)              scaled to size 19.08076pt on input line 57.
LaTeX Font Info:    Font shape `OT1/phv/b/n' will be
(Font)              scaled to size 19.08076pt on input line 57.
LaTeX Font Info:    Font shape `OT1/phv/m/n' will be
(Font)              scaled to size 22.88956pt on input line 57.
LaTeX Font Info:    Font shape `OT1/phv/b/n' will be
(Font)              scaled to size 22.88956pt on input line 57.
LaTeX Font Info:    Font shape `OT1/phv/m/sc' will be
(Font)              scaled to size 22.88956pt on input line 57.
[1


{/usr/local/texlive/2024/texmf-var/fonts/map/pdftex/updmap/pdftex.map}{/usr/loc
al/texlive/2024/texmf-dist/fonts/enc/dvips/base/8r.enc}]
\openout2 = `FurtherTopicsonFunctions.aux'.


(./FurtherTopicsonFunctions.tex
LaTeX Font Info:    Font shape `OT1/phv/m/n' will be
(Font)              scaled to size 13.24796pt on input line 2.
LaTeX Font Info:    Font shape `OT1/phv/b/n' will be
(Font)              scaled to size 13.24796pt on input line 2.
 (./GraphsofFunctions.tex

Mfpic: Initializing GraphsofFunctions.mp.
\openout3 = `GraphsofFunctions.mp'.

Mfpic: Don't forget to process GraphsofFunctions.mp!
Mfpic: Apply metapost to GraphsofFunctions.mp.
Mfpic: Then reprocess this file "CompilerFurtherTopicsonFunctions".

LaTeX Font Info:    Font shape `OT1/phv/m/it' in size <10.95> not available
(Font)              Font shape `OT1/phv/m/sl' tried instead on input line 9.
LaTeX Font Info:    Font shape `OT1/phv/m/sl' will be
(Font)              scaled to size 10.07397pt on input line 9.
LaTeX Font Info:    Font shape `OT1/phv/b/n' will be
(Font)              scaled to size 10.07397pt on input line 14.

LaTeX Warning: Reference `FunctionsandtheirRepresentations' on page 2 undefined
 on input line 14.

LaTeX Font Info:    Font shape `OT1/phv/m/n' will be
(Font)              scaled to size 7.35999pt on input line 18.
LaTeX Font Info:    Font shape `OT1/phv/m/n' will be
(Font)              scaled to size 5.51999pt on input line 18.
LaTeX Font Info:    Trying to load font information for U+msa on input line 18.

(/usr/local/texlive/2024/texmf-dist/tex/latex/amsfonts/umsa.fd
File: umsa.fd 2013/01/14 v3.01 AMS symbols A
)
LaTeX Font Info:    Trying to load font information for U+msb on input line 18.


(/usr/local/texlive/2024/texmf-dist/tex/latex/amsfonts/umsb.fd
File: umsb.fd 2013/01/14 v3.01 AMS symbols B
)
LaTeX Font Info:    Font shape `OT1/phv/m/sl' will be
(Font)              scaled to size 7.35999pt on input line 18.
LaTeX Font Info:    Font shape `OT1/phv/m/sl' will be
(Font)              scaled to size 5.51999pt on input line 18.


LaTeX Warning: Reference `absmaxmindefn' on page 2 undefined on input line 22.


LaTeX Warning: Reference `localmaxmindefn' on page 2 undefined on input line 26
.


LaTeX Warning: Reference `incdeccnstdefn' on page 2 undefined on input line 30.


LaTeX Font Info:    Font shape `OT1/phv/m/n' will be
(Font)              scaled to size 8.27998pt on input line 34.
LaTeX Font Info:    Font shape `OT1/phv/m/n' will be
(Font)              scaled to size 4.59999pt on input line 34.
LaTeX Font Info:    Font shape `OT1/phv/m/sl' will be
(Font)              scaled to size 8.27998pt on input line 34.
LaTeX Font Info:    Font shape `OT1/phv/m/sl' will be
(Font)              scaled to size 4.59999pt on input line 34.

LaTeX Warning: Reference `evenfunctiondefn' on page 2 undefined on input line 3
4.


LaTeX Warning: Reference `oddfunctiondefn' on page 2 undefined on input line 34
.

LaTeX Font Info:    Font shape `OT1/phv/m/sc' will be
(Font)              scaled to size 10.07397pt on input line 42.
[2

]
LaTeX Font Info:    Font shape `OT1/phv/m/n' will be
(Font)              scaled to size 9.19998pt on input line 147.
LaTeX Font Info:    Font shape `OT1/phv/m/n' will be
(Font)              scaled to size 6.43999pt on input line 147.
LaTeX Font Info:    Font shape `OT1/phv/m/sl' will be
(Font)              scaled to size 9.19998pt on input line 147.
LaTeX Font Info:    Font shape `OT1/phv/m/sl' will be
(Font)              scaled to size 6.43999pt on input line 147.
File: GraphsofFunctions.1 Graphic file (type mps)
 [MP to PDF] (./GraphsofFunctions.1)

LaTeX Warning: Reference `FunctionsandtheirRepresentations' on page 3 undefined
 on input line 174.

[3]
File: GraphsofFunctions.2 Graphic file (type mps)
 [MP to PDF] (./GraphsofFunctions.2) [4]
File: GraphsofFunctions.3 Graphic file (type mps)
 [MP to PDF] (./GraphsofFunctions.3) [5]

LaTeX Warning: Reference `localmaxmindefn' on page 6 undefined on input line 33
8.

LaTeX Font Info:    Font shape `OT1/phv/b/n' will be
(Font)              scaled to size 8.27998pt on input line 342.

LaTeX Warning: Reference `AppRealNumberArithmetic' on page 6 undefined on input
 line 342.


LaTeX Warning: Reference `propertiesofzero' on page 6 undefined on input line 3
42.


LaTeX Warning: Reference `PowerEqIneq' on page 6 undefined on input line 352.

[6]
File: GraphsofFunctions.4 Graphic file (type mps)
 [MP to PDF] (./GraphsofFunctions.4)

LaTeX Warning: Reference `reflectionsinabox' on page 7 undefined on input line 
407.


LaTeX Warning: Reference `AppCartesianPlane' on page 7 undefined on input line 
407.

File: GraphsofFunctions.5 Graphic file (type mps)
[MP to PDF] (./GraphsofFunctions.5)
File: GraphsofFunctions.6 Graphic file (type mps)
 [MP to PDF] (./GraphsofFunctions.6)
[7]
File: GraphsofFunctions.7 Graphic file (type mps)
 [MP to PDF] (./GraphsofFunctions.7)
File: GraphsofFunctions.8 Graphic file (type mps)
 [MP to PDF] (./GraphsofFunctions.8)
File: GraphsofFunctions.9 Graphic file (type mps)

[MP to PDF] (./GraphsofFunctions.9)
File: GraphsofFunctions.10 Graphic file (type mps)
 [MP to PDF] (./GraphsofFunctions.10)
[8]
LaTeX Font Info:    Font shape `OT1/phv/m/n' will be
(Font)              scaled to size 11.03998pt on input line 561.
LaTeX Font Info:    Font shape `OT1/phv/b/n' will be
(Font)              scaled to size 11.03998pt on input line 561.
 (./ExercisesforGraphsofFunctions.tex
File: GraphsofFunctions.11 Graphic file (type mps)
 [MP to PDF] (./GraphsofFunctions.11)
[9]
File: GraphsofFunctions.12 Graphic file (type mps)
 [MP to PDF] (./GraphsofFunctions.12) [10]
File: GraphsofFunctions.13 Graphic file (type mps)
 [MP to PDF]
(./GraphsofFunctions.13)
File: GraphsofFunctions.14 Graphic file (type mps)
 [MP to PDF] (./GraphsofFunctions.14) [11]
File: GraphsofFunctions.15 Graphic file (type mps)
 [MP to PDF]
(./GraphsofFunctions.15)
File: GraphsofFunctions.16 Graphic file (type mps)
 [MP to PDF] (./GraphsofFunctions.16)
File: GraphsofFunctions.17 Graphic file (type mps)
 [MP to PDF]
(./GraphsofFunctions.17)
File: GraphsofFunctions.18 Graphic file (type mps)
 [MP to PDF] (./GraphsofFunctions.18) [12])) [13]
(./FunctionArithmetic.tex

Mfpic: Initializing FunctionArithmetic.mp.
\openout3 = `FunctionArithmetic.mp'.

Mfpic: Don't forget to process FunctionArithmetic.mp!
Mfpic: Apply metapost to FunctionArithmetic.mp.
Mfpic: Then reprocess this file "CompilerFurtherTopicsonFunctions".


LaTeX Warning: Reference `AppSetTheory' on page 14 undefined on input line 22.

LaTeX Font Info:    Trying to load font information for TS1+phv on input line 4
4.
(/usr/local/texlive/2024/texmf-dist/tex/latex/psnfss/ts1phv.fd
File: ts1phv.fd 2020/03/25 scalable font definitions for TS1/phv.
)
LaTeX Font Info:    Font shape `TS1/phv/m/n' will be
(Font)              scaled to size 10.07397pt on input line 44.
 [14]
File: FunctionArithmetic.1 Graphic file (type mps)

[MP to PDF] (./FunctionArithmetic.1) [15]
Underfull \vbox (badness 4954) has occurred while \output is active []

 [16]
[17] [18] [19] [20]
File: FunctionArithmetic.2 Graphic file (type mps)
 [MP to PDF] (./FunctionArithmetic.2)
File: FunctionArithmetic.3 Graphic file (type mps)
 [MP to PDF]
(./FunctionArithmetic.3)
File: FunctionArithmetic.4 Graphic file (type mps)
 [MP to PDF] (./FunctionArithmetic.4) [21]
Underfull \vbox (badness 1354) has occurred while \output is active []

 [22]
[23]

LaTeX Warning: Reference `newportaboycost' on page 24 undefined on input line 6
26.


LaTeX Warning: Reference `GraphsofPolynomials' on page 24 undefined on input li
ne 626.

[24]
<./FunctionArithmeticGraphics/MaxProfitARoCEx.png, id=484, 627.34375pt x 388.45
125pt>
File: ./FunctionArithmeticGraphics/MaxProfitARoCEx.png Graphic file (type png)
<use ./FunctionArithmeticGraphics/MaxProfitARoCEx.png>
Package pdftex.def Info: ./FunctionArithmeticGraphics/MaxProfitARoCEx.png  used
 on input line 657.
(pdftex.def)             Requested size: 289.07999pt x 179.00388pt.
 [25 <./FunctionArithmeticGraphics/MaxProfitARoCEx.png>]
(./ExercisesforFunctionArithmetic.tex
File: FunctionArithmetic.5 Graphic file (type mps)
 [MP to PDF] (./FunctionArithmetic.5)
File: FunctionArithmetic.6 Graphic file (type mps)

[MP to PDF] (./FunctionArithmetic.6) [26]

LaTeX Warning: Reference `revenueprofitdefns' on page 27 undefined on input lin
e 318.

[27]

LaTeX Warning: Reference `absolutevaluepiecewise' on page 28 undefined on input
 line 354.


LaTeX Warning: Reference `unitstepexercise' on page 28 undefined on input line 
365.


LaTeX Warning: Reference `ConstantandLinearFunctions' on page 28 undefined on i
nput line 365.

File: FunctionArithmetic.7 Graphic file (type mps)
[MP to PDF] (./FunctionArithmetic.7) [28] [29] [30] [31] [32] [33]
File: FunctionArithmetic.8 Graphic file (type mps)
 [MP to PDF]
(./FunctionArithmetic.8)
File: FunctionArithmetic.9 Graphic file (type mps)
 [MP to PDF] (./FunctionArithmetic.9) [34]
File: FunctionArithmetic.10 Graphic file (type mps)
 [MP to PDF]
(./FunctionArithmetic.10)
File: FunctionArithmetic.11 Graphic file (type mps)
 [MP to PDF] (./FunctionArithmetic.11)
File: FunctionArithmetic.12 Graphic file (type mps)
 [MP to PDF]
(./FunctionArithmetic.12)
File: FunctionArithmetic.13 Graphic file (type mps)
 [MP to PDF] (./FunctionArithmetic.13)
File: FunctionArithmetic.14 Graphic file (type mps)
 [MP to PDF]
(./FunctionArithmetic.14)
File: FunctionArithmetic.15 Graphic file (type mps)
 [MP to PDF] (./FunctionArithmetic.15)
Overfull \vbox (7.0321pt too high) has occurred while \output is active []


Overfull \vbox (7.0321pt too high) has occurred while \output is active []


[35]
File: FunctionArithmetic.16 Graphic file (type mps)
 [MP to PDF] (./FunctionArithmetic.16)
File: FunctionArithmetic.17 Graphic file (type mps)
 [MP to PDF] (./FunctionArithmetic.17)
File: FunctionArithmetic.18 Graphic file (type mps)
 [MP to PDF] (./FunctionArithmetic.18)
File: FunctionArithmetic.19 Graphic file (type mps)
 [MP to PDF] (./FunctionArithmetic.19)
File: FunctionArithmetic.20 Graphic file (type mps)

[MP to PDF] (./FunctionArithmetic.20)
Underfull \vbox (badness 5578) has occurred while \output is active []

 [36]
Overfull \hbox (50.39418pt too wide) in paragraph at lines 1650--1651
[]$\OT1/cmss/m/n/10.95 ^^A\OT1/phv/m/sl/10.95 A \OT1/phv/m/n/10.95 = \OT1/cmss/
m/n/10.95 ^^A\OT1/phv/m/n/10.95 [\OML/cmm/m/it/10.95 `\OT1/phv/m/sl/10.95 w\OT1
/phv/m/n/10.95 ] = \OT1/phv/m/sl/10.95 w\OT1/cmss/m/n/10.95 ^^A\OML/cmm/m/it/10
.95 ` \OT1/phv/m/n/10.95 + \OML/cmm/m/it/10.95 `\OT1/cmss/m/n/10.95 ^^A\OT1/phv
/m/sl/10.95 w \OT1/phv/m/n/10.95 + \OT1/cmss/m/n/10.95 ^^A\OT1/phv/m/sl/10.95 e
ll\OT1/cmss/m/n/10.95 ^^A\OT1/phv/m/sl/10.95 w \OT1/phv/m/n/10.95 = (216 [])(\O
MS/cmsy/m/n/10.95 ^^F\OT1/phv/m/n/10.95 0.5 []) + (280 [])(\OMS/cmsy/m/n/10.95 
^^F\OT1/phv/m/n/10.95 0.5 []) + (\OMS/cmsy/m/n/10.95 ^^F\OT1/phv/m/n/10.95 0.5 
[])(\OMS/cmsy/m/n/10.95 ^^F\OT1/phv/m/n/10.95 0.5 []) =
 []

)) [37] (./FunctionComposition.tex

Mfpic: Initializing FunctionComposition.mp.
\openout3 = `FunctionComposition.mp'.

Mfpic: Don't forget to process FunctionComposition.mp!
Mfpic: Apply metapost to FunctionComposition.mp.
Mfpic: Then reprocess this file "CompilerFurtherTopicsonFunctions".

File: FunctionComposition.1 Graphic file (type mps)
[MP to PDF] (./FunctionComposition.1) [38]
File: FunctionComposition.2 Graphic file (type mps)
 [MP to PDF] (./FunctionComposition.2) [39] [40]
File: FunctionComposition.3 Graphic file (type mps)
 [MP to PDF] (./FunctionComposition.3) [41] [42] [43]

LaTeX Warning: Reference `identityexercise' on page 44 undefined on input line 
324.


LaTeX Warning: Reference `ConstantandLinearFunctions' on page 44 undefined on i
nput line 324.

[44]
File: FunctionComposition.4 Graphic file (type mps)
 [MP to PDF] (./FunctionComposition.4) [45]
File: FunctionComposition.5 Graphic file (type mps)
 [MP to PDF]
(./FunctionComposition.5) [46]
File: FunctionComposition.6 Graphic file (type mps)
 [MP to PDF] (./FunctionComposition.6) [47]
[48] [49] [50] [51]
File: FunctionComposition.7 Graphic file (type mps)
 [MP to PDF] (./FunctionComposition.7) [52] [53]
(./ExercisesforFunctionComposition.tex [54]
File: FunctionComposition.8 Graphic file (type mps)
 [MP to PDF]
(./FunctionComposition.8)
File: FunctionComposition.9 Graphic file (type mps)
 [MP to PDF] (./FunctionComposition.9) [55] [56]
[57] [58] [59]
Overfull \hbox (18.71786pt too wide) in paragraph at lines 984--985
[]$\OT1/phv/m/n/10.95 (\OT1/phv/m/sl/10.95 f \OMS/cmsy/m/n/10.95 ^^N \OT1/phv/m
/sl/10.95 f\OT1/phv/m/n/10.95 )(\OT1/phv/m/sl/10.95 x\OT1/phv/m/n/10.95 ) = []$
, do-main: $[] \OMS/cmsy/m/n/10.95 [ [] [ [] [ [] [
 []

[60])) [61] (./Transformations.tex

Mfpic: Initializing Transformations.mp.
\openout3 = `Transformations.mp'.

Mfpic: Don't forget to process Transformations.mp!
Mfpic: Apply metapost to Transformations.mp.
Mfpic: Then reprocess this file "CompilerFurtherTopicsonFunctions".


LaTeX Warning: Reference `linearabsvaluegraphs' on page 62 undefined on input l
ine 9.


LaTeX Warning: Reference `standardformgraph' on page 62 undefined on input line
 9.


LaTeX Warning: Reference `linearmononialgraphs' on page 62 undefined on input l
ine 9.


LaTeX Warning: Reference `linearlaurentlgraphs' on page 62 undefined on input l
ine 9.


LaTeX Warning: Reference `linearrootgraphs' on page 62 undefined on input line 
9.


LaTeX Warning: Reference `linearrationalpowergraphs' on page 62 undefined on in
put line 9.


LaTeX Warning: Reference `linearrationalpowergraphs' on page 62 undefined on in
put line 13.

File: Transformations.1 Graphic file (type mps)
[MP to PDF] (./Transformations.1) [62]
File: Transformations.2 Graphic file (type mps)
 [MP to PDF] (./Transformations.2)
File: Transformations.3 Graphic file (type mps)

[MP to PDF] (./Transformations.3) [63]
File: Transformations.4 Graphic file (type mps)
 [MP to PDF] (./Transformations.4)
File: Transformations.5 Graphic file (type mps)

[MP to PDF] (./Transformations.5) [64]
File: Transformations.6 Graphic file (type mps)
 [MP to PDF] (./Transformations.6)
File: Transformations.7 Graphic file (type mps)

[MP to PDF] (./Transformations.7)
Overfull \vbox (11.68434pt too high) has occurred while \output is active []


Overfull \vbox (1.73262pt too high) has occurred while \output is active []


[65]
<./TransformationsGraphics/TransformationsEx01a.jpg, id=1122, 2820.5375pt x 150
7.6325pt>
File: ./TransformationsGraphics/TransformationsEx01a.jpg Graphic file (type jpg
)
<use ./TransformationsGraphics/TransformationsEx01a.jpg>
Package pdftex.def Info: ./TransformationsGraphics/TransformationsEx01a.jpg  us
ed on input line 428.
(pdftex.def)             Requested size: 216.81pt x 115.87411pt.
<./TransformationsGraphics/TransformationsEx01b.jpg, id=1123, 2818.53pt x 1517.
67pt>
File: ./TransformationsGraphics/TransformationsEx01b.jpg Graphic file (type jpg
)
<use ./TransformationsGraphics/TransformationsEx01b.jpg>
Package pdftex.def Info: ./TransformationsGraphics/TransformationsEx01b.jpg  us
ed on input line 428.
(pdftex.def)             Requested size: 216.81pt x 116.7382pt.

Overfull \hbox (18.72536pt too wide) in paragraph at lines 426--433
 [] 
 []

[66 <./TransformationsGraphics/TransformationsEx01a.jpg> <./TransformationsGrap
hics/TransformationsEx01b.jpg>]
<./TransformationsGraphics/TransformationsEx01c.jpg, id=1136, 2820.5375pt x 150
7.6325pt>
File: ./TransformationsGraphics/TransformationsEx01c.jpg Graphic file (type jpg
)
<use ./TransformationsGraphics/TransformationsEx01c.jpg>
Package pdftex.def Info: ./TransformationsGraphics/TransformationsEx01c.jpg  us
ed on input line 440.
(pdftex.def)             Requested size: 289.07999pt x 154.49883pt.


LaTeX Font Warning: Command \scriptsize invalid in math mode on input line 462.



LaTeX Font Warning: Command \normalsize invalid in math mode on input line 469.


File: Transformations.8 Graphic file (type mps)
[MP to PDF] (./Transformations.8)

LaTeX Font Warning: Command \scriptsize invalid in math mode on input line 491.



LaTeX Font Warning: Command \normalsize invalid in math mode on input line 498.


File: Transformations.9 Graphic file (type mps)
[MP to PDF] (./Transformations.9)
Overfull \hbox (38.72253pt too wide) detected at line 506
[]
 []


LaTeX Font Warning: Command \scriptsize invalid in math mode on input line 522.



LaTeX Font Warning: Command \normalsize invalid in math mode on input line 529.


File: Transformations.10 Graphic file (type mps)
[MP to PDF] (./Transformations.10)

LaTeX Font Warning: Command \scriptsize invalid in math mode on input line 551.



LaTeX Font Warning: Command \normalsize invalid in math mode on input line 558.


File: Transformations.11 Graphic file (type mps)
[MP to PDF] (./Transformations.11) [67 <./TransformationsGraphics/Transformatio
nsEx01c.jpg>]

LaTeX Font Warning: Command \scriptsize invalid in math mode on input line 582.



LaTeX Font Warning: Command \normalsize invalid in math mode on input line 589.


File: Transformations.12 Graphic file (type mps)
[MP to PDF] (./Transformations.12)

LaTeX Font Warning: Command \scriptsize invalid in math mode on input line 611.



LaTeX Font Warning: Command \normalsize invalid in math mode on input line 618.


File: Transformations.13 Graphic file (type mps)
[MP to PDF] (./Transformations.13)
Overfull \hbox (31.1334pt too wide) detected at line 626
[]
 []


LaTeX Font Warning: Command \scriptsize invalid in math mode on input line 640.



LaTeX Font Warning: Command \normalsize invalid in math mode on input line 647.


File: Transformations.14 Graphic file (type mps)
[MP to PDF] (./Transformations.14)

LaTeX Font Warning: Command \scriptsize invalid in math mode on input line 670.



LaTeX Font Warning: Command \normalsize invalid in math mode on input line 677.


File: Transformations.15 Graphic file (type mps)
[MP to PDF] (./Transformations.15)
Overfull \hbox (33.80936pt too wide) detected at line 685
[]
 []


Underfull \vbox (badness 10000) has occurred while \output is active []

 [68]

LaTeX Warning: Reference `AppCartesianPlane' on page 69 undefined on input line
 707.


LaTeX Warning: Reference `GraphsofPolynomials' on page 69 undefined on input li
ne 707.

[69]
File: Transformations.16 Graphic file (type mps)
 [MP to PDF] (./Transformations.16)
File: Transformations.17 Graphic file (type mps)
 [MP to PDF] (./Transformations.17)
File: Transformations.18 Graphic file (type mps)

[MP to PDF] (./Transformations.18)
File: Transformations.19 Graphic file (type mps)
 [MP to PDF] (./Transformations.19) [70]
File: Transformations.20 Graphic file (type mps)

[MP to PDF] (./Transformations.20)
File: Transformations.21 Graphic file (type mps)
 [MP to PDF] (./Transformations.21)
LaTeX Font Info:    Font shape `OT1/phv/b/n' will be
(Font)              scaled to size 7.35999pt on input line 955.

Overfull \hbox (27.38924pt too wide) in paragraph at lines 955--956
 [][] 
 []

[71] [72]
<./TransformationsGraphics/TransformationsEx02a.jpg, id=1212, 2682.02pt x 1507.
6325pt>
File: ./TransformationsGraphics/TransformationsEx02a.jpg Graphic file (type jpg
)
<use ./TransformationsGraphics/TransformationsEx02a.jpg>
Package pdftex.def Info: ./TransformationsGraphics/TransformationsEx02a.jpg  us
ed on input line 1036.
(pdftex.def)             Requested size: 216.81pt x 121.8553pt.
<./TransformationsGraphics/TransformationsEx02b.jpg, id=1213, 2682.02pt x 1505.
625pt>
File: ./TransformationsGraphics/TransformationsEx02b.jpg Graphic file (type jpg
)
<use ./TransformationsGraphics/TransformationsEx02b.jpg>
Package pdftex.def Info: ./TransformationsGraphics/TransformationsEx02b.jpg  us
ed on input line 1036.
(pdftex.def)             Requested size: 216.81pt x 121.69305pt.

Overfull \hbox (15.24007pt too wide) in paragraph at lines 1034--1041
 [] 
 []


LaTeX Font Warning: Command \scriptsize invalid in math mode on input line 1061
.


LaTeX Font Warning: Command \normalsize invalid in math mode on input line 1067
.

File: Transformations.22 Graphic file (type mps)
[MP to PDF] (./Transformations.22)

LaTeX Font Warning: Command \scriptsize invalid in math mode on input line 1088
.


LaTeX Font Warning: Command \normalsize invalid in math mode on input line 1094
.

File: Transformations.23 Graphic file (type mps)
[MP to PDF] (./Transformations.23)

LaTeX Font Warning: Command \scriptsize invalid in math mode on input line 1116
.


LaTeX Font Warning: Command \normalsize invalid in math mode on input line 1122
.

File: Transformations.24 Graphic file (type mps)
[MP to PDF] (./Transformations.24)

LaTeX Font Warning: Command \scriptsize invalid in math mode on input line 1143
.


LaTeX Font Warning: Command \normalsize invalid in math mode on input line 1149
.

File: Transformations.25 Graphic file (type mps)
[MP to PDF] (./Transformations.25) [73 <./TransformationsGraphics/Transformatio
nsEx02a.jpg> <./TransformationsGraphics/TransformationsEx02b.jpg>]

LaTeX Font Warning: Command \scriptsize invalid in math mode on input line 1178
.


LaTeX Font Warning: Command \normalsize invalid in math mode on input line 1184
.

File: Transformations.26 Graphic file (type mps)
[MP to PDF] (./Transformations.26)

LaTeX Font Warning: Command \scriptsize invalid in math mode on input line 1205
.


LaTeX Font Warning: Command \normalsize invalid in math mode on input line 1211
.

File: Transformations.27 Graphic file (type mps)
[MP to PDF] (./Transformations.27)

LaTeX Font Warning: Command \scriptsize invalid in math mode on input line 1232
.


LaTeX Font Warning: Command \normalsize invalid in math mode on input line 1238
.

File: Transformations.28 Graphic file (type mps)
[MP to PDF] (./Transformations.28)

LaTeX Font Warning: Command \scriptsize invalid in math mode on input line 1259
.


LaTeX Font Warning: Command \normalsize invalid in math mode on input line 1265
.

File: Transformations.29 Graphic file (type mps)
[MP to PDF] (./Transformations.29)
Underfull \vbox (badness 10000) has occurred while \output is active []

 [74]

LaTeX Font Warning: Command \scriptsize invalid in math mode on input line 1298
.


LaTeX Font Warning: Command \normalsize invalid in math mode on input line 1304
.

File: Transformations.30 Graphic file (type mps)
[MP to PDF] (./Transformations.30)

LaTeX Font Warning: Command \scriptsize invalid in math mode on input line 1324
.


LaTeX Font Warning: Command \normalsize invalid in math mode on input line 1330
.

File: Transformations.31 Graphic file (type mps)
[MP to PDF] (./Transformations.31)

LaTeX Font Warning: Command \scriptsize invalid in math mode on input line 1350
.


LaTeX Font Warning: Command \normalsize invalid in math mode on input line 1356
.

File: Transformations.32 Graphic file (type mps)
[MP to PDF] (./Transformations.32)

LaTeX Font Warning: Command \scriptsize invalid in math mode on input line 1376
.


LaTeX Font Warning: Command \normalsize invalid in math mode on input line 1382
.

File: Transformations.33 Graphic file (type mps)
[MP to PDF] (./Transformations.33)
Underfull \vbox (badness 4072) has occurred while \output is active []

 [75]
[76]
LaTeX Font Info:    Font shape `OT1/phv/m/it' in size <9> not available
(Font)              Font shape `OT1/phv/m/sl' tried instead on input line 1443.

LaTeX Font Info:    Font shape `OT1/phv/m/sl' will be
(Font)              scaled to size 8.27998pt on input line 1443.
 [77]
File: Transformations.34 Graphic file (type mps)
 [MP to PDF] (./Transformations.34)
File: Transformations.35 Graphic file (type mps)
 [MP to PDF] (./Transformations.35)
File: Transformations.36 Graphic file (type mps)
[MP to PDF] (./Transformations.36) [78]
File: Transformations.37 Graphic file (type mps)
 [MP to PDF] (./Transformations.37)
File: Transformations.38 Graphic file (type mps)

[MP to PDF] (./Transformations.38)
LaTeX Font Info:    Font shape `OT1/phv/m/it' in size <8> not available
(Font)              Font shape `OT1/phv/m/sl' tried instead on input line 1640.

LaTeX Font Info:    Font shape `OT1/phv/m/sl' will be
(Font)              scaled to size 7.35999pt on input line 1640.
LaTeX Font Info:    Font shape `OT1/phv/m/it' in size <6> not available
(Font)              Font shape `OT1/phv/m/sl' tried instead on input line 1640.

LaTeX Font Info:    Font shape `OT1/phv/m/sl' will be
(Font)              scaled to size 5.51999pt on input line 1640.
 [79]
File: Transformations.39 Graphic file (type mps)
 [MP to PDF] (./Transformations.39)
File: Transformations.40 Graphic file (type mps)

[MP to PDF] (./Transformations.40)
File: Transformations.41 Graphic file (type mps)
 [MP to PDF] (./Transformations.41)
File: Transformations.42 Graphic file (type mps)

[MP to PDF] (./Transformations.42) [80]
File: Transformations.43 Graphic file (type mps)
 [MP to PDF] (./Transformations.43)
File: Transformations.44 Graphic file (type mps)

[MP to PDF] (./Transformations.44)
Overfull \hbox (10.37308pt too wide) in paragraph at lines 1926--1927
 [][] 
 []

[81] [82]
<./TransformationsGraphics/TransformationsEx03a.jpg, id=1340, 2682.02pt x 1505.
625pt>
File: ./TransformationsGraphics/TransformationsEx03a.jpg Graphic file (type jpg
)
<use ./TransformationsGraphics/TransformationsEx03a.jpg>
Package pdftex.def Info: ./TransformationsGraphics/TransformationsEx03a.jpg  us
ed on input line 2050.
(pdftex.def)             Requested size: 216.81pt x 121.69305pt.
<./TransformationsGraphics/TransformationsEx03b.jpg, id=1341, 2688.0425pt x 151
7.67pt>
File: ./TransformationsGraphics/TransformationsEx03b.jpg Graphic file (type jpg
)
<use ./TransformationsGraphics/TransformationsEx03b.jpg>
Package pdftex.def Info: ./TransformationsGraphics/TransformationsEx03b.jpg  us
ed on input line 2050.
(pdftex.def)             Requested size: 216.81pt x 122.3887pt.

Overfull \hbox (15.24007pt too wide) in paragraph at lines 2048--2055
 [] 
 []

[83]

LaTeX Font Warning: Command \scriptsize invalid in math mode on input line 2093
.


LaTeX Font Warning: Command \normalsize invalid in math mode on input line 2099
.

File: Transformations.45 Graphic file (type mps)
[MP to PDF] (./Transformations.45)

LaTeX Font Warning: Command \scriptsize invalid in math mode on input line 2120
.


LaTeX Font Warning: Command \normalsize invalid in math mode on input line 2126
.

File: Transformations.46 Graphic file (type mps)
[MP to PDF] (./Transformations.46)

LaTeX Font Warning: Command \scriptsize invalid in math mode on input line 2148
.


LaTeX Font Warning: Command \normalsize invalid in math mode on input line 2154
.

File: Transformations.47 Graphic file (type mps)
[MP to PDF] (./Transformations.47)

LaTeX Font Warning: Command \scriptsize invalid in math mode on input line 2174
.


LaTeX Font Warning: Command \normalsize invalid in math mode on input line 2180
.

File: Transformations.48 Graphic file (type mps)
[MP to PDF] (./Transformations.48)
Underfull \vbox (badness 1005) has occurred while \output is active []

 [84 <./TransformationsGraphics/TransformationsEx03a.jpg> <./TransformationsGra
phics/TransformationsEx03b.jpg>]

LaTeX Font Warning: Command \scriptsize invalid in math mode on input line 2201
.


LaTeX Font Warning: Command \normalsize invalid in math mode on input line 2207
.

File: Transformations.49 Graphic file (type mps)
[MP to PDF] (./Transformations.49)

LaTeX Font Warning: Command \scriptsize invalid in math mode on input line 2229
.


LaTeX Font Warning: Command \normalsize invalid in math mode on input line 2235
.

File: Transformations.50 Graphic file (type mps)
[MP to PDF] (./Transformations.50)

LaTeX Font Warning: Command \scriptsize invalid in math mode on input line 2255
.


LaTeX Font Warning: Command \normalsize invalid in math mode on input line 2261
.

File: Transformations.51 Graphic file (type mps)
[MP to PDF] (./Transformations.51)

LaTeX Font Warning: Command \scriptsize invalid in math mode on input line 2282
.


LaTeX Font Warning: Command \normalsize invalid in math mode on input line 2288
.

File: Transformations.52 Graphic file (type mps)
[MP to PDF] (./Transformations.52)

LaTeX Font Warning: Command \scriptsize invalid in math mode on input line 2310
.


LaTeX Font Warning: Command \normalsize invalid in math mode on input line 2316
.

File: Transformations.53 Graphic file (type mps)
[MP to PDF] (./Transformations.53)

LaTeX Font Warning: Command \scriptsize invalid in math mode on input line 2336
.


LaTeX Font Warning: Command \normalsize invalid in math mode on input line 2342
.

File: Transformations.54 Graphic file (type mps)
[MP to PDF] (./Transformations.54)
Underfull \vbox (badness 3635) has occurred while \output is active []

 [85]

LaTeX Font Warning: Command \scriptsize invalid in math mode on input line 2363
.


LaTeX Font Warning: Command \normalsize invalid in math mode on input line 2369
.

File: Transformations.55 Graphic file (type mps)
[MP to PDF] (./Transformations.55)

LaTeX Font Warning: Command \scriptsize invalid in math mode on input line 2391
.


LaTeX Font Warning: Command \normalsize invalid in math mode on input line 2397
.

File: Transformations.56 Graphic file (type mps)
[MP to PDF] (./Transformations.56)

LaTeX Font Warning: Command \scriptsize invalid in math mode on input line 2431
.


LaTeX Font Warning: Command \normalsize invalid in math mode on input line 2437
.

File: Transformations.57 Graphic file (type mps)
[MP to PDF] (./Transformations.57)

LaTeX Font Warning: Command \scriptsize invalid in math mode on input line 2458
.


LaTeX Font Warning: Command \normalsize invalid in math mode on input line 2464
.

File: Transformations.58 Graphic file (type mps)
[MP to PDF] (./Transformations.58)
Underfull \vbox (badness 4242) has occurred while \output is active []

 [86]

LaTeX Font Warning: Command \scriptsize invalid in math mode on input line 2488
.


LaTeX Font Warning: Command \normalsize invalid in math mode on input line 2494
.

File: Transformations.59 Graphic file (type mps)
[MP to PDF] (./Transformations.59)

LaTeX Font Warning: Command \scriptsize invalid in math mode on input line 2517
.


LaTeX Font Warning: Command \normalsize invalid in math mode on input line 2523
.

File: Transformations.60 Graphic file (type mps)
[MP to PDF] (./Transformations.60)
Overfull \hbox (6.55502pt too wide) detected at line 2531
[]
 []


LaTeX Font Warning: Command \scriptsize invalid in math mode on input line 2546
.


LaTeX Font Warning: Command \normalsize invalid in math mode on input line 2552
.

File: Transformations.61 Graphic file (type mps)
[MP to PDF] (./Transformations.61)

LaTeX Font Warning: Command \scriptsize invalid in math mode on input line 2575
.


LaTeX Font Warning: Command \normalsize invalid in math mode on input line 2581
.

File: Transformations.62 Graphic file (type mps)
[MP to PDF] (./Transformations.62)
Overfull \hbox (40.15968pt too wide) detected at line 2591
[]
 []

[87]

LaTeX Warning: Reference `linearabsvaluegraphs' on page 88 undefined on input l
ine 2647.


LaTeX Warning: Reference `standardformgraph' on page 88 undefined on input line
 2647.


LaTeX Warning: Reference `linearmononialgraphs' on page 88 undefined on input l
ine 2647.


LaTeX Warning: Reference `linearlaurentlgraphs' on page 88 undefined on input l
ine 2647.


LaTeX Warning: Reference `linearrootgraphs' on page 88 undefined on input line 
2647.


LaTeX Warning: Reference `linearrationalpowergraphs' on page 88 undefined on in
put line 2647.

[88] [89]
Overfull \hbox (6.64767pt too wide) in paragraph at lines 2710--2711
[][]\OT1/phv/m/sc/10.95 Example \OT1/phv/m/n/10.95 1.4.4\OT1/phv/m/sc/10.95 . [
]\OT1/phv/m/n/10.95 Be-low is the com-plete graph of $\OT1/phv/m/sl/10.95 y \OT
1/phv/m/n/10.95 = \OT1/phv/m/sl/10.95 f\OT1/phv/m/n/10.95 (\OT1/phv/m/sl/10.95 
x\OT1/phv/m/n/10.95 )$. Use The-o-rem [][]1.11[][] to graph $\OT1/phv/m/sl/10.9
5 g\OT1/phv/m/n/10.95 (\OT1/phv/m/sl/10.95 x\OT1/phv/m/n/10.95 ) = []$. 
 []

File: Transformations.63 Graphic file (type mps)
[MP to PDF] (./Transformations.63)
File: Transformations.64 Graphic file (type mps)
 [MP to PDF] (./Transformations.64)
File: Transformations.65 Graphic file (type mps)

[MP to PDF] (./Transformations.65) [90]
<./TransformationsGraphics/TransformationsEx04a.jpg, id=1415, 2673.99pt x 1501.
61pt>
File: ./TransformationsGraphics/TransformationsEx04a.jpg Graphic file (type jpg
)
<use ./TransformationsGraphics/TransformationsEx04a.jpg>
Package pdftex.def Info: ./TransformationsGraphics/TransformationsEx04a.jpg  us
ed on input line 2871.
(pdftex.def)             Requested size: 216.81pt x 121.73514pt.
<./TransformationsGraphics/TransformationsEx04b.jpg, id=1416, 2678.005pt x 1507
.6325pt>
File: ./TransformationsGraphics/TransformationsEx04b.jpg Graphic file (type jpg
)
<use ./TransformationsGraphics/TransformationsEx04b.jpg>
Package pdftex.def Info: ./TransformationsGraphics/TransformationsEx04b.jpg  us
ed on input line 2871.
(pdftex.def)             Requested size: 216.81pt x 122.03935pt.

Overfull \hbox (15.24007pt too wide) in paragraph at lines 2869--2876
 [] 
 []

[91]
<./TransformationsGraphics/TransformationsEx04c.jpg, id=1434, 2675.9975pt x 150
7.6325pt>
File: ./TransformationsGraphics/TransformationsEx04c.jpg Graphic file (type jpg
)
<use ./TransformationsGraphics/TransformationsEx04c.jpg>
Package pdftex.def Info: ./TransformationsGraphics/TransformationsEx04c.jpg  us
ed on input line 2887.
(pdftex.def)             Requested size: 216.81pt x 122.13136pt.
<./TransformationsGraphics/TransformationsEx04d.jpg, id=1435, 2678.005pt x 1509
.64pt>
File: ./TransformationsGraphics/TransformationsEx04d.jpg Graphic file (type jpg
)
<use ./TransformationsGraphics/TransformationsEx04d.jpg>
Package pdftex.def Info: ./TransformationsGraphics/TransformationsEx04d.jpg  us
ed on input line 2887.
(pdftex.def)             Requested size: 216.81pt x 122.20184pt.

Overfull \hbox (18.0362pt too wide) in paragraph at lines 2885--2892
 [] 
 []

<./TransformationsGraphics/TransformationsEx04e.jpg, id=1438, 2678.005pt x 1501
.61pt>
File: ./TransformationsGraphics/TransformationsEx04e.jpg Graphic file (type jpg
)
<use ./TransformationsGraphics/TransformationsEx04e.jpg>
Package pdftex.def Info: ./TransformationsGraphics/TransformationsEx04e.jpg  us
ed on input line 2914.
(pdftex.def)             Requested size: 216.81pt x 121.55183pt.
<./TransformationsGraphics/TransformationsEx04f.jpg, id=1439, 2673.99pt x 1507.
6325pt>
File: ./TransformationsGraphics/TransformationsEx04f.jpg Graphic file (type jpg
)
<use ./TransformationsGraphics/TransformationsEx04f.jpg>
Package pdftex.def Info: ./TransformationsGraphics/TransformationsEx04f.jpg  us
ed on input line 2914.
(pdftex.def)             Requested size: 216.81pt x 122.22339pt.

Overfull \hbox (15.40266pt too wide) in paragraph at lines 2912--2919
 [] 
 []

[92 <./TransformationsGraphics/TransformationsEx04a.jpg> <./TransformationsGrap
hics/TransformationsEx04b.jpg> <./TransformationsGraphics/TransformationsEx04c.
jpg> <./TransformationsGraphics/TransformationsEx04d.jpg>]

LaTeX Warning: Reference `PolarGraphs' on page 93 undefined on input line 2954.


File: Transformations.66 Graphic file (type mps)
[MP to PDF] (./Transformations.66)
File: Transformations.67 Graphic file (type mps)
 [MP to PDF] (./Transformations.67) [93 <./TransformationsGraphics/Transformati
onsEx04e.jpg> <./TransformationsGraphics/TransformationsEx04f.jpg>] [94] (./Exe
rcisesforTransformations.tex
File: Transformations.68 Graphic file (type mps)
 [MP to PDF]
(./Transformations.68) [95]
File: Transformations.69 Graphic file (type mps)
 [MP to PDF] (./Transformations.69)
File: Transformations.70 Graphic file (type mps)
 [MP to PDF]
(./Transformations.70) [96]
File: Transformations.71 Graphic file (type mps)
 [MP to PDF] (./Transformations.71) [97]
File: Transformations.72 Graphic file (type mps)

[MP to PDF] (./Transformations.72)
File: Transformations.73 Graphic file (type mps)
 [MP to PDF] (./Transformations.73)
File: Transformations.74 Graphic file (type mps)

[MP to PDF] (./Transformations.74)
File: Transformations.75 Graphic file (type mps)
 [MP to PDF] (./Transformations.75)
File: Transformations.76 Graphic file (type mps)

[MP to PDF] (./Transformations.76) [98]
File: Transformations.77 Graphic file (type mps)
 [MP to PDF] (./Transformations.77)
File: Transformations.78 Graphic file (type mps)

[MP to PDF] (./Transformations.78)
File: Transformations.79 Graphic file (type mps)
 [MP to PDF] (./Transformations.79)
File: Transformations.80 Graphic file (type mps)

[MP to PDF] (./Transformations.80)
Overfull \hbox (8.62344pt too wide) detected at line 652
[]
 []

[99]

LaTeX Warning: Reference `makeaveewithabsval' on page 100 undefined on input li
ne 678.


LaTeX Warning: Reference `AbsoluteValueFunctions' on page 100 undefined on inpu
t line 678.


LaTeX Warning: Reference `absolutevaluepiecewise' on page 100 undefined on inpu
t line 730.


LaTeX Warning: Reference `absolutevaluepiecewise' on page 100 undefined on inpu
t line 744.

[100]
File: Transformations.81 Graphic file (type mps)
 [MP to PDF] (./Transformations.81) [101]
File: Transformations.82 Graphic file (type mps)
 [MP to PDF]
(./Transformations.82)
File: Transformations.83 Graphic file (type mps)
 [MP to PDF] (./Transformations.83)
File: Transformations.84 Graphic file (type mps)
 [MP to PDF]
(./Transformations.84)
File: Transformations.85 Graphic file (type mps)
 [MP to PDF] (./Transformations.85)
File: Transformations.86 Graphic file (type mps)
 [MP to PDF]
(./Transformations.86)
File: Transformations.87 Graphic file (type mps)
 [MP to PDF] (./Transformations.87) [102]
File: Transformations.88 Graphic file (type mps)
 [MP to PDF]
(./Transformations.88)
File: Transformations.89 Graphic file (type mps)
 [MP to PDF] (./Transformations.89)
File: Transformations.90 Graphic file (type mps)
 [MP to PDF]
(./Transformations.90)
File: Transformations.91 Graphic file (type mps)
 [MP to PDF] (./Transformations.91)
File: Transformations.92 Graphic file (type mps)
 [MP to PDF]
(./Transformations.92)
File: Transformations.93 Graphic file (type mps)
 [MP to PDF] (./Transformations.93)
Underfull \vbox (badness 10000) has occurred while \output is active []

 [103]
File: Transformations.94 Graphic file (type mps)

[MP to PDF] (./Transformations.94)
File: Transformations.95 Graphic file (type mps)
 [MP to PDF] (./Transformations.95)
File: Transformations.96 Graphic file (type mps)

[MP to PDF] (./Transformations.96)
File: Transformations.97 Graphic file (type mps)
 [MP to PDF] (./Transformations.97)
File: Transformations.98 Graphic file (type mps)

[MP to PDF] (./Transformations.98)
File: Transformations.99 Graphic file (type mps)
 [MP to PDF] (./Transformations.99) [104]
File: Transformations.100 Graphic file (type mps)

[MP to PDF] (./Transformations.100)
File: Transformations.101 Graphic file (type mps)
 [MP to PDF] (./Transformations.101)
File: Transformations.102 Graphic file (type mps)

[MP to PDF] (./Transformations.102)
File: Transformations.103 Graphic file (type mps)
 [MP to PDF] (./Transformations.103)
File: Transformations.104 Graphic file (type mps)

[MP to PDF] (./Transformations.104)
File: Transformations.105 Graphic file (type mps)
 [MP to PDF] (./Transformations.105)
File: Transformations.106 Graphic file (type mps)

[MP to PDF] (./Transformations.106)
File: Transformations.107 Graphic file (type mps)
 [MP to PDF] (./Transformations.107)
Underfull \vbox (badness 2103) has occurred while \output is active []

 [105]
File: Transformations.108 Graphic file (type mps)

[MP to PDF] (./Transformations.108)
File: Transformations.109 Graphic file (type mps)
 [MP to PDF] (./Transformations.109)
File: Transformations.110 Graphic file (type mps)

[MP to PDF] (./Transformations.110)
File: Transformations.111 Graphic file (type mps)
 [MP to PDF] (./Transformations.111)
Underfull \vbox (badness 10000) has occurred while \output is active []

 [106]
File: Transformations.112 Graphic file (type mps)

[MP to PDF] (./Transformations.112)
File: Transformations.113 Graphic file (type mps)
 [MP to PDF] (./Transformations.113)
File: Transformations.114 Graphic file (type mps)

[MP to PDF] (./Transformations.114)
File: Transformations.115 Graphic file (type mps)
 [MP to PDF] (./Transformations.115)
[107]
File: Transformations.116 Graphic file (type mps)
 [MP to PDF] (./Transformations.116)
File: Transformations.117 Graphic file (type mps)
 [MP to PDF] (./Transformations.117))) [108] (./Relations.tex

Mfpic: Initializing Relations.mp.
\openout3 = `Relations.mp'.

Mfpic: Don't forget to process Relations.mp!
Mfpic: Apply metapost to Relations.mp.
Mfpic: Then reprocess this file "CompilerFurtherTopicsonFunctions".


LaTeX Warning: Reference `functiondefn' on page 109 undefined on input line 10.



LaTeX Warning: Reference `FunctionsandtheirRepresentations' on page 109 undefin
ed on input line 10.


LaTeX Warning: Reference `functiondefn' on page 109 undefined on input line 28.



LaTeX Warning: Reference `FunctionsandtheirRepresentations' on page 109 undefin
ed on input line 28.

File: Relations.1 Graphic file (type mps)
[MP to PDF] (./Relations.1)
File: Relations.2 Graphic file (type mps)
 [MP to PDF] (./Relations.2) [109]
File: Relations.3 Graphic file (type mps)
 [MP to PDF]
(./Relations.3)
File: Relations.4 Graphic file (type mps)
 [MP to PDF] (./Relations.4)
Overfull \hbox (12.51465pt too wide) in paragraph at lines 133--134
[]|[]| 
 []


Overfull \hbox (1.10442pt too wide) in paragraph at lines 164--165
[]$\OT1/phv/m/sl/10.95 R \OT1/phv/m/n/10.95 = \OMS/cmsy/m/n/10.95 f\OT1/phv/m/n
/10.95 (\OT1/phv/m/sl/10.95 x\OT1/phv/m/n/10.95 , \OT1/phv/m/sl/10.95 y\OT1/phv
/m/n/10.95 ) \OMS/cmsy/m/n/10.95 j []g$ 
 []

File: Relations.5 Graphic file (type mps)
[MP to PDF] (./Relations.5)
File: Relations.6 Graphic file (type mps)
 [MP to PDF] (./Relations.6) [110]
File: Relations.7 Graphic file (type mps)
 [MP to PDF]
(./Relations.7)
File: Relations.8 Graphic file (type mps)
 [MP to PDF] (./Relations.8)

LaTeX Warning: Reference `AppSetTheory' on page 111 undefined on input line 283
.


Overfull \hbox (18.32353pt too wide) in paragraph at lines 287--288
[]$ \OT1/phv/m/n/10.95 for $\OT1/phv/m/sl/10.95 k \OT1/phv/m/n/10.95 = \OMS/cms
y/m/n/10.95 ^^@\OT1/phv/m/n/10.95 2$. Hence, a [] of $\OT1/phv/m/sl/10.95 S$ \O
T1/phv/m/n/10.95 is $\OT1/phv/m/sl/10.95 S \OT1/phv/m/n/10.95 = \OMS/cmsy/m/n/1
0.95 f[] \OT1/phv/m/n/10.95 , [] , [] , [] , []\OMS/cmsy/m/n/10.95 g$\OT1/phv/m
/n/10.95 . 
 []

File: Relations.9 Graphic file (type mps)
[MP to PDF] (./Relations.9)
File: Relations.10 Graphic file (type mps)
 [MP to PDF] (./Relations.10) [111]

LaTeX Warning: Reference `LinSystems' on page 112 undefined on input line 344.

File: Relations.11 Graphic file (type mps)
[MP to PDF] (./Relations.11)
File: Relations.12 Graphic file (type mps)
 [MP to PDF] (./Relations.12) [112]
File: Relations.13 Graphic file (type mps)
 [MP to PDF]
(./Relations.13) [113]
File: Relations.14 Graphic file (type mps)
 [MP to PDF] (./Relations.14) [114]
File: Relations.15 Graphic file (type mps)
 [MP to PDF]
(./Relations.15) [115]
File: Relations.16 Graphic file (type mps)
 [MP to PDF] (./Relations.16) [116]

LaTeX Warning: Reference `FunctionsandtheirRepresentations' on page 117 undefin
ed on input line 750.

File: Relations.17 Graphic file (type mps)
[MP to PDF] (./Relations.17)
Overfull \hbox (3.27132pt too wide) in paragraph at lines 783--784
[][] 
 []

File: Relations.18 Graphic file (type mps)
[MP to PDF] (./Relations.18)
Overfull \hbox (3.27132pt too wide) in paragraph at lines 802--803
[][] 
 []

File: Relations.19 Graphic file (type mps)
[MP to PDF] (./Relations.19)
Overfull \hbox (3.27132pt too wide) in paragraph at lines 821--822
[][] 
 []

File: Relations.20 Graphic file (type mps)
[MP to PDF] (./Relations.20) [117]

LaTeX Warning: Reference `VLT' on page 118 undefined on input line 875.

File: Relations.21 Graphic file (type mps)
[MP to PDF] (./Relations.21)
File: Relations.22 Graphic file (type mps)
 [MP to PDF] (./Relations.22)
File: Relations.23 Graphic file (type mps)
 [MP to PDF]
(./Relations.23)

LaTeX Warning: Reference `HLTExercise' on page 118 undefined on input line 957.



LaTeX Warning: Reference `FunctionsandtheirRepresentations' on page 118 undefin
ed on input line 957.


LaTeX Warning: Reference `complexfactorization' on page 118 undefined on input 
line 961.


LaTeX Warning: Reference `PolynomialFunctions' on page 118 undefined on input l
ine 961.

[118] (./ExercisesforRelations.tex
LaTeX Font Info:    Trying to load font information for OMS+phv on input line 1
0.

(/usr/local/texlive/2024/texmf-dist/tex/latex/psnfss/omsphv.fd
File: omsphv.fd 
)
LaTeX Font Info:    Font shape `OMS/phv/m/n' in size <10.95> not available
(Font)              Font shape `OMS/cmsy/m/n' tried instead on input line 10.
File: Relations.24 Graphic file (type mps)
 [MP to PDF]
(./Relations.24)
File: Relations.25 Graphic file (type mps)
 [MP to PDF] (./Relations.25) [119]
File: Relations.26 Graphic file (type mps)
 [MP to PDF] (./Relations.26)
File: Relations.27 Graphic file (type mps)
 [MP to PDF] (./Relations.27)
File: Relations.28 Graphic file (type mps)
 [MP to PDF] (./Relations.28)
File: Relations.29 Graphic file (type mps)
 [MP to PDF]
(./Relations.29)
File: Relations.30 Graphic file (type mps)
 [MP to PDF] (./Relations.30)
File: Relations.31 Graphic file (type mps)
 [MP to PDF] (./Relations.31)
Underfull \vbox (badness 10000) has occurred while \output is active []

 [120]
File: Relations.32 Graphic file (type mps)

[MP to PDF] (./Relations.32)
File: Relations.33 Graphic file (type mps)
 [MP to PDF] (./Relations.33) [121] [122]
File: Relations.34 Graphic file (type mps)

[MP to PDF] (./Relations.34)
File: Relations.35 Graphic file (type mps)
 [MP to PDF] (./Relations.35)
File: Relations.36 Graphic file (type mps)
 [MP to PDF]
(./Relations.36)
File: Relations.37 Graphic file (type mps)
 [MP to PDF] (./Relations.37)
File: Relations.38 Graphic file (type mps)
 [MP to PDF] (./Relations.38)
File: Relations.39 Graphic file (type mps)

[MP to PDF] (./Relations.39) [123]
File: Relations.40 Graphic file (type mps)
 [MP to PDF] (./Relations.40)
File: Relations.41 Graphic file (type mps)
 [MP to PDF]
(./Relations.41)
File: Relations.42 Graphic file (type mps)
 [MP to PDF] (./Relations.42)
File: Relations.43 Graphic file (type mps)
 [MP to PDF] (./Relations.43)
File: Relations.44 Graphic file (type mps)

[MP to PDF] (./Relations.44)
File: Relations.45 Graphic file (type mps)
 [MP to PDF] (./Relations.45)
Underfull \vbox (badness 10000) has occurred while \output is active []

 [124]
File: Relations.46 Graphic file (type mps)

[MP to PDF] (./Relations.46)
File: Relations.47 Graphic file (type mps)
 [MP to PDF] (./Relations.47)
File: Relations.48 Graphic file (type mps)
 [MP to PDF]
(./Relations.48)
File: Relations.49 Graphic file (type mps)
 [MP to PDF] (./Relations.49)
File: Relations.50 Graphic file (type mps)
 [MP to PDF] (./Relations.50)
File: Relations.51 Graphic file (type mps)

[MP to PDF] (./Relations.51)
File: Relations.52 Graphic file (type mps)
 [MP to PDF] (./Relations.52)
File: Relations.53 Graphic file (type mps)
 [MP to PDF]
(./Relations.53) [125]
File: Relations.54 Graphic file (type mps)
 [MP to PDF] (./Relations.54)
File: Relations.55 Graphic file (type mps)
 [MP to PDF] (./Relations.55) [126]
Underfull \vbox (badness 10000) has occurred while \output is active []

 [127]
Underfull \hbox (badness 10000) in paragraph at lines 1234--1235

 []

File: Relations.56 Graphic file (type mps)
[MP to PDF] (./Relations.56)
File: Relations.57 Graphic file (type mps)
 [MP to PDF] (./Relations.57)
Underfull \vbox (badness 10000) has occurred while \output is active []

 [128]
File: Relations.58 Graphic file (type mps)

[MP to PDF] (./Relations.58)
File: Relations.59 Graphic file (type mps)
 [MP to PDF] (./Relations.59)
Underfull \vbox (badness 10000) has occurred while \output is active []

 [129]
File: Relations.60 Graphic file (type mps)

[MP to PDF] (./Relations.60)
File: Relations.61 Graphic file (type mps)
 [MP to PDF] (./Relations.61) [130]))
(./InverseFunctions.tex

Mfpic: Initializing InverseFunctions.mp.
\openout3 = `InverseFunctions.mp'.

Mfpic: Don't forget to process InverseFunctions.mp!
Mfpic: Apply metapost to InverseFunctions.mp.
Mfpic: Then reprocess this file "CompilerFurtherTopicsonFunctions".


LaTeX Warning: Reference `FunctionsandtheirRepresentations' on page 131 undefin
ed on input line 9.

File: InverseFunctions.1 Graphic file (type mps)
[MP to PDF] (./InverseFunctions.1) [131]

LaTeX Warning: Reference `identityexercise' on page 132 undefined on input line
 81.


LaTeX Warning: Reference `ConstantandLinearFunctions' on page 132 undefined on 
input line 81.


LaTeX Warning: Reference `SystemsofEquationsandMatrices' on page 132 undefined 
on input line 93.


LaTeX Warning: Reference `inversemidpointex1' on page 132 undefined on input li
ne 123.


LaTeX Warning: Reference `AppCartesianPlane' on page 132 undefined on input lin
e 123.


LaTeX Warning: Reference `inversemidpointex2' on page 132 undefined on input li
ne 123.


LaTeX Warning: Reference `AppLines' on page 132 undefined on input line 123.

[132]
File: InverseFunctions.2 Graphic file (type mps)
 [MP to PDF] (./InverseFunctions.2) [133]

LaTeX Warning: Reference `basicradicalpropseqineq' on page 134 undefined on inp
ut line 236.


LaTeX Warning: Reference `linearrootgraphs' on page 134 undefined on input line
 242.


LaTeX Warning: Reference `RootRadicalFunctions' on page 134 undefined on input 
line 242.


LaTeX Warning: Reference `linearmononialgraphs' on page 134 undefined on input 
line 242.


LaTeX Warning: Reference `GraphsofPolynomials' on page 134 undefined on input l
ine 242.

File: InverseFunctions.3 Graphic file (type mps)
[MP to PDF] (./InverseFunctions.3)
Overfull \hbox (3.74669pt too wide) in paragraph at lines 268--269
[][] 
 []

File: InverseFunctions.4 Graphic file (type mps)
[MP to PDF] (./InverseFunctions.4)
File: InverseFunctions.5 Graphic file (type mps)
 [MP to PDF] (./InverseFunctions.5)
Overfull \hbox (3.74669pt too wide) in paragraph at lines 313--314
[][] 
 []

[134]

LaTeX Warning: Reference `IntroRational' on page 135 undefined on input line 37
4.


LaTeX Warning: Reference `RationalGraphs' on page 135 undefined on input line 3
74.

File: InverseFunctions.6 Graphic file (type mps)
[MP to PDF] (./InverseFunctions.6)
Overfull \hbox (4.75044pt too wide) in paragraph at lines 399--400
[][] 
 []

File: InverseFunctions.7 Graphic file (type mps)
[MP to PDF] (./InverseFunctions.7)
Overfull \hbox (4.75044pt too wide) in paragraph at lines 422--423
[][] 
 []

File: InverseFunctions.8 Graphic file (type mps)
[MP to PDF] (./InverseFunctions.8)
Overfull \hbox (4.75044pt too wide) in paragraph at lines 452--453
[][] 
 []

[135]
File: InverseFunctions.9 Graphic file (type mps)
 [MP to PDF] (./InverseFunctions.9) [136]
File: InverseFunctions.10 Graphic file (type mps)
 [MP to PDF]
(./InverseFunctions.10)
File: InverseFunctions.11 Graphic file (type mps)
 [MP to PDF] (./InverseFunctions.11)

LaTeX Warning: Reference `VLT' on page 137 undefined on input line 577.


LaTeX Warning: Reference `HLTExercise' on page 137 undefined on input line 585.



LaTeX Warning: Reference `FunctionsandtheirRepresentations' on page 137 undefin
ed on input line 585.

[137]

LaTeX Warning: Reference `QuadraticFunctions' on page 138 undefined on input li
ne 667.

File: InverseFunctions.12 Graphic file (type mps)
[MP to PDF] (./InverseFunctions.12)
Overfull \hbox (39.3301pt too wide) in paragraph at lines 671--715
 [] 
 []

[138]

LaTeX Warning: Reference `RationalGraphs' on page 139 undefined on input line 7
22.

File: InverseFunctions.13 Graphic file (type mps)
[MP to PDF] (./InverseFunctions.13)
Overfull \hbox (39.3301pt too wide) in paragraph at lines 726--762
 [] 
 []


LaTeX Font Warning: Command \scriptsize invalid in math mode on input line 784.



LaTeX Font Warning: Command \normalsize invalid in math mode on input line 788.


File: InverseFunctions.14 Graphic file (type mps)
[MP to PDF] (./InverseFunctions.14)

LaTeX Font Warning: Command \scriptsize invalid in math mode on input line 812.



LaTeX Font Warning: Command \normalsize invalid in math mode on input line 816.


File: InverseFunctions.15 Graphic file (type mps)
[MP to PDF] (./InverseFunctions.15)
Overfull \hbox (13.79875pt too wide) detected at line 821
[]
 []

[139]
File: InverseFunctions.16 Graphic file (type mps)
 [MP to PDF] (./InverseFunctions.16) [140]

LaTeX Warning: Reference `ParametricEquations' on page 141 undefined on input l
ine 864.


LaTeX Font Warning: Command \scriptsize invalid in math mode on input line 885.



LaTeX Font Warning: Command \normalsize invalid in math mode on input line 889.


File: InverseFunctions.17 Graphic file (type mps)
[MP to PDF] (./InverseFunctions.17)

LaTeX Font Warning: Command \scriptsize invalid in math mode on input line 912.



LaTeX Font Warning: Command \normalsize invalid in math mode on input line 916.


File: InverseFunctions.18 Graphic file (type mps)
[MP to PDF] (./InverseFunctions.18) [141]
File: InverseFunctions.19 Graphic file (type mps)
 [MP to PDF] (./InverseFunctions.19)
File: InverseFunctions.20 Graphic file (type mps)

[MP to PDF] (./InverseFunctions.20)
File: InverseFunctions.21 Graphic file (type mps)
 [MP to PDF] (./InverseFunctions.21)
Overfull \vbox (2.18243pt too high) has occurred while \output is active []


Overfull \vbox (2.21413pt too high) has occurred while \output is active []


Overfull \vbox (2.18243pt too high) has occurred while \output is active []


[142]
File: InverseFunctions.22 Graphic file (type mps)
 [MP to PDF] (./InverseFunctions.22)
File: InverseFunctions.23 Graphic file (type mps)
 [MP to PDF] (./InverseFunctions.23)
File: InverseFunctions.24 Graphic file (type mps)

[MP to PDF] (./InverseFunctions.24)
File: InverseFunctions.25 Graphic file (type mps)
 [MP to PDF] (./InverseFunctions.25)
Overfull \hbox (17.9325pt too wide) in paragraph at lines 1104--1147
 [] 
 []


Overfull \hbox (17.15607pt too wide) in paragraph at lines 1156--1164
[]|$[]$ 
 []

File: InverseFunctions.26 Graphic file (type mps)
[MP to PDF] (./InverseFunctions.26)
Overfull \hbox (17.9325pt too wide) in paragraph at lines 1154--1197
 [] 
 []

[143]
File: InverseFunctions.27 Graphic file (type mps)
 [MP to PDF] (./InverseFunctions.27)
Overfull \hbox (15.24005pt too wide) in paragraph at lines 1230--1265
 [] 
 []

[144]
Overfull \hbox (39.98148pt too wide) in paragraph at lines 1290--1299
 []$[]$ 
 []

File: InverseFunctions.28 Graphic file (type mps)
[MP to PDF] (./InverseFunctions.28)
File: InverseFunctions.29 Graphic file (type mps)
 [MP to PDF] (./InverseFunctions.29)
Overfull \hbox (15.24005pt too wide) in paragraph at lines 1336--1377
 [] 
 []

[145]
Overfull \hbox (33.7671pt too wide) in paragraph at lines 1395--1404
[]$[]$ 
 []

File: InverseFunctions.30 Graphic file (type mps)
[MP to PDF] (./InverseFunctions.30)

LaTeX Warning: Reference `PortaBoyDemand' on page 146 undefined on input line 1
454.


LaTeX Warning: Reference `ConstantandLinearFunctions' on page 146 undefined on 
input line 1454.


LaTeX Warning: Reference `QuadraticFunctions' on page 146 undefined on input li
ne 1466.


LaTeX Warning: Reference `PortaBoyProfit' on page 146 undefined on input line 1
468.

[146]

LaTeX Warning: Reference `QuadraticFunctions' on page 147 undefined on input li
ne 1490.


LaTeX Warning: Reference `vertexofquadraticfunctions' on page 147 undefined on 
input line 1490.


LaTeX Warning: Reference `PortaBoyProfit' on page 147 undefined on input line 1
494.

[147] (./ExercisesforInverseFunctions.tex [148]
File: InverseFunctions.31 Graphic file (type mps)
 [MP to PDF]
(./InverseFunctions.31)
File: InverseFunctions.32 Graphic file (type mps)
 [MP to PDF] (./InverseFunctions.32)
File: InverseFunctions.33 Graphic file (type mps)
 [MP to PDF]
(./InverseFunctions.33)
File: InverseFunctions.34 Graphic file (type mps)
 [MP to PDF] (./InverseFunctions.34)

LaTeX Warning: Reference `celsiustofahr' on page 149 undefined on input line 33
3.


LaTeX Warning: Reference `LinearFunctions' on page 149 undefined on input line 
333.

[149]

LaTeX Warning: Reference `RationalGraphs' on page 150 undefined on input line 3
42.

[150] [151]
File: InverseFunctions.35 Graphic file (type mps)
 [MP to PDF] (./InverseFunctions.35)
File: InverseFunctions.36 Graphic file (type mps)
 [MP to PDF]
(./InverseFunctions.36)
File: InverseFunctions.37 Graphic file (type mps)
 [MP to PDF] (./InverseFunctions.37)
File: InverseFunctions.38 Graphic file (type mps)
 [MP to PDF]
(./InverseFunctions.38) [152]))) (./CompilerFurtherTopicsonFunctions.aux
(./FurtherTopicsonFunctions.aux))
 ***********
LaTeX2e <2023-11-01> patch level 1
L3 programming layer <2024-02-20>
 ***********


LaTeX Warning: There were undefined references.


LaTeX Warning: There were multiply-defined labels.

Package rerunfilecheck Info: File `CompilerFurtherTopicsonFunctions.out' has no
t changed.
(rerunfilecheck)             Checksum: FEC3B351BA93B6B6155D947309EC0DE7;3529.
 ) 
Here is how much of TeX's memory you used:
 17302 strings out of 474116
 269280 string characters out of 5743682
 1969187 words of memory out of 5000000
 37398 multiletter control sequences out of 15000+600000
 609440 words of font info for 123 fonts, out of 8000000 for 9000
 1141 hyphenation exceptions out of 8191
 75i,22n,79p,1355b,1465s stack positions out of 10000i,1000n,20000p,200000b,200000s
</usr/local/texlive/2024/texmf-dist/fonts/type1/public/amsfonts/cm/cmex10.pfb
></usr/local/texlive/2024/texmf-dist/fonts/type1/public/amsfonts/cmextra/cmex7.
pfb></usr/local/texlive/2024/texmf-dist/fonts/type1/public/amsfonts/cmextra/cme
x8.pfb></usr/local/texlive/2024/texmf-dist/fonts/type1/public/amsfonts/cmextra/
cmex9.pfb></usr/local/texlive/2024/texmf-dist/fonts/type1/public/amsfonts/cm/cm
mi10.pfb></usr/local/texlive/2024/texmf-dist/fonts/type1/public/amsfonts/cm/cmm
i8.pfb></usr/local/texlive/2024/texmf-dist/fonts/type1/public/amsfonts/cm/cmmi9
.pfb></usr/local/texlive/2024/texmf-dist/fonts/type1/public/amsfonts/cm/cmss10.
pfb></usr/local/texlive/2024/texmf-dist/fonts/type1/public/amsfonts/cm/cmss8.pf
b></usr/local/texlive/2024/texmf-dist/fonts/type1/public/amsfonts/cm/cmss9.pfb>
</usr/local/texlive/2024/texmf-dist/fonts/type1/public/amsfonts/cm/cmsy10.pfb><
/usr/local/texlive/2024/texmf-dist/fonts/type1/public/amsfonts/cm/cmsy6.pfb></u
sr/local/texlive/2024/texmf-dist/fonts/type1/public/amsfonts/cm/cmsy8.pfb></usr
/local/texlive/2024/texmf-dist/fonts/type1/public/amsfonts/cm/cmsy9.pfb></usr/l
ocal/texlive/2024/texmf-dist/fonts/type1/public/amsfonts/latxfont/line10.pfb></
usr/local/texlive/2024/texmf-dist/fonts/type1/public/amsfonts/symbols/msam10.pf
b></usr/local/texlive/2024/texmf-dist/fonts/type1/public/amsfonts/symbols/msbm1
0.pfb></usr/local/texlive/2024/texmf-dist/fonts/type1/urw/helvetic/uhvb8a.pfb><
/usr/local/texlive/2024/texmf-dist/fonts/type1/urw/helvetic/uhvr8a.pfb></usr/lo
cal/texlive/2024/texmf-dist/fonts/type1/urw/helvetic/uhvro8a.pfb>
Output written on CompilerFurtherTopicsonFunctions.pdf (152 pages, 3204194 byte
s).
PDF statistics:
 2660 PDF objects out of 2984 (max. 8388607)
 2426 compressed objects within 25 object streams
 1337 named destinations out of 1440 (max. 500000)
 271 words of extra memory for PDF output out of 10000 (max. 10000000)

