This is pdfTeX, Version 3.141592653-2.6-1.40.26 (TeX Live 2024) (preloaded format=pdflatex 2025.1.31)  7 JUL 2025 12:19
entering extended mode
 restricted \write18 enabled.
 file:line:error style messages enabled.
 %&-line parsing enabled.
**CompilerAnalyticalTrigonometry.tex
(./CompilerAnalyticalTrigonometry.tex
LaTeX2e <2023-11-01> patch level 1
L3 programming layer <2024-02-20>
(/usr/local/texlive/2024/texmf-dist/tex/latex/base/book.cls
Document Class: book 2023/05/17 v1.4n Standard LaTeX document class
(/usr/local/texlive/2024/texmf-dist/tex/latex/base/bk11.clo
File: bk11.clo 2023/05/17 v1.4n Standard LaTeX file (size option)
)
\c@part=\count188
\c@chapter=\count189
\c@section=\count190
\c@subsection=\count191
\c@subsubsection=\count192
\c@paragraph=\count193
\c@subparagraph=\count194
\c@figure=\count195
\c@table=\count196
\abovecaptionskip=\skip48
\belowcaptionskip=\skip49
\bibindent=\dimen140
)
(/usr/local/texlive/2024/texmf-dist/tex/latex/amsfonts/amssymb.sty
Package: amssymb 2013/01/14 v3.01 AMS font symbols

(/usr/local/texlive/2024/texmf-dist/tex/latex/amsfonts/amsfonts.sty
Package: amsfonts 2013/01/14 v3.01 Basic AMSFonts support
\@emptytoks=\toks17
\symAMSa=\mathgroup4
\symAMSb=\mathgroup5
LaTeX Font Info:    Redeclaring math symbol \hbar on input line 98.
LaTeX Font Info:    Overwriting math alphabet `\mathfrak' in version `bold'
(Font)                  U/euf/m/n --> U/euf/b/n on input line 106.
))
(/usr/local/texlive/2024/texmf-dist/tex/latex/amsmath/amsmath.sty
Package: amsmath 2023/05/13 v2.17o AMS math features
\@mathmargin=\skip50

For additional information on amsmath, use the `?' option.
(/usr/local/texlive/2024/texmf-dist/tex/latex/amsmath/amstext.sty
Package: amstext 2021/08/26 v2.01 AMS text

(/usr/local/texlive/2024/texmf-dist/tex/latex/amsmath/amsgen.sty
File: amsgen.sty 1999/11/30 v2.0 generic functions
\@emptytoks=\toks18
\ex@=\dimen141
))
(/usr/local/texlive/2024/texmf-dist/tex/latex/amsmath/amsbsy.sty
Package: amsbsy 1999/11/29 v1.2d Bold Symbols
\pmbraise@=\dimen142
)
(/usr/local/texlive/2024/texmf-dist/tex/latex/amsmath/amsopn.sty
Package: amsopn 2022/04/08 v2.04 operator names
)
\inf@bad=\count197
LaTeX Info: Redefining \frac on input line 234.
\uproot@=\count198
\leftroot@=\count199
LaTeX Info: Redefining \overline on input line 399.
LaTeX Info: Redefining \colon on input line 410.
\classnum@=\count266
\DOTSCASE@=\count267
LaTeX Info: Redefining \ldots on input line 496.
LaTeX Info: Redefining \dots on input line 499.
LaTeX Info: Redefining \cdots on input line 620.
\Mathstrutbox@=\box51
\strutbox@=\box52
LaTeX Info: Redefining \big on input line 722.
LaTeX Info: Redefining \Big on input line 723.
LaTeX Info: Redefining \bigg on input line 724.
LaTeX Info: Redefining \Bigg on input line 725.
\big@size=\dimen143
LaTeX Font Info:    Redeclaring font encoding OML on input line 743.
LaTeX Font Info:    Redeclaring font encoding OMS on input line 744.
\macc@depth=\count268
LaTeX Info: Redefining \bmod on input line 905.
LaTeX Info: Redefining \pmod on input line 910.
LaTeX Info: Redefining \smash on input line 940.
LaTeX Info: Redefining \relbar on input line 970.
LaTeX Info: Redefining \Relbar on input line 971.
\c@MaxMatrixCols=\count269
\dotsspace@=\muskip16
\c@parentequation=\count270
\dspbrk@lvl=\count271
\tag@help=\toks19
\row@=\count272
\column@=\count273
\maxfields@=\count274
\andhelp@=\toks20
\eqnshift@=\dimen144
\alignsep@=\dimen145
\tagshift@=\dimen146
\tagwidth@=\dimen147
\totwidth@=\dimen148
\lineht@=\dimen149
\@envbody=\toks21
\multlinegap=\skip51
\multlinetaggap=\skip52
\mathdisplay@stack=\toks22
LaTeX Info: Redefining \[ on input line 2953.
LaTeX Info: Redefining \] on input line 2954.
)
(/usr/local/texlive/2024/texmf-dist/tex/latex/amscls/amsthm.sty
Package: amsthm 2020/05/29 v2.20.6
\thm@style=\toks23
\thm@bodyfont=\toks24
\thm@headfont=\toks25
\thm@notefont=\toks26
\thm@headpunct=\toks27
\thm@preskip=\skip53
\thm@postskip=\skip54
\thm@headsep=\skip55
\dth@everypar=\toks28
)
(/usr/local/texlive/2024/texmf-dist/tex/latex/fancyhdr/fancyhdr.sty
Package: fancyhdr 2022/11/09 v4.1 Extensive control of page headers and footers

\f@nch@headwidth=\skip56
\f@nch@O@elh=\skip57
\f@nch@O@erh=\skip58
\f@nch@O@olh=\skip59
\f@nch@O@orh=\skip60
\f@nch@O@elf=\skip61
\f@nch@O@erf=\skip62
\f@nch@O@olf=\skip63
\f@nch@O@orf=\skip64
)
(/usr/local/texlive/2024/texmf-dist/tex/latex/supertabular/supertabular.sty
Package: supertabular 2020/02/02 v4.1g the supertabular environment
\c@tracingst=\count275
\ST@wd=\dimen150
\ST@rightskip=\skip65
\ST@leftskip=\skip66
\ST@parfillskip=\skip67
\ST@pageleft=\dimen151
\ST@headht=\dimen152
\ST@tailht=\dimen153
\ST@pagesofar=\dimen154
\ST@pboxht=\dimen155
\ST@lineht=\dimen156
\ST@prevht=\dimen157
\ST@toadd=\dimen158
\ST@dimen=\dimen159
\ST@pbox=\box53
)
(/usr/local/texlive/2024/texmf-dist/tex/latex/tools/longtable.sty
Package: longtable 2023-11-01 v4.19 Multi-page Table package (DPC)
\LTleft=\skip68
\LTright=\skip69
\LTpre=\skip70
\LTpost=\skip71
\LTchunksize=\count276
\LTcapwidth=\dimen160
\LT@head=\box54
\LT@firsthead=\box55
\LT@foot=\box56
\LT@lastfoot=\box57
\LT@gbox=\box58
\LT@cols=\count277
\LT@rows=\count278
\c@LT@tables=\count279
\c@LT@chunks=\count280
\LT@p@ftn=\toks29
)
(/usr/local/texlive/2024/texmf-dist/tex/latex/tools/hhline.sty
Package: hhline 2020/01/04 v2.04 Table rule package (DPC)
)
(/usr/local/texlive/2024/texmf-dist/tex/latex/mathtools/mathtools.sty
Package: mathtools 2024/03/11 v1.30 mathematical typesetting tools

(/usr/local/texlive/2024/texmf-dist/tex/latex/graphics/keyval.sty
Package: keyval 2022/05/29 v1.15 key=value parser (DPC)
\KV@toks@=\toks30
)
(/usr/local/texlive/2024/texmf-dist/tex/latex/tools/calc.sty
Package: calc 2023/07/08 v4.3 Infix arithmetic (KKT,FJ)
\calc@Acount=\count281
\calc@Bcount=\count282
\calc@Adimen=\dimen161
\calc@Bdimen=\dimen162
\calc@Askip=\skip72
\calc@Bskip=\skip73
LaTeX Info: Redefining \setlength on input line 80.
LaTeX Info: Redefining \addtolength on input line 81.
\calc@Ccount=\count283
\calc@Cskip=\skip74
)
(/usr/local/texlive/2024/texmf-dist/tex/latex/mathtools/mhsetup.sty
Package: mhsetup 2021/03/18 v1.4 programming setup (MH)
)
\g_MT_multlinerow_int=\count284
\l_MT_multwidth_dim=\dimen163
\origjot=\skip75
\l_MT_shortvdotswithinadjustabove_dim=\dimen164
\l_MT_shortvdotswithinadjustbelow_dim=\dimen165
\l_MT_above_intertext_sep=\dimen166
\l_MT_below_intertext_sep=\dimen167
\l_MT_above_shortintertext_sep=\dimen168
\l_MT_below_shortintertext_sep=\dimen169
\xmathstrut@box=\box59
\xmathstrut@dim=\dimen170
)
(/usr/local/texlive/2024/texmf-dist/tex/latex/colortbl/colortbl.sty
Package: colortbl 2024/02/20 v1.0g Color table columns (DPC)

(/usr/local/texlive/2024/texmf-dist/tex/latex/tools/array.sty
Package: array 2023/10/16 v2.5g Tabular extension package (FMi)
\col@sep=\dimen171
\ar@mcellbox=\box60
\extrarowheight=\dimen172
\NC@list=\toks31
\extratabsurround=\skip76
\backup@length=\skip77
\ar@cellbox=\box61
)
(/usr/local/texlive/2024/texmf-dist/tex/latex/graphics/color.sty
Package: color 2022/01/06 v1.3d Standard LaTeX Color (DPC)

(/usr/local/texlive/2024/texmf-dist/tex/latex/graphics-cfg/color.cfg
File: color.cfg 2016/01/02 v1.6 sample color configuration
)
Package color Info: Driver file: pdftex.def on input line 149.

(/usr/local/texlive/2024/texmf-dist/tex/latex/graphics-def/pdftex.def
File: pdftex.def 2022/09/22 v1.2b Graphics/color driver for pdftex
)
(/usr/local/texlive/2024/texmf-dist/tex/latex/graphics/mathcolor.ltx))
\everycr=\toks32
\minrowclearance=\skip78
\rownum=\count285
)
(/usr/local/texlive/2024/texmf-dist/tex/latex/import/import.sty
Package: import 2020/04/01  v 6.2
)
(/usr/local/texlive/2024/texmf-dist/tex/latex/tools/multicol.sty
Package: multicol 2023/03/30 v1.9f multicolumn formatting (FMi)
\c@tracingmulticols=\count286
\mult@box=\box62
\multicol@leftmargin=\dimen173
\c@unbalance=\count287
\c@collectmore=\count288
\doublecol@number=\count289
\multicoltolerance=\count290
\multicolpretolerance=\count291
\full@width=\dimen174
\page@free=\dimen175
\premulticols=\dimen176
\postmulticols=\dimen177
\multicolsep=\skip79
\multicolbaselineskip=\skip80
\partial@page=\box63
\last@line=\box64
\mc@boxedresult=\box65
\maxbalancingoverflow=\dimen178
\mult@rightbox=\box66
\mult@grightbox=\box67
\mult@firstbox=\box68
\mult@gfirstbox=\box69
\@tempa=\box70
\@tempa=\box71
\@tempa=\box72
\@tempa=\box73
\@tempa=\box74
\@tempa=\box75
\@tempa=\box76
\@tempa=\box77
\@tempa=\box78
\@tempa=\box79
\@tempa=\box80
\@tempa=\box81
\@tempa=\box82
\@tempa=\box83
\@tempa=\box84
\@tempa=\box85
\@tempa=\box86
\@tempa=\box87
\@tempa=\box88
\@tempa=\box89
\@tempa=\box90
\@tempa=\box91
\@tempa=\box92
\@tempa=\box93
\@tempa=\box94
\@tempa=\box95
\@tempa=\box96
\@tempa=\box97
\@tempa=\box98
\@tempa=\box99
\@tempa=\box100
\@tempa=\box101
\@tempa=\box102
\@tempa=\box103
\@tempa=\box104
\@tempa=\box105
\c@minrows=\count292
\c@columnbadness=\count293
\c@finalcolumnbadness=\count294
\last@try=\dimen179
\multicolovershoot=\dimen180
\multicolundershoot=\dimen181
\mult@nat@firstbox=\box106
\colbreak@box=\box107
\mc@col@check@num=\count295
)
(/usr/local/texlive/2024/texmf-dist/tex/latex/boxedminipage/boxedminipage.sty
Package: boxedminipage 2020/04/19 v1.1 Boxed LaTeX2e minipages
\bmp@box=\box108
\bmp@width=\skip81
\bmp@height=\skip82
)
(/usr/local/texlive/2024/texmf-dist/tex/latex/chapterfolder/chapterfolder.sty
Package: chapterfolder 2005/11/24 v2.0 Package for dealing with folder

(/usr/local/texlive/2024/texmf-dist/tex/latex/base/ifthen.sty
Package: ifthen 2022/04/13 v1.1d Standard LaTeX ifthen package (DPC)
)
\c@@cf@currentpos=\count296
)
(/usr/local/texlive/2024/texmf-dist/tex/generic/mfpic/mfpic.sty
Package: mfpic 2012/12/03 v1.10. Macros for drawing with Metafont/MetaPost.

(/usr/local/texlive/2024/texmf-dist/tex/generic/mfpic/mfpic.tex
(/usr/local/texlive/2024/texmf-dist/tex/latex/graphics/graphics.sty
Package: graphics 2022/03/10 v1.4e Standard LaTeX Graphics (DPC,SPQR)

(/usr/local/texlive/2024/texmf-dist/tex/latex/graphics/trig.sty
Package: trig 2021/08/11 v1.11 sin cos tan (DPC)
)
(/usr/local/texlive/2024/texmf-dist/tex/latex/graphics-cfg/graphics.cfg
File: graphics.cfg 2016/06/04 v1.11 sample graphics configuration
)
Package graphics Info: Driver file: pdftex.def on input line 107.
)
\mfp@out=\write3
\mfp@graph=\read2
\mfp@count=\count297
\mfp@linetype=\count298
\mfp@sequence=\count299
\mfp@toks=\toks33
\mfp@verbtex=\toks34
\mfp@fdc=\count300
\@wholegraph=\box109
\@textbox=\box110
\@alltlabels=\box111
\@backtext=\box112
\@tlabelstop=\fontdimen 23\mfp@dummy 
\@tlabelsbot=\fontdimen 24\mfp@dummy 
\@tlabelsleft=\fontdimen 25\mfp@dummy 
\@graphright=\fontdimen 26\mfp@dummy 
\@graphleft=\fontdimen 27\mfp@dummy 
\@graphtop=\fontdimen 28\mfp@dummy 
\@graphbot=\fontdimen 29\mfp@dummy 
\tb@raise=\fontdimen 30\mfp@dummy 
\tb@moveright=\fontdimen 31\mfp@dummy 
\tb@totalht=\fontdimen 32\mfp@dummy 
\tlabel@hadj=\fontdimen 33\mfp@dummy 
\tlabel@vadj=\fontdimen 34\mfp@dummy 
\tlabel@sep=\fontdimen 35\mfp@dummy 
\tlpath@sep=\fontdimen 36\mfp@dummy 
\mfpicunit=\fontdimen 37\mfp@dummy 
\@mfpicunit=\fontdimen 38\mfp@dummy 
\pointsize=\fontdimen 39\mfp@dummy 
\shadespace=\fontdimen 40\mfp@dummy 
\polkadotspace=\fontdimen 41\mfp@dummy 
\hatchspace=\fontdimen 42\mfp@dummy 
\headlen=\fontdimen 43\mfp@dummy 
\axisheadlen=\fontdimen 44\mfp@dummy 
\sideheadlen=\fontdimen 45\mfp@dummy 
\hashlen=\fontdimen 46\mfp@dummy 
\dashlen=\fontdimen 47\mfp@dummy 
\dashspace=\fontdimen 48\mfp@dummy 
\dotsize=\fontdimen 49\mfp@dummy 
\griddotsize=\fontdimen 50\mfp@dummy 
\dotspace=\fontdimen 51\mfp@dummy 
\symbolspace=\fontdimen 52\mfp@dummy 
\mfp@scratch=\dimen182
\mfpframesep=\dimen183
\mfpframethickness=\dimen184
\mfpicheight=\dimen185
\mfpicwidth=\dimen186
\mfpiccaptionskip=\skip83
\tl@vpos=\count301
\tl@hpos=\count302
\mfp@commentchar=\count303
))
(/usr/local/texlive/2024/texmf-dist/tex/latex/graphics/graphicx.sty
Package: graphicx 2021/09/16 v1.2d Enhanced LaTeX Graphics (DPC,SPQR)
\Gin@req@height=\dimen187
\Gin@req@width=\dimen188
)
(/usr/local/texlive/2024/texmf-dist/tex/latex/base/makeidx.sty
Package: makeidx 2021/10/04 v1.0m Standard LaTeX package
)
(/usr/local/texlive/2024/texmf-dist/tex/latex/hyperref/hyperref.sty
Package: hyperref 2024-01-20 v7.01h Hypertext links for LaTeX

(/usr/local/texlive/2024/texmf-dist/tex/generic/iftex/iftex.sty
Package: iftex 2022/02/03 v1.0f TeX engine tests
)
(/usr/local/texlive/2024/texmf-dist/tex/latex/kvsetkeys/kvsetkeys.sty
Package: kvsetkeys 2022-10-05 v1.19 Key value parser (HO)
)
(/usr/local/texlive/2024/texmf-dist/tex/generic/kvdefinekeys/kvdefinekeys.sty
Package: kvdefinekeys 2019-12-19 v1.6 Define keys (HO)
)
(/usr/local/texlive/2024/texmf-dist/tex/generic/pdfescape/pdfescape.sty
Package: pdfescape 2019/12/09 v1.15 Implements pdfTeX's escape features (HO)

(/usr/local/texlive/2024/texmf-dist/tex/generic/ltxcmds/ltxcmds.sty
Package: ltxcmds 2023-12-04 v1.26 LaTeX kernel commands for general use (HO)
)
(/usr/local/texlive/2024/texmf-dist/tex/generic/pdftexcmds/pdftexcmds.sty
Package: pdftexcmds 2020-06-27 v0.33 Utility functions of pdfTeX for LuaTeX (HO
)

(/usr/local/texlive/2024/texmf-dist/tex/generic/infwarerr/infwarerr.sty
Package: infwarerr 2019/12/03 v1.5 Providing info/warning/error messages (HO)
)
Package pdftexcmds Info: \pdf@primitive is available.
Package pdftexcmds Info: \pdf@ifprimitive is available.
Package pdftexcmds Info: \pdfdraftmode found.
))
(/usr/local/texlive/2024/texmf-dist/tex/latex/hycolor/hycolor.sty
Package: hycolor 2020-01-27 v1.10 Color options for hyperref/bookmark (HO)
)
(/usr/local/texlive/2024/texmf-dist/tex/latex/auxhook/auxhook.sty
Package: auxhook 2019-12-17 v1.6 Hooks for auxiliary files (HO)
)
(/usr/local/texlive/2024/texmf-dist/tex/latex/hyperref/nameref.sty
Package: nameref 2023-11-26 v2.56 Cross-referencing by name of section

(/usr/local/texlive/2024/texmf-dist/tex/latex/refcount/refcount.sty
Package: refcount 2019/12/15 v3.6 Data extraction from label references (HO)
)
(/usr/local/texlive/2024/texmf-dist/tex/generic/gettitlestring/gettitlestring.s
ty
Package: gettitlestring 2019/12/15 v1.6 Cleanup title references (HO)
 (/usr/local/texlive/2024/texmf-dist/tex/latex/kvoptions/kvoptions.sty
Package: kvoptions 2022-06-15 v3.15 Key value format for package options (HO)
))
\c@section@level=\count304
)
(/usr/local/texlive/2024/texmf-dist/tex/latex/etoolbox/etoolbox.sty
Package: etoolbox 2020/10/05 v2.5k e-TeX tools for LaTeX (JAW)
\etb@tempcnta=\count305
)
\@linkdim=\dimen189
\Hy@linkcounter=\count306
\Hy@pagecounter=\count307

(/usr/local/texlive/2024/texmf-dist/tex/latex/hyperref/pd1enc.def
File: pd1enc.def 2024-01-20 v7.01h Hyperref: PDFDocEncoding definition (HO)
Now handling font encoding PD1 ...
... no UTF-8 mapping file for font encoding PD1
)
(/usr/local/texlive/2024/texmf-dist/tex/generic/intcalc/intcalc.sty
Package: intcalc 2019/12/15 v1.3 Expandable calculations with integers (HO)
)
\Hy@SavedSpaceFactor=\count308

(/usr/local/texlive/2024/texmf-dist/tex/latex/hyperref/puenc.def
File: puenc.def 2024-01-20 v7.01h Hyperref: PDF Unicode definition (HO)
Now handling font encoding PU ...
... no UTF-8 mapping file for font encoding PU
)
Package hyperref Info: Option `colorlinks' set `true' on input line 4062.
Package hyperref Info: Option `hyperindex' set `true' on input line 4062.
Package hyperref Info: Option `plainpages' set `false' on input line 4062.
Package hyperref Info: Option `pdfpagelabels' set `true' on input line 4062.
Package hyperref Info: Hyper figures OFF on input line 4179.
Package hyperref Info: Link nesting OFF on input line 4184.
Package hyperref Info: Hyper index ON on input line 4187.
Package hyperref Info: Plain pages OFF on input line 4194.
Package hyperref Info: Backreferencing OFF on input line 4199.
Package hyperref Info: Implicit mode ON; LaTeX internals redefined.
Package hyperref Info: Bookmarks ON on input line 4446.
\c@Hy@tempcnt=\count309

(/usr/local/texlive/2024/texmf-dist/tex/latex/url/url.sty
\Urlmuskip=\muskip17
Package: url 2013/09/16  ver 3.4  Verb mode for urls, etc.
)
LaTeX Info: Redefining \url on input line 4784.
\XeTeXLinkMargin=\dimen190

(/usr/local/texlive/2024/texmf-dist/tex/generic/bitset/bitset.sty
Package: bitset 2019/12/09 v1.3 Handle bit-vector datatype (HO)

(/usr/local/texlive/2024/texmf-dist/tex/generic/bigintcalc/bigintcalc.sty
Package: bigintcalc 2019/12/15 v1.5 Expandable calculations on big integers (HO
)
))
\Fld@menulength=\count310
\Field@Width=\dimen191
\Fld@charsize=\dimen192
Package hyperref Info: Hyper figures OFF on input line 6063.
Package hyperref Info: Link nesting OFF on input line 6068.
Package hyperref Info: Hyper index ON on input line 6071.
Package hyperref Info: backreferencing OFF on input line 6078.
Package hyperref Info: Link coloring ON on input line 6081.
Package hyperref Info: Link coloring with OCG OFF on input line 6088.
Package hyperref Info: PDF/A mode OFF on input line 6093.

(/usr/local/texlive/2024/texmf-dist/tex/latex/base/atbegshi-ltx.sty
Package: atbegshi-ltx 2021/01/10 v1.0c Emulation of the original atbegshi
package with kernel methods
)
\Hy@abspage=\count311
\c@Item=\count312
\c@Hfootnote=\count313
)
Package hyperref Info: Driver (autodetected): hpdftex.

(/usr/local/texlive/2024/texmf-dist/tex/latex/hyperref/hpdftex.def
File: hpdftex.def 2024-01-20 v7.01h Hyperref driver for pdfTeX

(/usr/local/texlive/2024/texmf-dist/tex/latex/base/atveryend-ltx.sty
Package: atveryend-ltx 2020/08/19 v1.0a Emulation of the original atveryend pac
kage
with kernel methods
)
\Fld@listcount=\count314
\c@bookmark@seq@number=\count315

(/usr/local/texlive/2024/texmf-dist/tex/latex/rerunfilecheck/rerunfilecheck.sty
Package: rerunfilecheck 2022-07-10 v1.10 Rerun checks for auxiliary files (HO)

(/usr/local/texlive/2024/texmf-dist/tex/generic/uniquecounter/uniquecounter.sty
Package: uniquecounter 2019/12/15 v1.4 Provide unlimited unique counter (HO)
)
Package uniquecounter Info: New unique counter `rerunfilecheck' on input line 2
85.
)
\Hy@SectionHShift=\skip84
) (/usr/local/texlive/2024/texmf-dist/tex/latex/oberdiek/hypcap.sty
Package: hypcap 2016/05/16 v1.12 Adjusting the anchors of captions (HO)

(/usr/local/texlive/2024/texmf-dist/tex/latex/letltxmacro/letltxmacro.sty
Package: letltxmacro 2019/12/03 v1.6 Let assignment for LaTeX macros (HO)
))
\c@defn=\count316
\c@thm=\count317
\c@eqn=\count318
\c@ex=\count319
\c@fig=\count320

(/usr/local/texlive/2024/texmf-dist/tex/latex/cancel/cancel.sty
Package: cancel 2013/04/12 v2.2 Cancel math terms
)
(/usr/local/texlive/2024/texmf-dist/tex/latex/sectsty/sectsty.sty
Package: sectsty 2002/02/25 v2.0.2 Commands to change all sectional heading sty
les


LaTeX Warning: Command \underbar  has changed.
               Check if current package is valid.


LaTeX Warning: Command \underline  has changed.
               Check if current package is valid.

) (/usr/local/texlive/2024/texmf-dist/tex/latex/base/textcomp.sty
Package: textcomp 2020/02/02 v2.0n Standard LaTeX package
)
(/usr/local/texlive/2024/texmf-dist/tex/latex/multirow/multirow.sty
Package: multirow 2021/03/15 v2.8 Span multiple rows of a table
\multirow@colwidth=\skip85
\multirow@cntb=\count321
\multirow@dima=\skip86
\bigstrutjot=\dimen193
)
(/usr/local/texlive/2024/texmf-dist/tex/latex/tocbibind/tocbibind.sty
Package: tocbibind 2010/10/13 v1.5k extra ToC listings
Package tocbibind Info: The document has chapter divisions on input line 50.


Package tocbibind Note: Using chapter style headings, unless overridden.

)
LaTeX Font Info:    Redeclaring symbol font `AMSb' on input line 39.
LaTeX Font Info:    Overwriting symbol font `AMSb' in version `normal'
(Font)                  U/msb/m/n --> U/msb/m/n on input line 39.
LaTeX Font Info:    Overwriting symbol font `AMSb' in version `bold'
(Font)                  U/msb/m/n --> U/msb/m/n on input line 39.
\c@HW=\count322
\c@HWindent=\count323
 (/usr/local/texlive/2024/texmf-dist/tex/latex/psnfss/helvet.sty
Package: helvet 2020/03/25 PSNFSS-v9.3 (WaS) 
)
(/usr/local/texlive/2024/texmf-dist/tex/latex/sfmath/sfmath.sty
Package: sfmath 2007/08/27 v0.8 sans serif maths
LaTeX Font Info:    Overwriting symbol font `operators' in version `normal'
(Font)                  OT1/cmr/m/n --> OT1/phv/m/n on input line 329.
LaTeX Font Info:    Overwriting symbol font `operators' in version `bold'
(Font)                  OT1/cmr/bx/n --> OT1/phv/bx/n on input line 330.
\symSFMath=\mathgroup6
LaTeX Font Info:    Overwriting symbol font `SFMath' in version `normal'
(Font)                  OT1/phv/m/sl --> OT1/phv/m/sl on input line 343.
LaTeX Font Info:    Overwriting symbol font `SFMath' in version `bold'
(Font)                  OT1/phv/m/sl --> OT1/phv/bx/sl on input line 344.
LaTeX Font Info:    Redeclaring math symbol \imath on input line 398.
LaTeX Font Info:    Redeclaring math symbol \jmath on input line 399.
\symSFMathUp=\mathgroup7
LaTeX Font Info:    Overwriting symbol font `SFMathUp' in version `normal'
(Font)                  OT1/phv/m/n --> OT1/phv/m/n on input line 406.
LaTeX Font Info:    Overwriting symbol font `SFMathUp' in version `bold'
(Font)                  OT1/phv/m/n --> OT1/phv/bx/n on input line 407.
LaTeX Font Info:    Redeclaring math symbol \ldotp on input line 410.
\symSFMathGreek=\mathgroup8
LaTeX Font Info:    Overwriting symbol font `SFMathGreek' in version `normal'
(Font)                  OT1/cmss/m/n --> OT1/cmss/m/n on input line 419.
LaTeX Font Info:    Overwriting symbol font `SFMathGreek' in version `bold'
(Font)                  OT1/cmss/m/n --> OT1/cmss/bx/n on input line 420.
LaTeX Font Info:    Redeclaring math symbol \Gamma on input line 422.
LaTeX Font Info:    Redeclaring math symbol \Delta on input line 423.
LaTeX Font Info:    Redeclaring math symbol \Theta on input line 424.
LaTeX Font Info:    Redeclaring math symbol \Lambda on input line 425.
LaTeX Font Info:    Redeclaring math symbol \Xi on input line 426.
LaTeX Font Info:    Redeclaring math symbol \Pi on input line 427.
LaTeX Font Info:    Redeclaring math symbol \Sigma on input line 428.
LaTeX Font Info:    Redeclaring math symbol \Upsilon on input line 429.
LaTeX Font Info:    Redeclaring math symbol \Phi on input line 430.
LaTeX Font Info:    Redeclaring math symbol \Psi on input line 431.
LaTeX Font Info:    Redeclaring math symbol \Omega on input line 432.
\symSFMathUpGreek=\mathgroup9
LaTeX Font Info:    Overwriting symbol font `SFMathUpGreek' in version `normal'

(Font)                  OT1/cmss/m/n --> OT1/cmss/m/n on input line 436.
LaTeX Font Info:    Overwriting symbol font `SFMathUpGreek' in version `bold'
(Font)                  OT1/cmss/m/n --> OT1/cmss/bx/n on input line 437.
LaTeX Font Info:    Overwriting math alphabet `\mathnormal' in version `normal'

(Font)                  OML/cmm/m/it --> OT1/phv/m/sl on input line 446.
LaTeX Font Info:    Overwriting math alphabet `\mathnormal' in version `bold'
(Font)                  OML/cmm/b/it --> OT1/phv/bx/sl on input line 447.
LaTeX Font Info:    Overwriting math alphabet `\mathrm' in version `normal'
(Font)                  OT1/phv/m/n --> OT1/phv/m/n on input line 449.
LaTeX Font Info:    Overwriting math alphabet `\mathrm' in version `bold'
(Font)                  OT1/phv/bx/n --> OT1/phv/bx/n on input line 450.
LaTeX Font Info:    Overwriting math alphabet `\mathbf' in version `normal'
(Font)                  OT1/cmr/bx/n --> OT1/phv/bx/n on input line 452.
LaTeX Font Info:    Overwriting math alphabet `\mathbf' in version `bold'
(Font)                  OT1/cmr/bx/n --> OT1/phv/bx/n on input line 453.
LaTeX Font Info:    Overwriting math alphabet `\mathit' in version `normal'
(Font)                  OT1/cmr/m/it --> OT1/phv/m/sl on input line 455.
LaTeX Font Info:    Overwriting math alphabet `\mathit' in version `bold'
(Font)                  OT1/cmr/bx/it --> OT1/phv/bx/sl on input line 456.
LaTeX Font Info:    Overwriting math alphabet `\mathsf' in version `normal'
(Font)                  OT1/cmss/m/n --> OT1/phv/m/n on input line 458.
LaTeX Font Info:    Overwriting math alphabet `\mathsf' in version `bold'
(Font)                  OT1/cmss/bx/n --> OT1/phv/bx/n on input line 459.
LaTeX Font Info:    Overwriting math alphabet `\mathsl' in version `bold'
(Font)                  OT1/phv/m/sl --> OT1/phv/bx/sl on input line 466.
)
LaTeX Font Info:    Trying to load font information for OT1+phv on input line 7
3.

(/usr/local/texlive/2024/texmf-dist/tex/latex/psnfss/ot1phv.fd
File: ot1phv.fd 2020/03/25 scalable font definitions for OT1/phv.
)
LaTeX Font Info:    Font shape `OT1/phv/m/n' will be
(Font)              scaled to size 10.07397pt on input line 73.

(/usr/local/texlive/2024/texmf-dist/tex/latex/l3backend/l3backend-pdftex.def
File: l3backend-pdftex.def 2024-02-20 L3 backend support: PDF output (pdfTeX)
\l__color_backend_stack_int=\count324
\l__pdf_internal_box=\box113
)
(./CompilerAnalyticalTrigonometry.aux (./AnalyticalTrigonometry.aux))
\openout1 = `CompilerAnalyticalTrigonometry.aux'.

LaTeX Font Info:    Checking defaults for OML/cmm/m/it on input line 73.
LaTeX Font Info:    ... okay on input line 73.
LaTeX Font Info:    Checking defaults for OMS/cmsy/m/n on input line 73.
LaTeX Font Info:    ... okay on input line 73.
LaTeX Font Info:    Checking defaults for OT1/cmr/m/n on input line 73.
LaTeX Font Info:    ... okay on input line 73.
LaTeX Font Info:    Checking defaults for T1/cmr/m/n on input line 73.
LaTeX Font Info:    ... okay on input line 73.
LaTeX Font Info:    Checking defaults for TS1/cmr/m/n on input line 73.
LaTeX Font Info:    ... okay on input line 73.
LaTeX Font Info:    Checking defaults for OMX/cmex/m/n on input line 73.
LaTeX Font Info:    ... okay on input line 73.
LaTeX Font Info:    Checking defaults for U/cmr/m/n on input line 73.
LaTeX Font Info:    ... okay on input line 73.
LaTeX Font Info:    Checking defaults for PD1/pdf/m/n on input line 73.
LaTeX Font Info:    ... okay on input line 73.
LaTeX Font Info:    Checking defaults for PU/pdf/m/n on input line 73.
LaTeX Font Info:    ... okay on input line 73.

(/usr/local/texlive/2024/texmf-dist/tex/context/base/mkii/supp-pdf.mkii
[Loading MPS to PDF converter (version 2006.09.02).]
\scratchcounter=\count325
\scratchdimen=\dimen194
\scratchbox=\box114
\nofMPsegments=\count326
\nofMParguments=\count327
\everyMPshowfont=\toks35
\MPscratchCnt=\count328
\MPscratchDim=\dimen195
\MPnumerator=\count329
\makeMPintoPDFobject=\count330
\everyMPtoPDFconversion=\toks36
) (/usr/local/texlive/2024/texmf-dist/tex/latex/epstopdf-pkg/epstopdf-base.sty
Package: epstopdf-base 2020-01-24 v2.11 Base part for package epstopdf

(/usr/local/texlive/2024/texmf-dist/tex/latex/grfext/grfext.sty
Package: grfext 2019/12/03 v1.3 Manage graphics extensions (HO)
)
Package epstopdf-base Info: Redefining graphics rule for `.eps' on input line 4
85.
Package grfext Info: Graphics extension search list:
(grfext)             [.pdf,.png,.jpg,.mps,.jpeg,.jbig2,.jb2,.PDF,.PNG,.JPG,.JPE
G,.JBIG2,.JB2,.eps]
(grfext)             \AppendGraphicsExtensions on input line 504.

(/usr/local/texlive/2024/texmf-dist/tex/latex/latexconfig/epstopdf-sys.cfg
File: epstopdf-sys.cfg 2010/07/13 v1.3 Configuration of (r)epstopdf for TeX Liv
e
))
Package hyperref Info: Link coloring ON on input line 73.

(./CompilerAnalyticalTrigonometry.out) (./CompilerAnalyticalTrigonometry.out)
\@outlinefile=\write4
\openout4 = `CompilerAnalyticalTrigonometry.out'.


Chapter 1.
LaTeX Font Info:    Font shape `OT1/phv/m/n' will be
(Font)              scaled to size 19.08076pt on input line 77.
LaTeX Font Info:    Font shape `OT1/phv/b/n' will be
(Font)              scaled to size 19.08076pt on input line 77.
LaTeX Font Info:    Font shape `OT1/phv/m/n' will be
(Font)              scaled to size 22.88956pt on input line 77.
LaTeX Font Info:    Font shape `OT1/phv/b/n' will be
(Font)              scaled to size 22.88956pt on input line 77.
LaTeX Font Info:    Font shape `OT1/phv/m/sc' will be
(Font)              scaled to size 22.88956pt on input line 77.
[1


{/usr/local/texlive/2024/texmf-var/fonts/map/pdftex/updmap/pdftex.map}{/usr/loc
al/texlive/2024/texmf-dist/fonts/enc/dvips/base/8r.enc}]
\openout2 = `AnalyticalTrigonometry.aux'.


(./AnalyticalTrigonometry.tex
LaTeX Font Info:    Font shape `OT1/phv/m/n' will be
(Font)              scaled to size 13.24796pt on input line 1.
LaTeX Font Info:    Font shape `OT1/phv/b/n' will be
(Font)              scaled to size 13.24796pt on input line 1.
 (./FundamentalTrigonometricIdentities.tex

Mfpic: No file FundamentalTrigonometricIdentities.1.

Mfpic: Initializing FundamentalTrigonometricIdentities.mp.
\openout3 = `FundamentalTrigonometricIdentities.mp'.

Mfpic: Don't forget to process FundamentalTrigonometricIdentities.mp!
Mfpic: Apply metapost to FundamentalTrigonometricIdentities.mp.
Mfpic: Then reprocess this file "CompilerAnalyticalTrigonometry".

LaTeX Font Info:    Font shape `OT1/phv/b/n' will be
(Font)              scaled to size 10.07397pt on input line 11.

LaTeX Warning: Reference `TheOtherCircularFunctions' on page 2 undefined on inp
ut line 11.


LaTeX Warning: Reference `recipquotid' on page 2 undefined on input line 11.

LaTeX Font Info:    Font shape `OT1/phv/m/n' will be
(Font)              scaled to size 7.35999pt on input line 11.
LaTeX Font Info:    Font shape `OT1/phv/m/n' will be
(Font)              scaled to size 5.51999pt on input line 11.
LaTeX Font Info:    Trying to load font information for U+msa on input line 11.

(/usr/local/texlive/2024/texmf-dist/tex/latex/amsfonts/umsa.fd
File: umsa.fd 2013/01/14 v3.01 AMS symbols A
)
LaTeX Font Info:    Trying to load font information for U+msb on input line 11.


(/usr/local/texlive/2024/texmf-dist/tex/latex/amsfonts/umsb.fd
File: umsb.fd 2013/01/14 v3.01 AMS symbols B
)
LaTeX Font Info:    Font shape `OT1/phv/m/sl' will be
(Font)              scaled to size 10.07397pt on input line 11.
LaTeX Font Info:    Font shape `OT1/phv/m/sl' will be
(Font)              scaled to size 7.35999pt on input line 11.
LaTeX Font Info:    Font shape `OT1/phv/m/sl' will be
(Font)              scaled to size 5.51999pt on input line 11.
LaTeX Font Info:    Font shape `OT1/phv/m/n' will be
(Font)              scaled to size 8.27998pt on input line 11.
LaTeX Font Info:    Font shape `OT1/phv/m/n' will be
(Font)              scaled to size 4.59999pt on input line 11.
LaTeX Font Info:    Font shape `OT1/phv/m/sl' will be
(Font)              scaled to size 8.27998pt on input line 11.
LaTeX Font Info:    Font shape `OT1/phv/m/sl' will be
(Font)              scaled to size 4.59999pt on input line 11.
LaTeX Font Info:    Font shape `OT1/phv/b/n' will be
(Font)              scaled to size 8.27998pt on input line 11.


LaTeX Warning: Reference `TheConicSections' on page 2 undefined on input line 1
1.


LaTeX Warning: Reference `recipquotid' on page 2 undefined on input line 15.

LaTeX Font Info:    Trying to load font information for TS1+phv on input line 6
0.
(/usr/local/texlive/2024/texmf-dist/tex/latex/psnfss/ts1phv.fd
File: ts1phv.fd 2020/03/25 scalable font definitions for TS1/phv.
)
LaTeX Font Info:    Font shape `TS1/phv/m/n' will be
(Font)              scaled to size 10.07397pt on input line 60.
LaTeX Font Info:    Font shape `OT1/phv/m/it' in size <10.95> not available
(Font)              Font shape `OT1/phv/m/sl' tried instead on input line 64.
LaTeX Font Info:    Font shape `OT1/phv/m/sl' will be
(Font)              scaled to size 10.07397pt on input line 64.


LaTeX Warning: Reference `sinecosineunitcircledefn' on page 2 undefined on inpu
t line 72.


LaTeX Warning: Reference `AppCartesianPlane' on page 2 undefined on input line 
86.


LaTeX Warning: Reference `Circles' on page 2 undefined on input line 86.


LaTeX Warning: Reference `circularfunctionsex' on page 2 undefined on input lin
e 90.

LaTeX Font Info:    Font shape `OT1/phv/m/sc' will be
(Font)              scaled to size 10.07397pt on input line 102.
[2

]

LaTeX Warning: Reference `wrappingfunction' on page 3 undefined on input line 1
10.


LaTeX Warning: Reference `advancedrefangleex' on page 3 undefined on input line
 124.


LaTeX Warning: Reference `cosinesinecircleex' on page 3 undefined on input line
 124.


LaTeX Warning: Reference `TheCircularFunctionsSineandCosine' on page 3 undefine
d on input line 124.


LaTeX Warning: Reference `AppQuadEqus' on page 3 undefined on input line 128.

[3] [4]

LaTeX Warning: Reference `circularfunctionscircleex' on page 5 undefined on inp
ut line 249.


LaTeX Warning: Reference `TheOtherCircularFunctions' on page 5 undefined on inp
ut line 249.

[5] [6]

LaTeX Warning: Reference `AppCmpNums' on page 7 undefined on input line 369.


LaTeX Warning: Reference `AppRadEqus' on page 7 undefined on input line 369.

[7] [8]
LaTeX Font Info:    Font shape `OT1/phv/m/n' will be
(Font)              scaled to size 11.03998pt on input line 456.
LaTeX Font Info:    Font shape `OT1/phv/b/n' will be
(Font)              scaled to size 11.03998pt on input line 456.
 (./ExercisesforFundamentalTrigonometricIdentities.tex

LaTeX Warning: Reference `findothercircfirst' on page 9 undefined on input line
 40.


LaTeX Warning: Reference `findothercirclast' on page 9 undefined on input line 
40.


LaTeX Warning: Reference `TheOtherCircularFunctions' on page 9 undefined on inp
ut line 40.

[9] [10]
LaTeX Font Info:    Font shape `OT1/phv/m/n' will be
(Font)              scaled to size 9.19998pt on input line 423.
LaTeX Font Info:    Font shape `OT1/phv/m/n' will be
(Font)              scaled to size 6.43999pt on input line 424.
LaTeX Font Info:    Font shape `OT1/phv/m/sl' will be
(Font)              scaled to size 9.19998pt on input line 424.
LaTeX Font Info:    Font shape `OT1/phv/m/sl' will be
(Font)              scaled to size 6.43999pt on input line 424.


LaTeX Warning: Reference `AbsoluteValueFunctions' on page 11 undefined on input
 line 523.


LaTeX Warning: Reference `PropertiesofLogarithms' on page 11 undefined on input
 line 523.

[11])) [12] (./MoreTrigonometricIdentities.tex

Mfpic: Initializing MoreTrigonometricIdentities.mp.
\openout3 = `MoreTrigonometricIdentities.mp'.

Mfpic: Don't forget to process MoreTrigonometricIdentities.mp!
Mfpic: Apply metapost to MoreTrigonometricIdentities.mp.
Mfpic: Then reprocess this file "CompilerAnalyticalTrigonometry".


LaTeX Warning: Reference `GraphsofSineandCosine' on page 13 undefined on input 
line 15.


LaTeX Warning: Reference `GraphsofOtherCircularFunctions' on page 13 undefined 
on input line 15.

LaTeX Font Info:    Font shape `OT1/phv/bx/n' in size <10.95> not available
(Font)              Font shape `OT1/phv/b/n' tried instead on input line 78.
LaTeX Font Info:    Font shape `OT1/phv/b/n' will be
(Font)              scaled to size 10.07397pt on input line 78.
LaTeX Font Info:    Font shape `OT1/phv/bx/n' in size <8> not available
(Font)              Font shape `OT1/phv/b/n' tried instead on input line 78.
LaTeX Font Info:    Font shape `OT1/phv/b/n' will be
(Font)              scaled to size 7.35999pt on input line 78.
LaTeX Font Info:    Font shape `OT1/phv/bx/n' in size <6> not available
(Font)              Font shape `OT1/phv/b/n' tried instead on input line 78.
LaTeX Font Info:    Font shape `OT1/phv/b/n' will be
(Font)              scaled to size 5.51999pt on input line 78.
LaTeX Font Info:    Font shape `OT1/phv/bx/sl' in size <10.95> not available
(Font)              Font shape `OT1/phv/b/sl' tried instead on input line 78.
LaTeX Font Info:    Font shape `OT1/phv/b/sl' will be
(Font)              scaled to size 10.07397pt on input line 78.
LaTeX Font Info:    Font shape `OT1/phv/bx/sl' in size <8> not available
(Font)              Font shape `OT1/phv/b/sl' tried instead on input line 78.
LaTeX Font Info:    Font shape `OT1/phv/b/sl' will be
(Font)              scaled to size 7.35999pt on input line 78.
LaTeX Font Info:    Font shape `OT1/phv/bx/sl' in size <6> not available
(Font)              Font shape `OT1/phv/b/sl' tried instead on input line 78.
LaTeX Font Info:    Font shape `OT1/phv/b/sl' will be
(Font)              scaled to size 5.51999pt on input line 78.
LaTeX Font Info:    Font shape `OT1/phv/bx/n' in size <5> not available
(Font)              Font shape `OT1/phv/b/n' tried instead on input line 78.
LaTeX Font Info:    Font shape `OT1/phv/b/n' will be
(Font)              scaled to size 4.59999pt on input line 78.
LaTeX Font Info:    Font shape `OT1/phv/bx/sl' in size <5> not available
(Font)              Font shape `OT1/phv/b/sl' tried instead on input line 78.
LaTeX Font Info:    Font shape `OT1/phv/b/sl' will be
(Font)              scaled to size 4.59999pt on input line 78.
File: MoreTrigonometricIdentities.1 Graphic file (type mps)
[MP to PDF] (./MoreTrigonometricIdentities.1)
File: MoreTrigonometricIdentities.2 Graphic file (type mps)
 [MP to PDF]
(./MoreTrigonometricIdentities.2)

LaTeX Warning: Reference `GraphsofOtherCircularFunctions' on page 13 undefined 
on input line 133.

[13]
File: MoreTrigonometricIdentities.3 Graphic file (type mps)
 [MP to PDF] (./MoreTrigonometricIdentities.3)
File: MoreTrigonometricIdentities.4 Graphic file (type mps)
 [MP to PDF]
(./MoreTrigonometricIdentities.4)

LaTeX Warning: Reference `distanceformula' on page 14 undefined on input line 2
23.

[14] [15]

LaTeX Warning: Reference `cofunctionforeshadowing' on page 16 undefined on inpu
t line 341.


LaTeX Warning: Reference `AppRightTrig' on page 16 undefined on input line 341.


[16] [17]

LaTeX Warning: Reference `TheOtherCircularFunctions' on page 18 undefined on in
put line 456.

LaTeX Font Info:    Font shape `OT1/phv/m/it' in size <9> not available
(Font)              Font shape `OT1/phv/m/sl' tried instead on input line 459.
LaTeX Font Info:    Font shape `OT1/phv/m/sl' will be
(Font)              scaled to size 8.27998pt on input line 459.
File: MoreTrigonometricIdentities.5 Graphic file (type mps)
[MP to PDF] (./MoreTrigonometricIdentities.5)

LaTeX Warning: Reference `circularfunctionscircle' on page 18 undefined on inpu
t line 488.

[18] [19]

LaTeX Warning: Reference `cosinesinecircle' on page 20 undefined on input line 
609.


LaTeX Warning: Reference `TheCircularFunctionsSineandCosine' on page 20 undefin
ed on input line 609.


LaTeX Warning: Reference `cosinesinecircle' on page 20 undefined on input line 
621.

[20]
File: MoreTrigonometricIdentities.6 Graphic file (type mps)
 [MP to PDF] (./MoreTrigonometricIdentities.6)
File: MoreTrigonometricIdentities.7 Graphic file (type mps)
 [MP to PDF]
(./MoreTrigonometricIdentities.7) [21] [22] [23] [24] [25]

LaTeX Warning: Reference `GraphsofSineandCosine' on page 26 undefined on input 
line 1024.


LaTeX Warning: Reference `sinusoidform' on page 26 undefined on input line 1024
.

[26]

LaTeX Warning: Reference `ParFrac' on page 27 undefined on input line 1066.


LaTeX Warning: Reference `fitsinusoidtodata1' on page 27 undefined on input lin
e 1078.

[27]
<./MoreTrigonometricIdentitiesGraphics/ExpandedSinusoidExample.jpg, id=507, 156
1.835pt x 1147.28625pt>
File: ./MoreTrigonometricIdentitiesGraphics/ExpandedSinusoidExample.jpg Graphic
 file (type jpg)
<use ./MoreTrigonometricIdentitiesGraphics/ExpandedSinusoidExample.jpg>
Package pdftex.def Info: ./MoreTrigonometricIdentitiesGraphics/ExpandedSinusoid
Example.jpg  used on input line 1114.
(pdftex.def)             Requested size: 289.07999pt x 212.34967pt.


LaTeX Warning: Reference `sinusoidform' on page 28 undefined on input line 1126
.


LaTeX Warning: Reference `sinusoidform' on page 28 undefined on input line 1130
.

[28 <./MoreTrigonometricIdentitiesGraphics/ExpandedSinusoidExample.jpg>]
<./MoreTrigonometricIdentitiesGraphics/Beats.jpg, id=520, 1559.8275pt x 1174.38
75pt>
File: ./MoreTrigonometricIdentitiesGraphics/Beats.jpg Graphic file (type jpg)
<use ./MoreTrigonometricIdentitiesGraphics/Beats.jpg>
Package pdftex.def Info: ./MoreTrigonometricIdentitiesGraphics/Beats.jpg  used 
on input line 1144.
(pdftex.def)             Requested size: 289.07999pt x 217.6346pt.

[29 <./MoreTrigonometricIdentitiesGraphics/Beats.jpg>]
(./ExercisesforMoreTrigonometricIdentities.tex [30]

LaTeX Warning: Reference `cosinesinecircle' on page 31 undefined on input line 
313.


LaTeX Warning: Reference `sinusoidsunlight' on page 31 undefined on input line 
324.


LaTeX Warning: Reference `GraphsofSineandCosine' on page 31 undefined on input 
line 324.


LaTeX Warning: Reference `cosinesinefunctionprops' on page 31 undefined on inpu
t line 331.


LaTeX Warning: Reference `GraphsofSineandCosine' on page 31 undefined on input 
line 331.

[31] [32] [33] [34] [35] [36] [37])) [38]
(./TheInverseTrigonometricFunctions.tex

Mfpic: Initializing TheInverseTrigonometricFunctions.mp.
\openout3 = `TheInverseTrigonometricFunctions.mp'.

Mfpic: Don't forget to process TheInverseTrigonometricFunctions.mp!
Mfpic: Apply metapost to TheInverseTrigonometricFunctions.mp.
Mfpic: Then reprocess this file "CompilerAnalyticalTrigonometry".


LaTeX Warning: Reference `AppRightTrig' on page 39 undefined on input line 9.


LaTeX Warning: Reference `inverserestrictionex' on page 39 undefined on input l
ine 9.


LaTeX Warning: Reference `InverseFunctions' on page 39 undefined on input line 
9.

File: TheInverseTrigonometricFunctions.1 Graphic file (type mps)
[MP to PDF] (./TheInverseTrigonometricFunctions.1)

LaTeX Warning: Reference `InverseFunctions' on page 39 undefined on input line 
38.


LaTeX Warning: Reference `inversefunctionprops' on page 39 undefined on input l
ine 42.

File: TheInverseTrigonometricFunctions.2 Graphic file (type mps)
[MP to PDF] (./TheInverseTrigonometricFunctions.2)
File: TheInverseTrigonometricFunctions.3 Graphic file (type mps)
 [MP to PDF]
(./TheInverseTrigonometricFunctions.3)
File: TheInverseTrigonometricFunctions.4 Graphic file (type mps)
 [MP to PDF]
(./TheInverseTrigonometricFunctions.4)
File: TheInverseTrigonometricFunctions.5 Graphic file (type mps)
 [MP to PDF]
(./TheInverseTrigonometricFunctions.5)
File: TheInverseTrigonometricFunctions.6 Graphic file (type mps)
 [MP to PDF]
(./TheInverseTrigonometricFunctions.6) [39]

LaTeX Warning: Reference `inversefunctionprops' on page 40 undefined on input l
ine 144.

[40]

LaTeX Warning: Reference `wrappingfunction' on page 41 undefined on input line 
206.

File: TheInverseTrigonometricFunctions.7 Graphic file (type mps)
[MP to PDF] (./TheInverseTrigonometricFunctions.7)
File: TheInverseTrigonometricFunctions.8 Graphic file (type mps)
 [MP to PDF]
(./TheInverseTrigonometricFunctions.8) [41]
Overfull \hbox (9.55948pt too wide) in paragraph at lines 390--391
[]\OT1/phv/m/n/10.95 Alternatively, we could use the fact that the arc-sine fun
c-tion is odd, so $[] [] = \OMS/cmsy/m/n/10.95 ^^@ [] []$\OT1/phv/m/n/10.95 . 
 []

[42]

LaTeX Warning: Reference `FunctionComposition' on page 43 undefined on input li
ne 454.


LaTeX Warning: Reference `FunctionComposition' on page 43 undefined on input li
ne 476.


LaTeX Warning: Reference `FurtherTopicsonFunctions' on page 43 undefined on inp
ut line 479.

[43]
File: TheInverseTrigonometricFunctions.9 Graphic file (type mps)
 [MP to PDF] (./TheInverseTrigonometricFunctions.9)
File: TheInverseTrigonometricFunctions.10 Graphic file (type mps)
 [MP to PDF]
(./TheInverseTrigonometricFunctions.10)
File: TheInverseTrigonometricFunctions.11 Graphic file (type mps)
 [MP to PDF]
(./TheInverseTrigonometricFunctions.11)
File: TheInverseTrigonometricFunctions.12 Graphic file (type mps)
 [MP to PDF]
(./TheInverseTrigonometricFunctions.12) [44]

LaTeX Warning: Reference `inversefunctionprops' on page 45 undefined on input l
ine 643.

[45]
File: TheInverseTrigonometricFunctions.13 Graphic file (type mps)
 [MP to PDF] (./TheInverseTrigonometricFunctions.13) [46]

LaTeX Warning: Reference `TheOtherCircularFunctions' on page 47 undefined on in
put line 814.

File: TheInverseTrigonometricFunctions.14 Graphic file (type mps)
[MP to PDF] (./TheInverseTrigonometricFunctions.14)
File: TheInverseTrigonometricFunctions.15 Graphic file (type mps)
 [MP to PDF]
(./TheInverseTrigonometricFunctions.15)
File: TheInverseTrigonometricFunctions.16 Graphic file (type mps)
 [MP to PDF]
(./TheInverseTrigonometricFunctions.16)
Overfull \hbox (2.37157pt too wide) in paragraph at lines 827--910
 [] 
 []

[47]

LaTeX Warning: Reference `circularfunctionscircle' on page 48 undefined on inpu
t line 925.


LaTeX Warning: Reference `TheOtherCircularFunctions' on page 48 undefined on in
put line 925.


LaTeX Warning: Reference `secantcosecantgraphsection' on page 48 undefined on i
nput line 935.

File: TheInverseTrigonometricFunctions.17 Graphic file (type mps)
[MP to PDF] (./TheInverseTrigonometricFunctions.17)
File: TheInverseTrigonometricFunctions.18 Graphic file (type mps)
 [MP to PDF]
(./TheInverseTrigonometricFunctions.18)
Overfull \hbox (3.94601pt too wide) in paragraph at lines 939--1004
[][] 
 []

[48]
File: TheInverseTrigonometricFunctions.19 Graphic file (type mps)
 [MP to PDF] (./TheInverseTrigonometricFunctions.19)
File: TheInverseTrigonometricFunctions.20 Graphic file (type mps)
 [MP to PDF]
(./TheInverseTrigonometricFunctions.20)
File: TheInverseTrigonometricFunctions.21 Graphic file (type mps)
 [MP to PDF]
(./TheInverseTrigonometricFunctions.21)
File: TheInverseTrigonometricFunctions.22 Graphic file (type mps)
 [MP to PDF]
(./TheInverseTrigonometricFunctions.22)

LaTeX Warning: Reference `AppAbsValEqIneq' on page 49 undefined on input line 1
117.


LaTeX Warning: Reference `inversefunctionprops' on page 49 undefined on input l
ine 1121.

LaTeX Font Info:    Font shape `OT1/phv/m/it' in size <8> not available
(Font)              Font shape `OT1/phv/m/sl' tried instead on input line 1179.

LaTeX Font Info:    Font shape `OT1/phv/m/sl' will be
(Font)              scaled to size 7.35999pt on input line 1179.
LaTeX Font Info:    Font shape `OT1/phv/m/it' in size <6> not available
(Font)              Font shape `OT1/phv/m/sl' tried instead on input line 1179.

LaTeX Font Info:    Font shape `OT1/phv/m/sl' will be
(Font)              scaled to size 5.51999pt on input line 1179.

Underfull \vbox (badness 1147) has occurred while \output is active []

 [49]
Overfull \hbox (1.72298pt too wide) in paragraph at lines 1203--1204
[]$[] []$ 
 []

[50] [51]

LaTeX Warning: Reference `TheOtherCircularFunctions' on page 52 undefined on in
put line 1320.


LaTeX Warning: Reference `TheOtherCircularFunctions' on page 52 undefined on in
put line 1320.


LaTeX Warning: Reference `circularfunctionscircle' on page 52 undefined on inpu
t line 1324.

File: TheInverseTrigonometricFunctions.23 Graphic file (type mps)
[MP to PDF] (./TheInverseTrigonometricFunctions.23)
File: TheInverseTrigonometricFunctions.24 Graphic file (type mps)
 [MP to PDF]
(./TheInverseTrigonometricFunctions.24) [52]
File: TheInverseTrigonometricFunctions.25 Graphic file (type mps)
 [MP to PDF]
(./TheInverseTrigonometricFunctions.25)
File: TheInverseTrigonometricFunctions.26 Graphic file (type mps)
 [MP to PDF]
(./TheInverseTrigonometricFunctions.26) [53]
File: TheInverseTrigonometricFunctions.27 Graphic file (type mps)
 [MP to PDF]
(./TheInverseTrigonometricFunctions.27)
File: TheInverseTrigonometricFunctions.28 Graphic file (type mps)
 [MP to PDF]
(./TheInverseTrigonometricFunctions.28) [54]
Overfull \hbox (1.72298pt too wide) in paragraph at lines 1585--1586
[]$[] []$ 
 []


Overfull \hbox (2.06407pt too wide) in paragraph at lines 1619--1620
[]\OT1/phv/m/n/10.95 Unfortunately, $\OMS/cmsy/m/n/10.95 ^^@\OT1/phv/m/n/10.95 
2$ is not greater to or equal to $1$, so we can-not ap-ply The-o-rem [][]1.17[]
[] to $[](\OMS/cmsy/m/n/10.95 ^^@\OT1/phv/m/n/10.95 2)$
 []

[55]

LaTeX Warning: Reference `AbsoluteValueFunctions' on page 56 undefined on input
 line 1672.


LaTeX Warning: Reference `TheOtherCircularFunctions' on page 56 undefined on in
put line 1698.


LaTeX Warning: Reference `circularfunctionscircle' on page 56 undefined on inpu
t line 1698.


LaTeX Warning: Reference `circularfunctionscircle' on page 56 undefined on inpu
t line 1702.

[56]
File: TheInverseTrigonometricFunctions.29 Graphic file (type mps)
 [MP to PDF] (./TheInverseTrigonometricFunctions.29)
File: TheInverseTrigonometricFunctions.30 Graphic file (type mps)
 [MP to PDF]
(./TheInverseTrigonometricFunctions.30) [57]

LaTeX Warning: Reference `refanglethm' on page 58 undefined on input line 1851.


File: TheInverseTrigonometricFunctions.31 Graphic file (type mps)
[MP to PDF] (./TheInverseTrigonometricFunctions.31)
File: TheInverseTrigonometricFunctions.32 Graphic file (type mps)
 [MP to PDF]
(./TheInverseTrigonometricFunctions.32) [58]
File: TheInverseTrigonometricFunctions.33 Graphic file (type mps)
 [MP to PDF]
(./TheInverseTrigonometricFunctions.33)

LaTeX Warning: Reference `Transformations' on page 59 undefined on input line 1
967.

[59]

LaTeX Warning: Reference `Transformations' on page 60 undefined on input line 1
991.

<./TheInverseTrigonometricFunctionsGraphics/arccosgraph.jpg, id=1106, 728.7225p
t x 629.35126pt>
File: ./TheInverseTrigonometricFunctionsGraphics/arccosgraph.jpg Graphic file (
type jpg)
<use ./TheInverseTrigonometricFunctionsGraphics/arccosgraph.jpg>
Package pdftex.def Info: ./TheInverseTrigonometricFunctionsGraphics/arccosgraph
.jpg  used on input line 2018.
(pdftex.def)             Requested size: 150.62332pt x 130.08621pt.
<./TheInverseTrigonometricFunctionsGraphics/arctangraph.jpg, id=1107, 910.40125
pt x 940.51375pt>
File: ./TheInverseTrigonometricFunctionsGraphics/arctangraph.jpg Graphic file (
type jpg)
<use ./TheInverseTrigonometricFunctionsGraphics/arctangraph.jpg>
Package pdftex.def Info: ./TheInverseTrigonometricFunctionsGraphics/arctangraph
.jpg  used on input line 2020.
(pdftex.def)             Requested size: 126.62181pt x 130.80852pt.

LaTeX Warning: Reference `TheCircularFunctionsSineandCosine' on page 60 undefin
ed on input line 2043.


LaTeX Warning: Reference `TheOtherCircularFunctions' on page 60 undefined on in
put line 2043.


LaTeX Warning: Reference `commonanglesunitcircle' on page 60 undefined on input
 line 2043.

[60 <./TheInverseTrigonometricFunctionsGraphics/arccosgraph.jpg> <./TheInverseT
rigonometricFunctionsGraphics/arctangraph.jpg>]
File: TheInverseTrigonometricFunctions.34 Graphic file (type mps)
 [MP to PDF]
(./TheInverseTrigonometricFunctions.34)
File: TheInverseTrigonometricFunctions.35 Graphic file (type mps)
 [MP to PDF]
(./TheInverseTrigonometricFunctions.35)
Overfull \hbox (15.31319pt too wide) in paragraph at lines 2095--2142
[][] 
 []

[61]
File: TheInverseTrigonometricFunctions.36 Graphic file (type mps)
 [MP to PDF] (./TheInverseTrigonometricFunctions.36)
File: TheInverseTrigonometricFunctions.37 Graphic file (type mps)
 [MP to PDF]
(./TheInverseTrigonometricFunctions.37) [62]
File: TheInverseTrigonometricFunctions.38 Graphic file (type mps)
 [MP to PDF]
(./TheInverseTrigonometricFunctions.38)
File: TheInverseTrigonometricFunctions.39 Graphic file (type mps)
 [MP to PDF]
(./TheInverseTrigonometricFunctions.39)

LaTeX Warning: Reference `TheOtherCircularFunctions' on page 63 undefined on in
put line 2264.

File: TheInverseTrigonometricFunctions.40 Graphic file (type mps)
[MP to PDF] (./TheInverseTrigonometricFunctions.40)
File: TheInverseTrigonometricFunctions.41 Graphic file (type mps)
 [MP to PDF]
(./TheInverseTrigonometricFunctions.41)
Overfull \hbox (16.07605pt too wide) in paragraph at lines 2267--2312
[][] 
 []

[63]
File: TheInverseTrigonometricFunctions.42 Graphic file (type mps)
 [MP to PDF] (./TheInverseTrigonometricFunctions.42)
File: TheInverseTrigonometricFunctions.43 Graphic file (type mps)
 [MP to PDF]
(./TheInverseTrigonometricFunctions.43)
Overfull \hbox (6.7241pt too wide) in paragraph at lines 2337--2386
[][] 
 []

[64] [65] (./ExercisesforTheInverseTrigonometricFunctions.tex [66] [67]
[68] [69] [70] [71]
File: TheInverseTrigonometricFunctions.44 Graphic file (type mps)
 [MP to PDF] (./TheInverseTrigonometricFunctions.44)
[72] [73] [74] [75] [76] [77] [78]
Underfull \hbox (badness 10000) in paragraph at lines 2501--2502

 []


Underfull \hbox (badness 10000) in paragraph at lines 2506--2507

 []

[79]
Underfull \hbox (badness 10000) in paragraph at lines 2511--2512

 []


Underfull \hbox (badness 10000) in paragraph at lines 2516--2517

 []


Underfull \hbox (badness 10000) in paragraph at lines 2521--2522

 []


Underfull \hbox (badness 10000) in paragraph at lines 2527--2528

 []

)) [80] (./TrigonometricEquationsandInequalities.tex

Mfpic: Initializing TrigonometricEquationsandInequalities.mp.
\openout3 = `TrigonometricEquationsandInequalities.mp'.

Mfpic: Don't forget to process TrigonometricEquationsandInequalities.mp!
Mfpic: Apply metapost to TrigonometricEquationsandInequalities.mp.
Mfpic: Then reprocess this file "CompilerAnalyticalTrigonometry".


LaTeX Warning: Reference `TheCircularFunctionsSineandCosine' on page 81 undefin
ed on input line 9.


LaTeX Warning: Reference `TheOtherCircularFunctions' on page 81 undefined on in
put line 9.

[81]
<./TrigonometricEquationsandInequalitiesGraphics/TrigEquIneq01.jpg, id=1728, 14
34.35875pt x 817.0525pt>
File: ./TrigonometricEquationsandInequalitiesGraphics/TrigEquIneq01.jpg Graphic
 file (type jpg)
<use ./TrigonometricEquationsandInequalitiesGraphics/TrigEquIneq01.jpg>
Package pdftex.def Info: ./TrigonometricEquationsandInequalitiesGraphics/TrigEq
uIneq01.jpg  used on input line 113.
(pdftex.def)             Requested size: 285.44405pt x 162.6075pt.
 [82 <./TrigonometricEquationsandInequalitiesGraphics/TrigEquIneq01.jpg>]
<./TrigonometricEquationsandInequalitiesGraphics/TrigEquIneq02.jpg, id=1735, 80
6.01125pt x 471.7625pt>
File: ./TrigonometricEquationsandInequalitiesGraphics/TrigEquIneq02.jpg Graphic
 file (type jpg)
<use ./TrigonometricEquationsandInequalitiesGraphics/TrigEquIneq02.jpg>
Package pdftex.def Info: ./TrigonometricEquationsandInequalitiesGraphics/TrigEq
uIneq02.jpg  used on input line 165.
(pdftex.def)             Requested size: 277.8159pt x 162.6075pt.
<./TrigonometricEquationsandInequalitiesGraphics/TrigEquIneq03.jpg, id=1737, 13
51.0475pt x 397.485pt>
File: ./TrigonometricEquationsandInequalitiesGraphics/TrigEquIneq03.jpg Graphic
 file (type jpg)
<use ./TrigonometricEquationsandInequalitiesGraphics/TrigEquIneq03.jpg>
Package pdftex.def Info: ./TrigonometricEquationsandInequalitiesGraphics/TrigEq
uIneq03.jpg  used on input line 196.
(pdftex.def)             Requested size: 429.87021pt x 126.47249pt.

[83 <./TrigonometricEquationsandInequalitiesGraphics/TrigEquIneq02.jpg>]
<./TrigonometricEquationsandInequalitiesGraphics/TrigEquIneq04.jpg, id=1745, 13
08.89pt x 800.9925pt>
File: ./TrigonometricEquationsandInequalitiesGraphics/TrigEquIneq04.jpg Graphic
 file (type jpg)
<use ./TrigonometricEquationsandInequalitiesGraphics/TrigEquIneq04.jpg>
Package pdftex.def Info: ./TrigonometricEquationsandInequalitiesGraphics/TrigEq
uIneq04.jpg  used on input line 238.
(pdftex.def)             Requested size: 265.70786pt x 162.6075pt.

Underfull \vbox (badness 2334) has occurred while \output is active []

 [84 <./TrigonometricEquationsandInequalitiesGraphics/TrigEquIneq03.jpg>]
<./TrigonometricEquationsandInequalitiesGraphics/TrigEquIneq05.jpg, id=1753, 14
15.2875pt x 760.8425pt>
File: ./TrigonometricEquationsandInequalitiesGraphics/TrigEquIneq05.jpg Graphic
 file (type jpg)
<use ./TrigonometricEquationsandInequalitiesGraphics/TrigEquIneq05.jpg>
Package pdftex.def Info: ./TrigonometricEquationsandInequalitiesGraphics/TrigEq
uIneq05.jpg  used on input line 284.
(pdftex.def)             Requested size: 302.46686pt x 162.6075pt.
 [85 <./TrigonometricEquationsandInequalitiesGraphics/TrigEquIneq04.jpg>] [86 <
./TrigonometricEquationsandInequalitiesGraphics/TrigEquIneq05.jpg>]
<./TrigonometricEquationsandInequalitiesGraphics/TrigEquIneq06.jpg, id=1769, 11
83.42125pt x 746.79pt>
File: ./TrigonometricEquationsandInequalitiesGraphics/TrigEquIneq06.jpg Graphic
 file (type jpg)
<use ./TrigonometricEquationsandInequalitiesGraphics/TrigEquIneq06.jpg>
Package pdftex.def Info: ./TrigonometricEquationsandInequalitiesGraphics/TrigEq
uIneq06.jpg  used on input line 343.
(pdftex.def)             Requested size: 257.68097pt x 162.6075pt.
 [87 <./TrigonometricEquationsandInequalitiesGraphics/TrigEquIneq06.jpg>] [88]

LaTeX Warning: Reference `PolynomialFunctions' on page 89 undefined on input li
ne 431.

<./TrigonometricEquationsandInequalitiesGraphics/TrigEquIneq07.jpg, id=1794, 15
96.96625pt x 1086.0575pt>
File: ./TrigonometricEquationsandInequalitiesGraphics/TrigEquIneq07.jpg Graphic
 file (type jpg)
<use ./TrigonometricEquationsandInequalitiesGraphics/TrigEquIneq07.jpg>
Package pdftex.def Info: ./TrigonometricEquationsandInequalitiesGraphics/TrigEq
uIneq07.jpg  used on input line 455.
(pdftex.def)             Requested size: 239.09598pt x 162.6075pt.

LaTeX Warning: Reference `AppQuadEqus' on page 89 undefined on input line 466.

[89 <./TrigonometricEquationsandInequalitiesGraphics/TrigEquIneq07.jpg>]
<./TrigonometricEquationsandInequalitiesGraphics/TrigEquIneq08.jpg, id=1805, 11
21.18875pt x 987.69pt>
File: ./TrigonometricEquationsandInequalitiesGraphics/TrigEquIneq08.jpg Graphic
 file (type jpg)
<use ./TrigonometricEquationsandInequalitiesGraphics/TrigEquIneq08.jpg>
Package pdftex.def Info: ./TrigonometricEquationsandInequalitiesGraphics/TrigEq
uIneq08.jpg  used on input line 496.
(pdftex.def)             Requested size: 184.57756pt x 162.6075pt.

[90 <./TrigonometricEquationsandInequalitiesGraphics/TrigEquIneq08.jpg>]
<./TrigonometricEquationsandInequalitiesGraphics/TrigEquIneq09.jpg, id=1811, 11
34.2375pt x 1056.94875pt>
File: ./TrigonometricEquationsandInequalitiesGraphics/TrigEquIneq09.jpg Graphic
 file (type jpg)
<use ./TrigonometricEquationsandInequalitiesGraphics/TrigEquIneq09.jpg>
Package pdftex.def Info: ./TrigonometricEquationsandInequalitiesGraphics/TrigEq
uIneq09.jpg  used on input line 524.
(pdftex.def)             Requested size: 174.48965pt x 162.6075pt.


LaTeX Warning: Reference `PolynomialFunctions' on page 91 undefined on input li
ne 546.

<./TrigonometricEquationsandInequalitiesGraphics/TrigEquIneq10.jpg, id=1814, 11
39.25626pt x 687.56876pt>
File: ./TrigonometricEquationsandInequalitiesGraphics/TrigEquIneq10.jpg Graphic
 file (type jpg)
<use ./TrigonometricEquationsandInequalitiesGraphics/TrigEquIneq10.jpg>
Package pdftex.def Info: ./TrigonometricEquationsandInequalitiesGraphics/TrigEq
uIneq10.jpg  used on input line 559.
(pdftex.def)             Requested size: 269.42885pt x 162.6075pt.
[91 <./TrigonometricEquationsandInequalitiesGraphics/TrigEquIneq09.jpg>]

LaTeX Warning: Reference `propertiesofzero' on page 92 undefined on input line 
569.

<./TrigonometricEquationsandInequalitiesGraphics/TrigEquIneq11.jpg, id=1825, 15
03.6175pt x 767.86874pt>
File: ./TrigonometricEquationsandInequalitiesGraphics/TrigEquIneq11.jpg Graphic
 file (type jpg)
<use ./TrigonometricEquationsandInequalitiesGraphics/TrigEquIneq11.jpg>
Package pdftex.def Info: ./TrigonometricEquationsandInequalitiesGraphics/TrigEq
uIneq11.jpg  used on input line 589.
(pdftex.def)             Requested size: 318.40747pt x 162.6075pt.

Underfull \vbox (badness 10000) has occurred while \output is active []

 [92 <./TrigonometricEquationsandInequalitiesGraphics/TrigEquIneq10.jpg>]
<./TrigonometricEquationsandInequalitiesGraphics/TrigEquIneq12.jpg, id=1834, 14
52.42625pt x 1145.27875pt>
File: ./TrigonometricEquationsandInequalitiesGraphics/TrigEquIneq12.jpg Graphic
 file (type jpg)
<use ./TrigonometricEquationsandInequalitiesGraphics/TrigEquIneq12.jpg>
Package pdftex.def Info: ./TrigonometricEquationsandInequalitiesGraphics/TrigEq
uIneq12.jpg  used on input line 616.
(pdftex.def)             Requested size: 206.1972pt x 162.6075pt.
 [93 <./TrigonometricEquationsandInequalitiesGraphics/TrigEquIneq11.jpg> <./Tri
gonometricEquationsandInequalitiesGraphics/TrigEquIneq12.jpg>]
<./TrigonometricEquationsandInequalitiesGraphics/TrigEquIneq13.jpg, id=1840, 15
18.67375pt x 750.805pt>
File: ./TrigonometricEquationsandInequalitiesGraphics/TrigEquIneq13.jpg Graphic
 file (type jpg)
<use ./TrigonometricEquationsandInequalitiesGraphics/TrigEquIneq13.jpg>
Package pdftex.def Info: ./TrigonometricEquationsandInequalitiesGraphics/TrigEq
uIneq13.jpg  used on input line 635.
(pdftex.def)             Requested size: 328.89531pt x 162.6075pt.
<./TrigonometricEquationsandInequalitiesGraphics/TrigEquIneq14.jpg, id=1842, 85
3.1875pt x 797.98125pt>
File: ./TrigonometricEquationsandInequalitiesGraphics/TrigEquIneq14.jpg Graphic
 file (type jpg)
<use ./TrigonometricEquationsandInequalitiesGraphics/TrigEquIneq14.jpg>
Package pdftex.def Info: ./TrigonometricEquationsandInequalitiesGraphics/TrigEq
uIneq14.jpg  used on input line 662.
(pdftex.def)             Requested size: 173.85007pt x 162.6075pt.
 [94 <./TrigonometricEquationsandInequalitiesGraphics/TrigEquIneq13.jpg>]

LaTeX Warning: Reference `AppRadEqus' on page 95 undefined on input line 684.


LaTeX Warning: Reference `RootRadicalPowerFunctions' on page 95 undefined on in
put line 684.


LaTeX Warning: Reference `NonLinearEquations' on page 95 undefined on input lin
e 690.


LaTeX Warning: Reference `firstsigndiagram' on page 95 undefined on input line 
694.


LaTeX Warning: Reference `rationalsigndiagram' on page 95 undefined on input li
ne 694.


LaTeX Warning: Reference `algebraicsigndiagram' on page 95 undefined on input l
ine 694.


LaTeX Warning: Reference `expineq' on page 95 undefined on input line 694.


LaTeX Warning: Reference `logineq' on page 95 undefined on input line 694.

[95 <./TrigonometricEquationsandInequalitiesGraphics/TrigEquIneq14.jpg>]
File: TrigonometricEquationsandInequalities.1 Graphic file (type mps)

[MP to PDF] (./TrigonometricEquationsandInequalities.1)
<./TrigonometricEquationsandInequalitiesGraphics/TrigEquIneq15.jpg, id=1861, 75
2.8125pt x 880.28876pt>
File: ./TrigonometricEquationsandInequalitiesGraphics/TrigEquIneq15.jpg Graphic
 file (type jpg)
<use ./TrigonometricEquationsandInequalitiesGraphics/TrigEquIneq15.jpg>
Package pdftex.def Info: ./TrigonometricEquationsandInequalitiesGraphics/TrigEq
uIneq15.jpg  used on input line 757.
(pdftex.def)             Requested size: 154.51135pt x 180.67499pt.
 [96 <./TrigonometricEquationsandInequalitiesGraphics/TrigEquIneq15.jpg>]
File: TrigonometricEquationsandInequalities.2 Graphic file (type mps)
 [MP to PDF]
(./TrigonometricEquationsandInequalities.2)
<./TrigonometricEquationsandInequalitiesGraphics/TrigEquIneq16.jpg, id=1868, 14
36.36626pt x 763.85374pt>
File: ./TrigonometricEquationsandInequalitiesGraphics/TrigEquIneq16.jpg Graphic
 file (type jpg)
<use ./TrigonometricEquationsandInequalitiesGraphics/TrigEquIneq16.jpg>
Package pdftex.def Info: ./TrigonometricEquationsandInequalitiesGraphics/TrigEq
uIneq16.jpg  used on input line 818.
(pdftex.def)             Requested size: 339.73784pt x 180.67499pt.


LaTeX Warning: Reference `rationalsigndiagram' on page 97 undefined on input li
ne 828.

[97 <./TrigonometricEquationsandInequalitiesGraphics/TrigEquIneq16.jpg>]
File: TrigonometricEquationsandInequalities.3 Graphic file (type mps)

[MP to PDF] (./TrigonometricEquationsandInequalities.3)
<./TrigonometricEquationsandInequalitiesGraphics/TrigEquIneq17.jpg, id=1878, 13
97.22pt x 764.8575pt>
File: ./TrigonometricEquationsandInequalitiesGraphics/TrigEquIneq17.jpg Graphic
 file (type jpg)
<use ./TrigonometricEquationsandInequalitiesGraphics/TrigEquIneq17.jpg>
Package pdftex.def Info: ./TrigonometricEquationsandInequalitiesGraphics/TrigEq
uIneq17.jpg  used on input line 879.
(pdftex.def)             Requested size: 330.05234pt x 180.67499pt.


LaTeX Warning: Reference `extendedinterval' on page 98 undefined on input line 
897.

[98 <./TrigonometricEquationsandInequalitiesGraphics/TrigEquIneq17.jpg>]
File: TrigonometricEquationsandInequalities.4 Graphic file (type mps)

[MP to PDF] (./TrigonometricEquationsandInequalities.4)

LaTeX Warning: Reference `extendedinterval' on page 99 undefined on input line 
960.

File: TrigonometricEquationsandInequalities.5 Graphic file (type mps)
[MP to PDF] (./TrigonometricEquationsandInequalities.5) [99]
File: TrigonometricEquationsandInequalities.6 Graphic file (type mps)
 [MP to PDF]
(./TrigonometricEquationsandInequalities.6) [100]
<./TrigonometricEquationsandInequalitiesGraphics/ARCSINEQN.jpg, id=1907, 620.31
75pt x 637.38126pt>
File: ./TrigonometricEquationsandInequalitiesGraphics/ARCSINEQN.jpg Graphic fil
e (type jpg)
<use ./TrigonometricEquationsandInequalitiesGraphics/ARCSINEQN.jpg>
Package pdftex.def Info: ./TrigonometricEquationsandInequalitiesGraphics/ARCSIN
EQN.jpg  used on input line 1139.
(pdftex.def)             Requested size: 175.83633pt x 180.67499pt.
 [101 <./TrigonometricEquationsandInequalitiesGraphics/ARCSINEQN.jpg>]
<./TrigonometricEquationsandInequalitiesGraphics/ARCCOSEQN.jpg, id=1921, 994.71
625pt x 882.29625pt>
File: ./TrigonometricEquationsandInequalitiesGraphics/ARCCOSEQN.jpg Graphic fil
e (type jpg)
<use ./TrigonometricEquationsandInequalitiesGraphics/ARCCOSEQN.jpg>
Package pdftex.def Info: ./TrigonometricEquationsandInequalitiesGraphics/ARCCOS
EQN.jpg  used on input line 1158.
(pdftex.def)             Requested size: 203.69048pt x 180.67499pt.
<./TrigonometricEquationsandInequalitiesGraphics/ARCSECEQN.jpg, id=1924, 806.01
125pt x 683.55376pt>
File: ./TrigonometricEquationsandInequalitiesGraphics/ARCSECEQN.jpg Graphic fil
e (type jpg)
<use ./TrigonometricEquationsandInequalitiesGraphics/ARCSECEQN.jpg>
Package pdftex.def Info: ./TrigonometricEquationsandInequalitiesGraphics/ARCSEC
EQN.jpg  used on input line 1178.
(pdftex.def)             Requested size: 213.03851pt x 180.67499pt.
 [102 <./TrigonometricEquationsandInequalitiesGraphics/ARCCOSEQN.jpg>]
<./TrigonometricEquationsandInequalitiesGraphics/ARCTANEQN.jpg, id=1932, 536.00
25pt x 525.965pt>
File: ./TrigonometricEquationsandInequalitiesGraphics/ARCTANEQN.jpg Graphic fil
e (type jpg)
<use ./TrigonometricEquationsandInequalitiesGraphics/ARCTANEQN.jpg>
Package pdftex.def Info: ./TrigonometricEquationsandInequalitiesGraphics/ARCTAN
EQN.jpg  used on input line 1204.
(pdftex.def)             Requested size: 158.99377pt x 156.00903pt.
 [103 <./TrigonometricEquationsandInequalitiesGraphics/ARCSECEQN.jpg> <./Trigon
ometricEquationsandInequalitiesGraphics/ARCTANEQN.jpg>]
File: TrigonometricEquationsandInequalities.7 Graphic file (type mps)
 [MP to PDF] (./TrigonometricEquationsandInequalities.7)
<./TrigonometricEquationsandInequalitiesGraphics/ARCCOSINEQ.jpg, id=1940, 979.6
6pt x 864.22874pt>
File: ./TrigonometricEquationsandInequalitiesGraphics/ARCCOSINEQ.jpg Graphic fi
le (type jpg)
<use ./TrigonometricEquationsandInequalitiesGraphics/ARCCOSINEQ.jpg>
Package pdftex.def Info: ./TrigonometricEquationsandInequalitiesGraphics/ARCCOS
INEQ.jpg  used on input line 1250.
(pdftex.def)             Requested size: 204.80788pt x 180.67499pt.
 [104 <./TrigonometricEquationsandInequalitiesGraphics/ARCCOSINEQ.jpg>]
File: TrigonometricEquationsandInequalities.8 Graphic file (type mps)
 [MP to PDF]
(./TrigonometricEquationsandInequalities.8)
<./TrigonometricEquationsandInequalitiesGraphics/ARCCOTINEQ.jpg, id=1949, 1069.
9975pt x 1158.3275pt>
File: ./TrigonometricEquationsandInequalitiesGraphics/ARCCOTINEQ.jpg Graphic fi
le (type jpg)
<use ./TrigonometricEquationsandInequalitiesGraphics/ARCCOTINEQ.jpg>
Package pdftex.def Info: ./TrigonometricEquationsandInequalitiesGraphics/ARCCOT
INEQ.jpg  used on input line 1301.
(pdftex.def)             Requested size: 166.8928pt x 180.67499pt.
 [105 <./TrigonometricEquationsandInequalitiesGraphics/ARCCOTINEQ.jpg>]

LaTeX Warning: Reference `FoundationsofTrigonometry' on page 106 undefined on i
nput line 1321.


LaTeX Warning: Reference `AnalyticalTrigonometry' on page 106 undefined on inpu
t line 1321.

File: TrigonometricEquationsandInequalities.9 Graphic file (type mps)
[MP to PDF] (./TrigonometricEquationsandInequalities.9)
File: TrigonometricEquationsandInequalities.10 Graphic file (type mps)
 [MP to PDF]
(./TrigonometricEquationsandInequalities.10)
File: TrigonometricEquationsandInequalities.11 Graphic file (type mps)
 [MP to PDF]
(./TrigonometricEquationsandInequalities.11)

LaTeX Warning: Reference `AppVariation' on page 106 undefined on input line 139
6.

[106] [107]
File: TrigonometricEquationsandInequalities.12 Graphic file (type mps)
 [MP to PDF] (./TrigonometricEquationsandInequalities.12) [108]
<./TrigonometricEquationsandInequalitiesGraphics/Sinusoid05.jpg, id=1991, 1162.
3425pt x 892.33376pt>
File: ./TrigonometricEquationsandInequalitiesGraphics/Sinusoid05.jpg Graphic fi
le (type jpg)
<use ./TrigonometricEquationsandInequalitiesGraphics/Sinusoid05.jpg>
Package pdftex.def Info: ./TrigonometricEquationsandInequalitiesGraphics/Sinuso
id05.jpg  used on input line 1527.
(pdftex.def)             Requested size: 235.3376pt x 180.67499pt.

[109 <./TrigonometricEquationsandInequalitiesGraphics/Sinusoid05.jpg>]

LaTeX Warning: Reference `squeezeth' on page 110 undefined on input line 1569.

<./TrigonometricEquationsandInequalitiesGraphics/Sinusoid06.jpg, id=2005, 1104.
125pt x 1129.21875pt>
File: ./TrigonometricEquationsandInequalitiesGraphics/Sinusoid06.jpg Graphic fi
le (type jpg)
<use ./TrigonometricEquationsandInequalitiesGraphics/Sinusoid06.jpg>
Package pdftex.def Info: ./TrigonometricEquationsandInequalitiesGraphics/Sinuso
id06.jpg  used on input line 1575.
(pdftex.def)             Requested size: 176.64676pt x 180.67499pt.
[110 <./TrigonometricEquationsandInequalitiesGraphics/Sinusoid06.jpg>]
<./TrigonometricEquationsandInequalitiesGraphics/Sinusoid08.jpg, id=2017, 1162.
3425pt x 1208.515pt>
File: ./TrigonometricEquationsandInequalitiesGraphics/Sinusoid08.jpg Graphic fi
le (type jpg)
<use ./TrigonometricEquationsandInequalitiesGraphics/Sinusoid08.jpg>
Package pdftex.def Info: ./TrigonometricEquationsandInequalitiesGraphics/Sinuso
id08.jpg  used on input line 1593.
(pdftex.def)             Requested size: 173.75856pt x 180.67499pt.
 [111 <./TrigonometricEquationsandInequalitiesGraphics/Sinusoid08.jpg>]
<./TrigonometricEquationsandInequalitiesGraphics/Sinusoid10.jpg, id=2034, 1118.
1775pt x 1060.96375pt>
File: ./TrigonometricEquationsandInequalitiesGraphics/Sinusoid10.jpg Graphic fi
le (type jpg)
<use ./TrigonometricEquationsandInequalitiesGraphics/Sinusoid10.jpg>
Package pdftex.def Info: ./TrigonometricEquationsandInequalitiesGraphics/Sinuso
id10.jpg  used on input line 1624.
(pdftex.def)             Requested size: 190.41183pt x 180.67499pt.


LaTeX Warning: Reference `AppDerivatives' on page 112 undefined on input line 1
640.

[112 <./TrigonometricEquationsandInequalitiesGraphics/Sinusoid10.jpg>]
File: TrigonometricEquationsandInequalities.13 Graphic file (type mps)

[MP to PDF] (./TrigonometricEquationsandInequalities.13)
File: TrigonometricEquationsandInequalities.14 Graphic file (type mps)
 [MP to PDF]
(./TrigonometricEquationsandInequalities.14)

LaTeX Warning: Reference `firstderivatvetest' on page 113 undefined on input li
ne 1734.

<./TrigonometricEquationsandInequalitiesGraphics/IncDecSine.png, id=2044, 711.6
5875pt x 464.73625pt>
File: ./TrigonometricEquationsandInequalitiesGraphics/IncDecSine.png Graphic fi
le (type png)
<use ./TrigonometricEquationsandInequalitiesGraphics/IncDecSine.png>
Package pdftex.def Info: ./TrigonometricEquationsandInequalitiesGraphics/IncDec
Sine.png  used on input line 1738.
(pdftex.def)             Requested size: 289.07999pt x 188.77736pt.
[113 <./TrigonometricEquationsandInequalitiesGraphics/IncDecSine.png>]
File: TrigonometricEquationsandInequalities.15 Graphic file (type mps)

[MP to PDF] (./TrigonometricEquationsandInequalities.15)
LaTeX Font Info:    Font shape `OT1/phv/m/n' will be
(Font)              scaled to size 15.89755pt on input line 1798.
LaTeX Font Info:    Font shape `OT1/phv/m/sl' will be
(Font)              scaled to size 22.88956pt on input line 1798.
LaTeX Font Info:    Font shape `OT1/phv/m/sl' will be
(Font)              scaled to size 19.08076pt on input line 1798.
LaTeX Font Info:    Font shape `OT1/phv/m/sl' will be
(Font)              scaled to size 15.89755pt on input line 1798.
File: TrigonometricEquationsandInequalities.16 Graphic file (type mps)
 [MP to PDF]
(./TrigonometricEquationsandInequalities.16)
<./TrigonometricEquationsandInequalitiesGraphics/IPExample.png, id=2055, 814.04
124pt x 514.92375pt>
File: ./TrigonometricEquationsandInequalitiesGraphics/IPExample.png Graphic fil
e (type png)
<use ./TrigonometricEquationsandInequalitiesGraphics/IPExample.png>
Package pdftex.def Info: ./TrigonometricEquationsandInequalitiesGraphics/IPExam
ple.png  used on input line 1821.
(pdftex.def)             Requested size: 289.07999pt x 182.85814pt.


LaTeX Warning: Reference `IPexamplecosine' on page 114 undefined on input line 
1827.


LaTeX Warning: Reference `IPexamplecosineincdec' on page 114 undefined on input
 line 1827.

[114 <./TrigonometricEquationsandInequalitiesGraphics/IPExample.png>]
(./ExercisesforTrigonometricEquationsandInequalities.tex [115] [116]

LaTeX Warning: Reference `extendedinterval' on page 117 undefined on input line
 634.

[117]

LaTeX Warning: Reference `IPexamplecosine' on page 118 undefined on input line 
722.


LaTeX Warning: Reference `squeezeth' on page 118 undefined on input line 726.

[118] [119] [120] [121] [122])) [123]) (./CompilerAnalyticalTrigonometry.aux
(./AnalyticalTrigonometry.aux))
 ***********
LaTeX2e <2023-11-01> patch level 1
L3 programming layer <2024-02-20>
 ***********


LaTeX Warning: There were undefined references.


LaTeX Warning: Label(s) may have changed. Rerun to get cross-references right.

Package rerunfilecheck Info: File `CompilerAnalyticalTrigonometry.out' has not 
changed.
(rerunfilecheck)             Checksum: A7BE4A898C7A6FC056B57CC4D6AE2E6E;3648.
 ) 
Here is how much of TeX's memory you used:
 16365 strings out of 474116
 260684 string characters out of 5743682
 1975187 words of memory out of 5000000
 36743 multiletter control sequences out of 15000+600000
 626004 words of font info for 165 fonts, out of 8000000 for 9000
 1141 hyphenation exceptions out of 8191
 75i,21n,79p,1024b,1420s stack positions out of 10000i,1000n,20000p,200000b,200000s
</usr/local/texlive/2024/texmf-dist/fonts/type1/public/amsfonts/cm/cmbsy10.pf
b></usr/local/texlive/2024/texmf-dist/fonts/type1/public/amsfonts/cmextra/cmbsy
8.pfb></usr/local/texlive/2024/texmf-dist/fonts/type1/public/amsfonts/cm/cmex10
.pfb></usr/local/texlive/2024/texmf-dist/fonts/type1/public/amsfonts/cmextra/cm
ex8.pfb></usr/local/texlive/2024/texmf-dist/fonts/type1/public/amsfonts/cm/cmmi
10.pfb></usr/local/texlive/2024/texmf-dist/fonts/type1/public/amsfonts/cm/cmmi1
2.pfb></usr/local/texlive/2024/texmf-dist/fonts/type1/public/amsfonts/cm/cmmi6.
pfb></usr/local/texlive/2024/texmf-dist/fonts/type1/public/amsfonts/cm/cmmi7.pf
b></usr/local/texlive/2024/texmf-dist/fonts/type1/public/amsfonts/cm/cmmi8.pfb>
</usr/local/texlive/2024/texmf-dist/fonts/type1/public/amsfonts/cm/cmmi9.pfb></
usr/local/texlive/2024/texmf-dist/fonts/type1/public/amsfonts/cm/cmmib10.pfb></
usr/local/texlive/2024/texmf-dist/fonts/type1/public/amsfonts/cmextra/cmmib8.pf
b></usr/local/texlive/2024/texmf-dist/fonts/type1/public/amsfonts/cm/cmr10.pfb>
</usr/local/texlive/2024/texmf-dist/fonts/type1/public/amsfonts/cm/cmsy10.pfb><
/usr/local/texlive/2024/texmf-dist/fonts/type1/public/amsfonts/cm/cmsy6.pfb></u
sr/local/texlive/2024/texmf-dist/fonts/type1/public/amsfonts/cm/cmsy8.pfb></usr
/local/texlive/2024/texmf-dist/fonts/type1/public/amsfonts/cm/cmsy9.pfb></usr/l
ocal/texlive/2024/texmf-dist/fonts/type1/public/amsfonts/latxfont/line10.pfb></
usr/local/texlive/2024/texmf-dist/fonts/type1/public/amsfonts/symbols/msam10.pf
b></usr/local/texlive/2024/texmf-dist/fonts/type1/urw/helvetic/uhvb8a.pfb></usr
/local/texlive/2024/texmf-dist/fonts/type1/urw/helvetic/uhvbo8a.pfb></usr/local
/texlive/2024/texmf-dist/fonts/type1/urw/helvetic/uhvr8a.pfb></usr/local/texliv
e/2024/texmf-dist/fonts/type1/urw/helvetic/uhvro8a.pfb>
Output written on CompilerAnalyticalTrigonometry.pdf (123 pages, 8809584 bytes)
.
PDF statistics:
 2767 PDF objects out of 2984 (max. 8388607)
 2535 compressed objects within 26 object streams
 1513 named destinations out of 1728 (max. 500000)
 318 words of extra memory for PDF output out of 10000 (max. 10000000)

