This is pdfTeX, Version 3.141592653-2.6-1.40.26 (TeX Live 2024) (preloaded format=pdflatex 2025.1.31)  14 JUL 2025 09:02
entering extended mode
 restricted \write18 enabled.
 file:line:error style messages enabled.
 %&-line parsing enabled.
**CompilerPolynomialFunctions.tex
(./CompilerPolynomialFunctions.tex
LaTeX2e <2023-11-01> patch level 1
L3 programming layer <2024-02-20>
(/usr/local/texlive/2024/texmf-dist/tex/latex/base/book.cls
Document Class: book 2023/05/17 v1.4n Standard LaTeX document class
(/usr/local/texlive/2024/texmf-dist/tex/latex/base/bk11.clo
File: bk11.clo 2023/05/17 v1.4n Standard LaTeX file (size option)
)
\c@part=\count188
\c@chapter=\count189
\c@section=\count190
\c@subsection=\count191
\c@subsubsection=\count192
\c@paragraph=\count193
\c@subparagraph=\count194
\c@figure=\count195
\c@table=\count196
\abovecaptionskip=\skip48
\belowcaptionskip=\skip49
\bibindent=\dimen140
)
(/usr/local/texlive/2024/texmf-dist/tex/latex/amsfonts/amssymb.sty
Package: amssymb 2013/01/14 v3.01 AMS font symbols

(/usr/local/texlive/2024/texmf-dist/tex/latex/amsfonts/amsfonts.sty
Package: amsfonts 2013/01/14 v3.01 Basic AMSFonts support
\@emptytoks=\toks17
\symAMSa=\mathgroup4
\symAMSb=\mathgroup5
LaTeX Font Info:    Redeclaring math symbol \hbar on input line 98.
LaTeX Font Info:    Overwriting math alphabet `\mathfrak' in version `bold'
(Font)                  U/euf/m/n --> U/euf/b/n on input line 106.
))
(/usr/local/texlive/2024/texmf-dist/tex/latex/amsmath/amsmath.sty
Package: amsmath 2023/05/13 v2.17o AMS math features
\@mathmargin=\skip50

For additional information on amsmath, use the `?' option.
(/usr/local/texlive/2024/texmf-dist/tex/latex/amsmath/amstext.sty
Package: amstext 2021/08/26 v2.01 AMS text

(/usr/local/texlive/2024/texmf-dist/tex/latex/amsmath/amsgen.sty
File: amsgen.sty 1999/11/30 v2.0 generic functions
\@emptytoks=\toks18
\ex@=\dimen141
))
(/usr/local/texlive/2024/texmf-dist/tex/latex/amsmath/amsbsy.sty
Package: amsbsy 1999/11/29 v1.2d Bold Symbols
\pmbraise@=\dimen142
)
(/usr/local/texlive/2024/texmf-dist/tex/latex/amsmath/amsopn.sty
Package: amsopn 2022/04/08 v2.04 operator names
)
\inf@bad=\count197
LaTeX Info: Redefining \frac on input line 234.
\uproot@=\count198
\leftroot@=\count199
LaTeX Info: Redefining \overline on input line 399.
LaTeX Info: Redefining \colon on input line 410.
\classnum@=\count266
\DOTSCASE@=\count267
LaTeX Info: Redefining \ldots on input line 496.
LaTeX Info: Redefining \dots on input line 499.
LaTeX Info: Redefining \cdots on input line 620.
\Mathstrutbox@=\box51
\strutbox@=\box52
LaTeX Info: Redefining \big on input line 722.
LaTeX Info: Redefining \Big on input line 723.
LaTeX Info: Redefining \bigg on input line 724.
LaTeX Info: Redefining \Bigg on input line 725.
\big@size=\dimen143
LaTeX Font Info:    Redeclaring font encoding OML on input line 743.
LaTeX Font Info:    Redeclaring font encoding OMS on input line 744.
\macc@depth=\count268
LaTeX Info: Redefining \bmod on input line 905.
LaTeX Info: Redefining \pmod on input line 910.
LaTeX Info: Redefining \smash on input line 940.
LaTeX Info: Redefining \relbar on input line 970.
LaTeX Info: Redefining \Relbar on input line 971.
\c@MaxMatrixCols=\count269
\dotsspace@=\muskip16
\c@parentequation=\count270
\dspbrk@lvl=\count271
\tag@help=\toks19
\row@=\count272
\column@=\count273
\maxfields@=\count274
\andhelp@=\toks20
\eqnshift@=\dimen144
\alignsep@=\dimen145
\tagshift@=\dimen146
\tagwidth@=\dimen147
\totwidth@=\dimen148
\lineht@=\dimen149
\@envbody=\toks21
\multlinegap=\skip51
\multlinetaggap=\skip52
\mathdisplay@stack=\toks22
LaTeX Info: Redefining \[ on input line 2953.
LaTeX Info: Redefining \] on input line 2954.
)
(/usr/local/texlive/2024/texmf-dist/tex/latex/amscls/amsthm.sty
Package: amsthm 2020/05/29 v2.20.6
\thm@style=\toks23
\thm@bodyfont=\toks24
\thm@headfont=\toks25
\thm@notefont=\toks26
\thm@headpunct=\toks27
\thm@preskip=\skip53
\thm@postskip=\skip54
\thm@headsep=\skip55
\dth@everypar=\toks28
)
(/usr/local/texlive/2024/texmf-dist/tex/latex/fancyhdr/fancyhdr.sty
Package: fancyhdr 2022/11/09 v4.1 Extensive control of page headers and footers

\f@nch@headwidth=\skip56
\f@nch@O@elh=\skip57
\f@nch@O@erh=\skip58
\f@nch@O@olh=\skip59
\f@nch@O@orh=\skip60
\f@nch@O@elf=\skip61
\f@nch@O@erf=\skip62
\f@nch@O@olf=\skip63
\f@nch@O@orf=\skip64
)
(/usr/local/texlive/2024/texmf-dist/tex/latex/supertabular/supertabular.sty
Package: supertabular 2020/02/02 v4.1g the supertabular environment
\c@tracingst=\count275
\ST@wd=\dimen150
\ST@rightskip=\skip65
\ST@leftskip=\skip66
\ST@parfillskip=\skip67
\ST@pageleft=\dimen151
\ST@headht=\dimen152
\ST@tailht=\dimen153
\ST@pagesofar=\dimen154
\ST@pboxht=\dimen155
\ST@lineht=\dimen156
\ST@prevht=\dimen157
\ST@toadd=\dimen158
\ST@dimen=\dimen159
\ST@pbox=\box53
)
(/usr/local/texlive/2024/texmf-dist/tex/latex/tools/longtable.sty
Package: longtable 2023-11-01 v4.19 Multi-page Table package (DPC)
\LTleft=\skip68
\LTright=\skip69
\LTpre=\skip70
\LTpost=\skip71
\LTchunksize=\count276
\LTcapwidth=\dimen160
\LT@head=\box54
\LT@firsthead=\box55
\LT@foot=\box56
\LT@lastfoot=\box57
\LT@gbox=\box58
\LT@cols=\count277
\LT@rows=\count278
\c@LT@tables=\count279
\c@LT@chunks=\count280
\LT@p@ftn=\toks29
)
(/usr/local/texlive/2024/texmf-dist/tex/latex/tools/hhline.sty
Package: hhline 2020/01/04 v2.04 Table rule package (DPC)
)
(/usr/local/texlive/2024/texmf-dist/tex/latex/mathtools/mathtools.sty
Package: mathtools 2024/03/11 v1.30 mathematical typesetting tools

(/usr/local/texlive/2024/texmf-dist/tex/latex/graphics/keyval.sty
Package: keyval 2022/05/29 v1.15 key=value parser (DPC)
\KV@toks@=\toks30
)
(/usr/local/texlive/2024/texmf-dist/tex/latex/tools/calc.sty
Package: calc 2023/07/08 v4.3 Infix arithmetic (KKT,FJ)
\calc@Acount=\count281
\calc@Bcount=\count282
\calc@Adimen=\dimen161
\calc@Bdimen=\dimen162
\calc@Askip=\skip72
\calc@Bskip=\skip73
LaTeX Info: Redefining \setlength on input line 80.
LaTeX Info: Redefining \addtolength on input line 81.
\calc@Ccount=\count283
\calc@Cskip=\skip74
)
(/usr/local/texlive/2024/texmf-dist/tex/latex/mathtools/mhsetup.sty
Package: mhsetup 2021/03/18 v1.4 programming setup (MH)
)
\g_MT_multlinerow_int=\count284
\l_MT_multwidth_dim=\dimen163
\origjot=\skip75
\l_MT_shortvdotswithinadjustabove_dim=\dimen164
\l_MT_shortvdotswithinadjustbelow_dim=\dimen165
\l_MT_above_intertext_sep=\dimen166
\l_MT_below_intertext_sep=\dimen167
\l_MT_above_shortintertext_sep=\dimen168
\l_MT_below_shortintertext_sep=\dimen169
\xmathstrut@box=\box59
\xmathstrut@dim=\dimen170
)
(/usr/local/texlive/2024/texmf-dist/tex/latex/colortbl/colortbl.sty
Package: colortbl 2024/02/20 v1.0g Color table columns (DPC)

(/usr/local/texlive/2024/texmf-dist/tex/latex/tools/array.sty
Package: array 2023/10/16 v2.5g Tabular extension package (FMi)
\col@sep=\dimen171
\ar@mcellbox=\box60
\extrarowheight=\dimen172
\NC@list=\toks31
\extratabsurround=\skip76
\backup@length=\skip77
\ar@cellbox=\box61
)
(/usr/local/texlive/2024/texmf-dist/tex/latex/graphics/color.sty
Package: color 2022/01/06 v1.3d Standard LaTeX Color (DPC)

(/usr/local/texlive/2024/texmf-dist/tex/latex/graphics-cfg/color.cfg
File: color.cfg 2016/01/02 v1.6 sample color configuration
)
Package color Info: Driver file: pdftex.def on input line 149.

(/usr/local/texlive/2024/texmf-dist/tex/latex/graphics-def/pdftex.def
File: pdftex.def 2022/09/22 v1.2b Graphics/color driver for pdftex
)
(/usr/local/texlive/2024/texmf-dist/tex/latex/graphics/mathcolor.ltx))
\everycr=\toks32
\minrowclearance=\skip78
\rownum=\count285
)
(/usr/local/texlive/2024/texmf-dist/tex/latex/import/import.sty
Package: import 2020/04/01  v 6.2
)
(/usr/local/texlive/2024/texmf-dist/tex/latex/tools/multicol.sty
Package: multicol 2023/03/30 v1.9f multicolumn formatting (FMi)
\c@tracingmulticols=\count286
\mult@box=\box62
\multicol@leftmargin=\dimen173
\c@unbalance=\count287
\c@collectmore=\count288
\doublecol@number=\count289
\multicoltolerance=\count290
\multicolpretolerance=\count291
\full@width=\dimen174
\page@free=\dimen175
\premulticols=\dimen176
\postmulticols=\dimen177
\multicolsep=\skip79
\multicolbaselineskip=\skip80
\partial@page=\box63
\last@line=\box64
\mc@boxedresult=\box65
\maxbalancingoverflow=\dimen178
\mult@rightbox=\box66
\mult@grightbox=\box67
\mult@firstbox=\box68
\mult@gfirstbox=\box69
\@tempa=\box70
\@tempa=\box71
\@tempa=\box72
\@tempa=\box73
\@tempa=\box74
\@tempa=\box75
\@tempa=\box76
\@tempa=\box77
\@tempa=\box78
\@tempa=\box79
\@tempa=\box80
\@tempa=\box81
\@tempa=\box82
\@tempa=\box83
\@tempa=\box84
\@tempa=\box85
\@tempa=\box86
\@tempa=\box87
\@tempa=\box88
\@tempa=\box89
\@tempa=\box90
\@tempa=\box91
\@tempa=\box92
\@tempa=\box93
\@tempa=\box94
\@tempa=\box95
\@tempa=\box96
\@tempa=\box97
\@tempa=\box98
\@tempa=\box99
\@tempa=\box100
\@tempa=\box101
\@tempa=\box102
\@tempa=\box103
\@tempa=\box104
\@tempa=\box105
\c@minrows=\count292
\c@columnbadness=\count293
\c@finalcolumnbadness=\count294
\last@try=\dimen179
\multicolovershoot=\dimen180
\multicolundershoot=\dimen181
\mult@nat@firstbox=\box106
\colbreak@box=\box107
\mc@col@check@num=\count295
)
(/usr/local/texlive/2024/texmf-dist/tex/latex/boxedminipage/boxedminipage.sty
Package: boxedminipage 2020/04/19 v1.1 Boxed LaTeX2e minipages
\bmp@box=\box108
\bmp@width=\skip81
\bmp@height=\skip82
)
(/usr/local/texlive/2024/texmf-dist/tex/latex/chapterfolder/chapterfolder.sty
Package: chapterfolder 2005/11/24 v2.0 Package for dealing with folder

(/usr/local/texlive/2024/texmf-dist/tex/latex/base/ifthen.sty
Package: ifthen 2022/04/13 v1.1d Standard LaTeX ifthen package (DPC)
)
\c@@cf@currentpos=\count296
)
(/usr/local/texlive/2024/texmf-dist/tex/generic/mfpic/mfpic.sty
Package: mfpic 2012/12/03 v1.10. Macros for drawing with Metafont/MetaPost.

(/usr/local/texlive/2024/texmf-dist/tex/generic/mfpic/mfpic.tex
(/usr/local/texlive/2024/texmf-dist/tex/latex/graphics/graphics.sty
Package: graphics 2022/03/10 v1.4e Standard LaTeX Graphics (DPC,SPQR)

(/usr/local/texlive/2024/texmf-dist/tex/latex/graphics/trig.sty
Package: trig 2021/08/11 v1.11 sin cos tan (DPC)
)
(/usr/local/texlive/2024/texmf-dist/tex/latex/graphics-cfg/graphics.cfg
File: graphics.cfg 2016/06/04 v1.11 sample graphics configuration
)
Package graphics Info: Driver file: pdftex.def on input line 107.
)
\mfp@out=\write3
\mfp@graph=\read2
\mfp@count=\count297
\mfp@linetype=\count298
\mfp@sequence=\count299
\mfp@toks=\toks33
\mfp@verbtex=\toks34
\mfp@fdc=\count300
\@wholegraph=\box109
\@textbox=\box110
\@alltlabels=\box111
\@backtext=\box112
\@tlabelstop=\fontdimen 23\mfp@dummy 
\@tlabelsbot=\fontdimen 24\mfp@dummy 
\@tlabelsleft=\fontdimen 25\mfp@dummy 
\@graphright=\fontdimen 26\mfp@dummy 
\@graphleft=\fontdimen 27\mfp@dummy 
\@graphtop=\fontdimen 28\mfp@dummy 
\@graphbot=\fontdimen 29\mfp@dummy 
\tb@raise=\fontdimen 30\mfp@dummy 
\tb@moveright=\fontdimen 31\mfp@dummy 
\tb@totalht=\fontdimen 32\mfp@dummy 
\tlabel@hadj=\fontdimen 33\mfp@dummy 
\tlabel@vadj=\fontdimen 34\mfp@dummy 
\tlabel@sep=\fontdimen 35\mfp@dummy 
\tlpath@sep=\fontdimen 36\mfp@dummy 
\mfpicunit=\fontdimen 37\mfp@dummy 
\@mfpicunit=\fontdimen 38\mfp@dummy 
\pointsize=\fontdimen 39\mfp@dummy 
\shadespace=\fontdimen 40\mfp@dummy 
\polkadotspace=\fontdimen 41\mfp@dummy 
\hatchspace=\fontdimen 42\mfp@dummy 
\headlen=\fontdimen 43\mfp@dummy 
\axisheadlen=\fontdimen 44\mfp@dummy 
\sideheadlen=\fontdimen 45\mfp@dummy 
\hashlen=\fontdimen 46\mfp@dummy 
\dashlen=\fontdimen 47\mfp@dummy 
\dashspace=\fontdimen 48\mfp@dummy 
\dotsize=\fontdimen 49\mfp@dummy 
\griddotsize=\fontdimen 50\mfp@dummy 
\dotspace=\fontdimen 51\mfp@dummy 
\symbolspace=\fontdimen 52\mfp@dummy 
\mfp@scratch=\dimen182
\mfpframesep=\dimen183
\mfpframethickness=\dimen184
\mfpicheight=\dimen185
\mfpicwidth=\dimen186
\mfpiccaptionskip=\skip83
\tl@vpos=\count301
\tl@hpos=\count302
\mfp@commentchar=\count303
))
(/usr/local/texlive/2024/texmf-dist/tex/latex/graphics/graphicx.sty
Package: graphicx 2021/09/16 v1.2d Enhanced LaTeX Graphics (DPC,SPQR)
\Gin@req@height=\dimen187
\Gin@req@width=\dimen188
)
(/usr/local/texlive/2024/texmf-dist/tex/latex/base/makeidx.sty
Package: makeidx 2021/10/04 v1.0m Standard LaTeX package
)
(/usr/local/texlive/2024/texmf-dist/tex/latex/hyperref/hyperref.sty
Package: hyperref 2024-01-20 v7.01h Hypertext links for LaTeX

(/usr/local/texlive/2024/texmf-dist/tex/generic/iftex/iftex.sty
Package: iftex 2022/02/03 v1.0f TeX engine tests
)
(/usr/local/texlive/2024/texmf-dist/tex/latex/kvsetkeys/kvsetkeys.sty
Package: kvsetkeys 2022-10-05 v1.19 Key value parser (HO)
)
(/usr/local/texlive/2024/texmf-dist/tex/generic/kvdefinekeys/kvdefinekeys.sty
Package: kvdefinekeys 2019-12-19 v1.6 Define keys (HO)
)
(/usr/local/texlive/2024/texmf-dist/tex/generic/pdfescape/pdfescape.sty
Package: pdfescape 2019/12/09 v1.15 Implements pdfTeX's escape features (HO)

(/usr/local/texlive/2024/texmf-dist/tex/generic/ltxcmds/ltxcmds.sty
Package: ltxcmds 2023-12-04 v1.26 LaTeX kernel commands for general use (HO)
)
(/usr/local/texlive/2024/texmf-dist/tex/generic/pdftexcmds/pdftexcmds.sty
Package: pdftexcmds 2020-06-27 v0.33 Utility functions of pdfTeX for LuaTeX (HO
)

(/usr/local/texlive/2024/texmf-dist/tex/generic/infwarerr/infwarerr.sty
Package: infwarerr 2019/12/03 v1.5 Providing info/warning/error messages (HO)
)
Package pdftexcmds Info: \pdf@primitive is available.
Package pdftexcmds Info: \pdf@ifprimitive is available.
Package pdftexcmds Info: \pdfdraftmode found.
))
(/usr/local/texlive/2024/texmf-dist/tex/latex/hycolor/hycolor.sty
Package: hycolor 2020-01-27 v1.10 Color options for hyperref/bookmark (HO)
)
(/usr/local/texlive/2024/texmf-dist/tex/latex/auxhook/auxhook.sty
Package: auxhook 2019-12-17 v1.6 Hooks for auxiliary files (HO)
)
(/usr/local/texlive/2024/texmf-dist/tex/latex/hyperref/nameref.sty
Package: nameref 2023-11-26 v2.56 Cross-referencing by name of section

(/usr/local/texlive/2024/texmf-dist/tex/latex/refcount/refcount.sty
Package: refcount 2019/12/15 v3.6 Data extraction from label references (HO)
)
(/usr/local/texlive/2024/texmf-dist/tex/generic/gettitlestring/gettitlestring.s
ty
Package: gettitlestring 2019/12/15 v1.6 Cleanup title references (HO)
 (/usr/local/texlive/2024/texmf-dist/tex/latex/kvoptions/kvoptions.sty
Package: kvoptions 2022-06-15 v3.15 Key value format for package options (HO)
))
\c@section@level=\count304
)
(/usr/local/texlive/2024/texmf-dist/tex/latex/etoolbox/etoolbox.sty
Package: etoolbox 2020/10/05 v2.5k e-TeX tools for LaTeX (JAW)
\etb@tempcnta=\count305
)
\@linkdim=\dimen189
\Hy@linkcounter=\count306
\Hy@pagecounter=\count307

(/usr/local/texlive/2024/texmf-dist/tex/latex/hyperref/pd1enc.def
File: pd1enc.def 2024-01-20 v7.01h Hyperref: PDFDocEncoding definition (HO)
Now handling font encoding PD1 ...
... no UTF-8 mapping file for font encoding PD1
)
(/usr/local/texlive/2024/texmf-dist/tex/generic/intcalc/intcalc.sty
Package: intcalc 2019/12/15 v1.3 Expandable calculations with integers (HO)
)
\Hy@SavedSpaceFactor=\count308

(/usr/local/texlive/2024/texmf-dist/tex/latex/hyperref/puenc.def
File: puenc.def 2024-01-20 v7.01h Hyperref: PDF Unicode definition (HO)
Now handling font encoding PU ...
... no UTF-8 mapping file for font encoding PU
)
Package hyperref Info: Option `colorlinks' set `true' on input line 4062.
Package hyperref Info: Option `hyperindex' set `true' on input line 4062.
Package hyperref Info: Option `plainpages' set `false' on input line 4062.
Package hyperref Info: Option `pdfpagelabels' set `true' on input line 4062.
Package hyperref Info: Hyper figures OFF on input line 4179.
Package hyperref Info: Link nesting OFF on input line 4184.
Package hyperref Info: Hyper index ON on input line 4187.
Package hyperref Info: Plain pages OFF on input line 4194.
Package hyperref Info: Backreferencing OFF on input line 4199.
Package hyperref Info: Implicit mode ON; LaTeX internals redefined.
Package hyperref Info: Bookmarks ON on input line 4446.
\c@Hy@tempcnt=\count309

(/usr/local/texlive/2024/texmf-dist/tex/latex/url/url.sty
\Urlmuskip=\muskip17
Package: url 2013/09/16  ver 3.4  Verb mode for urls, etc.
)
LaTeX Info: Redefining \url on input line 4784.
\XeTeXLinkMargin=\dimen190

(/usr/local/texlive/2024/texmf-dist/tex/generic/bitset/bitset.sty
Package: bitset 2019/12/09 v1.3 Handle bit-vector datatype (HO)

(/usr/local/texlive/2024/texmf-dist/tex/generic/bigintcalc/bigintcalc.sty
Package: bigintcalc 2019/12/15 v1.5 Expandable calculations on big integers (HO
)
))
\Fld@menulength=\count310
\Field@Width=\dimen191
\Fld@charsize=\dimen192
Package hyperref Info: Hyper figures OFF on input line 6063.
Package hyperref Info: Link nesting OFF on input line 6068.
Package hyperref Info: Hyper index ON on input line 6071.
Package hyperref Info: backreferencing OFF on input line 6078.
Package hyperref Info: Link coloring ON on input line 6081.
Package hyperref Info: Link coloring with OCG OFF on input line 6088.
Package hyperref Info: PDF/A mode OFF on input line 6093.

(/usr/local/texlive/2024/texmf-dist/tex/latex/base/atbegshi-ltx.sty
Package: atbegshi-ltx 2021/01/10 v1.0c Emulation of the original atbegshi
package with kernel methods
)
\Hy@abspage=\count311
\c@Item=\count312
\c@Hfootnote=\count313
)
Package hyperref Info: Driver (autodetected): hpdftex.

(/usr/local/texlive/2024/texmf-dist/tex/latex/hyperref/hpdftex.def
File: hpdftex.def 2024-01-20 v7.01h Hyperref driver for pdfTeX

(/usr/local/texlive/2024/texmf-dist/tex/latex/base/atveryend-ltx.sty
Package: atveryend-ltx 2020/08/19 v1.0a Emulation of the original atveryend pac
kage
with kernel methods
)
\Fld@listcount=\count314
\c@bookmark@seq@number=\count315

(/usr/local/texlive/2024/texmf-dist/tex/latex/rerunfilecheck/rerunfilecheck.sty
Package: rerunfilecheck 2022-07-10 v1.10 Rerun checks for auxiliary files (HO)

(/usr/local/texlive/2024/texmf-dist/tex/generic/uniquecounter/uniquecounter.sty
Package: uniquecounter 2019/12/15 v1.4 Provide unlimited unique counter (HO)
)
Package uniquecounter Info: New unique counter `rerunfilecheck' on input line 2
85.
)
\Hy@SectionHShift=\skip84
) (/usr/local/texlive/2024/texmf-dist/tex/latex/oberdiek/hypcap.sty
Package: hypcap 2016/05/16 v1.12 Adjusting the anchors of captions (HO)

(/usr/local/texlive/2024/texmf-dist/tex/latex/letltxmacro/letltxmacro.sty
Package: letltxmacro 2019/12/03 v1.6 Let assignment for LaTeX macros (HO)
))
(/usr/local/texlive/2024/texmf-dist/tex/latex/cancel/cancel.sty
Package: cancel 2013/04/12 v2.2 Cancel math terms
)
(/usr/local/texlive/2024/texmf-dist/tex/latex/sectsty/sectsty.sty
Package: sectsty 2002/02/25 v2.0.2 Commands to change all sectional heading sty
les


LaTeX Warning: Command \underbar  has changed.
               Check if current package is valid.


LaTeX Warning: Command \underline  has changed.
               Check if current package is valid.

) (/usr/local/texlive/2024/texmf-dist/tex/latex/base/textcomp.sty
Package: textcomp 2020/02/02 v2.0n Standard LaTeX package
)
\c@defn=\count316
\c@thm=\count317
\c@eqn=\count318
\c@ex=\count319
\c@fig=\count320

(/usr/local/texlive/2024/texmf-dist/tex/latex/psnfss/helvet.sty
Package: helvet 2020/03/25 PSNFSS-v9.3 (WaS) 
)
(/usr/local/texlive/2024/texmf-dist/tex/latex/sfmath/sfmath.sty
Package: sfmath 2007/08/27 v0.8 sans serif maths
LaTeX Font Info:    Overwriting symbol font `operators' in version `normal'
(Font)                  OT1/cmr/m/n --> OT1/phv/m/n on input line 329.
LaTeX Font Info:    Overwriting symbol font `operators' in version `bold'
(Font)                  OT1/cmr/bx/n --> OT1/phv/bx/n on input line 330.
\symSFMath=\mathgroup6
LaTeX Font Info:    Overwriting symbol font `SFMath' in version `normal'
(Font)                  OT1/phv/m/sl --> OT1/phv/m/sl on input line 343.
LaTeX Font Info:    Overwriting symbol font `SFMath' in version `bold'
(Font)                  OT1/phv/m/sl --> OT1/phv/bx/sl on input line 344.
LaTeX Font Info:    Redeclaring math symbol \imath on input line 398.
LaTeX Font Info:    Redeclaring math symbol \jmath on input line 399.
\symSFMathUp=\mathgroup7
LaTeX Font Info:    Overwriting symbol font `SFMathUp' in version `normal'
(Font)                  OT1/phv/m/n --> OT1/phv/m/n on input line 406.
LaTeX Font Info:    Overwriting symbol font `SFMathUp' in version `bold'
(Font)                  OT1/phv/m/n --> OT1/phv/bx/n on input line 407.
LaTeX Font Info:    Redeclaring math symbol \ldotp on input line 410.
\symSFMathGreek=\mathgroup8
LaTeX Font Info:    Overwriting symbol font `SFMathGreek' in version `normal'
(Font)                  OT1/cmss/m/n --> OT1/cmss/m/n on input line 419.
LaTeX Font Info:    Overwriting symbol font `SFMathGreek' in version `bold'
(Font)                  OT1/cmss/m/n --> OT1/cmss/bx/n on input line 420.
LaTeX Font Info:    Redeclaring math symbol \Gamma on input line 422.
LaTeX Font Info:    Redeclaring math symbol \Delta on input line 423.
LaTeX Font Info:    Redeclaring math symbol \Theta on input line 424.
LaTeX Font Info:    Redeclaring math symbol \Lambda on input line 425.
LaTeX Font Info:    Redeclaring math symbol \Xi on input line 426.
LaTeX Font Info:    Redeclaring math symbol \Pi on input line 427.
LaTeX Font Info:    Redeclaring math symbol \Sigma on input line 428.
LaTeX Font Info:    Redeclaring math symbol \Upsilon on input line 429.
LaTeX Font Info:    Redeclaring math symbol \Phi on input line 430.
LaTeX Font Info:    Redeclaring math symbol \Psi on input line 431.
LaTeX Font Info:    Redeclaring math symbol \Omega on input line 432.
\symSFMathUpGreek=\mathgroup9
LaTeX Font Info:    Overwriting symbol font `SFMathUpGreek' in version `normal'

(Font)                  OT1/cmss/m/n --> OT1/cmss/m/n on input line 436.
LaTeX Font Info:    Overwriting symbol font `SFMathUpGreek' in version `bold'
(Font)                  OT1/cmss/m/n --> OT1/cmss/bx/n on input line 437.
LaTeX Font Info:    Overwriting math alphabet `\mathnormal' in version `normal'

(Font)                  OML/cmm/m/it --> OT1/phv/m/sl on input line 446.
LaTeX Font Info:    Overwriting math alphabet `\mathnormal' in version `bold'
(Font)                  OML/cmm/b/it --> OT1/phv/bx/sl on input line 447.
LaTeX Font Info:    Overwriting math alphabet `\mathrm' in version `normal'
(Font)                  OT1/phv/m/n --> OT1/phv/m/n on input line 449.
LaTeX Font Info:    Overwriting math alphabet `\mathrm' in version `bold'
(Font)                  OT1/phv/bx/n --> OT1/phv/bx/n on input line 450.
LaTeX Font Info:    Overwriting math alphabet `\mathbf' in version `normal'
(Font)                  OT1/cmr/bx/n --> OT1/phv/bx/n on input line 452.
LaTeX Font Info:    Overwriting math alphabet `\mathbf' in version `bold'
(Font)                  OT1/cmr/bx/n --> OT1/phv/bx/n on input line 453.
LaTeX Font Info:    Overwriting math alphabet `\mathit' in version `normal'
(Font)                  OT1/cmr/m/it --> OT1/phv/m/sl on input line 455.
LaTeX Font Info:    Overwriting math alphabet `\mathit' in version `bold'
(Font)                  OT1/cmr/bx/it --> OT1/phv/bx/sl on input line 456.
LaTeX Font Info:    Overwriting math alphabet `\mathsf' in version `normal'
(Font)                  OT1/cmss/m/n --> OT1/phv/m/n on input line 458.
LaTeX Font Info:    Overwriting math alphabet `\mathsf' in version `bold'
(Font)                  OT1/cmss/bx/n --> OT1/phv/bx/n on input line 459.
LaTeX Font Info:    Overwriting math alphabet `\mathsl' in version `bold'
(Font)                  OT1/phv/m/sl --> OT1/phv/bx/sl on input line 466.
)
LaTeX Font Info:    Trying to load font information for OT1+phv on input line 4
9.

(/usr/local/texlive/2024/texmf-dist/tex/latex/psnfss/ot1phv.fd
File: ot1phv.fd 2020/03/25 scalable font definitions for OT1/phv.
)
LaTeX Font Info:    Font shape `OT1/phv/m/n' will be
(Font)              scaled to size 10.07397pt on input line 49.

(/usr/local/texlive/2024/texmf-dist/tex/latex/l3backend/l3backend-pdftex.def
File: l3backend-pdftex.def 2024-02-20 L3 backend support: PDF output (pdfTeX)
\l__color_backend_stack_int=\count321
\l__pdf_internal_box=\box113
)
(./CompilerPolynomialFunctions.aux (./PolynomialFunctions.aux

LaTeX Warning: Label `sqrt2isirrationalexercise' multiply defined.

))
\openout1 = `CompilerPolynomialFunctions.aux'.

LaTeX Font Info:    Checking defaults for OML/cmm/m/it on input line 49.
LaTeX Font Info:    ... okay on input line 49.
LaTeX Font Info:    Checking defaults for OMS/cmsy/m/n on input line 49.
LaTeX Font Info:    ... okay on input line 49.
LaTeX Font Info:    Checking defaults for OT1/cmr/m/n on input line 49.
LaTeX Font Info:    ... okay on input line 49.
LaTeX Font Info:    Checking defaults for T1/cmr/m/n on input line 49.
LaTeX Font Info:    ... okay on input line 49.
LaTeX Font Info:    Checking defaults for TS1/cmr/m/n on input line 49.
LaTeX Font Info:    ... okay on input line 49.
LaTeX Font Info:    Checking defaults for OMX/cmex/m/n on input line 49.
LaTeX Font Info:    ... okay on input line 49.
LaTeX Font Info:    Checking defaults for U/cmr/m/n on input line 49.
LaTeX Font Info:    ... okay on input line 49.
LaTeX Font Info:    Checking defaults for PD1/pdf/m/n on input line 49.
LaTeX Font Info:    ... okay on input line 49.
LaTeX Font Info:    Checking defaults for PU/pdf/m/n on input line 49.
LaTeX Font Info:    ... okay on input line 49.
 (/usr/local/texlive/2024/texmf-dist/tex/context/base/mkii/supp-pdf.mkii
[Loading MPS to PDF converter (version 2006.09.02).]
\scratchcounter=\count322
\scratchdimen=\dimen193
\scratchbox=\box114
\nofMPsegments=\count323
\nofMParguments=\count324
\everyMPshowfont=\toks35
\MPscratchCnt=\count325
\MPscratchDim=\dimen194
\MPnumerator=\count326
\makeMPintoPDFobject=\count327
\everyMPtoPDFconversion=\toks36
) (/usr/local/texlive/2024/texmf-dist/tex/latex/epstopdf-pkg/epstopdf-base.sty
Package: epstopdf-base 2020-01-24 v2.11 Base part for package epstopdf

(/usr/local/texlive/2024/texmf-dist/tex/latex/grfext/grfext.sty
Package: grfext 2019/12/03 v1.3 Manage graphics extensions (HO)
)
Package epstopdf-base Info: Redefining graphics rule for `.eps' on input line 4
85.
Package grfext Info: Graphics extension search list:
(grfext)             [.pdf,.png,.jpg,.mps,.jpeg,.jbig2,.jb2,.PDF,.PNG,.JPG,.JPE
G,.JBIG2,.JB2,.eps]
(grfext)             \AppendGraphicsExtensions on input line 504.

(/usr/local/texlive/2024/texmf-dist/tex/latex/latexconfig/epstopdf-sys.cfg
File: epstopdf-sys.cfg 2010/07/13 v1.3 Configuration of (r)epstopdf for TeX Liv
e
))
Package hyperref Info: Link coloring ON on input line 49.

(./CompilerPolynomialFunctions.out) (./CompilerPolynomialFunctions.out)
\@outlinefile=\write4
\openout4 = `CompilerPolynomialFunctions.out'.

\c@HW=\count328
\c@HWindent=\count329

Chapter 1.
LaTeX Font Info:    Font shape `OT1/phv/m/n' will be
(Font)              scaled to size 19.08076pt on input line 55.
LaTeX Font Info:    Font shape `OT1/phv/b/n' will be
(Font)              scaled to size 19.08076pt on input line 55.
LaTeX Font Info:    Font shape `OT1/phv/m/n' will be
(Font)              scaled to size 22.88956pt on input line 55.
LaTeX Font Info:    Font shape `OT1/phv/b/n' will be
(Font)              scaled to size 22.88956pt on input line 55.
LaTeX Font Info:    Font shape `OT1/phv/m/sc' will be
(Font)              scaled to size 22.88956pt on input line 55.
[1


{/usr/local/texlive/2024/texmf-var/fonts/map/pdftex/updmap/pdftex.map}{/usr/loc
al/texlive/2024/texmf-dist/fonts/enc/dvips/base/8r.enc}]
\openout2 = `PolynomialFunctions.aux'.


(./PolynomialFunctions.tex
LaTeX Font Info:    Font shape `OT1/phv/m/n' will be
(Font)              scaled to size 13.24796pt on input line 1.
LaTeX Font Info:    Font shape `OT1/phv/b/n' will be
(Font)              scaled to size 13.24796pt on input line 1.
 (./GraphsofPolynomials.tex

Mfpic: Initializing GraphsofPolynomials.mp.
\openout3 = `GraphsofPolynomials.mp'.

Mfpic: Don't forget to process GraphsofPolynomials.mp!
Mfpic: Apply metapost to GraphsofPolynomials.mp.
Mfpic: Then reprocess this file "CompilerPolynomialFunctions".

LaTeX Font Info:    Font shape `OT1/phv/b/n' will be
(Font)              scaled to size 10.07397pt on input line 9.

LaTeX Warning: Reference `IntroductiontoFunctions' on page 2 undefined on input
 line 9.

LaTeX Font Info:    Font shape `OT1/phv/m/n' will be
(Font)              scaled to size 7.35999pt on input line 9.
LaTeX Font Info:    Font shape `OT1/phv/m/n' will be
(Font)              scaled to size 5.51999pt on input line 9.
LaTeX Font Info:    Trying to load font information for U+msa on input line 9.
(/usr/local/texlive/2024/texmf-dist/tex/latex/amsfonts/umsa.fd
File: umsa.fd 2013/01/14 v3.01 AMS symbols A
)
LaTeX Font Info:    Trying to load font information for U+msb on input line 9.

(/usr/local/texlive/2024/texmf-dist/tex/latex/amsfonts/umsb.fd
File: umsb.fd 2013/01/14 v3.01 AMS symbols B
)
LaTeX Font Info:    Font shape `OT1/phv/m/sl' will be
(Font)              scaled to size 10.07397pt on input line 9.
LaTeX Font Info:    Font shape `OT1/phv/m/sl' will be
(Font)              scaled to size 7.35999pt on input line 9.
LaTeX Font Info:    Font shape `OT1/phv/m/sl' will be
(Font)              scaled to size 5.51999pt on input line 9.
LaTeX Font Info:    Font shape `OT1/phv/m/n' will be
(Font)              scaled to size 8.27998pt on input line 9.
LaTeX Font Info:    Font shape `OT1/phv/m/n' will be
(Font)              scaled to size 4.59999pt on input line 9.
LaTeX Font Info:    Font shape `OT1/phv/m/sl' will be
(Font)              scaled to size 8.27998pt on input line 9.
LaTeX Font Info:    Font shape `OT1/phv/m/sl' will be
(Font)              scaled to size 4.59999pt on input line 9.
LaTeX Font Info:    Font shape `OT1/phv/b/n' will be
(Font)              scaled to size 8.27998pt on input line 9.


LaTeX Warning: Reference `AppPolyArith' on page 2 undefined on input line 9.

LaTeX Font Info:    Font shape `OT1/phv/m/n' will be
(Font)              scaled to size 11.03998pt on input line 11.
LaTeX Font Info:    Font shape `OT1/phv/b/n' will be
(Font)              scaled to size 11.03998pt on input line 11.
LaTeX Font Info:    Font shape `OT1/phv/m/sc' will be
(Font)              scaled to size 10.07397pt on input line 20.

LaTeX Warning: Reference `SetsofRealNumbers' on page 2 undefined on input line 
24.


LaTeX Warning: Reference `SetsofRealNumbers' on page 2 undefined on input line 
24.

File: GraphsofPolynomials.1 Graphic file (type mps)
[MP to PDF] (./GraphsofPolynomials.1)
File: GraphsofPolynomials.2 Graphic file (type mps)
 [MP to PDF] (./GraphsofPolynomials.2)
File: GraphsofPolynomials.3 Graphic file (type mps)

[MP to PDF] (./GraphsofPolynomials.3)
Overfull \hbox (47.99998pt too wide) in paragraph at lines 32--93
[][] 
 []


Underfull \vbox (badness 10000) has occurred while \output is active []

 [2

]

LaTeX Warning: Reference `AppRadEqus' on page 3 undefined on input line 94.


LaTeX Warning: Reference `QuadraticFunctions' on page 3 undefined on input line
 94.


LaTeX Warning: Reference `symmetrydefn' on page 3 undefined on input line 98.

File: GraphsofPolynomials.4 Graphic file (type mps)
[MP to PDF] (./GraphsofPolynomials.4)
File: GraphsofPolynomials.5 Graphic file (type mps)
 [MP to PDF] (./GraphsofPolynomials.5)
File: GraphsofPolynomials.6 Graphic file (type mps)

[MP to PDF] (./GraphsofPolynomials.6)
Overfull \hbox (47.99998pt too wide) in paragraph at lines 120--176
[][] 
 []


Underfull \vbox (badness 10000) has occurred while \output is active []

 [3]

LaTeX Warning: Reference `symmetrydefn' on page 4 undefined on input line 177.


LaTeX Warning: Reference `linearabsvaluegraphs' on page 4 undefined on input li
ne 197.

[4]

LaTeX Warning: Reference `linearabsvaluegraphs' on page 5 undefined on input li
ne 243.


LaTeX Warning: Reference `AbsoluteValueFunctions' on page 5 undefined on input 
line 243.


LaTeX Warning: Reference `standardformgraph' on page 5 undefined on input line 
243.


LaTeX Warning: Reference `QuadraticFunctions' on page 5 undefined on input line
 243.

[5]

LaTeX Font Warning: Command \scriptsize invalid in math mode on input line 282.



LaTeX Font Warning: Command \normalsize invalid in math mode on input line 288.


File: GraphsofPolynomials.7 Graphic file (type mps)
[MP to PDF] (./GraphsofPolynomials.7)

LaTeX Font Warning: Command \scriptsize invalid in math mode on input line 301.



LaTeX Font Warning: Command \normalsize invalid in math mode on input line 307.


File: GraphsofPolynomials.8 Graphic file (type mps)
[MP to PDF] (./GraphsofPolynomials.8)

LaTeX Font Warning: Command \scriptsize invalid in math mode on input line 324.



LaTeX Font Warning: Command \normalsize invalid in math mode on input line 330.


File: GraphsofPolynomials.9 Graphic file (type mps)
[MP to PDF] (./GraphsofPolynomials.9)

LaTeX Font Warning: Command \scriptsize invalid in math mode on input line 344.



LaTeX Font Warning: Command \normalsize invalid in math mode on input line 350.


File: GraphsofPolynomials.10 Graphic file (type mps)
[MP to PDF] (./GraphsofPolynomials.10)

LaTeX Font Warning: Command \scriptsize invalid in math mode on input line 368.



LaTeX Font Warning: Command \normalsize invalid in math mode on input line 374.


File: GraphsofPolynomials.11 Graphic file (type mps)
[MP to PDF] (./GraphsofPolynomials.11)

LaTeX Font Warning: Command \scriptsize invalid in math mode on input line 389.



LaTeX Font Warning: Command \normalsize invalid in math mode on input line 395.


File: GraphsofPolynomials.12 Graphic file (type mps)
[MP to PDF] (./GraphsofPolynomials.12) [6]

LaTeX Font Warning: Command \scriptsize invalid in math mode on input line 416.



LaTeX Font Warning: Command \normalsize invalid in math mode on input line 422.


File: GraphsofPolynomials.13 Graphic file (type mps)
[MP to PDF] (./GraphsofPolynomials.13)

LaTeX Font Warning: Command \scriptsize invalid in math mode on input line 435.



LaTeX Font Warning: Command \normalsize invalid in math mode on input line 441.


File: GraphsofPolynomials.14 Graphic file (type mps)
[MP to PDF] (./GraphsofPolynomials.14)

LaTeX Font Warning: Command \scriptsize invalid in math mode on input line 458.



LaTeX Font Warning: Command \normalsize invalid in math mode on input line 464.


File: GraphsofPolynomials.15 Graphic file (type mps)
[MP to PDF] (./GraphsofPolynomials.15)

LaTeX Font Warning: Command \scriptsize invalid in math mode on input line 477.



LaTeX Font Warning: Command \normalsize invalid in math mode on input line 483.


File: GraphsofPolynomials.16 Graphic file (type mps)
[MP to PDF] (./GraphsofPolynomials.16)

LaTeX Warning: Reference `IntroLimits' on page 7 undefined on input line 504.

[7]
File: GraphsofPolynomials.17 Graphic file (type mps)
 [MP to PDF] (./GraphsofPolynomials.17)
Overfull \hbox (80.88695pt too wide) in paragraph at lines 542--543
[]|[] 
 []

File: GraphsofPolynomials.18 Graphic file (type mps)
[MP to PDF] (./GraphsofPolynomials.18)
Overfull \hbox (50.88695pt too wide) in paragraph at lines 587--588
[]|[]| 
 []


Underfull \vbox (badness 1565) has occurred while \output is active []

 [8]
LaTeX Font Info:    Trying to load font information for TS1+phv on input line 6
79.

(/usr/local/texlive/2024/texmf-dist/tex/latex/psnfss/ts1phv.fd
File: ts1phv.fd 2020/03/25 scalable font definitions for TS1/phv.
)
LaTeX Font Info:    Font shape `TS1/phv/m/n' will be
(Font)              scaled to size 10.07397pt on input line 679.
File: GraphsofPolynomials.19 Graphic file (type mps)
 [MP to PDF]
(./GraphsofPolynomials.19)
File: GraphsofPolynomials.20 Graphic file (type mps)
 [MP to PDF] (./GraphsofPolynomials.20)
File: GraphsofPolynomials.21 Graphic file (type mps)
 [MP to PDF]
(./GraphsofPolynomials.21)
File: GraphsofPolynomials.22 Graphic file (type mps)
 [MP to PDF] (./GraphsofPolynomials.22) [9]

LaTeX Warning: Reference `AppPolyArith' on page 10 undefined on input line 699.


LaTeX Font Info:    Font shape `OT1/phv/m/it' in size <8> not available
(Font)              Font shape `OT1/phv/m/sl' tried instead on input line 731.
LaTeX Font Info:    Font shape `OT1/phv/m/sl' will be
(Font)              scaled to size 7.35999pt on input line 731.
LaTeX Font Info:    Font shape `OT1/phv/m/it' in size <6> not available
(Font)              Font shape `OT1/phv/m/sl' tried instead on input line 731.
LaTeX Font Info:    Font shape `OT1/phv/m/sl' will be
(Font)              scaled to size 5.51999pt on input line 731.
[10]
<./GraphsofPolynomialsGraphics/PolyEBEx1a.jpg, id=196, 2075.755pt x 1513.655pt>

File: ./GraphsofPolynomialsGraphics/PolyEBEx1a.jpg Graphic file (type jpg)
<use ./GraphsofPolynomialsGraphics/PolyEBEx1a.jpg>
Package pdftex.def Info: ./GraphsofPolynomialsGraphics/PolyEBEx1a.jpg  used on 
input line 789.
(pdftex.def)             Requested size: 173.41203pt x 126.47249pt.
<./GraphsofPolynomialsGraphics/PolyEBEx1b.jpg, id=197, 2064.71375pt x 1414.2837
5pt>
File: ./GraphsofPolynomialsGraphics/PolyEBEx1b.jpg Graphic file (type jpg)
<use ./GraphsofPolynomialsGraphics/PolyEBEx1b.jpg>
Package pdftex.def Info: ./GraphsofPolynomialsGraphics/PolyEBEx1b.jpg  used on 
input line 789.
(pdftex.def)             Requested size: 184.61903pt x 126.47249pt.
 [11 <./GraphsofPolynomialsGraphics/PolyEBEx1a.jpg> <./GraphsofPolynomialsGraph
ics/PolyEBEx1b.jpg>]
<./GraphsofPolynomialsGraphics/PolyEBEx2a.jpg, id=212, 1940.24875pt x 1521.685p
t>
File: ./GraphsofPolynomialsGraphics/PolyEBEx2a.jpg Graphic file (type jpg)
<use ./GraphsofPolynomialsGraphics/PolyEBEx2a.jpg>
Package pdftex.def Info: ./GraphsofPolynomialsGraphics/PolyEBEx2a.jpg  used on 
input line 821.
(pdftex.def)             Requested size: 184.29594pt x 144.54pt.
<./GraphsofPolynomialsGraphics/PolyEBEx2b.jpg, id=213, 1940.24875pt x 1505.625p
t>
File: ./GraphsofPolynomialsGraphics/PolyEBEx2b.jpg Graphic file (type jpg)
<use ./GraphsofPolynomialsGraphics/PolyEBEx2b.jpg>
Package pdftex.def Info: ./GraphsofPolynomialsGraphics/PolyEBEx2b.jpg  used on 
input line 821.
(pdftex.def)             Requested size: 186.24992pt x 144.54pt.
 [12 <./GraphsofPolynomialsGraphics/PolyEBEx2a.jpg> <./GraphsofPolynomialsGraph
ics/PolyEBEx2b.jpg>]

LaTeX Warning: Reference `RationalFunctions' on page 13 undefined on input line
 853.


LaTeX Warning: Reference `FirstStepsCalculus' on page 13 undefined on input lin
e 853.


LaTeX Warning: Reference `QuadraticFunctions' on page 13 undefined on input lin
e 857.


LaTeX Warning: Reference `LimitPropertiesandContinuity' on page 13 undefined on
 input line 857.

File: GraphsofPolynomials.23 Graphic file (type mps)
[MP to PDF] (./GraphsofPolynomials.23)
File: GraphsofPolynomials.24 Graphic file (type mps)
 [MP to PDF] (./GraphsofPolynomials.24)
[13]

LaTeX Warning: Reference `AppRealNumberArithmetic' on page 14 undefined on inpu
t line 917.

<./GraphsofPolynomialsGraphics/PolyZeroEx01.jpg, id=234, 2220.295pt x 1379.1525
pt>
File: ./GraphsofPolynomialsGraphics/PolyZeroEx01.jpg Graphic file (type jpg)
<use ./GraphsofPolynomialsGraphics/PolyZeroEx01.jpg>
Package pdftex.def Info: ./GraphsofPolynomialsGraphics/PolyZeroEx01.jpg  used o
n input line 929.
(pdftex.def)             Requested size: 232.68048pt x 144.54pt.
[14 <./GraphsofPolynomialsGraphics/PolyZeroEx01.jpg>]
<./GraphsofPolynomialsGraphics/PolyZeroEx02.jpg, id=240, 927.465pt x 1521.685pt
>
File: ./GraphsofPolynomialsGraphics/PolyZeroEx02.jpg Graphic file (type jpg)
<use ./GraphsofPolynomialsGraphics/PolyZeroEx02.jpg>
Package pdftex.def Info: ./GraphsofPolynomialsGraphics/PolyZeroEx02.jpg  used o
n input line 958.
(pdftex.def)             Requested size: 144.53394pt x 144.53836pt.
<./GraphsofPolynomialsGraphics/PolyZeroEx03.jpg, id=241, 1569.865pt x 1453.43pt
>
File: ./GraphsofPolynomialsGraphics/PolyZeroEx03.jpg Graphic file (type jpg)
<use ./GraphsofPolynomialsGraphics/PolyZeroEx03.jpg>
Package pdftex.def Info: ./GraphsofPolynomialsGraphics/PolyZeroEx03.jpg  used o
n input line 961.
(pdftex.def)             Requested size: 144.53952pt x 144.53094pt.
<./GraphsofPolynomialsGraphics/PolyZeroEx04.jpg, id=242, 1190.4475pt x 1397.22p
t>
File: ./GraphsofPolynomialsGraphics/PolyZeroEx04.jpg Graphic file (type jpg)
<use ./GraphsofPolynomialsGraphics/PolyZeroEx04.jpg>
Package pdftex.def Info: ./GraphsofPolynomialsGraphics/PolyZeroEx04.jpg  used o
n input line 965.
(pdftex.def)             Requested size: 144.53685pt x 144.52715pt.
 [15 <./GraphsofPolynomialsGraphics/PolyZeroEx02.jpg> <./GraphsofPolynomialsGra
phics/PolyZeroEx03.jpg> <./GraphsofPolynomialsGraphics/PolyZeroEx04.jpg>] [16]
File: GraphsofPolynomials.25 Graphic file (type mps)
 [MP to PDF]
(./GraphsofPolynomials.25) [17]

LaTeX Warning: Reference `AppCmpNums' on page 18 undefined on input line 1121.

[18]
<./GraphsofPolynomialsGraphics/PolyRelativeExtrema.jpg, id=303, 2768.3425pt x 1
517.67pt>
File: ./GraphsofPolynomialsGraphics/PolyRelativeExtrema.jpg Graphic file (type 
jpg)
<use ./GraphsofPolynomialsGraphics/PolyRelativeExtrema.jpg>
Package pdftex.def Info: ./GraphsofPolynomialsGraphics/PolyRelativeExtrema.jpg 
 used on input line 1179.
(pdftex.def)             Requested size: 433.62pt x 237.7143pt.
 [19 <./GraphsofPolynomialsGraphics/PolyRelativeExtrema.jpg>]
File: GraphsofPolynomials.26 Graphic file (type mps)
 [MP to PDF]
(./GraphsofPolynomials.26)
File: GraphsofPolynomials.27 Graphic file (type mps)
 [MP to PDF] (./GraphsofPolynomials.27)
<./GraphsofPolynomialsGraphics/PolyBoxExample.jpg, id=312, 2768.3425pt x 1433.3
55pt>
File: ./GraphsofPolynomialsGraphics/PolyBoxExample.jpg Graphic file (type jpg)
<use ./GraphsofPolynomialsGraphics/PolyBoxExample.jpg>
Package pdftex.def Info: ./GraphsofPolynomialsGraphics/PolyBoxExample.jpg  used
 on input line 1270.
(pdftex.def)             Requested size: 361.34999pt x 187.0863pt.
 [20] [21 <./GraphsofPolynomialsGraphics/PolyBoxExample.jpg>]
(./ExercisesforGraphsofPolynomials.tex
File: GraphsofPolynomials.28 Graphic file (type mps)
 [MP to PDF] (./GraphsofPolynomials.28)
File: GraphsofPolynomials.29 Graphic file (type mps)

[MP to PDF] (./GraphsofPolynomials.29)
File: GraphsofPolynomials.30 Graphic file (type mps)
 [MP to PDF] (./GraphsofPolynomials.30)
File: GraphsofPolynomials.31 Graphic file (type mps)

[MP to PDF] (./GraphsofPolynomials.31)
Overfull \vbox (2.07524pt too high) has occurred while \output is active []


Overfull \vbox (2.07524pt too high) has occurred while \output is active []


[22] [23]

LaTeX Warning: Reference `arc' on page 24 undefined on input line 380.


LaTeX Warning: Reference `AverageRateofChange' on page 24 undefined on input li
ne 380.


LaTeX Warning: Reference `arc' on page 24 undefined on input line 395.


LaTeX Warning: Reference `AverageRateofChange' on page 24 undefined on input li
ne 395.

LaTeX Font Info:    Font shape `OT1/phv/m/it' in size <10.95> not available
(Font)              Font shape `OT1/phv/m/sl' tried instead on input line 418.
LaTeX Font Info:    Font shape `OT1/phv/m/sl' will be
(Font)              scaled to size 10.07397pt on input line 418.
[24]

LaTeX Warning: Reference `PortaBoyCost' on page 25 undefined on input line 431.


File: GraphsofPolynomials.32 Graphic file (type mps)
[MP to PDF] (./GraphsofPolynomials.32) [25]

LaTeX Warning: Reference `regsunlight' on page 26 undefined on input line 486.


LaTeX Warning: Reference `QuadraticFunctions' on page 26 undefined on input lin
e 486.

LaTeX Font Info:    Font shape `OT1/phv/m/n' will be
(Font)              scaled to size 9.19998pt on input line 489.
LaTeX Font Info:    Font shape `OT1/phv/m/n' will be
(Font)              scaled to size 6.43999pt on input line 491.
LaTeX Font Info:    Font shape `OT1/phv/m/sl' will be
(Font)              scaled to size 9.19998pt on input line 491.
LaTeX Font Info:    Font shape `OT1/phv/m/sl' will be
(Font)              scaled to size 6.43999pt on input line 491.
[26]
<./GraphsofPolynomialsGraphics/GraphsofPolyExercise.jpg, id=454, 1050.92625pt x
 983.675pt>
File: ./GraphsofPolynomialsGraphics/GraphsofPolyExercise.jpg Graphic file (type
 jpg)
<use ./GraphsofPolynomialsGraphics/GraphsofPolyExercise.jpg>
Package pdftex.def Info: ./GraphsofPolynomialsGraphics/GraphsofPolyExercise.jpg
  used on input line 539.
(pdftex.def)             Requested size: 216.81pt x 202.9305pt.


LaTeX Warning: Reference `greatestintegerdefn' on page 27 undefined on input li
ne 561.

[27 <./GraphsofPolynomialsGraphics/GraphsofPolyExercise.jpg>]

LaTeX Warning: Reference `LagrangeLinearExercise' on page 28 undefined on input
 line 583.


LaTeX Warning: Reference `ConstantandLinearFunctions' on page 28 undefined on i
nput line 583.


LaTeX Warning: Reference `LagrangeQuadExercise' on page 28 undefined on input l
ine 583.


LaTeX Warning: Reference `QuadraticFunctions' on page 28 undefined on input lin
e 583.

[28]
Underfull \hbox (badness 10000) in paragraph at lines 614--617

 []

File: GraphsofPolynomials.33 Graphic file (type mps)
[MP to PDF] (./GraphsofPolynomials.33)
Underfull \hbox (badness 10000) in paragraph at lines 638--641

 []

File: GraphsofPolynomials.34 Graphic file (type mps)
[MP to PDF] (./GraphsofPolynomials.34)
Underfull \hbox (badness 10000) in paragraph at lines 667--670

 []

File: GraphsofPolynomials.35 Graphic file (type mps)
[MP to PDF] (./GraphsofPolynomials.35)
Underfull \hbox (badness 10000) in paragraph at lines 692--695

 []

File: GraphsofPolynomials.36 Graphic file (type mps)
[MP to PDF] (./GraphsofPolynomials.36)
Underfull \vbox (badness 2726) has occurred while \output is active []

 [29]
Underfull \hbox (badness 10000) in paragraph at lines 724--727

 []

File: GraphsofPolynomials.37 Graphic file (type mps)
[MP to PDF] (./GraphsofPolynomials.37)
Underfull \hbox (badness 10000) in paragraph at lines 749--752

 []

File: GraphsofPolynomials.38 Graphic file (type mps)
[MP to PDF] (./GraphsofPolynomials.38)
Underfull \hbox (badness 10000) in paragraph at lines 801--808

 []


Underfull \hbox (badness 10000) in paragraph at lines 810--817

 []


Underfull \hbox (badness 10000) in paragraph at lines 828--835

 []


Underfull \hbox (badness 10000) in paragraph at lines 837--844

 []

[30]
Underfull \hbox (badness 10000) in paragraph at lines 853--860

 []


Underfull \hbox (badness 10000) in paragraph at lines 863--870

 []


Underfull \hbox (badness 10000) in paragraph at lines 882--889

 []


Underfull \hbox (badness 10000) in paragraph at lines 891--898

 []


Underfull \hbox (badness 10000) in paragraph at lines 909--916

 []


Underfull \hbox (badness 10000) in paragraph at lines 917--924

 []


Underfull \hbox (badness 10000) in paragraph at lines 934--937

 []

File: GraphsofPolynomials.39 Graphic file (type mps)
[MP to PDF] (./GraphsofPolynomials.39)
Underfull \hbox (badness 10000) in paragraph at lines 956--959

 []

File: GraphsofPolynomials.40 Graphic file (type mps)
[MP to PDF] (./GraphsofPolynomials.40) [31]
Underfull \hbox (badness 10000) in paragraph at lines 983--986

 []

File: GraphsofPolynomials.41 Graphic file (type mps)
[MP to PDF] (./GraphsofPolynomials.41)
Underfull \hbox (badness 10000) in paragraph at lines 1003--1006

 []

File: GraphsofPolynomials.42 Graphic file (type mps)
[MP to PDF] (./GraphsofPolynomials.42)
Underfull \hbox (badness 10000) in paragraph at lines 1033--1036

 []

File: GraphsofPolynomials.43 Graphic file (type mps)
[MP to PDF] (./GraphsofPolynomials.43)
Underfull \hbox (badness 10000) in paragraph at lines 1055--1060

 []

File: GraphsofPolynomials.44 Graphic file (type mps)
[MP to PDF] (./GraphsofPolynomials.44)
Underfull \hbox (badness 10000) in paragraph at lines 1085--1088

 []

File: GraphsofPolynomials.45 Graphic file (type mps)
[MP to PDF] (./GraphsofPolynomials.45)
Underfull \hbox (badness 10000) in paragraph at lines 1107--1111

 []

File: GraphsofPolynomials.46 Graphic file (type mps)
[MP to PDF] (./GraphsofPolynomials.46)
Underfull \hbox (badness 10000) in paragraph at lines 1134--1136

 []

File: GraphsofPolynomials.47 Graphic file (type mps)
[MP to PDF] (./GraphsofPolynomials.47)
Underfull \hbox (badness 10000) in paragraph at lines 1155--1159

 []

File: GraphsofPolynomials.48 Graphic file (type mps)
[MP to PDF] (./GraphsofPolynomials.48) [32] [33] [34]
<./GraphsofPolynomialsGraphics/DaylightRegCubic.jpg, id=591, 1309.89375pt x 127
1.75125pt>
File: ./GraphsofPolynomialsGraphics/DaylightRegCubic.jpg Graphic file (type jpg
)
<use ./GraphsofPolynomialsGraphics/DaylightRegCubic.jpg>
Package pdftex.def Info: ./GraphsofPolynomialsGraphics/DaylightRegCubic.jpg  us
ed on input line 1344.
(pdftex.def)             Requested size: 180.67499pt x 175.40483pt.
<./GraphsofPolynomialsGraphics/DaylightRegQuartic.jpg, id=592, 1308.89pt x 1269
.74374pt>
File: ./GraphsofPolynomialsGraphics/DaylightRegQuartic.jpg Graphic file (type j
pg)
<use ./GraphsofPolynomialsGraphics/DaylightRegQuartic.jpg>
Package pdftex.def Info: ./GraphsofPolynomialsGraphics/DaylightRegQuartic.jpg  
used on input line 1344.
(pdftex.def)             Requested size: 180.67499pt x 175.26357pt.
 [35 <./GraphsofPolynomialsGraphics/DaylightRegCubic.jpg> <./GraphsofPolynomial
sGraphics/DaylightRegQuartic.jpg>]
<./GraphsofPolynomialsGraphics/CircuitRegQuadratic.jpg, id=597, 1309.89375pt x 
1269.74374pt>
File: ./GraphsofPolynomialsGraphics/CircuitRegQuadratic.jpg Graphic file (type 
jpg)
<use ./GraphsofPolynomialsGraphics/CircuitRegQuadratic.jpg>
Package pdftex.def Info: ./GraphsofPolynomialsGraphics/CircuitRegQuadratic.jpg 
 used on input line 1369.
(pdftex.def)             Requested size: 130.08621pt x 126.09058pt.
<./GraphsofPolynomialsGraphics/CircuitRegCubic.jpg, id=598, 1308.89pt x 1262.71
75pt>
File: ./GraphsofPolynomialsGraphics/CircuitRegCubic.jpg Graphic file (type jpg)

<use ./GraphsofPolynomialsGraphics/CircuitRegCubic.jpg>
Package pdftex.def Info: ./GraphsofPolynomialsGraphics/CircuitRegCubic.jpg  use
d on input line 1370.
(pdftex.def)             Requested size: 130.08621pt x 125.48918pt.
<./GraphsofPolynomialsGraphics/CircuitRegQuartic.jpg, id=599, 1304.875pt x 1270
.7475pt>
File: ./GraphsofPolynomialsGraphics/CircuitRegQuartic.jpg Graphic file (type jp
g)
<use ./GraphsofPolynomialsGraphics/CircuitRegQuartic.jpg>
Package pdftex.def Info: ./GraphsofPolynomialsGraphics/CircuitRegQuartic.jpg  u
sed on input line 1371.
(pdftex.def)             Requested size: 130.08621pt x 126.675pt.
)) [36 <./GraphsofPolynomialsGraphics/CircuitRegQuadratic.jpg> <./GraphsofPolyn
omialsGraphics/CircuitRegCubic.jpg> <./GraphsofPolynomialsGraphics/CircuitRegQu
artic.jpg>] (./Polydivision.tex

Mfpic: No file Polydivision.1.

Mfpic: Initializing Polydivision.mp.
\openout3 = `Polydivision.mp'.

Mfpic: Don't forget to process Polydivision.mp!
Mfpic: Apply metapost to Polydivision.mp.
Mfpic: Then reprocess this file "CompilerPolynomialFunctions".


LaTeX Warning: Reference `polylongdiv' on page 37 undefined on input line 22.

<./PolydivisionGraphics/PolyDiv01.jpg, id=622, 2766.335pt x 1437.37pt>
File: ./PolydivisionGraphics/PolyDiv01.jpg Graphic file (type jpg)
<use ./PolydivisionGraphics/PolyDiv01.jpg>
Package pdftex.def Info: ./PolydivisionGraphics/PolyDiv01.jpg  used on input li
ne 30.
(pdftex.def)             Requested size: 278.1693pt x 144.54pt.

Overfull \hbox (23.99998pt too wide) in paragraph at lines 28--56
[][] 
 []

[37 <./PolydivisionGraphics/PolyDiv01.jpg>] [38] [39] [40]
Overfull \hbox (1.43575pt too wide) in paragraph at lines 419--420
[]\OT1/phv/m/n/10.95 Since the div-i-dend was a third de-gree poly-no-mial func
-tion, the quo-tient is a sec-ond de-gree (quadratic)
 []

[41] [42] [43] [44] [45] (./ExercisesforPolydivision.tex [46] [47] [48]))
[49] (./RealZeros.tex

Mfpic: Initializing RealZeros.mp.
\openout3 = `RealZeros.mp'.

Mfpic: Don't forget to process RealZeros.mp!
Mfpic: Apply metapost to RealZeros.mp.
Mfpic: Then reprocess this file "CompilerPolynomialFunctions".


LaTeX Warning: Reference `CauchyBoundProofExercise' on page 50 undefined on inp
ut line 21.


LaTeX Warning: Reference `Summation' on page 50 undefined on input line 21.

[50] [51]
<./RealZerosGraphics/RealZerosEx01a.jpg, id=836, 2764.3275pt x 1447.4075pt>
File: ./RealZerosGraphics/RealZerosEx01a.jpg Graphic file (type jpg)
<use ./RealZerosGraphics/RealZerosEx01a.jpg>
Package pdftex.def Info: ./RealZerosGraphics/RealZerosEx01a.jpg  used on input 
line 117.
(pdftex.def)             Requested size: 216.80615pt x 144.52837pt.
<./RealZerosGraphics/RealZerosEx01b.jpg, id=837, 2786.41pt x 1443.3925pt>
File: ./RealZerosGraphics/RealZerosEx01b.jpg Graphic file (type jpg)
<use ./RealZerosGraphics/RealZerosEx01b.jpg>
Package pdftex.def Info: ./RealZerosGraphics/RealZerosEx01b.jpg  used on input 
line 117.
(pdftex.def)             Requested size: 216.79489pt x 144.5239pt.
 [52 <./RealZerosGraphics/RealZerosEx01a.jpg> <./RealZerosGraphics/RealZerosEx0
1b.jpg>]
<./RealZerosGraphics/RealZerosEx02a.jpg, id=844, 2774.365pt x 1517.67pt>
File: ./RealZerosGraphics/RealZerosEx02a.jpg Graphic file (type jpg)
<use ./RealZerosGraphics/RealZerosEx02a.jpg>
Package pdftex.def Info: ./RealZerosGraphics/RealZerosEx02a.jpg  used on input 
line 159.
(pdftex.def)             Requested size: 216.78906pt x 144.52751pt.
<./RealZerosGraphics/RealZerosEx02b.jpg, id=845, 2758.305pt x 1509.64pt>
File: ./RealZerosGraphics/RealZerosEx02b.jpg Graphic file (type jpg)
<use ./RealZerosGraphics/RealZerosEx02b.jpg>
Package pdftex.def Info: ./RealZerosGraphics/RealZerosEx02b.jpg  used on input 
line 159.
(pdftex.def)             Requested size: 216.79678pt x 144.52298pt.

Overfull \hbox (15.20592pt too wide) in paragraph at lines 157--162
 [] 
 []


LaTeX Warning: Reference `AppQuadEqus' on page 53 undefined on input line 164.

[53 <./RealZerosGraphics/RealZerosEx02a.jpg> <./RealZerosGraphics/RealZerosEx02
b.jpg>]
LaTeX Font Info:    Font shape `OT1/phv/bx/n' in size <10.95> not available
(Font)              Font shape `OT1/phv/b/n' tried instead on input line 172.
LaTeX Font Info:    Font shape `OT1/phv/b/n' will be
(Font)              scaled to size 10.07397pt on input line 172.
LaTeX Font Info:    Font shape `OT1/phv/bx/n' in size <8> not available
(Font)              Font shape `OT1/phv/b/n' tried instead on input line 172.
LaTeX Font Info:    Font shape `OT1/phv/b/n' will be
(Font)              scaled to size 7.35999pt on input line 172.
LaTeX Font Info:    Font shape `OT1/phv/bx/n' in size <6> not available
(Font)              Font shape `OT1/phv/b/n' tried instead on input line 172.
LaTeX Font Info:    Font shape `OT1/phv/b/n' will be
(Font)              scaled to size 5.51999pt on input line 172.
LaTeX Font Info:    Font shape `OT1/phv/bx/sl' in size <10.95> not available
(Font)              Font shape `OT1/phv/b/sl' tried instead on input line 172.
LaTeX Font Info:    Font shape `OT1/phv/b/sl' will be
(Font)              scaled to size 10.07397pt on input line 172.
LaTeX Font Info:    Font shape `OT1/phv/bx/sl' in size <8> not available
(Font)              Font shape `OT1/phv/b/sl' tried instead on input line 172.
LaTeX Font Info:    Font shape `OT1/phv/b/sl' will be
(Font)              scaled to size 7.35999pt on input line 172.
LaTeX Font Info:    Font shape `OT1/phv/bx/sl' in size <6> not available
(Font)              Font shape `OT1/phv/b/sl' tried instead on input line 172.
LaTeX Font Info:    Font shape `OT1/phv/b/sl' will be
(Font)              scaled to size 5.51999pt on input line 172.
LaTeX Font Info:    Trying to load font information for OMS+phv on input line 1
94.
 (/usr/local/texlive/2024/texmf-dist/tex/latex/psnfss/omsphv.fd
File: omsphv.fd 
)
LaTeX Font Info:    Font shape `OMS/phv/m/n' in size <10.95> not available
(Font)              Font shape `OMS/cmsy/m/n' tried instead on input line 194.

[54] [55]
Overfull \hbox (0.66808pt too wide) in paragraph at lines 320--321
\OT1/phv/m/n/10.95 Descartes' Rule of Signs tells us that the pos-i-tive real z
ero we found, $[]$, has mul-ti-plic-ity $1$. Descartes
 []

File: RealZeros.1 Graphic file (type mps)
[MP to PDF] (./RealZeros.1) [56]

LaTeX Warning: Reference `QuadraticInequalities' on page 57 undefined on input 
line 353.

[57]

LaTeX Warning: Reference `QuadraticInequalities' on page 58 undefined on input 
line 388.

File: RealZeros.2 Graphic file (type mps)
[MP to PDF] (./RealZeros.2) [58]

LaTeX Warning: Reference `AbsoluteValueFunctions' on page 59 undefined on input
 line 478.

<./RealZerosGraphics/RealZerosEx03a.jpg, id=915, 2768.3425pt x 1507.6325pt>
File: ./RealZerosGraphics/RealZerosEx03a.jpg Graphic file (type jpg)
<use ./RealZerosGraphics/RealZerosEx03a.jpg>
Package pdftex.def Info: ./RealZerosGraphics/RealZerosEx03a.jpg  used on input 
line 484.
(pdftex.def)             Requested size: 216.78313pt x 144.53784pt.
<./RealZerosGraphics/RealZerosEx03b.jpg, id=916, 2776.3725pt x 1513.655pt>
File: ./RealZerosGraphics/RealZerosEx03b.jpg Graphic file (type jpg)
<use ./RealZerosGraphics/RealZerosEx03b.jpg>
Package pdftex.def Info: ./RealZerosGraphics/RealZerosEx03b.jpg  used on input 
line 484.
(pdftex.def)             Requested size: 216.77647pt x 144.5378pt.

Overfull \hbox (15.17967pt too wide) in paragraph at lines 482--487
 [] 
 []

[59 <./RealZerosGraphics/RealZerosEx03a.jpg> <./RealZerosGraphics/RealZerosEx03
b.jpg>]
File: RealZeros.3 Graphic file (type mps)
 [MP to PDF] (./RealZeros.3)
<./RealZerosGraphics/RealZerosEx04.jpg, id=925, 2730.2pt x 1517.67pt>
File: ./RealZerosGraphics/RealZerosEx04.jpg Graphic file (type jpg)
<use ./RealZerosGraphics/RealZerosEx04.jpg>
Package pdftex.def Info: ./RealZerosGraphics/RealZerosEx04.jpg  used on input l
ine 530.
(pdftex.def)             Requested size: 289.07999pt x 160.69162pt.
 [60 <./RealZerosGraphics/RealZerosEx04.jpg>] [61] (./ExercisesforRealZeros.tex
 [62]
LaTeX Font Info:    Font shape `OT1/phv/m/it' in size <9> not available
(Font)              Font shape `OT1/phv/m/sl' tried instead on input line 181.
LaTeX Font Info:    Font shape `OT1/phv/m/sl' will be
(Font)              scaled to size 8.27998pt on input line 181.
 [63]
File: RealZeros.4 Graphic file (type mps)
 [MP to PDF] (./RealZeros.4)
File: RealZeros.5 Graphic file (type mps)

[MP to PDF] (./RealZeros.5)
File: RealZeros.6 Graphic file (type mps)
 [MP to PDF] (./RealZeros.6)
File: RealZeros.7 Graphic file (type mps)
 [MP to PDF]
(./RealZeros.7)
File: RealZeros.8 Graphic file (type mps)
 [MP to PDF] (./RealZeros.8)
File: RealZeros.9 Graphic file (type mps)
 [MP to PDF] (./RealZeros.9)
[64] [65] [66] [67] [68] [69])) [70] (./ComplexZeros.tex

Mfpic: Initializing ComplexZeros.mp.
\openout3 = `ComplexZeros.mp'.

Mfpic: Don't forget to process ComplexZeros.mp!
Mfpic: Apply metapost to ComplexZeros.mp.
Mfpic: Then reprocess this file "CompilerPolynomialFunctions".


LaTeX Warning: Reference `AppCmpNums' on page 71 undefined on input line 9.

File: ComplexZeros.1 Graphic file (type mps)
[MP to PDF] (./ComplexZeros.1)
Underfull \vbox (badness 10000) has occurred while \output is active []

 [71]

LaTeX Warning: Reference `quadraticformulafunction' on page 72 undefined on inp
ut line 63.


LaTeX Warning: Reference `complexzeroex1' on page 72 undefined on input line 77
.


LaTeX Warning: Reference `AppCmpNums' on page 72 undefined on input line 77.

[72] [73]

LaTeX Warning: Reference `conjugateprops' on page 74 undefined on input line 17
5.

[74] [75]
File: ComplexZeros.2 Graphic file (type mps)
 [MP to PDF] (./ComplexZeros.2) [76]

LaTeX Warning: Reference `PolarComplex' on page 77 undefined on input line 334.


[77] (./ExercisesforComplexZeros.tex [78]
File: ComplexZeros.3 Graphic file (type mps)
 [MP to PDF] (./ComplexZeros.3)
File: ComplexZeros.4 Graphic file (type mps)

[MP to PDF] (./ComplexZeros.4) [79]
File: ComplexZeros.5 Graphic file (type mps)
 [MP to PDF] (./ComplexZeros.5)
File: ComplexZeros.6 Graphic file (type mps)
 [MP to PDF]
(./ComplexZeros.6)
File: ComplexZeros.7 Graphic file (type mps)
 [MP to PDF] (./ComplexZeros.7)
File: ComplexZeros.8 Graphic file (type mps)
 [MP to PDF] (./ComplexZeros.8)
File: ComplexZeros.9 Graphic file (type mps)
 [MP to PDF] (./ComplexZeros.9)
File: ComplexZeros.10 Graphic file (type mps)
 [MP to PDF] (./ComplexZeros.10) [80]
File: ComplexZeros.11 Graphic file (type mps)

[MP to PDF] (./ComplexZeros.11)
File: ComplexZeros.12 Graphic file (type mps)
 [MP to PDF] (./ComplexZeros.12)

LaTeX Warning: Reference `parallelperpendicularslopetheorem' on page 81 undefin
ed on input line 536.


LaTeX Warning: Reference `AppLines' on page 81 undefined on input line 536.


LaTeX Warning: Reference `absvaldistdefn' on page 81 undefined on input line 53
8.


LaTeX Warning: Reference `AppAbsValEqIneq' on page 81 undefined on input line 5
38.

[81] [82] [83]

LaTeX Warning: Reference `parallelperpendicularslopetheorem' on page 84 undefin
ed on input line 719.


LaTeX Warning: Reference `PolarComplex' on page 84 undefined on input line 719.



LaTeX Warning: Reference `absvaldistdefn' on page 84 undefined on input line 72
1.


LaTeX Warning: Reference `AppAbsValEqIneq' on page 84 undefined on input line 7
21.

)) [84]) (./CompilerPolynomialFunctions.aux (./PolynomialFunctions.aux))
 ***********
LaTeX2e <2023-11-01> patch level 1
L3 programming layer <2024-02-20>
 ***********


LaTeX Warning: There were undefined references.


LaTeX Warning: There were multiply-defined labels.

Package rerunfilecheck Info: File `CompilerPolynomialFunctions.out' has not cha
nged.
(rerunfilecheck)             Checksum: 4C99C2EF9253576584494F5DE3F17A91;3191.
 ) 
Here is how much of TeX's memory you used:
 15545 strings out of 474116
 235753 string characters out of 5743682
 1965187 words of memory out of 5000000
 36659 multiletter control sequences out of 15000+600000
 609817 words of font info for 132 fonts, out of 8000000 for 9000
 1141 hyphenation exceptions out of 8191
 75i,20n,79p,2049b,1626s stack positions out of 10000i,1000n,20000p,200000b,200000s
</usr/local/texlive/2024/texmf-dist/fonts/type1/public/amsfonts/cm/cmex10.pfb
></usr/local/texlive/2024/texmf-dist/fonts/type1/public/amsfonts/cmextra/cmex8.
pfb></usr/local/texlive/2024/texmf-dist/fonts/type1/public/amsfonts/cmextra/cme
x9.pfb></usr/local/texlive/2024/texmf-dist/fonts/type1/public/amsfonts/cm/cmmi1
0.pfb></usr/local/texlive/2024/texmf-dist/fonts/type1/public/amsfonts/cm/cmmi8.
pfb></usr/local/texlive/2024/texmf-dist/fonts/type1/public/amsfonts/cm/cmmi9.pf
b></usr/local/texlive/2024/texmf-dist/fonts/type1/public/amsfonts/cm/cmss10.pfb
></usr/local/texlive/2024/texmf-dist/fonts/type1/public/amsfonts/cm/cmsy10.pfb>
</usr/local/texlive/2024/texmf-dist/fonts/type1/public/amsfonts/cm/cmsy6.pfb></
usr/local/texlive/2024/texmf-dist/fonts/type1/public/amsfonts/cm/cmsy8.pfb></us
r/local/texlive/2024/texmf-dist/fonts/type1/public/amsfonts/cm/cmsy9.pfb></usr/
local/texlive/2024/texmf-dist/fonts/type1/public/amsfonts/symbols/msbm10.pfb></
usr/local/texlive/2024/texmf-dist/fonts/type1/urw/helvetic/uhvb8a.pfb></usr/loc
al/texlive/2024/texmf-dist/fonts/type1/urw/helvetic/uhvbo8a.pfb></usr/local/tex
live/2024/texmf-dist/fonts/type1/urw/helvetic/uhvr8a.pfb></usr/local/texlive/20
24/texmf-dist/fonts/type1/urw/helvetic/uhvro8a.pfb>
Output written on CompilerPolynomialFunctions.pdf (84 pages, 4358138 bytes).
PDF statistics:
 1609 PDF objects out of 1728 (max. 8388607)
 1452 compressed objects within 15 object streams
 784 named destinations out of 1000 (max. 500000)
 265 words of extra memory for PDF output out of 10000 (max. 10000000)

