This is pdfTeX, Version 3.141592653-2.6-1.40.26 (TeX Live 2024) (preloaded format=pdflatex 2025.1.31)  14 JUL 2025 07:42
entering extended mode
 restricted \write18 enabled.
 file:line:error style messages enabled.
 %&-line parsing enabled.
**CompilerIntroductiontoFunctions.tex
(./CompilerIntroductiontoFunctions.tex
LaTeX2e <2023-11-01> patch level 1
L3 programming layer <2024-02-20>
(/usr/local/texlive/2024/texmf-dist/tex/latex/base/book.cls
Document Class: book 2023/05/17 v1.4n Standard LaTeX document class
(/usr/local/texlive/2024/texmf-dist/tex/latex/base/bk11.clo
File: bk11.clo 2023/05/17 v1.4n Standard LaTeX file (size option)
)
\c@part=\count188
\c@chapter=\count189
\c@section=\count190
\c@subsection=\count191
\c@subsubsection=\count192
\c@paragraph=\count193
\c@subparagraph=\count194
\c@figure=\count195
\c@table=\count196
\abovecaptionskip=\skip48
\belowcaptionskip=\skip49
\bibindent=\dimen140
)
(/usr/local/texlive/2024/texmf-dist/tex/latex/amsfonts/amssymb.sty
Package: amssymb 2013/01/14 v3.01 AMS font symbols

(/usr/local/texlive/2024/texmf-dist/tex/latex/amsfonts/amsfonts.sty
Package: amsfonts 2013/01/14 v3.01 Basic AMSFonts support
\@emptytoks=\toks17
\symAMSa=\mathgroup4
\symAMSb=\mathgroup5
LaTeX Font Info:    Redeclaring math symbol \hbar on input line 98.
LaTeX Font Info:    Overwriting math alphabet `\mathfrak' in version `bold'
(Font)                  U/euf/m/n --> U/euf/b/n on input line 106.
))
(/usr/local/texlive/2024/texmf-dist/tex/latex/amsmath/amsmath.sty
Package: amsmath 2023/05/13 v2.17o AMS math features
\@mathmargin=\skip50

For additional information on amsmath, use the `?' option.
(/usr/local/texlive/2024/texmf-dist/tex/latex/amsmath/amstext.sty
Package: amstext 2021/08/26 v2.01 AMS text

(/usr/local/texlive/2024/texmf-dist/tex/latex/amsmath/amsgen.sty
File: amsgen.sty 1999/11/30 v2.0 generic functions
\@emptytoks=\toks18
\ex@=\dimen141
))
(/usr/local/texlive/2024/texmf-dist/tex/latex/amsmath/amsbsy.sty
Package: amsbsy 1999/11/29 v1.2d Bold Symbols
\pmbraise@=\dimen142
)
(/usr/local/texlive/2024/texmf-dist/tex/latex/amsmath/amsopn.sty
Package: amsopn 2022/04/08 v2.04 operator names
)
\inf@bad=\count197
LaTeX Info: Redefining \frac on input line 234.
\uproot@=\count198
\leftroot@=\count199
LaTeX Info: Redefining \overline on input line 399.
LaTeX Info: Redefining \colon on input line 410.
\classnum@=\count266
\DOTSCASE@=\count267
LaTeX Info: Redefining \ldots on input line 496.
LaTeX Info: Redefining \dots on input line 499.
LaTeX Info: Redefining \cdots on input line 620.
\Mathstrutbox@=\box51
\strutbox@=\box52
LaTeX Info: Redefining \big on input line 722.
LaTeX Info: Redefining \Big on input line 723.
LaTeX Info: Redefining \bigg on input line 724.
LaTeX Info: Redefining \Bigg on input line 725.
\big@size=\dimen143
LaTeX Font Info:    Redeclaring font encoding OML on input line 743.
LaTeX Font Info:    Redeclaring font encoding OMS on input line 744.
\macc@depth=\count268
LaTeX Info: Redefining \bmod on input line 905.
LaTeX Info: Redefining \pmod on input line 910.
LaTeX Info: Redefining \smash on input line 940.
LaTeX Info: Redefining \relbar on input line 970.
LaTeX Info: Redefining \Relbar on input line 971.
\c@MaxMatrixCols=\count269
\dotsspace@=\muskip16
\c@parentequation=\count270
\dspbrk@lvl=\count271
\tag@help=\toks19
\row@=\count272
\column@=\count273
\maxfields@=\count274
\andhelp@=\toks20
\eqnshift@=\dimen144
\alignsep@=\dimen145
\tagshift@=\dimen146
\tagwidth@=\dimen147
\totwidth@=\dimen148
\lineht@=\dimen149
\@envbody=\toks21
\multlinegap=\skip51
\multlinetaggap=\skip52
\mathdisplay@stack=\toks22
LaTeX Info: Redefining \[ on input line 2953.
LaTeX Info: Redefining \] on input line 2954.
)
(/usr/local/texlive/2024/texmf-dist/tex/latex/amscls/amsthm.sty
Package: amsthm 2020/05/29 v2.20.6
\thm@style=\toks23
\thm@bodyfont=\toks24
\thm@headfont=\toks25
\thm@notefont=\toks26
\thm@headpunct=\toks27
\thm@preskip=\skip53
\thm@postskip=\skip54
\thm@headsep=\skip55
\dth@everypar=\toks28
)
(/usr/local/texlive/2024/texmf-dist/tex/latex/fancyhdr/fancyhdr.sty
Package: fancyhdr 2022/11/09 v4.1 Extensive control of page headers and footers

\f@nch@headwidth=\skip56
\f@nch@O@elh=\skip57
\f@nch@O@erh=\skip58
\f@nch@O@olh=\skip59
\f@nch@O@orh=\skip60
\f@nch@O@elf=\skip61
\f@nch@O@erf=\skip62
\f@nch@O@olf=\skip63
\f@nch@O@orf=\skip64
)
(/usr/local/texlive/2024/texmf-dist/tex/latex/supertabular/supertabular.sty
Package: supertabular 2020/02/02 v4.1g the supertabular environment
\c@tracingst=\count275
\ST@wd=\dimen150
\ST@rightskip=\skip65
\ST@leftskip=\skip66
\ST@parfillskip=\skip67
\ST@pageleft=\dimen151
\ST@headht=\dimen152
\ST@tailht=\dimen153
\ST@pagesofar=\dimen154
\ST@pboxht=\dimen155
\ST@lineht=\dimen156
\ST@prevht=\dimen157
\ST@toadd=\dimen158
\ST@dimen=\dimen159
\ST@pbox=\box53
)
(/usr/local/texlive/2024/texmf-dist/tex/latex/tools/longtable.sty
Package: longtable 2023-11-01 v4.19 Multi-page Table package (DPC)
\LTleft=\skip68
\LTright=\skip69
\LTpre=\skip70
\LTpost=\skip71
\LTchunksize=\count276
\LTcapwidth=\dimen160
\LT@head=\box54
\LT@firsthead=\box55
\LT@foot=\box56
\LT@lastfoot=\box57
\LT@gbox=\box58
\LT@cols=\count277
\LT@rows=\count278
\c@LT@tables=\count279
\c@LT@chunks=\count280
\LT@p@ftn=\toks29
)
(/usr/local/texlive/2024/texmf-dist/tex/latex/tools/hhline.sty
Package: hhline 2020/01/04 v2.04 Table rule package (DPC)
)
(/usr/local/texlive/2024/texmf-dist/tex/latex/mathtools/mathtools.sty
Package: mathtools 2024/03/11 v1.30 mathematical typesetting tools

(/usr/local/texlive/2024/texmf-dist/tex/latex/graphics/keyval.sty
Package: keyval 2022/05/29 v1.15 key=value parser (DPC)
\KV@toks@=\toks30
)
(/usr/local/texlive/2024/texmf-dist/tex/latex/tools/calc.sty
Package: calc 2023/07/08 v4.3 Infix arithmetic (KKT,FJ)
\calc@Acount=\count281
\calc@Bcount=\count282
\calc@Adimen=\dimen161
\calc@Bdimen=\dimen162
\calc@Askip=\skip72
\calc@Bskip=\skip73
LaTeX Info: Redefining \setlength on input line 80.
LaTeX Info: Redefining \addtolength on input line 81.
\calc@Ccount=\count283
\calc@Cskip=\skip74
)
(/usr/local/texlive/2024/texmf-dist/tex/latex/mathtools/mhsetup.sty
Package: mhsetup 2021/03/18 v1.4 programming setup (MH)
)
\g_MT_multlinerow_int=\count284
\l_MT_multwidth_dim=\dimen163
\origjot=\skip75
\l_MT_shortvdotswithinadjustabove_dim=\dimen164
\l_MT_shortvdotswithinadjustbelow_dim=\dimen165
\l_MT_above_intertext_sep=\dimen166
\l_MT_below_intertext_sep=\dimen167
\l_MT_above_shortintertext_sep=\dimen168
\l_MT_below_shortintertext_sep=\dimen169
\xmathstrut@box=\box59
\xmathstrut@dim=\dimen170
)
(/usr/local/texlive/2024/texmf-dist/tex/latex/colortbl/colortbl.sty
Package: colortbl 2024/02/20 v1.0g Color table columns (DPC)

(/usr/local/texlive/2024/texmf-dist/tex/latex/tools/array.sty
Package: array 2023/10/16 v2.5g Tabular extension package (FMi)
\col@sep=\dimen171
\ar@mcellbox=\box60
\extrarowheight=\dimen172
\NC@list=\toks31
\extratabsurround=\skip76
\backup@length=\skip77
\ar@cellbox=\box61
)
(/usr/local/texlive/2024/texmf-dist/tex/latex/graphics/color.sty
Package: color 2022/01/06 v1.3d Standard LaTeX Color (DPC)

(/usr/local/texlive/2024/texmf-dist/tex/latex/graphics-cfg/color.cfg
File: color.cfg 2016/01/02 v1.6 sample color configuration
)
Package color Info: Driver file: pdftex.def on input line 149.

(/usr/local/texlive/2024/texmf-dist/tex/latex/graphics-def/pdftex.def
File: pdftex.def 2022/09/22 v1.2b Graphics/color driver for pdftex
)
(/usr/local/texlive/2024/texmf-dist/tex/latex/graphics/mathcolor.ltx))
\everycr=\toks32
\minrowclearance=\skip78
\rownum=\count285
)
(/usr/local/texlive/2024/texmf-dist/tex/latex/import/import.sty
Package: import 2020/04/01  v 6.2
)
(/usr/local/texlive/2024/texmf-dist/tex/latex/tools/multicol.sty
Package: multicol 2023/03/30 v1.9f multicolumn formatting (FMi)
\c@tracingmulticols=\count286
\mult@box=\box62
\multicol@leftmargin=\dimen173
\c@unbalance=\count287
\c@collectmore=\count288
\doublecol@number=\count289
\multicoltolerance=\count290
\multicolpretolerance=\count291
\full@width=\dimen174
\page@free=\dimen175
\premulticols=\dimen176
\postmulticols=\dimen177
\multicolsep=\skip79
\multicolbaselineskip=\skip80
\partial@page=\box63
\last@line=\box64
\mc@boxedresult=\box65
\maxbalancingoverflow=\dimen178
\mult@rightbox=\box66
\mult@grightbox=\box67
\mult@firstbox=\box68
\mult@gfirstbox=\box69
\@tempa=\box70
\@tempa=\box71
\@tempa=\box72
\@tempa=\box73
\@tempa=\box74
\@tempa=\box75
\@tempa=\box76
\@tempa=\box77
\@tempa=\box78
\@tempa=\box79
\@tempa=\box80
\@tempa=\box81
\@tempa=\box82
\@tempa=\box83
\@tempa=\box84
\@tempa=\box85
\@tempa=\box86
\@tempa=\box87
\@tempa=\box88
\@tempa=\box89
\@tempa=\box90
\@tempa=\box91
\@tempa=\box92
\@tempa=\box93
\@tempa=\box94
\@tempa=\box95
\@tempa=\box96
\@tempa=\box97
\@tempa=\box98
\@tempa=\box99
\@tempa=\box100
\@tempa=\box101
\@tempa=\box102
\@tempa=\box103
\@tempa=\box104
\@tempa=\box105
\c@minrows=\count292
\c@columnbadness=\count293
\c@finalcolumnbadness=\count294
\last@try=\dimen179
\multicolovershoot=\dimen180
\multicolundershoot=\dimen181
\mult@nat@firstbox=\box106
\colbreak@box=\box107
\mc@col@check@num=\count295
)
(/usr/local/texlive/2024/texmf-dist/tex/latex/boxedminipage/boxedminipage.sty
Package: boxedminipage 2020/04/19 v1.1 Boxed LaTeX2e minipages
\bmp@box=\box108
\bmp@width=\skip81
\bmp@height=\skip82
)
(/usr/local/texlive/2024/texmf-dist/tex/latex/chapterfolder/chapterfolder.sty
Package: chapterfolder 2005/11/24 v2.0 Package for dealing with folder

(/usr/local/texlive/2024/texmf-dist/tex/latex/base/ifthen.sty
Package: ifthen 2022/04/13 v1.1d Standard LaTeX ifthen package (DPC)
)
\c@@cf@currentpos=\count296
)
(/usr/local/texlive/2024/texmf-dist/tex/generic/mfpic/mfpic.sty
Package: mfpic 2012/12/03 v1.10. Macros for drawing with Metafont/MetaPost.

(/usr/local/texlive/2024/texmf-dist/tex/generic/mfpic/mfpic.tex
(/usr/local/texlive/2024/texmf-dist/tex/latex/graphics/graphics.sty
Package: graphics 2022/03/10 v1.4e Standard LaTeX Graphics (DPC,SPQR)

(/usr/local/texlive/2024/texmf-dist/tex/latex/graphics/trig.sty
Package: trig 2021/08/11 v1.11 sin cos tan (DPC)
)
(/usr/local/texlive/2024/texmf-dist/tex/latex/graphics-cfg/graphics.cfg
File: graphics.cfg 2016/06/04 v1.11 sample graphics configuration
)
Package graphics Info: Driver file: pdftex.def on input line 107.
)
\mfp@out=\write3
\mfp@graph=\read2
\mfp@count=\count297
\mfp@linetype=\count298
\mfp@sequence=\count299
\mfp@toks=\toks33
\mfp@verbtex=\toks34
\mfp@fdc=\count300
\@wholegraph=\box109
\@textbox=\box110
\@alltlabels=\box111
\@backtext=\box112
\@tlabelstop=\fontdimen 23\mfp@dummy 
\@tlabelsbot=\fontdimen 24\mfp@dummy 
\@tlabelsleft=\fontdimen 25\mfp@dummy 
\@graphright=\fontdimen 26\mfp@dummy 
\@graphleft=\fontdimen 27\mfp@dummy 
\@graphtop=\fontdimen 28\mfp@dummy 
\@graphbot=\fontdimen 29\mfp@dummy 
\tb@raise=\fontdimen 30\mfp@dummy 
\tb@moveright=\fontdimen 31\mfp@dummy 
\tb@totalht=\fontdimen 32\mfp@dummy 
\tlabel@hadj=\fontdimen 33\mfp@dummy 
\tlabel@vadj=\fontdimen 34\mfp@dummy 
\tlabel@sep=\fontdimen 35\mfp@dummy 
\tlpath@sep=\fontdimen 36\mfp@dummy 
\mfpicunit=\fontdimen 37\mfp@dummy 
\@mfpicunit=\fontdimen 38\mfp@dummy 
\pointsize=\fontdimen 39\mfp@dummy 
\shadespace=\fontdimen 40\mfp@dummy 
\polkadotspace=\fontdimen 41\mfp@dummy 
\hatchspace=\fontdimen 42\mfp@dummy 
\headlen=\fontdimen 43\mfp@dummy 
\axisheadlen=\fontdimen 44\mfp@dummy 
\sideheadlen=\fontdimen 45\mfp@dummy 
\hashlen=\fontdimen 46\mfp@dummy 
\dashlen=\fontdimen 47\mfp@dummy 
\dashspace=\fontdimen 48\mfp@dummy 
\dotsize=\fontdimen 49\mfp@dummy 
\griddotsize=\fontdimen 50\mfp@dummy 
\dotspace=\fontdimen 51\mfp@dummy 
\symbolspace=\fontdimen 52\mfp@dummy 
\mfp@scratch=\dimen182
\mfpframesep=\dimen183
\mfpframethickness=\dimen184
\mfpicheight=\dimen185
\mfpicwidth=\dimen186
\mfpiccaptionskip=\skip83
\tl@vpos=\count301
\tl@hpos=\count302
\mfp@commentchar=\count303
))
(/usr/local/texlive/2024/texmf-dist/tex/latex/graphics/graphicx.sty
Package: graphicx 2021/09/16 v1.2d Enhanced LaTeX Graphics (DPC,SPQR)
\Gin@req@height=\dimen187
\Gin@req@width=\dimen188
)
(/usr/local/texlive/2024/texmf-dist/tex/latex/base/makeidx.sty
Package: makeidx 2021/10/04 v1.0m Standard LaTeX package
)
(/usr/local/texlive/2024/texmf-dist/tex/latex/hyperref/hyperref.sty
Package: hyperref 2024-01-20 v7.01h Hypertext links for LaTeX

(/usr/local/texlive/2024/texmf-dist/tex/generic/iftex/iftex.sty
Package: iftex 2022/02/03 v1.0f TeX engine tests
)
(/usr/local/texlive/2024/texmf-dist/tex/latex/kvsetkeys/kvsetkeys.sty
Package: kvsetkeys 2022-10-05 v1.19 Key value parser (HO)
)
(/usr/local/texlive/2024/texmf-dist/tex/generic/kvdefinekeys/kvdefinekeys.sty
Package: kvdefinekeys 2019-12-19 v1.6 Define keys (HO)
)
(/usr/local/texlive/2024/texmf-dist/tex/generic/pdfescape/pdfescape.sty
Package: pdfescape 2019/12/09 v1.15 Implements pdfTeX's escape features (HO)

(/usr/local/texlive/2024/texmf-dist/tex/generic/ltxcmds/ltxcmds.sty
Package: ltxcmds 2023-12-04 v1.26 LaTeX kernel commands for general use (HO)
)
(/usr/local/texlive/2024/texmf-dist/tex/generic/pdftexcmds/pdftexcmds.sty
Package: pdftexcmds 2020-06-27 v0.33 Utility functions of pdfTeX for LuaTeX (HO
)

(/usr/local/texlive/2024/texmf-dist/tex/generic/infwarerr/infwarerr.sty
Package: infwarerr 2019/12/03 v1.5 Providing info/warning/error messages (HO)
)
Package pdftexcmds Info: \pdf@primitive is available.
Package pdftexcmds Info: \pdf@ifprimitive is available.
Package pdftexcmds Info: \pdfdraftmode found.
))
(/usr/local/texlive/2024/texmf-dist/tex/latex/hycolor/hycolor.sty
Package: hycolor 2020-01-27 v1.10 Color options for hyperref/bookmark (HO)
)
(/usr/local/texlive/2024/texmf-dist/tex/latex/auxhook/auxhook.sty
Package: auxhook 2019-12-17 v1.6 Hooks for auxiliary files (HO)
)
(/usr/local/texlive/2024/texmf-dist/tex/latex/hyperref/nameref.sty
Package: nameref 2023-11-26 v2.56 Cross-referencing by name of section

(/usr/local/texlive/2024/texmf-dist/tex/latex/refcount/refcount.sty
Package: refcount 2019/12/15 v3.6 Data extraction from label references (HO)
)
(/usr/local/texlive/2024/texmf-dist/tex/generic/gettitlestring/gettitlestring.s
ty
Package: gettitlestring 2019/12/15 v1.6 Cleanup title references (HO)
 (/usr/local/texlive/2024/texmf-dist/tex/latex/kvoptions/kvoptions.sty
Package: kvoptions 2022-06-15 v3.15 Key value format for package options (HO)
))
\c@section@level=\count304
)
(/usr/local/texlive/2024/texmf-dist/tex/latex/etoolbox/etoolbox.sty
Package: etoolbox 2020/10/05 v2.5k e-TeX tools for LaTeX (JAW)
\etb@tempcnta=\count305
)
\@linkdim=\dimen189
\Hy@linkcounter=\count306
\Hy@pagecounter=\count307

(/usr/local/texlive/2024/texmf-dist/tex/latex/hyperref/pd1enc.def
File: pd1enc.def 2024-01-20 v7.01h Hyperref: PDFDocEncoding definition (HO)
Now handling font encoding PD1 ...
... no UTF-8 mapping file for font encoding PD1
)
(/usr/local/texlive/2024/texmf-dist/tex/generic/intcalc/intcalc.sty
Package: intcalc 2019/12/15 v1.3 Expandable calculations with integers (HO)
)
\Hy@SavedSpaceFactor=\count308

(/usr/local/texlive/2024/texmf-dist/tex/latex/hyperref/puenc.def
File: puenc.def 2024-01-20 v7.01h Hyperref: PDF Unicode definition (HO)
Now handling font encoding PU ...
... no UTF-8 mapping file for font encoding PU
)
Package hyperref Info: Option `colorlinks' set `true' on input line 4062.
Package hyperref Info: Option `hyperindex' set `true' on input line 4062.
Package hyperref Info: Option `plainpages' set `false' on input line 4062.
Package hyperref Info: Option `pdfpagelabels' set `true' on input line 4062.
Package hyperref Info: Hyper figures OFF on input line 4179.
Package hyperref Info: Link nesting OFF on input line 4184.
Package hyperref Info: Hyper index ON on input line 4187.
Package hyperref Info: Plain pages OFF on input line 4194.
Package hyperref Info: Backreferencing OFF on input line 4199.
Package hyperref Info: Implicit mode ON; LaTeX internals redefined.
Package hyperref Info: Bookmarks ON on input line 4446.
\c@Hy@tempcnt=\count309

(/usr/local/texlive/2024/texmf-dist/tex/latex/url/url.sty
\Urlmuskip=\muskip17
Package: url 2013/09/16  ver 3.4  Verb mode for urls, etc.
)
LaTeX Info: Redefining \url on input line 4784.
\XeTeXLinkMargin=\dimen190

(/usr/local/texlive/2024/texmf-dist/tex/generic/bitset/bitset.sty
Package: bitset 2019/12/09 v1.3 Handle bit-vector datatype (HO)

(/usr/local/texlive/2024/texmf-dist/tex/generic/bigintcalc/bigintcalc.sty
Package: bigintcalc 2019/12/15 v1.5 Expandable calculations on big integers (HO
)
))
\Fld@menulength=\count310
\Field@Width=\dimen191
\Fld@charsize=\dimen192
Package hyperref Info: Hyper figures OFF on input line 6063.
Package hyperref Info: Link nesting OFF on input line 6068.
Package hyperref Info: Hyper index ON on input line 6071.
Package hyperref Info: backreferencing OFF on input line 6078.
Package hyperref Info: Link coloring ON on input line 6081.
Package hyperref Info: Link coloring with OCG OFF on input line 6088.
Package hyperref Info: PDF/A mode OFF on input line 6093.

(/usr/local/texlive/2024/texmf-dist/tex/latex/base/atbegshi-ltx.sty
Package: atbegshi-ltx 2021/01/10 v1.0c Emulation of the original atbegshi
package with kernel methods
)
\Hy@abspage=\count311
\c@Item=\count312
\c@Hfootnote=\count313
)
Package hyperref Info: Driver (autodetected): hpdftex.

(/usr/local/texlive/2024/texmf-dist/tex/latex/hyperref/hpdftex.def
File: hpdftex.def 2024-01-20 v7.01h Hyperref driver for pdfTeX

(/usr/local/texlive/2024/texmf-dist/tex/latex/base/atveryend-ltx.sty
Package: atveryend-ltx 2020/08/19 v1.0a Emulation of the original atveryend pac
kage
with kernel methods
)
\Fld@listcount=\count314
\c@bookmark@seq@number=\count315

(/usr/local/texlive/2024/texmf-dist/tex/latex/rerunfilecheck/rerunfilecheck.sty
Package: rerunfilecheck 2022-07-10 v1.10 Rerun checks for auxiliary files (HO)

(/usr/local/texlive/2024/texmf-dist/tex/generic/uniquecounter/uniquecounter.sty
Package: uniquecounter 2019/12/15 v1.4 Provide unlimited unique counter (HO)
)
Package uniquecounter Info: New unique counter `rerunfilecheck' on input line 2
85.
)
\Hy@SectionHShift=\skip84
) (/usr/local/texlive/2024/texmf-dist/tex/latex/oberdiek/hypcap.sty
Package: hypcap 2016/05/16 v1.12 Adjusting the anchors of captions (HO)

(/usr/local/texlive/2024/texmf-dist/tex/latex/letltxmacro/letltxmacro.sty
Package: letltxmacro 2019/12/03 v1.6 Let assignment for LaTeX macros (HO)
))
(/usr/local/texlive/2024/texmf-dist/tex/latex/cancel/cancel.sty
Package: cancel 2013/04/12 v2.2 Cancel math terms
)
(/usr/local/texlive/2024/texmf-dist/tex/latex/sectsty/sectsty.sty
Package: sectsty 2002/02/25 v2.0.2 Commands to change all sectional heading sty
les


LaTeX Warning: Command \underbar  has changed.
               Check if current package is valid.


LaTeX Warning: Command \underline  has changed.
               Check if current package is valid.

) (/usr/local/texlive/2024/texmf-dist/tex/latex/base/textcomp.sty
Package: textcomp 2020/02/02 v2.0n Standard LaTeX package
)
\c@defn=\count316
\c@thm=\count317
\c@eqn=\count318
\c@ex=\count319
\c@fig=\count320

(/usr/local/texlive/2024/texmf-dist/tex/latex/psnfss/helvet.sty
Package: helvet 2020/03/25 PSNFSS-v9.3 (WaS) 
)
(/usr/local/texlive/2024/texmf-dist/tex/latex/sfmath/sfmath.sty
Package: sfmath 2007/08/27 v0.8 sans serif maths
LaTeX Font Info:    Overwriting symbol font `operators' in version `normal'
(Font)                  OT1/cmr/m/n --> OT1/phv/m/n on input line 329.
LaTeX Font Info:    Overwriting symbol font `operators' in version `bold'
(Font)                  OT1/cmr/bx/n --> OT1/phv/bx/n on input line 330.
\symSFMath=\mathgroup6
LaTeX Font Info:    Overwriting symbol font `SFMath' in version `normal'
(Font)                  OT1/phv/m/sl --> OT1/phv/m/sl on input line 343.
LaTeX Font Info:    Overwriting symbol font `SFMath' in version `bold'
(Font)                  OT1/phv/m/sl --> OT1/phv/bx/sl on input line 344.
LaTeX Font Info:    Redeclaring math symbol \imath on input line 398.
LaTeX Font Info:    Redeclaring math symbol \jmath on input line 399.
\symSFMathUp=\mathgroup7
LaTeX Font Info:    Overwriting symbol font `SFMathUp' in version `normal'
(Font)                  OT1/phv/m/n --> OT1/phv/m/n on input line 406.
LaTeX Font Info:    Overwriting symbol font `SFMathUp' in version `bold'
(Font)                  OT1/phv/m/n --> OT1/phv/bx/n on input line 407.
LaTeX Font Info:    Redeclaring math symbol \ldotp on input line 410.
\symSFMathGreek=\mathgroup8
LaTeX Font Info:    Overwriting symbol font `SFMathGreek' in version `normal'
(Font)                  OT1/cmss/m/n --> OT1/cmss/m/n on input line 419.
LaTeX Font Info:    Overwriting symbol font `SFMathGreek' in version `bold'
(Font)                  OT1/cmss/m/n --> OT1/cmss/bx/n on input line 420.
LaTeX Font Info:    Redeclaring math symbol \Gamma on input line 422.
LaTeX Font Info:    Redeclaring math symbol \Delta on input line 423.
LaTeX Font Info:    Redeclaring math symbol \Theta on input line 424.
LaTeX Font Info:    Redeclaring math symbol \Lambda on input line 425.
LaTeX Font Info:    Redeclaring math symbol \Xi on input line 426.
LaTeX Font Info:    Redeclaring math symbol \Pi on input line 427.
LaTeX Font Info:    Redeclaring math symbol \Sigma on input line 428.
LaTeX Font Info:    Redeclaring math symbol \Upsilon on input line 429.
LaTeX Font Info:    Redeclaring math symbol \Phi on input line 430.
LaTeX Font Info:    Redeclaring math symbol \Psi on input line 431.
LaTeX Font Info:    Redeclaring math symbol \Omega on input line 432.
\symSFMathUpGreek=\mathgroup9
LaTeX Font Info:    Overwriting symbol font `SFMathUpGreek' in version `normal'

(Font)                  OT1/cmss/m/n --> OT1/cmss/m/n on input line 436.
LaTeX Font Info:    Overwriting symbol font `SFMathUpGreek' in version `bold'
(Font)                  OT1/cmss/m/n --> OT1/cmss/bx/n on input line 437.
LaTeX Font Info:    Overwriting math alphabet `\mathnormal' in version `normal'

(Font)                  OML/cmm/m/it --> OT1/phv/m/sl on input line 446.
LaTeX Font Info:    Overwriting math alphabet `\mathnormal' in version `bold'
(Font)                  OML/cmm/b/it --> OT1/phv/bx/sl on input line 447.
LaTeX Font Info:    Overwriting math alphabet `\mathrm' in version `normal'
(Font)                  OT1/phv/m/n --> OT1/phv/m/n on input line 449.
LaTeX Font Info:    Overwriting math alphabet `\mathrm' in version `bold'
(Font)                  OT1/phv/bx/n --> OT1/phv/bx/n on input line 450.
LaTeX Font Info:    Overwriting math alphabet `\mathbf' in version `normal'
(Font)                  OT1/cmr/bx/n --> OT1/phv/bx/n on input line 452.
LaTeX Font Info:    Overwriting math alphabet `\mathbf' in version `bold'
(Font)                  OT1/cmr/bx/n --> OT1/phv/bx/n on input line 453.
LaTeX Font Info:    Overwriting math alphabet `\mathit' in version `normal'
(Font)                  OT1/cmr/m/it --> OT1/phv/m/sl on input line 455.
LaTeX Font Info:    Overwriting math alphabet `\mathit' in version `bold'
(Font)                  OT1/cmr/bx/it --> OT1/phv/bx/sl on input line 456.
LaTeX Font Info:    Overwriting math alphabet `\mathsf' in version `normal'
(Font)                  OT1/cmss/m/n --> OT1/phv/m/n on input line 458.
LaTeX Font Info:    Overwriting math alphabet `\mathsf' in version `bold'
(Font)                  OT1/cmss/bx/n --> OT1/phv/bx/n on input line 459.
LaTeX Font Info:    Overwriting math alphabet `\mathsl' in version `bold'
(Font)                  OT1/phv/m/sl --> OT1/phv/bx/sl on input line 466.
)
LaTeX Font Info:    Trying to load font information for OT1+phv on input line 4
9.

(/usr/local/texlive/2024/texmf-dist/tex/latex/psnfss/ot1phv.fd
File: ot1phv.fd 2020/03/25 scalable font definitions for OT1/phv.
)
LaTeX Font Info:    Font shape `OT1/phv/m/n' will be
(Font)              scaled to size 10.07397pt on input line 49.

(/usr/local/texlive/2024/texmf-dist/tex/latex/l3backend/l3backend-pdftex.def
File: l3backend-pdftex.def 2024-02-20 L3 backend support: PDF output (pdfTeX)
\l__color_backend_stack_int=\count321
\l__pdf_internal_box=\box113
)
(./CompilerIntroductiontoFunctions.aux (./IntroductiontoFunctions.aux))
\openout1 = `CompilerIntroductiontoFunctions.aux'.

LaTeX Font Info:    Checking defaults for OML/cmm/m/it on input line 49.
LaTeX Font Info:    ... okay on input line 49.
LaTeX Font Info:    Checking defaults for OMS/cmsy/m/n on input line 49.
LaTeX Font Info:    ... okay on input line 49.
LaTeX Font Info:    Checking defaults for OT1/cmr/m/n on input line 49.
LaTeX Font Info:    ... okay on input line 49.
LaTeX Font Info:    Checking defaults for T1/cmr/m/n on input line 49.
LaTeX Font Info:    ... okay on input line 49.
LaTeX Font Info:    Checking defaults for TS1/cmr/m/n on input line 49.
LaTeX Font Info:    ... okay on input line 49.
LaTeX Font Info:    Checking defaults for OMX/cmex/m/n on input line 49.
LaTeX Font Info:    ... okay on input line 49.
LaTeX Font Info:    Checking defaults for U/cmr/m/n on input line 49.
LaTeX Font Info:    ... okay on input line 49.
LaTeX Font Info:    Checking defaults for PD1/pdf/m/n on input line 49.
LaTeX Font Info:    ... okay on input line 49.
LaTeX Font Info:    Checking defaults for PU/pdf/m/n on input line 49.
LaTeX Font Info:    ... okay on input line 49.

(/usr/local/texlive/2024/texmf-dist/tex/context/base/mkii/supp-pdf.mkii
[Loading MPS to PDF converter (version 2006.09.02).]
\scratchcounter=\count322
\scratchdimen=\dimen193
\scratchbox=\box114
\nofMPsegments=\count323
\nofMParguments=\count324
\everyMPshowfont=\toks35
\MPscratchCnt=\count325
\MPscratchDim=\dimen194
\MPnumerator=\count326
\makeMPintoPDFobject=\count327
\everyMPtoPDFconversion=\toks36
) (/usr/local/texlive/2024/texmf-dist/tex/latex/epstopdf-pkg/epstopdf-base.sty
Package: epstopdf-base 2020-01-24 v2.11 Base part for package epstopdf

(/usr/local/texlive/2024/texmf-dist/tex/latex/grfext/grfext.sty
Package: grfext 2019/12/03 v1.3 Manage graphics extensions (HO)
)
Package epstopdf-base Info: Redefining graphics rule for `.eps' on input line 4
85.
Package grfext Info: Graphics extension search list:
(grfext)             [.pdf,.png,.jpg,.mps,.jpeg,.jbig2,.jb2,.PDF,.PNG,.JPG,.JPE
G,.JBIG2,.JB2,.eps]
(grfext)             \AppendGraphicsExtensions on input line 504.

(/usr/local/texlive/2024/texmf-dist/tex/latex/latexconfig/epstopdf-sys.cfg
File: epstopdf-sys.cfg 2010/07/13 v1.3 Configuration of (r)epstopdf for TeX Liv
e
))
Package hyperref Info: Link coloring ON on input line 49.

(./CompilerIntroductiontoFunctions.out) (./CompilerIntroductiontoFunctions.out)
\@outlinefile=\write4
\openout4 = `CompilerIntroductiontoFunctions.out'.

\c@HW=\count328
\c@HWindent=\count329
Chapter 1.
LaTeX Font Info:    Font shape `OT1/phv/m/n' will be
(Font)              scaled to size 19.08076pt on input line 54.
LaTeX Font Info:    Font shape `OT1/phv/b/n' will be
(Font)              scaled to size 19.08076pt on input line 54.
LaTeX Font Info:    Font shape `OT1/phv/m/n' will be
(Font)              scaled to size 22.88956pt on input line 54.
LaTeX Font Info:    Font shape `OT1/phv/b/n' will be
(Font)              scaled to size 22.88956pt on input line 54.
LaTeX Font Info:    Font shape `OT1/phv/m/sc' will be
(Font)              scaled to size 22.88956pt on input line 54.
[1


{/usr/local/texlive/2024/texmf-var/fonts/map/pdftex/updmap/pdftex.map}{/usr/loc
al/texlive/2024/texmf-dist/fonts/enc/dvips/base/8r.enc}]
\openout2 = `IntroductiontoFunctions.aux'.


(./IntroductiontoFunctions.tex
LaTeX Font Info:    Font shape `OT1/phv/m/n' will be
(Font)              scaled to size 13.24796pt on input line 1.
LaTeX Font Info:    Font shape `OT1/phv/b/n' will be
(Font)              scaled to size 13.24796pt on input line 1.
 (./FunctionsandtheirRepresentations.tex

Mfpic: Initializing FunctionsandtheirRepresentations.mp.
\openout3 = `FunctionsandtheirRepresentations.mp'.

Mfpic: Don't forget to process FunctionsandtheirRepresentations.mp!
Mfpic: Apply metapost to FunctionsandtheirRepresentations.mp.
Mfpic: Then reprocess this file "CompilerIntroductiontoFunctions".

LaTeX Font Info:    Font shape `OT1/phv/m/n' will be
(Font)              scaled to size 11.03998pt on input line 10.
LaTeX Font Info:    Font shape `OT1/phv/b/n' will be
(Font)              scaled to size 11.03998pt on input line 10.
LaTeX Font Info:    Font shape `OT1/phv/b/n' will be
(Font)              scaled to size 10.07397pt on input line 30.
LaTeX Font Info:    Font shape `OT1/phv/m/sc' will be
(Font)              scaled to size 10.07397pt on input line 30.
LaTeX Font Info:    Font shape `OT1/phv/m/n' will be
(Font)              scaled to size 7.35999pt on input line 30.
LaTeX Font Info:    Font shape `OT1/phv/m/n' will be
(Font)              scaled to size 5.51999pt on input line 30.
LaTeX Font Info:    Trying to load font information for U+msa on input line 30.

(/usr/local/texlive/2024/texmf-dist/tex/latex/amsfonts/umsa.fd
File: umsa.fd 2013/01/14 v3.01 AMS symbols A
)
LaTeX Font Info:    Trying to load font information for U+msb on input line 30.


(/usr/local/texlive/2024/texmf-dist/tex/latex/amsfonts/umsb.fd
File: umsb.fd 2013/01/14 v3.01 AMS symbols B
)
LaTeX Font Info:    Font shape `OT1/phv/m/sl' will be
(Font)              scaled to size 10.07397pt on input line 30.
LaTeX Font Info:    Font shape `OT1/phv/m/sl' will be
(Font)              scaled to size 7.35999pt on input line 30.
LaTeX Font Info:    Font shape `OT1/phv/m/sl' will be
(Font)              scaled to size 5.51999pt on input line 30.
LaTeX Font Info:    Font shape `OT1/phv/m/it' in size <8> not available
(Font)              Font shape `OT1/phv/m/sl' tried instead on input line 30.
LaTeX Font Info:    Font shape `OT1/phv/m/sl' will be
(Font)              scaled to size 7.35999pt on input line 30.
LaTeX Font Info:    Font shape `OT1/phv/m/n' will be
(Font)              scaled to size 8.27998pt on input line 30.
LaTeX Font Info:    Font shape `OT1/phv/m/n' will be
(Font)              scaled to size 4.59999pt on input line 30.
LaTeX Font Info:    Font shape `OT1/phv/m/sl' will be
(Font)              scaled to size 8.27998pt on input line 30.
LaTeX Font Info:    Font shape `OT1/phv/m/sl' will be
(Font)              scaled to size 4.59999pt on input line 30.
LaTeX Font Info:    Font shape `OT1/phv/m/it' in size <6> not available
(Font)              Font shape `OT1/phv/m/sl' tried instead on input line 30.
LaTeX Font Info:    Font shape `OT1/phv/m/sl' will be
(Font)              scaled to size 5.51999pt on input line 30.
LaTeX Font Info:    Font shape `OT1/phv/b/n' will be
(Font)              scaled to size 8.27998pt on input line 30.


LaTeX Warning: Reference `AppSetTheory' on page 2 undefined on input line 30.

File: FunctionsandtheirRepresentations.1 Graphic file (type mps)
[MP to PDF] (./FunctionsandtheirRepresentations.1)
File: FunctionsandtheirRepresentations.2 Graphic file (type mps)
 [MP to PDF]
(./FunctionsandtheirRepresentations.2) [2

]

LaTeX Warning: Reference `AppSetTheory' on page 3 undefined on input line 95.

LaTeX Font Info:    Trying to load font information for TS1+phv on input line 1
26.
(/usr/local/texlive/2024/texmf-dist/tex/latex/psnfss/ts1phv.fd
File: ts1phv.fd 2020/03/25 scalable font definitions for TS1/phv.
)
LaTeX Font Info:    Font shape `TS1/phv/m/n' will be
(Font)              scaled to size 10.07397pt on input line 126.
File: FunctionsandtheirRepresentations.3 Graphic file (type mps)
 [MP to PDF]
(./FunctionsandtheirRepresentations.3)
Underfull \vbox (badness 10000) has occurred while \output is active []

 [3]
[4] [5] [6] [7] [8]

LaTeX Warning: Reference `AppFactoring' on page 9 undefined on input line 434.

[9]

LaTeX Warning: Reference `AppRadEqus' on page 10 undefined on input line 491.


LaTeX Warning: Reference `AppRadEqus' on page 10 undefined on input line 501.

[10]

LaTeX Warning: Reference `Relations' on page 11 undefined on input line 531.


LaTeX Warning: Reference `AppCartesianPlane' on page 11 undefined on input line
 536.

[11]
File: FunctionsandtheirRepresentations.4 Graphic file (type mps)
 [MP to PDF] (./FunctionsandtheirRepresentations.4)
File: FunctionsandtheirRepresentations.5 Graphic file (type mps)
 [MP to PDF]
(./FunctionsandtheirRepresentations.5) [12]
File: FunctionsandtheirRepresentations.6 Graphic file (type mps)
 [MP to PDF]
(./FunctionsandtheirRepresentations.6)

LaTeX Warning: Reference `AppSetTheory' on page 13 undefined on input line 644.


File: FunctionsandtheirRepresentations.7 Graphic file (type mps)
[MP to PDF] (./FunctionsandtheirRepresentations.7)
File: FunctionsandtheirRepresentations.8 Graphic file (type mps)
 [MP to PDF]
(./FunctionsandtheirRepresentations.8) [13]
File: FunctionsandtheirRepresentations.9 Graphic file (type mps)
 [MP to PDF]
(./FunctionsandtheirRepresentations.9)
File: FunctionsandtheirRepresentations.10 Graphic file (type mps)
 [MP to PDF]
(./FunctionsandtheirRepresentations.10) [14]
File: FunctionsandtheirRepresentations.11 Graphic file (type mps)
 [MP to PDF]
(./FunctionsandtheirRepresentations.11)
File: FunctionsandtheirRepresentations.12 Graphic file (type mps)
 [MP to PDF]
(./FunctionsandtheirRepresentations.12) [15]
File: FunctionsandtheirRepresentations.13 Graphic file (type mps)
 [MP to PDF]
(./FunctionsandtheirRepresentations.13)

LaTeX Warning: Reference `Relations' on page 16 undefined on input line 918.


LaTeX Warning: Reference `InverseFunctions' on page 16 undefined on input line 
918.

<./FunctionsandtheirRepresentationsGraphics/ParabolaGraph.jpg, id=333, 1880.023
74pt x 1507.6325pt>
File: ./FunctionsandtheirRepresentationsGraphics/ParabolaGraph.jpg Graphic file
 (type jpg)
<use ./FunctionsandtheirRepresentationsGraphics/ParabolaGraph.jpg>
Package pdftex.def Info: ./FunctionsandtheirRepresentationsGraphics/ParabolaGra
ph.jpg  used on input line 937.
(pdftex.def)             Requested size: 216.81pt x 173.84569pt.
File: FunctionsandtheirRepresentations.14 Graphic file (type mps)
[MP to PDF] (./FunctionsandtheirRepresentations.14)
Overfull \hbox (9.8179pt too wide) in paragraph at lines 961--962
[]|[]| 
 []

[16]
File: FunctionsandtheirRepresentations.15 Graphic file (type mps)
 [MP to PDF] (./FunctionsandtheirRepresentations.15)

LaTeX Warning: Reference `girthbox1' on page 17 undefined on input line 997.


LaTeX Warning: Reference `GraphsofPolynomials' on page 17 undefined on input li
ne 997.

[17 <./FunctionsandtheirRepresentationsGraphics/ParabolaGraph.jpg>]
<./FunctionsandtheirRepresentationsGraphics/VolumeEx01.jpg, id=356, 2517.405pt 
x 1521.685pt>
File: ./FunctionsandtheirRepresentationsGraphics/VolumeEx01.jpg Graphic file (t
ype jpg)
<use ./FunctionsandtheirRepresentationsGraphics/VolumeEx01.jpg>
Package pdftex.def Info: ./FunctionsandtheirRepresentationsGraphics/VolumeEx01.
jpg  used on input line 1046.
(pdftex.def)             Requested size: 289.07999pt x 174.72307pt.

Overfull \hbox (8.0126pt too wide) in paragraph at lines 1029--1055
[][] 
 []

[18]
<./FunctionsandtheirRepresentationsGraphics/VolumeEx02.jpg, id=371, 2517.405pt 
x 1517.67pt>
File: ./FunctionsandtheirRepresentationsGraphics/VolumeEx02.jpg Graphic file (t
ype jpg)
<use ./FunctionsandtheirRepresentationsGraphics/VolumeEx02.jpg>
Package pdftex.def Info: ./FunctionsandtheirRepresentationsGraphics/VolumeEx02.
jpg  used on input line 1061.
(pdftex.def)             Requested size: 289.07999pt x 174.26205pt.
 [19 <./FunctionsandtheirRepresentationsGraphics/VolumeEx01.jpg> <./Functionsan
dtheirRepresentationsGraphics/VolumeEx02.jpg>] [20]
(./ExercisesforFunctionsandtheirRepresentations.tex
File: FunctionsandtheirRepresentations.16 Graphic file (type mps)
 [MP to PDF]
(./FunctionsandtheirRepresentations.16)
File: FunctionsandtheirRepresentations.17 Graphic file (type mps)
 [MP to PDF]
(./FunctionsandtheirRepresentations.17) [21] [22]
LaTeX Font Info:    Trying to load font information for OMS+phv on input line 3
68.

(/usr/local/texlive/2024/texmf-dist/tex/latex/psnfss/omsphv.fd
File: omsphv.fd 
)
LaTeX Font Info:    Font shape `OMS/phv/m/n' in size <10.95> not available
(Font)              Font shape `OMS/cmsy/m/n' tried instead on input line 368.


LaTeX Warning: Reference `InverseFunctions' on page 23 undefined on input line 
409.

[23]
File: FunctionsandtheirRepresentations.18 Graphic file (type mps)
 [MP to PDF] (./FunctionsandtheirRepresentations.18)
File: FunctionsandtheirRepresentations.19 Graphic file (type mps)
 [MP to PDF]
(./FunctionsandtheirRepresentations.19)
File: FunctionsandtheirRepresentations.20 Graphic file (type mps)
 [MP to PDF]
(./FunctionsandtheirRepresentations.20)
File: FunctionsandtheirRepresentations.21 Graphic file (type mps)
 [MP to PDF]
(./FunctionsandtheirRepresentations.21)
File: FunctionsandtheirRepresentations.22 Graphic file (type mps)
 [MP to PDF]
(./FunctionsandtheirRepresentations.22)
File: FunctionsandtheirRepresentations.23 Graphic file (type mps)
 [MP to PDF]
(./FunctionsandtheirRepresentations.23) [24]
File: FunctionsandtheirRepresentations.24 Graphic file (type mps)
 [MP to PDF]
(./FunctionsandtheirRepresentations.24)
File: FunctionsandtheirRepresentations.25 Graphic file (type mps)
 [MP to PDF]
(./FunctionsandtheirRepresentations.25)
File: FunctionsandtheirRepresentations.26 Graphic file (type mps)
 [MP to PDF]
(./FunctionsandtheirRepresentations.26)
File: FunctionsandtheirRepresentations.27 Graphic file (type mps)
 [MP to PDF]
(./FunctionsandtheirRepresentations.27)
File: FunctionsandtheirRepresentations.28 Graphic file (type mps)
 [MP to PDF]
(./FunctionsandtheirRepresentations.28)
File: FunctionsandtheirRepresentations.29 Graphic file (type mps)
 [MP to PDF]
(./FunctionsandtheirRepresentations.29) [25]
File: FunctionsandtheirRepresentations.30 Graphic file (type mps)
 [MP to PDF]
(./FunctionsandtheirRepresentations.30)
File: FunctionsandtheirRepresentations.31 Graphic file (type mps)
 [MP to PDF]
(./FunctionsandtheirRepresentations.31)
File: FunctionsandtheirRepresentations.32 Graphic file (type mps)
 [MP to PDF]
(./FunctionsandtheirRepresentations.32)
File: FunctionsandtheirRepresentations.33 Graphic file (type mps)
 [MP to PDF]
(./FunctionsandtheirRepresentations.33)
File: FunctionsandtheirRepresentations.34 Graphic file (type mps)
 [MP to PDF]
(./FunctionsandtheirRepresentations.34)
File: FunctionsandtheirRepresentations.35 Graphic file (type mps)
 [MP to PDF]
(./FunctionsandtheirRepresentations.35) [26]
File: FunctionsandtheirRepresentations.36 Graphic file (type mps)
 [MP to PDF]
(./FunctionsandtheirRepresentations.36)
File: FunctionsandtheirRepresentations.37 Graphic file (type mps)
 [MP to PDF]
(./FunctionsandtheirRepresentations.37)
File: FunctionsandtheirRepresentations.38 Graphic file (type mps)
 [MP to PDF]
(./FunctionsandtheirRepresentations.38)
File: FunctionsandtheirRepresentations.39 Graphic file (type mps)
 [MP to PDF]
(./FunctionsandtheirRepresentations.39) [27]
File: FunctionsandtheirRepresentations.40 Graphic file (type mps)
 [MP to PDF]
(./FunctionsandtheirRepresentations.40) [28]
LaTeX Font Info:    Font shape `OT1/phv/m/it' in size <10.95> not available
(Font)              Font shape `OT1/phv/m/sl' tried instead on input line 1163.

LaTeX Font Info:    Font shape `OT1/phv/m/sl' will be
(Font)              scaled to size 10.07397pt on input line 1163.
 [29] [30] [31] [32]
LaTeX Font Info:    Font shape `OT1/phv/m/n' will be
(Font)              scaled to size 9.19998pt on input line 1618.
LaTeX Font Info:    Font shape `OT1/phv/m/n' will be
(Font)              scaled to size 6.43999pt on input line 1618.
LaTeX Font Info:    Font shape `OT1/phv/m/sl' will be
(Font)              scaled to size 9.19998pt on input line 1618.
LaTeX Font Info:    Font shape `OT1/phv/m/sl' will be
(Font)              scaled to size 6.43999pt on input line 1618.
 [33] [34]
[35]
File: FunctionsandtheirRepresentations.41 Graphic file (type mps)
 [MP to PDF] (./FunctionsandtheirRepresentations.41)
File: FunctionsandtheirRepresentations.42 Graphic file (type mps)
 [MP to PDF]
(./FunctionsandtheirRepresentations.42)
File: FunctionsandtheirRepresentations.43 Graphic file (type mps)
 [MP to PDF]
(./FunctionsandtheirRepresentations.43)
Overfull \vbox (55.77864pt too high) has occurred while \output is active []


Overfull \vbox (50.27864pt too high) has occurred while \output is active []


[36]
File: FunctionsandtheirRepresentations.44 Graphic file (type mps)
 [MP to PDF] (./FunctionsandtheirRepresentations.44)
File: FunctionsandtheirRepresentations.45 Graphic file (type mps)
 [MP to PDF]
(./FunctionsandtheirRepresentations.45)
File: FunctionsandtheirRepresentations.46 Graphic file (type mps)
 [MP to PDF]
(./FunctionsandtheirRepresentations.46)
File: FunctionsandtheirRepresentations.47 Graphic file (type mps)
 [MP to PDF]
(./FunctionsandtheirRepresentations.47)
File: FunctionsandtheirRepresentations.48 Graphic file (type mps)
 [MP to PDF]
(./FunctionsandtheirRepresentations.48)
Overfull \vbox (19.82507pt too high) has occurred while \output is active []


Overfull \vbox (25.32507pt too high) has occurred while \output is active []


Overfull \vbox (19.82507pt too high) has occurred while \output is active []


[37]
File: FunctionsandtheirRepresentations.49 Graphic file (type mps)
 [MP to PDF] (./FunctionsandtheirRepresentations.49)
File: FunctionsandtheirRepresentations.50 Graphic file (type mps)
 [MP to PDF]
(./FunctionsandtheirRepresentations.50)
File: FunctionsandtheirRepresentations.51 Graphic file (type mps)
 [MP to PDF]
(./FunctionsandtheirRepresentations.51)
File: FunctionsandtheirRepresentations.52 Graphic file (type mps)
 [MP to PDF]
(./FunctionsandtheirRepresentations.52)
File: FunctionsandtheirRepresentations.53 Graphic file (type mps)
 [MP to PDF]
(./FunctionsandtheirRepresentations.53) [38]
File: FunctionsandtheirRepresentations.54 Graphic file (type mps)
 [MP to PDF]
(./FunctionsandtheirRepresentations.54)
File: FunctionsandtheirRepresentations.55 Graphic file (type mps)
 [MP to PDF]
(./FunctionsandtheirRepresentations.55) [39])) [40]
(./ConstantandLinearFunctions.tex

Mfpic: Initializing ConstantandLinearFunctions.mp.
\openout3 = `ConstantandLinearFunctions.mp'.

Mfpic: Don't forget to process ConstantandLinearFunctions.mp!
Mfpic: Apply metapost to ConstantandLinearFunctions.mp.
Mfpic: Then reprocess this file "CompilerIntroductiontoFunctions".


LaTeX Warning: Reference `IntroductiontoFunctions' on page 41 undefined on inpu
t line 12.


LaTeX Warning: Reference `AppLines' on page 41 undefined on input line 12.

File: ConstantandLinearFunctions.1 Graphic file (type mps)
[MP to PDF] (./ConstantandLinearFunctions.1)
File: ConstantandLinearFunctions.2 Graphic file (type mps)
 [MP to PDF]
(./ConstantandLinearFunctions.2)
File: ConstantandLinearFunctions.3 Graphic file (type mps)
 [MP to PDF] (./ConstantandLinearFunctions.3)
[41]
Overfull \hbox (1.49008pt too wide) in paragraph at lines 100--101
[]\OT1/phv/m/n/10.95 The next ex-am-ple show-cases an ap-pli-ca-tion of con-sta
nt func-tions and in-tro-duces the no-tion of a \OT1/phv/b/n/10.95 piecewise-
 []

[42]
File: ConstantandLinearFunctions.4 Graphic file (type mps)
 [MP to PDF] (./ConstantandLinearFunctions.4)
LaTeX Font Info:    Font shape `OT1/phv/bx/n' in size <10.95> not available
(Font)              Font shape `OT1/phv/b/n' tried instead on input line 171.
LaTeX Font Info:    Font shape `OT1/phv/b/n' will be
(Font)              scaled to size 10.07397pt on input line 171.
LaTeX Font Info:    Font shape `OT1/phv/bx/n' in size <8> not available
(Font)              Font shape `OT1/phv/b/n' tried instead on input line 171.
LaTeX Font Info:    Font shape `OT1/phv/b/n' will be
(Font)              scaled to size 7.35999pt on input line 171.
LaTeX Font Info:    Font shape `OT1/phv/bx/n' in size <6> not available
(Font)              Font shape `OT1/phv/b/n' tried instead on input line 171.
LaTeX Font Info:    Font shape `OT1/phv/b/n' will be
(Font)              scaled to size 5.51999pt on input line 171.
LaTeX Font Info:    Font shape `OT1/phv/bx/sl' in size <10.95> not available
(Font)              Font shape `OT1/phv/b/sl' tried instead on input line 171.
LaTeX Font Info:    Font shape `OT1/phv/b/sl' will be
(Font)              scaled to size 10.07397pt on input line 171.
LaTeX Font Info:    Font shape `OT1/phv/bx/sl' in size <8> not available
(Font)              Font shape `OT1/phv/b/sl' tried instead on input line 171.
LaTeX Font Info:    Font shape `OT1/phv/b/sl' will be
(Font)              scaled to size 7.35999pt on input line 171.
LaTeX Font Info:    Font shape `OT1/phv/bx/sl' in size <6> not available
(Font)              Font shape `OT1/phv/b/sl' tried instead on input line 171.
LaTeX Font Info:    Font shape `OT1/phv/b/sl' will be
(Font)              scaled to size 5.51999pt on input line 171.


LaTeX Warning: Reference `setsofnumbersboxonthispage' on page 43 undefined on i
nput line 171.

[43]
File: ConstantandLinearFunctions.5 Graphic file (type mps)
 [MP to PDF] (./ConstantandLinearFunctions.5)

LaTeX Warning: Reference `AppLines' on page 44 undefined on input line 276.

[44]

LaTeX Warning: Reference `slope' on page 45 undefined on input line 314.

[45]
File: ConstantandLinearFunctions.6 Graphic file (type mps)
 [MP to PDF] (./ConstantandLinearFunctions.6)
File: ConstantandLinearFunctions.7 Graphic file (type mps)
 [MP to PDF]
(./ConstantandLinearFunctions.7)
File: ConstantandLinearFunctions.8 Graphic file (type mps)
 [MP to PDF] (./ConstantandLinearFunctions.8)
[46]
File: ConstantandLinearFunctions.9 Graphic file (type mps)
 [MP to PDF] (./ConstantandLinearFunctions.9) [47]

LaTeX Warning: Reference `AppLines' on page 48 undefined on input line 476.

[48]

LaTeX Warning: Reference `repeatingdecimalnote' on page 49 undefined on input l
ine 516.

File: ConstantandLinearFunctions.10 Graphic file (type mps)
[MP to PDF] (./ConstantandLinearFunctions.10)
File: ConstantandLinearFunctions.11 Graphic file (type mps)
 [MP to PDF]
(./ConstantandLinearFunctions.11) [49]
File: ConstantandLinearFunctions.12 Graphic file (type mps)
 [MP to PDF]
(./ConstantandLinearFunctions.12) [50] [51]
File: ConstantandLinearFunctions.13 Graphic file (type mps)
 [MP to PDF]
(./ConstantandLinearFunctions.13) [52]
File: ConstantandLinearFunctions.14 Graphic file (type mps)
 [MP to PDF]
(./ConstantandLinearFunctions.14)

LaTeX Warning: Reference `SequencesandtheBinomialTheorem' on page 53 undefined 
on input line 737.

File: ConstantandLinearFunctions.15 Graphic file (type mps)
[MP to PDF] (./ConstantandLinearFunctions.15)
<./ConstantandLinearFunctionsGraphics/ThreePointRegression.jpg, id=986, 2511.38
25pt x 1509.64pt>
File: ./ConstantandLinearFunctionsGraphics/ThreePointRegression.jpg Graphic fil
e (type jpg)
<use ./ConstantandLinearFunctionsGraphics/ThreePointRegression.jpg>
Package pdftex.def Info: ./ConstantandLinearFunctionsGraphics/ThreePointRegress
ion.jpg  used on input line 763.
(pdftex.def)             Requested size: 289.07999pt x 173.75467pt.
 [53] [54 <./ConstantandLinearFunctionsGraphics/ThreePointRegression.jpg>]
<./ConstantandLinearFunctionsGraphics/TimeTempRegression01.jpg, id=1004, 2513.3
9pt x 1507.6325pt>
File: ./ConstantandLinearFunctionsGraphics/TimeTempRegression01.jpg Graphic fil
e (type jpg)
<use ./ConstantandLinearFunctionsGraphics/TimeTempRegression01.jpg>
Package pdftex.def Info: ./ConstantandLinearFunctionsGraphics/TimeTempRegressio
n01.jpg  used on input line 830.
(pdftex.def)             Requested size: 433.62pt x 260.08989pt.
<./ConstantandLinearFunctionsGraphics/TimeTempRegression02.jpg, id=1006, 2517.4
05pt x 1521.685pt>
File: ./ConstantandLinearFunctionsGraphics/TimeTempRegression02.jpg Graphic fil
e (type jpg)
<use ./ConstantandLinearFunctionsGraphics/TimeTempRegression02.jpg>
Package pdftex.def Info: ./ConstantandLinearFunctionsGraphics/TimeTempRegressio
n02.jpg  used on input line 840.
(pdftex.def)             Requested size: 433.62pt x 262.09622pt.
 [55 <./ConstantandLinearFunctionsGraphics/TimeTempRegression01.jpg>] [56 <./Co
nstantandLinearFunctionsGraphics/TimeTempRegression02.jpg>]
<./ConstantandLinearFunctionsGraphics/SecantLine.png, id=1029, 664.4825pt x 498
.86375pt>
File: ./ConstantandLinearFunctionsGraphics/SecantLine.png Graphic file (type pn
g)
<use ./ConstantandLinearFunctionsGraphics/SecantLine.png>
Package pdftex.def Info: ./ConstantandLinearFunctionsGraphics/SecantLine.png  u
sed on input line 879.
(pdftex.def)             Requested size: 289.07999pt x 217.02681pt.
 [57 <./ConstantandLinearFunctionsGraphics/SecantLine.png>]
<./ConstantandLinearFunctionsGraphics/ARCRocketExample01.jpg, id=1045, 2521.42p
t x 1521.685pt>
File: ./ConstantandLinearFunctionsGraphics/ARCRocketExample01.jpg Graphic file 
(type jpg)
<use ./ConstantandLinearFunctionsGraphics/ARCRocketExample01.jpg>
Package pdftex.def Info: ./ConstantandLinearFunctionsGraphics/ARCRocketExample0
1.jpg  used on input line 915.
(pdftex.def)             Requested size: 433.62pt x 261.67828pt.
[58 <./ConstantandLinearFunctionsGraphics/ARCRocketExample01.jpg>]
<./ConstantandLinearFunctionsGraphics/ARCRocketExample02.jpg, id=1059, 1783.663
76pt x 1434.35875pt>
File: ./ConstantandLinearFunctionsGraphics/ARCRocketExample02.jpg Graphic file 
(type jpg)
<use ./ConstantandLinearFunctionsGraphics/ARCRocketExample02.jpg>
Package pdftex.def Info: ./ConstantandLinearFunctionsGraphics/ARCRocketExample0
2.jpg  used on input line 944.
(pdftex.def)             Requested size: 198.7425pt x 159.8154pt.
<./ConstantandLinearFunctionsGraphics/ARCRocketExample03.jpg, id=1060, 1887.05p
t x 1433.355pt>
File: ./ConstantandLinearFunctionsGraphics/ARCRocketExample03.jpg Graphic file 
(type jpg)
<use ./ConstantandLinearFunctionsGraphics/ARCRocketExample03.jpg>
Package pdftex.def Info: ./ConstantandLinearFunctionsGraphics/ARCRocketExample0
3.jpg  used on input line 946.
(pdftex.def)             Requested size: 198.7425pt x 150.95508pt.

Overfull \vbox (1.13118pt too high) has occurred while \output is active []


Overfull \vbox (9.9915pt too high) has occurred while \output is active []


[59 <./ConstantandLinearFunctionsGraphics/ARCRocketExample02.jpg> <./Constantan
dLinearFunctionsGraphics/ARCRocketExample03.jpg>] [60]
(./ExercisesforConstantandLinearFunctions.tex
File: ConstantandLinearFunctions.16 Graphic file (type mps)
 [MP to PDF]
(./ConstantandLinearFunctions.16)
File: ConstantandLinearFunctions.17 Graphic file (type mps)
 [MP to PDF] (./ConstantandLinearFunctions.17) [61]
File: ConstantandLinearFunctions.18 Graphic file (type mps)
 [MP to PDF] (./ConstantandLinearFunctions.18)
File: ConstantandLinearFunctions.19 Graphic file (type mps)
 [MP to PDF]
(./ConstantandLinearFunctions.19) [62] [63]
File: ConstantandLinearFunctions.20 Graphic file (type mps)
 [MP to PDF]
(./ConstantandLinearFunctions.20) [64]

LaTeX Warning: Reference `ExponentialandLogarithmicFunctions' on page 65 undefi
ned on input line 434.

[65]
Overfull \hbox (30.53241pt too wide) in paragraph at lines 468--475
[] 
 []

[66] [67] [68]
File: ConstantandLinearFunctions.21 Graphic file (type mps)
 [MP to PDF] (./ConstantandLinearFunctions.21)
File: ConstantandLinearFunctions.22 Graphic file (type mps)
 [MP to PDF]
(./ConstantandLinearFunctions.22)
File: ConstantandLinearFunctions.23 Graphic file (type mps)
 [MP to PDF] (./ConstantandLinearFunctions.23)
File: ConstantandLinearFunctions.24 Graphic file (type mps)
[MP to PDF] (./ConstantandLinearFunctions.24) [69]
File: ConstantandLinearFunctions.25 Graphic file (type mps)
 [MP to PDF]
(./ConstantandLinearFunctions.25)
File: ConstantandLinearFunctions.26 Graphic file (type mps)
 [MP to PDF] (./ConstantandLinearFunctions.26)
File: ConstantandLinearFunctions.27 Graphic file (type mps)
[MP to PDF] (./ConstantandLinearFunctions.27)
File: ConstantandLinearFunctions.28 Graphic file (type mps)
 [MP to PDF]
(./ConstantandLinearFunctions.28)
File: ConstantandLinearFunctions.29 Graphic file (type mps)
 [MP to PDF] (./ConstantandLinearFunctions.29) [70]
File: ConstantandLinearFunctions.30 Graphic file (type mps)
 [MP to PDF] (./ConstantandLinearFunctions.30)
File: ConstantandLinearFunctions.31 Graphic file (type mps)
 [MP to PDF]
(./ConstantandLinearFunctions.31)
File: ConstantandLinearFunctions.32 Graphic file (type mps)
 [MP to PDF] (./ConstantandLinearFunctions.32) [71]
File: ConstantandLinearFunctions.33 Graphic file (type mps)
 [MP to PDF] (./ConstantandLinearFunctions.33) [72]
File: ConstantandLinearFunctions.34 Graphic file (type mps)
 [MP to PDF]
(./ConstantandLinearFunctions.34) [73]
File: ConstantandLinearFunctions.35 Graphic file (type mps)
 [MP to PDF]
(./ConstantandLinearFunctions.35)
File: ConstantandLinearFunctions.36 Graphic file (type mps)
 [MP to PDF] (./ConstantandLinearFunctions.36) [74])) [75] (./AbsoluteValueFunc
tions.tex

Mfpic: Initializing AbsoluteValueFunctions.mp.
\openout3 = `AbsoluteValueFunctions.mp'.

Mfpic: Don't forget to process AbsoluteValueFunctions.mp!
Mfpic: Apply metapost to AbsoluteValueFunctions.mp.
Mfpic: Then reprocess this file "CompilerIntroductiontoFunctions".


LaTeX Warning: Reference `AppAbsValEqIneq' on page 76 undefined on input line 1
2.

[76]
File: AbsoluteValueFunctions.1 Graphic file (type mps)
 [MP to PDF] (./AbsoluteValueFunctions.1)
File: AbsoluteValueFunctions.2 Graphic file (type mps)
 [MP to PDF]
(./AbsoluteValueFunctions.2)
File: AbsoluteValueFunctions.3 Graphic file (type mps)
 [MP to PDF] (./AbsoluteValueFunctions.3) [77]
File: AbsoluteValueFunctions.4 Graphic file (type mps)

[MP to PDF] (./AbsoluteValueFunctions.4)
File: AbsoluteValueFunctions.5 Graphic file (type mps)
 [MP to PDF]
(./AbsoluteValueFunctions.5) [78]
File: AbsoluteValueFunctions.6 Graphic file (type mps)
 [MP to PDF] (./AbsoluteValueFunctions.6)
File: AbsoluteValueFunctions.7 Graphic file (type mps)

[MP to PDF] (./AbsoluteValueFunctions.7) [79] [80]

LaTeX Warning: Reference `AppCartesianPlane' on page 81 undefined on input line
 461.

File: AbsoluteValueFunctions.8 Graphic file (type mps)
[MP to PDF] (./AbsoluteValueFunctions.8)
File: AbsoluteValueFunctions.9 Graphic file (type mps)
 [MP to PDF]
(./AbsoluteValueFunctions.9)

LaTeX Warning: Reference `Transformations' on page 81 undefined on input line 5
21.

[81]

LaTeX Warning: Reference `reflectionsinabox' on page 82 undefined on input line
 537.


LaTeX Warning: Reference `AppCartesianPlane' on page 82 undefined on input line
 537.

[82]
File: AbsoluteValueFunctions.10 Graphic file (type mps)
 [MP to PDF] (./AbsoluteValueFunctions.10) [83]
File: AbsoluteValueFunctions.11 Graphic file (type mps)
 [MP to PDF]
(./AbsoluteValueFunctions.11)
File: AbsoluteValueFunctions.12 Graphic file (type mps)
 [MP to PDF] (./AbsoluteValueFunctions.12)
[84]
File: AbsoluteValueFunctions.13 Graphic file (type mps)
 [MP to PDF] (./AbsoluteValueFunctions.13)
File: AbsoluteValueFunctions.14 Graphic file (type mps)
 [MP to PDF]
(./AbsoluteValueFunctions.14) [85]

LaTeX Warning: Reference `AppAbsValEqIneq' on page 86 undefined on input line 8
24.

File: AbsoluteValueFunctions.15 Graphic file (type mps)
[MP to PDF] (./AbsoluteValueFunctions.15)
Overfull \hbox (3.27132pt too wide) in paragraph at lines 850--851
[][] 
 []

File: AbsoluteValueFunctions.16 Graphic file (type mps)
[MP to PDF] (./AbsoluteValueFunctions.16)
Overfull \hbox (3.27132pt too wide) in paragraph at lines 874--875
[][] 
 []

File: AbsoluteValueFunctions.17 Graphic file (type mps)
[MP to PDF] (./AbsoluteValueFunctions.17)
Overfull \hbox (3.27132pt too wide) in paragraph at lines 901--902
[][] 
 []

[86]
File: AbsoluteValueFunctions.18 Graphic file (type mps)
 [MP to PDF] (./AbsoluteValueFunctions.18)
File: AbsoluteValueFunctions.19 Graphic file (type mps)
 [MP to PDF]
(./AbsoluteValueFunctions.19)

LaTeX Warning: Reference `AppAbsValEqIneq' on page 87 undefined on input line 1
002.

[87]

LaTeX Warning: Reference `AppLines' on page 88 undefined on input line 1043.


LaTeX Warning: Reference `parallelperpendicularslopetheorem' on page 88 undefin
ed on input line 1043.

[88]
File: AbsoluteValueFunctions.20 Graphic file (type mps)
 [MP to PDF] (./AbsoluteValueFunctions.20)
File: AbsoluteValueFunctions.21 Graphic file (type mps)
 [MP to PDF]
(./AbsoluteValueFunctions.21)

LaTeX Warning: Reference `linearineqreview' on page 89 undefined on input line 
1111.

[89]
File: AbsoluteValueFunctions.22 Graphic file (type mps)
 [MP to PDF] (./AbsoluteValueFunctions.22)
File: AbsoluteValueFunctions.23 Graphic file (type mps)
 [MP to PDF]
(./AbsoluteValueFunctions.23) [90] [91]
(./ExercisesforAbsoluteValueFunctions.tex
File: AbsoluteValueFunctions.24 Graphic file (type mps)
 [MP to PDF]
(./AbsoluteValueFunctions.24)
File: AbsoluteValueFunctions.25 Graphic file (type mps)
 [MP to PDF] (./AbsoluteValueFunctions.25)
File: AbsoluteValueFunctions.26 Graphic file (type mps)

[MP to PDF] (./AbsoluteValueFunctions.26)
File: AbsoluteValueFunctions.27 Graphic file (type mps)
 [MP to PDF]
(./AbsoluteValueFunctions.27) [92]
File: AbsoluteValueFunctions.28 Graphic file (type mps)
 [MP to PDF] (./AbsoluteValueFunctions.28)
File: AbsoluteValueFunctions.29 Graphic file (type mps)

[MP to PDF] (./AbsoluteValueFunctions.29) [93] [94]
Underfull \hbox (badness 10000) in paragraph at lines 481--482

 []

File: AbsoluteValueFunctions.30 Graphic file (type mps)
[MP to PDF] (./AbsoluteValueFunctions.30)
Underfull \hbox (badness 10000) in paragraph at lines 503--504

 []

File: AbsoluteValueFunctions.31 Graphic file (type mps)
[MP to PDF] (./AbsoluteValueFunctions.31)
Underfull \hbox (badness 10000) in paragraph at lines 526--527

 []

File: AbsoluteValueFunctions.32 Graphic file (type mps)
[MP to PDF] (./AbsoluteValueFunctions.32) [95]
Underfull \hbox (badness 10000) in paragraph at lines 550--551

 []

File: AbsoluteValueFunctions.33 Graphic file (type mps)
[MP to PDF] (./AbsoluteValueFunctions.33)
Underfull \hbox (badness 10000) in paragraph at lines 572--573

 []

File: AbsoluteValueFunctions.34 Graphic file (type mps)
[MP to PDF] (./AbsoluteValueFunctions.34)
Underfull \hbox (badness 10000) in paragraph at lines 596--597

 []

File: AbsoluteValueFunctions.35 Graphic file (type mps)
[MP to PDF] (./AbsoluteValueFunctions.35) [96]
Underfull \hbox (badness 10000) in paragraph at lines 675--678

 []

File: AbsoluteValueFunctions.36 Graphic file (type mps)
[MP to PDF] (./AbsoluteValueFunctions.36)
Underfull \hbox (badness 10000) in paragraph at lines 703--706

 []

File: AbsoluteValueFunctions.37 Graphic file (type mps)
[MP to PDF] (./AbsoluteValueFunctions.37)
Underfull \hbox (badness 10000) in paragraph at lines 728--732

 []

File: AbsoluteValueFunctions.38 Graphic file (type mps)
[MP to PDF] (./AbsoluteValueFunctions.38) [97]
Underfull \hbox (badness 10000) in paragraph at lines 757--761

 []

File: AbsoluteValueFunctions.39 Graphic file (type mps)
[MP to PDF] (./AbsoluteValueFunctions.39)
Underfull \hbox (badness 10000) in paragraph at lines 783--786

 []

File: AbsoluteValueFunctions.40 Graphic file (type mps)
[MP to PDF] (./AbsoluteValueFunctions.40)
Underfull \hbox (badness 10000) in paragraph at lines 810--813

 []

File: AbsoluteValueFunctions.41 Graphic file (type mps)
[MP to PDF] (./AbsoluteValueFunctions.41) [98])) [99] (./QuadraticFunctions.tex

Mfpic: Initializing QuadraticFunctions.mp.
\openout3 = `QuadraticFunctions.mp'.

Mfpic: Don't forget to process QuadraticFunctions.mp!
Mfpic: Apply metapost to QuadraticFunctions.mp.
Mfpic: Then reprocess this file "CompilerIntroductiontoFunctions".


LaTeX Warning: Reference `AppQuadEqus' on page 100 undefined on input line 13.


LaTeX Warning: Reference `IntroLimits' on page 100 undefined on input line 35.

File: QuadraticFunctions.1 Graphic file (type mps)
[MP to PDF] (./QuadraticFunctions.1) [100]

LaTeX Warning: Reference `linearmononialgraphs' on page 101 undefined on input 
line 101.


LaTeX Warning: Reference `GraphsofPolynomials' on page 101 undefined on input l
ine 101.

File: QuadraticFunctions.2 Graphic file (type mps)
[MP to PDF] (./QuadraticFunctions.2) [101]
File: QuadraticFunctions.3 Graphic file (type mps)
 [MP to PDF] (./QuadraticFunctions.3)
File: QuadraticFunctions.4 Graphic file (type mps)
[MP to PDF] (./QuadraticFunctions.4) [102]
File: QuadraticFunctions.5 Graphic file (type mps)
 [MP to PDF] (./QuadraticFunctions.5)
File: QuadraticFunctions.6 Graphic file (type mps)
[MP to PDF] (./QuadraticFunctions.6)

LaTeX Warning: Reference `AppQuadEqus' on page 103 undefined on input line 327.


[103]

LaTeX Warning: Reference `AppQuadEqus' on page 104 undefined on input line 345.


[104]
File: QuadraticFunctions.7 Graphic file (type mps)
 [MP to PDF] (./QuadraticFunctions.7)
File: QuadraticFunctions.8 Graphic file (type mps)
 [MP to PDF] (./QuadraticFunctions.8) [105]

LaTeX Warning: Reference `AppQuadEqus' on page 106 undefined on input line 491.



LaTeX Warning: Reference `AppQuadEqus' on page 106 undefined on input line 491.


[106]

LaTeX Warning: Reference `PolynomialFunctions' on page 107 undefined on input l
ine 532.

File: QuadraticFunctions.9 Graphic file (type mps)
[MP to PDF] (./QuadraticFunctions.9)
File: QuadraticFunctions.10 Graphic file (type mps)
 [MP to PDF] (./QuadraticFunctions.10)
File: QuadraticFunctions.11 Graphic file (type mps)

[MP to PDF] (./QuadraticFunctions.11) [107] [108]
File: QuadraticFunctions.12 Graphic file (type mps)
 [MP to PDF]
(./QuadraticFunctions.12) [109] [110]
<./QuadraticFunctionsGraphics/TimeTempDataQR.jpg, id=1864, 2766.335pt x 1499.60
25pt>
File: ./QuadraticFunctionsGraphics/TimeTempDataQR.jpg Graphic file (type jpg)
<use ./QuadraticFunctionsGraphics/TimeTempDataQR.jpg>
Package pdftex.def Info: ./QuadraticFunctionsGraphics/TimeTempDataQR.jpg  used 
on input line 714.
(pdftex.def)             Requested size: 361.34999pt x 195.87045pt.
 [111 <./QuadraticFunctionsGraphics/TimeTempDataQR.jpg>]
File: QuadraticFunctions.13 Graphic file (type mps)
 [MP to PDF] (./QuadraticFunctions.13)
File: QuadraticFunctions.14 Graphic file (type mps)
 [MP to PDF]
(./QuadraticFunctions.14) [112]

LaTeX Warning: Reference `PolynomialFunctions' on page 113 undefined on input l
ine 822.

File: QuadraticFunctions.15 Graphic file (type mps)
[MP to PDF] (./QuadraticFunctions.15)
File: QuadraticFunctions.16 Graphic file (type mps)
 [MP to PDF] (./QuadraticFunctions.16)
[113]
File: QuadraticFunctions.17 Graphic file (type mps)
 [MP to PDF] (./QuadraticFunctions.17)
File: QuadraticFunctions.18 Graphic file (type mps)
 [MP to PDF]
(./QuadraticFunctions.18) [114] [115]
File: QuadraticFunctions.19 Graphic file (type mps)
 [MP to PDF] (./QuadraticFunctions.19)
File: QuadraticFunctions.20 Graphic file (type mps)

[MP to PDF] (./QuadraticFunctions.20)
File: QuadraticFunctions.21 Graphic file (type mps)
 [MP to PDF] (./QuadraticFunctions.21)
Overfull \hbox (9.65378pt too wide) in paragraph at lines 1127--1128
 [] 
 []

File: QuadraticFunctions.22 Graphic file (type mps)
[MP to PDF] (./QuadraticFunctions.22) [116]
File: QuadraticFunctions.23 Graphic file (type mps)
 [MP to PDF]
(./QuadraticFunctions.23)
File: QuadraticFunctions.24 Graphic file (type mps)
 [MP to PDF] (./QuadraticFunctions.24)
File: QuadraticFunctions.25 Graphic file (type mps)
 [MP to PDF]
(./QuadraticFunctions.25)
File: QuadraticFunctions.26 Graphic file (type mps)
 [MP to PDF] (./QuadraticFunctions.26) [117]
File: QuadraticFunctions.27 Graphic file (type mps)

[MP to PDF] (./QuadraticFunctions.27)
File: QuadraticFunctions.28 Graphic file (type mps)
 [MP to PDF] (./QuadraticFunctions.28)
File: QuadraticFunctions.29 Graphic file (type mps)

[MP to PDF] (./QuadraticFunctions.29)
File: QuadraticFunctions.30 Graphic file (type mps)
 [MP to PDF] (./QuadraticFunctions.30)
[118] (./ExercisesforQuadraticFunctions.tex
File: QuadraticFunctions.31 Graphic file (type mps)
 [MP to PDF]
(./QuadraticFunctions.31)
File: QuadraticFunctions.32 Graphic file (type mps)
 [MP to PDF] (./QuadraticFunctions.32)
File: QuadraticFunctions.33 Graphic file (type mps)
 [MP to PDF]
(./QuadraticFunctions.33)
File: QuadraticFunctions.34 Graphic file (type mps)
 [MP to PDF] (./QuadraticFunctions.34) [119]

LaTeX Warning: Reference `findbothformulaquadgraphfirst' on page 120 undefined 
on input line 156.


LaTeX Warning: Reference `findbothformulaquadgraphlast' on page 120 undefined o
n input line 156.

File: QuadraticFunctions.35 Graphic file (type mps)
[MP to PDF] (./QuadraticFunctions.35)
File: QuadraticFunctions.36 Graphic file (type mps)
 [MP to PDF] (./QuadraticFunctions.36)
File: QuadraticFunctions.37 Graphic file (type mps)

[MP to PDF] (./QuadraticFunctions.37)
File: QuadraticFunctions.38 Graphic file (type mps)
 [MP to PDF] (./QuadraticFunctions.38)
[120] [121] [122]

LaTeX Warning: Reference `catenary' on page 123 undefined on input line 456.


LaTeX Warning: Reference `ExpLogApplications' on page 123 undefined on input li
ne 456.

[123] [124] [125]
Underfull \hbox (badness 10000) in paragraph at lines 647--656

 []

File: QuadraticFunctions.39 Graphic file (type mps)
[MP to PDF] (./QuadraticFunctions.39)
Underfull \hbox (badness 10000) in paragraph at lines 676--685

 []

File: QuadraticFunctions.40 Graphic file (type mps)
[MP to PDF] (./QuadraticFunctions.40)
Underfull \hbox (badness 10000) in paragraph at lines 705--714

 []

File: QuadraticFunctions.41 Graphic file (type mps)
[MP to PDF] (./QuadraticFunctions.41)
Underfull \hbox (badness 10000) in paragraph at lines 734--743

 []

File: QuadraticFunctions.42 Graphic file (type mps)
[MP to PDF] (./QuadraticFunctions.42) [126]
Underfull \hbox (badness 10000) in paragraph at lines 765--774

 []

File: QuadraticFunctions.43 Graphic file (type mps)
[MP to PDF] (./QuadraticFunctions.43)
Underfull \hbox (badness 10000) in paragraph at lines 795--804

 []

File: QuadraticFunctions.44 Graphic file (type mps)
[MP to PDF] (./QuadraticFunctions.44)
Underfull \hbox (badness 10000) in paragraph at lines 824--833

 []

Mfpic: No graph file: QuadraticFunctions.45 .
[127]
Underfull \vbox (badness 10000) has occurred while \output is active []

 [128]
Underfull \hbox (badness 10000) in paragraph at lines 855--864

 []

Mfpic: No graph file: QuadraticFunctions.46 .

Underfull \hbox (badness 10000) in paragraph at lines 884--893

 []

Mfpic: No graph file: QuadraticFunctions.47 .
[129] [130] [131]
Mfpic: No graph file: QuadraticFunctions.48 .

Overfull \hbox (0.2672pt too wide) in paragraph at lines 1254--1255
[]$[]$\OT1/phv/m/n/10.95 , $[]$ 
 []

[132])) [133]) (./CompilerIntroductiontoFunctions.aux
(./IntroductiontoFunctions.aux))
 ***********
LaTeX2e <2023-11-01> patch level 1
L3 programming layer <2024-02-20>
 ***********


LaTeX Warning: There were undefined references.


LaTeX Warning: Label(s) may have changed. Rerun to get cross-references right.


Package rerunfilecheck Warning: File `CompilerIntroductiontoFunctions.out' has 
changed.
(rerunfilecheck)                Rerun to get outlines right
(rerunfilecheck)                or use package `bookmark'.

Package rerunfilecheck Info: Checksums for `CompilerIntroductiontoFunctions.out
':
(rerunfilecheck)             Before: 814DA8217A7AE5968BD5DA539280AE59;6525
(rerunfilecheck)             After:  15BE7B66B9CDFD4EBF841992F8902D1B;4313.
 ) 
Here is how much of TeX's memory you used:
 16604 strings out of 474116
 267796 string characters out of 5743682
 1956187 words of memory out of 5000000
 37028 multiletter control sequences out of 15000+600000
 613510 words of font info for 136 fonts, out of 8000000 for 9000
 1141 hyphenation exceptions out of 8191
 75i,22n,79p,1853b,1638s stack positions out of 10000i,1000n,20000p,200000b,200000s

pdfTeX warning (dest): name{subsection.1.7.1} has been referenced but does not 
exist, replaced by a fixed one


pdfTeX warning (dest): name{section.1.7} has been referenced but does not exist
, replaced by a fixed one


pdfTeX warning (dest): name{subsection.1.6.3} has been referenced but does not 
exist, replaced by a fixed one


pdfTeX warning (dest): name{subsection.1.6.2} has been referenced but does not 
exist, replaced by a fixed one


pdfTeX warning (dest): name{subsection.1.6.1} has been referenced but does not 
exist, replaced by a fixed one


pdfTeX warning (dest): name{section.1.6} has been referenced but does not exist
, replaced by a fixed one


pdfTeX warning (dest): name{subsection.1.5.3} has been referenced but does not 
exist, replaced by a fixed one


pdfTeX warning (dest): name{subsection.1.5.2} has been referenced but does not 
exist, replaced by a fixed one


pdfTeX warning (dest): name{subsection.1.5.1} has been referenced but does not 
exist, replaced by a fixed one


pdfTeX warning (dest): name{section.1.5} has been referenced but does not exist
, replaced by a fixed one

</usr/local/texlive/2024/texmf-dist/fonts/type1/public/amsfonts/cm/cmex10.pfb><
/usr/local/texlive/2024/texmf-dist/fonts/type1/public/amsfonts/cmextra/cmex8.pf
b></usr/local/texlive/2024/texmf-dist/fonts/type1/public/amsfonts/cm/cmmi10.pfb
></usr/local/texlive/2024/texmf-dist/fonts/type1/public/amsfonts/cm/cmmi8.pfb><
/usr/local/texlive/2024/texmf-dist/fonts/type1/public/amsfonts/cm/cmmi9.pfb></u
sr/local/texlive/2024/texmf-dist/fonts/type1/public/amsfonts/cm/cmss10.pfb></us
r/local/texlive/2024/texmf-dist/fonts/type1/public/amsfonts/cm/cmss8.pfb></usr/
local/texlive/2024/texmf-dist/fonts/type1/public/amsfonts/cm/cmss9.pfb></usr/lo
cal/texlive/2024/texmf-dist/fonts/type1/public/amsfonts/cm/cmsy10.pfb></usr/loc
al/texlive/2024/texmf-dist/fonts/type1/public/amsfonts/cm/cmsy6.pfb></usr/local
/texlive/2024/texmf-dist/fonts/type1/public/amsfonts/cm/cmsy7.pfb></usr/local/t
exlive/2024/texmf-dist/fonts/type1/public/amsfonts/cm/cmsy8.pfb></usr/local/tex
live/2024/texmf-dist/fonts/type1/public/amsfonts/cm/cmsy9.pfb></usr/local/texli
ve/2024/texmf-dist/fonts/type1/public/amsfonts/cm/cmtt10.pfb></usr/local/texliv
e/2024/texmf-dist/fonts/type1/public/amsfonts/symbols/msbm10.pfb></usr/local/te
xlive/2024/texmf-dist/fonts/type1/urw/helvetic/uhvb8a.pfb></usr/local/texlive/2
024/texmf-dist/fonts/type1/urw/helvetic/uhvbo8a.pfb></usr/local/texlive/2024/te
xmf-dist/fonts/type1/urw/helvetic/uhvr8a.pfb></usr/local/texlive/2024/texmf-dis
t/fonts/type1/urw/helvetic/uhvro8a.pfb>
Output written on CompilerIntroductiontoFunctions.pdf (133 pages, 2906861 bytes
).
PDF statistics:
 2529 PDF objects out of 2984 (max. 8388607)
 2320 compressed objects within 24 object streams
 1249 named destinations out of 1440 (max. 500000)
 328 words of extra memory for PDF output out of 10000 (max. 10000000)

